src frame 0.0 time sec 1590980078 usec 55624
    Interpolator time 268917 usec
    getNextFrame 0.1 time 8370 usec
add frame 0.1 time sec 1590980078 usec 379190
src frame 1.0 time sec 1590980078 usec 379233
    Interpolator time 47231 usec
    getNextFrame 1.1 time 7657 usec
add frame 1.1 time sec 1590980078 usec 436232
src frame 2.0 time sec 1590980078 usec 436245
    Interpolator time 46096 usec
    getNextFrame 2.1 time 8121 usec
add frame 2.1 time sec 1590980078 usec 492304
src frame 3.0 time sec 1590980078 usec 492320
    Interpolator time 47905 usec
    getNextFrame 3.1 time 11700 usec
add frame 3.1 time sec 1590980078 usec 553799
src frame 4.0 time sec 1590980078 usec 553816
    Interpolator time 44430 usec
    getNextFrame 4.1 time 8178 usec
add frame 4.1 time sec 1590980078 usec 608361
src frame 5.0 time sec 1590980078 usec 608376
    Interpolator time 46450 usec
    getNextFrame 5.1 time 7633 usec
add frame 5.1 time sec 1590980078 usec 664342
src frame 6.0 time sec 1590980078 usec 664356
    Interpolator time 46586 usec
    getNextFrame 6.1 time 8099 usec
add frame 6.1 time sec 1590980078 usec 720928
src frame 7.0 time sec 1590980078 usec 720943
    Interpolator time 46508 usec
    getNextFrame 7.1 time 7729 usec
add frame 7.1 time sec 1590980078 usec 777066
src frame 8.0 time sec 1590980078 usec 777094
    Interpolator time 46690 usec
    getNextFrame 8.1 time 8453 usec
add frame 8.1 time sec 1590980078 usec 834309
src frame 9.0 time sec 1590980078 usec 834323
    Interpolator time 44256 usec
    getNextFrame 9.1 time 7443 usec
add frame 9.1 time sec 1590980078 usec 888090
src frame 10.0 time sec 1590980078 usec 888102
    Interpolator time 53914 usec
    getNextFrame 10.1 time 7459 usec
add frame 10.1 time sec 1590980078 usec 951356
src frame 11.0 time sec 1590980078 usec 951383
    Interpolator time 48908 usec
    getNextFrame 11.1 time 9481 usec
add frame 11.1 time sec 1590980079 usec 11807
src frame 12.0 time sec 1590980079 usec 11819
    Interpolator time 46937 usec
    getNextFrame 12.1 time 7350 usec
add frame 12.1 time sec 1590980079 usec 68030
src frame 13.0 time sec 1590980079 usec 68073
    Interpolator time 47037 usec
    getNextFrame 13.1 time 7468 usec
add frame 13.1 time sec 1590980079 usec 124489
src frame 14.0 time sec 1590980079 usec 124530
    Interpolator time 42727 usec
    getNextFrame 14.1 time 7748 usec
add frame 14.1 time sec 1590980079 usec 177032
src frame 15.0 time sec 1590980079 usec 177069
    Interpolator time 40350 usec
    getNextFrame 15.1 time 7837 usec
add frame 15.1 time sec 1590980079 usec 227178
src frame 16.0 time sec 1590980079 usec 227216
    Interpolator time 39710 usec
    getNextFrame 16.1 time 7867 usec
add frame 16.1 time sec 1590980079 usec 276743
src frame 17.0 time sec 1590980079 usec 276758
    Interpolator time 42236 usec
    getNextFrame 17.1 time 7647 usec
add frame 17.1 time sec 1590980079 usec 328653
src frame 18.0 time sec 1590980079 usec 328695
    Interpolator time 39583 usec
    getNextFrame 18.1 time 7568 usec
add frame 18.1 time sec 1590980079 usec 377779
src frame 19.0 time sec 1590980079 usec 377822
    Interpolator time 41517 usec
    getNextFrame 19.1 time 8213 usec
add frame 19.1 time sec 1590980079 usec 429709
src frame 20.0 time sec 1590980079 usec 429721
    Interpolator time 42324 usec
    getNextFrame 20.1 time 7778 usec
add frame 20.1 time sec 1590980079 usec 482013
src frame 21.0 time sec 1590980079 usec 482028
    Interpolator time 41687 usec
    getNextFrame 21.1 time 7707 usec
add frame 21.1 time sec 1590980079 usec 533522
src frame 22.0 time sec 1590980079 usec 533567
    Interpolator time 40287 usec
    getNextFrame 22.1 time 7500 usec
add frame 22.1 time sec 1590980079 usec 583339
src frame 23.0 time sec 1590980079 usec 583390
    Interpolator time 43401 usec
    getNextFrame 23.1 time 7392 usec
add frame 23.1 time sec 1590980079 usec 636096
src frame 24.0 time sec 1590980079 usec 636134
    Interpolator time 40829 usec
    getNextFrame 24.1 time 7697 usec
add frame 24.1 time sec 1590980079 usec 686534
src frame 25.0 time sec 1590980079 usec 686549
    Interpolator time 49163 usec
    getNextFrame 25.1 time 10116 usec
add frame 25.1 time sec 1590980079 usec 748998
src frame 26.0 time sec 1590980079 usec 749012
    Interpolator time 54086 usec
    getNextFrame 26.1 time 7479 usec
add frame 26.1 time sec 1590980079 usec 813609
src frame 27.0 time sec 1590980079 usec 813620
    Interpolator time 44817 usec
    getNextFrame 27.1 time 7559 usec
add frame 27.1 time sec 1590980079 usec 869083
src frame 28.0 time sec 1590980079 usec 869094
    Interpolator time 47589 usec
    getNextFrame 28.1 time 7664 usec
add frame 28.1 time sec 1590980079 usec 927549
src frame 29.0 time sec 1590980079 usec 927562
    Interpolator time 47936 usec
    getNextFrame 29.1 time 7778 usec
add frame 29.1 time sec 1590980079 usec 986209
src frame 30.0 time sec 1590980079 usec 986220
    Interpolator time 46422 usec
    getNextFrame 30.1 time 7563 usec
add frame 30.1 time sec 1590980080 usec 43348
src frame 31.0 time sec 1590980080 usec 43363
    Interpolator time 46888 usec
    getNextFrame 31.1 time 7590 usec
add frame 31.1 time sec 1590980080 usec 99777
src frame 32.0 time sec 1590980080 usec 99792
    Interpolator time 45217 usec
    getNextFrame 32.1 time 7582 usec
add frame 32.1 time sec 1590980080 usec 154661
src frame 33.0 time sec 1590980080 usec 154675
    Interpolator time 42001 usec
    getNextFrame 33.1 time 7441 usec
add frame 33.1 time sec 1590980080 usec 206072
src frame 34.0 time sec 1590980080 usec 206086
    Interpolator time 45185 usec
    getNextFrame 34.1 time 7599 usec
add frame 34.1 time sec 1590980080 usec 260919
src frame 35.0 time sec 1590980080 usec 260997
    Interpolator time 41992 usec
    getNextFrame 35.1 time 7768 usec
add frame 35.1 time sec 1590980080 usec 312806
src frame 36.0 time sec 1590980080 usec 312820
    Interpolator time 41677 usec
    getNextFrame 36.1 time 7544 usec
add frame 36.1 time sec 1590980080 usec 364051
src frame 37.0 time sec 1590980080 usec 364066
    Interpolator time 42839 usec
    getNextFrame 37.1 time 8027 usec
add frame 37.1 time sec 1590980080 usec 417287
src frame 38.0 time sec 1590980080 usec 417299
    Interpolator time 44117 usec
    getNextFrame 38.1 time 7778 usec
add frame 38.1 time sec 1590980080 usec 471588
src frame 39.0 time sec 1590980080 usec 471629
    Interpolator time 54262 usec
    getNextFrame 39.1 time 7553 usec
add frame 39.1 time sec 1590980080 usec 535464
src frame 40.0 time sec 1590980080 usec 535479
    Interpolator time 45948 usec
    getNextFrame 40.1 time 8484 usec
add frame 40.1 time sec 1590980080 usec 592013
src frame 41.0 time sec 1590980080 usec 592051
    Interpolator time 47121 usec
    getNextFrame 41.1 time 7780 usec
add frame 41.1 time sec 1590980080 usec 649063
src frame 42.0 time sec 1590980080 usec 649149
    Interpolator time 39201 usec
    getNextFrame 42.1 time 8019 usec
add frame 42.1 time sec 1590980080 usec 698283
src frame 43.0 time sec 1590980080 usec 698348
    Interpolator time 41203 usec
    getNextFrame 43.1 time 7617 usec
add frame 43.1 time sec 1590980080 usec 749109
src frame 44.0 time sec 1590980080 usec 749123
    Interpolator time 40415 usec
    getNextFrame 44.1 time 7614 usec
add frame 44.1 time sec 1590980080 usec 799253
src frame 45.0 time sec 1590980080 usec 799332
    Interpolator time 42213 usec
    getNextFrame 45.1 time 7544 usec
add frame 45.1 time sec 1590980080 usec 851010
src frame 46.0 time sec 1590980080 usec 851024
    Interpolator time 40760 usec
    getNextFrame 46.1 time 7766 usec
add frame 46.1 time sec 1590980080 usec 901501
src frame 47.0 time sec 1590980080 usec 901579
    Interpolator time 40428 usec
    getNextFrame 47.1 time 7426 usec
add frame 47.1 time sec 1590980080 usec 951335
src frame 48.0 time sec 1590980080 usec 951378
    Interpolator time 43245 usec
    getNextFrame 48.1 time 7566 usec
add frame 48.1 time sec 1590980081 usec 4137
src frame 49.0 time sec 1590980081 usec 4221
    Interpolator time 41316 usec
    getNextFrame 49.1 time 7373 usec
add frame 49.1 time sec 1590980081 usec 54816
src frame 50.0 time sec 1590980081 usec 54830
    Interpolator time 39731 usec
    getNextFrame 50.1 time 7495 usec
add frame 50.1 time sec 1590980081 usec 104145
src frame 51.0 time sec 1590980081 usec 104162
    Interpolator time 51274 usec
    getNextFrame 51.1 time 7733 usec
add frame 51.1 time sec 1590980081 usec 165096
src frame 52.0 time sec 1590980081 usec 165163
    Interpolator time 43378 usec
    getNextFrame 52.1 time 7939 usec
add frame 52.1 time sec 1590980081 usec 218371
src frame 53.0 time sec 1590980081 usec 218382
    Interpolator time 43568 usec
    getNextFrame 53.1 time 7759 usec
add frame 53.1 time sec 1590980081 usec 272728
src frame 54.0 time sec 1590980081 usec 272769
    Interpolator time 39369 usec
    getNextFrame 54.1 time 7839 usec
add frame 54.1 time sec 1590980081 usec 322414
src frame 55.0 time sec 1590980081 usec 322455
    Interpolator time 38670 usec
    getNextFrame 55.1 time 7730 usec
add frame 55.1 time sec 1590980081 usec 370861
src frame 56.0 time sec 1590980081 usec 370902
    Interpolator time 38120 usec
    getNextFrame 56.1 time 7406 usec
add frame 56.1 time sec 1590980081 usec 464594
src frame 57.0 time sec 1590980081 usec 464687
    Interpolator time 37892 usec
    getNextFrame 57.1 time 7643 usec
add frame 57.1 time sec 1590980081 usec 514786
src frame 58.0 time sec 1590980081 usec 514827
    Interpolator time 37952 usec
    getNextFrame 58.1 time 7488 usec
add frame 58.1 time sec 1590980081 usec 564652
src frame 59.0 time sec 1590980081 usec 564737
    Interpolator time 37560 usec
    getNextFrame 59.1 time 7779 usec
add frame 59.1 time sec 1590980081 usec 614309
src frame 60.0 time sec 1590980081 usec 614402
    Interpolator time 39236 usec
    getNextFrame 60.1 time 7886 usec
add frame 60.1 time sec 1590980081 usec 667769
src frame 61.0 time sec 1590980081 usec 667860
    Interpolator time 39593 usec
    getNextFrame 61.1 time 7754 usec
add frame 61.1 time sec 1590980081 usec 717104
src frame 62.0 time sec 1590980081 usec 717207
    Interpolator time 41644 usec
    getNextFrame 62.1 time 7908 usec
add frame 62.1 time sec 1590980081 usec 768805
src frame 63.0 time sec 1590980081 usec 768892
    Interpolator time 39407 usec
    getNextFrame 63.1 time 7744 usec
add frame 63.1 time sec 1590980081 usec 818159
src frame 64.0 time sec 1590980081 usec 818247
    Interpolator time 40274 usec
    getNextFrame 64.1 time 12106 usec
add frame 64.1 time sec 1590980081 usec 872605
src frame 65.0 time sec 1590980081 usec 872652
    Interpolator time 45105 usec
    getNextFrame 65.1 time 9511 usec
add frame 65.1 time sec 1590980081 usec 929398
src frame 66.0 time sec 1590980081 usec 929453
    Interpolator time 40532 usec
    getNextFrame 66.1 time 8364 usec
add frame 66.1 time sec 1590980081 usec 980351
src frame 67.0 time sec 1590980081 usec 980390
    Interpolator time 42855 usec
    getNextFrame 67.1 time 7388 usec
add frame 67.1 time sec 1590980082 usec 32583
src frame 68.0 time sec 1590980082 usec 32634
    Interpolator time 41134 usec
    getNextFrame 68.1 time 7513 usec
add frame 68.1 time sec 1590980082 usec 83395
src frame 69.0 time sec 1590980082 usec 83434
    Interpolator time 42883 usec
    getNextFrame 69.1 time 7281 usec
add frame 69.1 time sec 1590980082 usec 135648
src frame 70.0 time sec 1590980082 usec 135737
    Interpolator time 39913 usec
    getNextFrame 70.1 time 7824 usec
add frame 70.1 time sec 1590980082 usec 185873
src frame 71.0 time sec 1590980082 usec 185886
    Interpolator time 41538 usec
    getNextFrame 71.1 time 7347 usec
add frame 71.1 time sec 1590980082 usec 237058
src frame 72.0 time sec 1590980082 usec 237115
    Interpolator time 46837 usec
    getNextFrame 72.1 time 7544 usec
add frame 72.1 time sec 1590980082 usec 293455
src frame 73.0 time sec 1590980082 usec 293467
    Interpolator time 42179 usec
    getNextFrame 73.1 time 8173 usec
add frame 73.1 time sec 1590980082 usec 345878
src frame 74.0 time sec 1590980082 usec 345898
    Interpolator time 48454 usec
    getNextFrame 74.1 time 7832 usec
add frame 74.1 time sec 1590980082 usec 404873
src frame 75.0 time sec 1590980082 usec 404929
    Interpolator time 43871 usec
    getNextFrame 75.1 time 7705 usec
add frame 75.1 time sec 1590980082 usec 458635
src frame 76.0 time sec 1590980082 usec 458651
    Interpolator time 52589 usec
    getNextFrame 76.1 time 7960 usec
add frame 76.1 time sec 1590980082 usec 521199
src frame 77.0 time sec 1590980082 usec 521210
    Interpolator time 46331 usec
    getNextFrame 77.1 time 7910 usec
add frame 77.1 time sec 1590980082 usec 578517
src frame 78.0 time sec 1590980082 usec 578529
    Interpolator time 46503 usec
    getNextFrame 78.1 time 7365 usec
add frame 78.1 time sec 1590980082 usec 635493
src frame 79.0 time sec 1590980082 usec 635520
    Interpolator time 44102 usec
    getNextFrame 79.1 time 7707 usec
add frame 79.1 time sec 1590980082 usec 689258
src frame 80.0 time sec 1590980082 usec 689318
    Interpolator time 46997 usec
    getNextFrame 80.1 time 7900 usec
add frame 80.1 time sec 1590980082 usec 746199
src frame 81.0 time sec 1590980082 usec 746240
    Interpolator time 43031 usec
    getNextFrame 81.1 time 7688 usec
add frame 81.1 time sec 1590980082 usec 798954
src frame 82.0 time sec 1590980082 usec 799013
    Interpolator time 46356 usec
    getNextFrame 82.1 time 9341 usec
add frame 82.1 time sec 1590980082 usec 856636
src frame 83.0 time sec 1590980082 usec 856728
    Interpolator time 45852 usec
    getNextFrame 83.1 time 7680 usec
add frame 83.1 time sec 1590980082 usec 912298
src frame 84.0 time sec 1590980082 usec 912312
    Interpolator time 45616 usec
    getNextFrame 84.1 time 7759 usec
add frame 84.1 time sec 1590980082 usec 967616
src frame 85.0 time sec 1590980082 usec 967631
    Interpolator time 50418 usec
    getNextFrame 85.1 time 8194 usec
add frame 85.1 time sec 1590980083 usec 28190
src frame 86.0 time sec 1590980083 usec 28203
    Interpolator time 47568 usec
    getNextFrame 86.1 time 8748 usec
add frame 86.1 time sec 1590980083 usec 87786
src frame 87.0 time sec 1590980083 usec 87834
    Interpolator time 44882 usec
    getNextFrame 87.1 time 7787 usec
add frame 87.1 time sec 1590980083 usec 142649
src frame 88.0 time sec 1590980083 usec 142708
    Interpolator time 46074 usec
    getNextFrame 88.1 time 7901 usec
add frame 88.1 time sec 1590980083 usec 198789
src frame 89.0 time sec 1590980083 usec 198853
    Interpolator time 44430 usec
    getNextFrame 89.1 time 7772 usec
add frame 89.1 time sec 1590980083 usec 253140
src frame 90.0 time sec 1590980083 usec 253209
    Interpolator time 48472 usec
    getNextFrame 90.1 time 8041 usec
add frame 90.1 time sec 1590980083 usec 312107
src frame 91.0 time sec 1590980083 usec 312159
    Interpolator time 42483 usec
    getNextFrame 91.1 time 8003 usec
add frame 91.1 time sec 1590980083 usec 364614
src frame 92.0 time sec 1590980083 usec 364682
    Interpolator time 41729 usec
    getNextFrame 92.1 time 8015 usec
add frame 92.1 time sec 1590980083 usec 416473
src frame 93.0 time sec 1590980083 usec 416486
    Interpolator time 44835 usec
    getNextFrame 93.1 time 7975 usec
add frame 93.1 time sec 1590980083 usec 471309
src frame 94.0 time sec 1590980083 usec 471323
    Interpolator time 47462 usec
    getNextFrame 94.1 time 7759 usec
add frame 94.1 time sec 1590980083 usec 528556
src frame 95.0 time sec 1590980083 usec 528570
    Interpolator time 47252 usec
    getNextFrame 95.1 time 9774 usec
add frame 95.1 time sec 1590980083 usec 587568
src frame 96.0 time sec 1590980083 usec 587594
    Interpolator time 57010 usec
    getNextFrame 96.1 time 7981 usec
add frame 96.1 time sec 1590980083 usec 655384
src frame 97.0 time sec 1590980083 usec 655401
    Interpolator time 68240 usec
    getNextFrame 97.1 time 10676 usec
add frame 97.1 time sec 1590980083 usec 736665
src frame 98.0 time sec 1590980083 usec 736715
    Interpolator time 59664 usec
    getNextFrame 98.1 time 11941 usec
add frame 98.1 time sec 1590980083 usec 810375
src frame 99.0 time sec 1590980083 usec 810389
    Interpolator time 45451 usec
    getNextFrame 99.1 time 9977 usec
add frame 99.1 time sec 1590980083 usec 867781
src frame 100.0 time sec 1590980083 usec 867819
    Interpolator time 45120 usec
    getNextFrame 100.1 time 8391 usec
add frame 100.1 time sec 1590980083 usec 923701
src frame 101.0 time sec 1590980083 usec 923739
    Interpolator time 50143 usec
    getNextFrame 101.1 time 7907 usec
add frame 101.1 time sec 1590980083 usec 984124
src frame 102.0 time sec 1590980083 usec 984165
    Interpolator time 45963 usec
    getNextFrame 102.1 time 7212 usec
add frame 102.1 time sec 1590980084 usec 39398
src frame 103.0 time sec 1590980084 usec 39448
    Interpolator time 38476 usec
    getNextFrame 103.1 time 7201 usec
add frame 103.1 time sec 1590980084 usec 87111
src frame 104.0 time sec 1590980084 usec 87158
    Interpolator time 39106 usec
    getNextFrame 104.1 time 7371 usec
add frame 104.1 time sec 1590980084 usec 135544
src frame 105.0 time sec 1590980084 usec 135581
    Interpolator time 39740 usec
    getNextFrame 105.1 time 7163 usec
add frame 105.1 time sec 1590980084 usec 184493
src frame 106.0 time sec 1590980084 usec 184537
    Interpolator time 43835 usec
    getNextFrame 106.1 time 7485 usec
add frame 106.1 time sec 1590980084 usec 237874
src frame 107.0 time sec 1590980084 usec 237925
    Interpolator time 39362 usec
    getNextFrame 107.1 time 7178 usec
add frame 107.1 time sec 1590980084 usec 286375
src frame 108.0 time sec 1590980084 usec 286418
    Interpolator time 39139 usec
    getNextFrame 108.1 time 7324 usec
add frame 108.1 time sec 1590980084 usec 334851
src frame 109.0 time sec 1590980084 usec 334905
    Interpolator time 40069 usec
    getNextFrame 109.1 time 7148 usec
add frame 109.1 time sec 1590980084 usec 384028
src frame 110.0 time sec 1590980084 usec 384078
    Interpolator time 39228 usec
    getNextFrame 110.1 time 7225 usec
add frame 110.1 time sec 1590980084 usec 432403
src frame 111.0 time sec 1590980084 usec 432450
    Interpolator time 38822 usec
    getNextFrame 111.1 time 7369 usec
add frame 111.1 time sec 1590980084 usec 480506
src frame 112.0 time sec 1590980084 usec 480558
    Interpolator time 39063 usec
    getNextFrame 112.1 time 7330 usec
add frame 112.1 time sec 1590980084 usec 528824
src frame 113.0 time sec 1590980084 usec 528865
    Interpolator time 39970 usec
    getNextFrame 113.1 time 7342 usec
add frame 113.1 time sec 1590980084 usec 578063
src frame 114.0 time sec 1590980084 usec 578110
    Interpolator time 37931 usec
    getNextFrame 114.1 time 7352 usec
add frame 114.1 time sec 1590980084 usec 625658
src frame 115.0 time sec 1590980084 usec 625702
    Interpolator time 40272 usec
    getNextFrame 115.1 time 7879 usec
add frame 115.1 time sec 1590980084 usec 675754
src frame 116.0 time sec 1590980084 usec 675788
    Interpolator time 43701 usec
    getNextFrame 116.1 time 7979 usec
add frame 116.1 time sec 1590980084 usec 729593
src frame 117.0 time sec 1590980084 usec 729608
    Interpolator time 43036 usec
    getNextFrame 117.1 time 7974 usec
add frame 117.1 time sec 1590980084 usec 782520
src frame 118.0 time sec 1590980084 usec 782535
    Interpolator time 47239 usec
    getNextFrame 118.1 time 7811 usec
add frame 118.1 time sec 1590980084 usec 839570
src frame 119.0 time sec 1590980084 usec 839581
    Interpolator time 47865 usec
    getNextFrame 119.1 time 8132 usec
add frame 119.1 time sec 1590980084 usec 898874
src frame 120.0 time sec 1590980084 usec 898905
    Interpolator time 46956 usec
    getNextFrame 120.1 time 8110 usec
add frame 120.1 time sec 1590980084 usec 957070
src frame 121.0 time sec 1590980084 usec 957081
    Interpolator time 47224 usec
    getNextFrame 121.1 time 7675 usec
add frame 121.1 time sec 1590980085 usec 15073
src frame 122.0 time sec 1590980085 usec 15084
    Interpolator time 49028 usec
    getNextFrame 122.1 time 7909 usec
add frame 122.1 time sec 1590980085 usec 75334
src frame 123.0 time sec 1590980085 usec 75364
    Interpolator time 48650 usec
    getNextFrame 123.1 time 7820 usec
add frame 123.1 time sec 1590980085 usec 135624
src frame 124.0 time sec 1590980085 usec 135635
    Interpolator time 47220 usec
    getNextFrame 124.1 time 8109 usec
add fram