#Date       Time        gpu        pid  type    sm   mem   enc   dec   command
#YYYYMMDD   HH:MM:SS    Idx          #   C/G     %     %     %     %   name
 20200604   18:03:44      0       1497     G     0     0     0     0   Xorg           
 20200604   18:03:44      0       1608     G     0     0     0     0   gnome-shell    
 20200604   18:03:44      0       1823     G     7     1     0     0   Xorg           
 20200604   18:03:44      0       2214     G     0     0     0     0   gnome-shell    
 20200604   18:03:44      0       2835     G     0     0     0     0   electron-ssr --
 20200604   18:03:44      0       2901     G     0     0     0     0   code --type=gpu
 20200604   18:03:45      0       1497     G     0     0     0     0   Xorg           
 20200604   18:03:45      0       1608     G     0     0     0     0   gnome-shell    
 20200604   18:03:45      0       1823     G    20     6     0     0   Xorg           
 20200604   18:03:45      0       2214     G     1     0     0     0   gnome-shell    
 20200604   18:03:45      0       2835     G     0     0     0     0   electron-ssr --
 20200604   18:03:45      0       2901     G     0     0     0     0   code --type=gpu
 20200604   18:03:46      0       1497     G     0     0     0     0   Xorg           
 20200604   18:03:46      0       1608     G     0     0     0     0   gnome-shell    
 20200604   18:03:46      0       1823     G     1     0     0     0   Xorg           
 20200604   18:03:46      0       2214     G     0     0     0     0   gnome-shell    
 20200604   18:03:46      0       2835     G     0     0     0     0   electron-ssr --
 20200604   18:03:46      0       2901     G     0     0     0     0   code --type=gpu
 20200604   18:03:47      0       1497     G     0     0     0     0   Xorg           
 20200604   18:03:47      0       1608     G     0     0     0     0   gnome-shell    
 20200604   18:03:47      0       1823     G     0     0     0     0   Xorg           
 20200604   18:03:47      0       2214     G     0     0     0     0   gnome-shell    
 20200604   18:03:47      0       2835     G     0     0     0     0   electron-ssr --
 20200604   18:03:47      0       2901     G     0     0     0     0   code --type=gpu
 20200604   18:03:48      0       1497     G     0     0     0     0   Xorg           
 20200604   18:03:48      0       1608     G     0     0     0     0   gnome-shell    
 20200604   18:03:48      0       1823     G     1     0     0     0   Xorg           
 20200604   18:03:48      0       2214     G     0     0     0     0   gnome-shell    
 20200604   18:03:48      0       2835     G     0     0     0     0   electron-ssr --
 20200604   18:03:48      0       2901     G     0     0     0     0   code --type=gpu
 20200604   18:03:49      0       1497     G     0     0     0     0   Xorg           
 20200604   18:03:49      0       1608     G     0     0     0     0   gnome-shell    
 20200604   18:03:49      0       1823     G     1     0     0     0   Xorg           
 20200604   18:03:49      0       2214     G     0     0     0     0   gnome-shell    
 20200604   18:03:49      0       2835     G     0     0     0     0   electron-ssr --
 20200604   18:03:49      0       2901     G     0     0     0     0   code --type=gpu
 20200604   18:03:50      0       1497     G     0     0     0     0   Xorg           
 20200604   18:03:50      0       1608     G     0     0     0     0   gnome-shell    
 20200604   18:03:50      0       1823     G     1     0     0     0   Xorg           
 20200604   18:03:50      0       2214     G     0     0     0     0   gnome-shell    
 20200604   18:03:50      0       2835     G     0     0     0     0   electron-ssr --
 20200604   18:03:50      0       2901     G     0     0     0     0   code --type=gpu
 20200604   18:03:51      0       1497     G     0     0     0     0   Xorg           
 20200604   18:03:51      0       1608     G     0     0     0     0   gnome-shell    
#Date       Time        gpu        pid  type    sm   mem   enc   dec   command
#YYYYMMDD   HH:MM:SS    Idx          #   C/G     %     %     %     %   name
 20200604   18:03:51      0       1823     G     0     0     0     0   Xorg           
 20200604   18:03:51      0       2214     G     0     0     0     0   gnome-shell    
 20200604   18:03:51      0       2835     G     0     0     0     0   electron-ssr --
 20200604   18:03:51      0       2901     G     0     0     0     0   code --type=gpu
 20200604   18:03:52      0       1497     G     0     0     0     0   Xorg           
 20200604   18:03:52      0       1608     G     0     0     0     0   gnome-shell    
 20200604   18:03:52      0       1823     G     1     0     0     0   Xorg           
 20200604   18:03:52      0       2214     G     0     0     0     0   gnome-shell    
 20200604   18:03:52      0       2835     G     0     0     0     0   electron-ssr --
 20200604   18:03:52      0       2901     G     0     0     0     0   code --type=gpu
 20200604   18:03:53      0       1497     G     0     0     0     0   Xorg           
 20200604   18:03:53      0       1608     G     0     0     0     0   gnome-shell    
 20200604   18:03:53      0       1823     G     1     0     0     0   Xorg           
 20200604   18:03:53      0       2214     G     0     0     0     0   gnome-shell    
 20200604   18:03:53      0       2835     G     0     0     0     0   electron-ssr --
 20200604   18:03:53      0       2901     G     0     0     0     0   code --type=gpu
 20200604   18:03:53      0      18869     G     0     0     0     0   spot           
 20200604   18:03:53      0      18871     G     0     0     0     0   cgl-render     
 20200604   18:03:54      0       1497     G     0     0     0     0   Xorg           
 20200604   18:03:54      0       1608     G     0     0     0     0   gnome-shell    
 20200604   18:03:54      0       1823     G     3     0     0     0   Xorg           
 20200604   18:03:54      0       2214     G     2     0     0     0   gnome-shell    
 20200604   18:03:54      0       2835     G     0     0     0     0   electron-ssr --
 20200604   18:03:54      0       2901     G     0     0     0     0   code --type=gpu
 20200604   18:03:54      0      18869     G     0     0     0     0   spot           
 20200604   18:03:54      0      18871     G     0     0     0     0   cgl-render     
 20200604   18:03:55      0       1497     G     0     0     0     0   Xorg           
 20200604   18:03:55      0       1608     G     0     0     0     0   gnome-shell    
 20200604   18:03:55      0       1823     G     4     0     0     0   Xorg           
 20200604   18:03:55      0       2214     G     7     1     0     0   gnome-shell    
 20200604   18:03:55      0       2835     G     0     0     0     0   electron-ssr --
 20200604   18:03:55      0       2901     G     0     0     0     0   code --type=gpu
 20200604   18:03:55      0      18869     G     0     0     0     0   spot           
 20200604   18:03:55      0      18871     G     1     0     0     0   cgl-render     
 20200604   18:03:56      0       1497     G     0     0     0     0   Xorg           
 20200604   18:03:56      0       1608     G     0     0     0     0   gnome-shell    
 20200604   18:03:56      0       1823     G     5     0     0     0   Xorg           
 20200604   18:03:56      0       2214     G     5     0     0     0   gnome-shell    
 20200604   18:03:56      0       2835     G     0     0     0     0   electron-ssr --
 20200604   18:03:56      0       2901     G     0     0     0     0   code --type=gpu
 20200604   18:03:56      0      18869     G     1     0     0     0   spot           
 20200604   18:03:56      0      18871     G     0     0     0     0   cgl-render     
 20200604   18:03:57      0       1497     G     0     0     0     0   Xorg           
 20200604   18:03:57      0       1608     G     0     0     0     0   gnome-shell    
#Date       Time        gpu        pid  type    sm   mem   enc   dec   command
#YYYYMMDD   HH:MM:SS    Idx          #   C/G     %     %     %     %   name
 20200604   18:03:57      0       1823     G     4     0     0     0   Xorg           
 20200604   18:03:57      0       2214     G     7     1     0     0   gnome-shell    
 20200604   18:03:57      0       2835     G     0     0     0     0   electron-ssr --
 20200604   18:03:57      0       2901     G     0     0     0     0   code --type=gpu
 20200604   18:03:57      0      18869     G     0     0     0     0   spot           
 20200604   18:03:57      0      18871     G     3     0     0     0   cgl-render     
 20200604   18:03:58      0       1497     G     0     0     0     0   Xorg           
 20200604   18:03:58      0       1608     G     0     0     0     0   gnome-shell    
 20200604   18:03:58      0       1823     G     3     0     0     0   Xorg           
 20200604   18:03:58      0       2214     G     3     0     0     0   gnome-shell    
 20200604   18:03:58      0       2835     G     0     0     0     0   electron-ssr --
 20200604   18:03:58      0       2901     G     0     0     0     0   code --type=gpu
 20200604   18:03:58      0      18869     G     0     0     0     0   spot           
 20200604   18:03:58      0      18871     G     5     0     0     0   cgl-render     
 20200604   18:03:59      0       1497     G     0     0     0     0   Xorg           
 20200604   18:03:59      0       1608     G     0     0     0     0   gnome-shell    
 20200604   18:03:59      0       1823     G     4     0     0     0   Xorg           
 20200604   18:03:59      0       2214     G     3     0     0     0   gnome-shell    
 20200604   18:03:59      0       2835     G     0     0     0     0   electron-ssr --
 20200604   18:03:59      0       2901     G     0     0     0     0   code --type=gpu
 20200604   18:03:59      0      18869     G     0     0     0     0   spot           
 20200604   18:03:59      0      18871     G     4     0     0     0   cgl-render     
 20200604   18:04:00      0       1497     G     0     0     0     0   Xorg           
 20200604   18:04:00      0       1608     G     0     0     0     0   gnome-shell    
 20200604   18:04:00      0       1823     G     4     0     0     0   Xorg           
 20200604   18:04:00      0       2214     G     4     0     0     0   gnome-shell    
 20200604   18:04:00      0       2835     G     0     0     0     0   electron-ssr --
 20200604   18:04:00      0       2901     G     0     0     0     0   code --type=gpu
 20200604   18:04:00      0      18869     G     0     0     0     0   spot           
 20200604   18:04:00      0      18871     G     3     0     0     0   cgl-render     
 20200604   18:04:01      0       1497     G     0     0     0     0   Xorg           
 20200604   18:04:01      0       1608     G     0     0     0     0   gnome-shell    
 20200604   18:04:01      0       1823     G     7     0     0     0   Xorg           
 20200604   18:04:01      0       2214     G     0     0     0     0   gnome-shell    
 20200604   18:04:01      0       2835     G     0     0     0     0   electron-ssr --
 20200604   18:04:01      0       2901     G     0     0     0     0   code --type=gpu
 20200604   18:04:01      0      18869     G     0     0     0     0   spot           
 20200604   18:04:01      0      18871     G     2     0     0     0   cgl-render     
 20200604   18:04:02      0       1497     G     0     0     0     0   Xorg           
 20200604   18:04:02      0       1608     G     0     0     0     0   gnome-shell    
 20200604   18:04:02      0       1823     G     9     0     0     0   Xorg           
 20200604   18:04:02      0       2214     G     1     0     0     0   gnome-shell    
 20200604   18:04:02      0       2835     G     0     0     0     0   electron-ssr --
 20200604   18:04:02      0       2901     G     0     0     0     0   code --type=gpu
#Date       Time        gpu        pid  type    sm   mem   enc   dec   command
#YYYYMMDD   HH:MM:SS    Idx          #   C/G     %     %     %     %   name
 20200604   18:04:02      0      18869     G     0     0     0     0   spot           
 20200604   18:04:02      0      18871     G     1     0     0     0   cgl-render     
 20200604   18:04:03      0       1497     G     0     0     0     0   Xorg           
 20200604   18:04:03      0       1608     G     0     0     0     0   gnome-shell    
 20200604   18:04:03      0       1823     G     9     0     0     0   Xorg           
 20200604   18:04:03      0       2214     G     0     0     0     0   gnome-shell    
 20200604   18:04:03      0       2835     G     0     0     0     0   electron-ssr --
 20200604   18:04:03      0       2901     G     0     0     0     0   code --type=gpu
 20200604   18:04:03      0      18869     G     0     0     0     0   spot           
 20200604   18:04:03      0      18871     G     1     0     0     0   cgl-render     
 20200604   18:04:04      0       1497     G     0     0     0     0   Xorg           
 20200604   18:04:04      0       1608     G     0     0     0     0   gnome-shell    
 20200604   18:04:04      0       1823     G     6     0     0     0   Xorg           
 20200604   18:04:04      0       2214     G     1     0     0     0   gnome-shell    
 20200604   18:04:04      0       2835     G     0     0     0     0   electron-ssr --
 20200604   18:04:04      0       2901     G     0     0     0     0   code --type=gpu
 20200604   18:04:04      0      18869     G     0     0     0     0   spot           
 20200604   18:04:04      0      18871     G     2     0     0     0   cgl-render     
 20200604   18:04:05      0       1497     G     0     0     0     0   Xorg           
 20200604   18:04:05      0       1608     G     0     0     0     0   gnome-shell    
 20200604   18:04:05      0       1823     G     6     0     0     0   Xorg           
 20200604   18:04:05      0       2214     G     3     0     0     0   gnome-shell    
 20200604   18:04:05      0       2835     G     0     0     0     0   electron-ssr --
 20200604   18:04:05      0       2901     G     0     0     0     0   code --type=gpu
 20200604   18:04:05      0      18869     G     0     0     0     0   spot           
 20200604   18:04:05      0      18871     G     2     0     0     0   cgl-render     
 20200604   18:04:06      0       1497     G     0     0     0     0   Xorg           
 20200604   18:04:06      0       1608     G     0     0     0     0   gnome-shell    
 20200604   18:04:06      0       1823     G     9     0     0     0   Xorg           
 20200604   18:04:06      0       2214     G     1     0     0     0   gnome-shell    
 20200604   18:04:06      0       2835     G     0     0     0     0   electron-ssr --
 20200604   18:04:06      0       2901     G     0     0     0     0   code --type=gpu
 20200604   18:04:06      0      18869     G     0     0     0     0   spot           
 20200604   18:04:06      0      18871     G     3     0     0     0   cgl-render     
 20200604   18:04:07      0       1497     G     0     0     0     0   Xorg           
 20200604   18:04:07      0       1608     G     0     0     0     0   gnome-shell    
 20200604   18:04:07      0       1823     G    13     1     0     0   Xorg           
 20200604   18:04:07      0       2214     G     2     0     0     0   gnome-shell    
 20200604   18:04:07      0       2835     G     0     0     0     0   electron-ssr --
 20200604   18:04:07      0       2901     G     0     0     0     0   code --type=gpu
 20200604   18:04:07      0      18869     G     0     0     0     0   spot           
 20200604   18:04:07      0      18871     G     1     0     0     0   cgl-render     
 20200604   18:04:08      0       1497     G     0     0     0     0   Xorg           
 20200604   18:04:08      0       1608     G     0     0     0     0   gnome-shell    
#Date       Time        gpu        pid  type    sm   mem   enc   dec   command
#YYYYMMDD   HH:MM:SS    Idx          #   C/G     %     %     %     %   name
 20200604   18:04:08      0       1823     G     6     0     0     0   Xorg           
 20200604   18:04:08      0       2214     G     2     0     0     0   gnome-shell    
 20200604   18:04:08      0       2835     G     0     0     0     0   electron-ssr --
 20200604   18:04:08      0       2901     G     0     0     0     0   code --type=gpu
 20200604   18:04:08      0      18869     G     0     0     0     0   spot           
 20200604   18:04:08      0      18871     G     2     0     0     0   cgl-render     
 20200604   18:04:09      0       1497     G     0     0     0     0   Xorg           
 20200604   18:04:09      0       1608     G     0     0     0     0   gnome-shell    
 20200604   18:04:09      0       1823     G     4     0     0     0   Xorg           
 20200604   18:04:09      0       2214     G     0     0     0     0   gnome-shell    
 20200604   18:04:09      0       2835     G     0     0     0     0   electron-ssr --
 20200604   18:04:09      0       2901     G     0     0     0     0   code --type=gpu
 20200604   18:04:09      0      18869     G     0     0     0     0   spot           
 20200604   18:04:09      0      18871     G     3     0     0     0   cgl-render     
 20200604   18:04:10      0       1497     G     0     0     0     0   Xorg           
 20200604   18:04:10      0       1608     G     0     0     0     0   gnome-shell    
 20200604   18:04:10      0       1823     G     3     0     0     0   Xorg           
 20200604   18:04:10      0       2214     G     0     0     0     0   gnome-shell    
 20200604   18:04:10      0       2835     G     0     0     0     0   electron-ssr --
 20200604   18:04:10      0       2901     G     0     0     0     0   code --type=gpu
 20200604   18:04:10      0      18869     G     0     0     0     0   spot           
 20200604   18:04:10      0      18871     G     2     0     0     0   cgl-render     
 20200604   18:04:11      0       1497     G     0     0     0     0   Xorg           
 20200604   18:04:11      0       1608     G     0     0     0     0   gnome-shell    
 20200604   18:04:11      0       1823     G     3     0     0     0   Xorg           
 20200604   18:04:11      0       2214     G     1     0     0     0   gnome-shell    
 20200604   18:04:11      0       2835     G     0     0     0     0   electron-ssr --
 20200604   18:04:11      0       2901     G     0     0     0     0   code --type=gpu
 20200604   18:04:11      0      18869     G     0     0     0     0   spot           
 20200604   18:04:11      0      18871     G     2     0     0     0   cgl-render     
 20200604   18:04:12      0       1497     G     0     0     0     0   Xorg           
 20200604   18:04:12      0       1608     G     0     0     0     0   gnome-shell    
 20200604   18:04:12      0       1823     G     4     0     0     0   Xorg           
 20200604   18:04:12      0       2214     G     0     0     0     0   gnome-shell    
 20200604   18:04:12      0       2835     G     0     0     0     0   electron-ssr --
 20200604   18:04:12      0       2901     G     0     0     0     0   code --type=gpu
 20200604   18:04:12      0      18869     G     0     0     0     0   spot           
 20200604   18:04:12      0      18871     G     4     0     0     0   cgl-render     
 20200604   18:04:13      0       1497     G     0     0     0     0   Xorg           
 20200604   18:04:13      0       1608     G     0     0     0     0   gnome-shell    
 20200604   18:04:13      0       1823     G     7     0     0     0   Xorg           
 20200604   18:04:13      0       2214     G     0     0     0     0   gnome-shell    
 20200604   18:04:13      0       2835     G     0     0     0     0   electron-ssr --
 20200604   18:04:13      0       2901     G     0     0     0     0   code --type=gpu
#Date       Time        gpu        pid  type    sm   mem   enc   dec   command
#YYYYMMDD   HH:MM:SS    Idx          #   C/G     %     %     %     %   name
 20200604   18:04:13      0      18869     G     0     0     0     0   spot           
 20200604   18:04:13      0      18871     G     3     0     0     0   cgl-render     
 20200604   18:04:14      0       1497     G     0     0     0     0   Xorg           
 20200604   18:04:14      0       1608     G     0     0     0     0   gnome-shell    
 20200604   18:04:14      0       1823     G     5     0     0     0   Xorg           
 20200604   18:04:14      0       2214     G     1     0     0     0   gnome-shell    
 20200604   18:04:14      0       2835     G     0     0     0     0   electron-ssr --
 20200604   18:04:14      0       2901     G     0     0     0     0   code --type=gpu
 20200604   18:04:14      0      18869     G     0     0     0     0   spot           
 20200604   18:04:14      0      18871     G     3     0     0     0   cgl-render     
 20200604   18:04:15      0       1497     G     0     0     0     0   Xorg           
 20200604   18:04:15      0       1608     G     0     0     0     0   gnome-shell    
 20200604   18:04:15      0       1823     G     6     0     0     0   Xorg           
 20200604   18:04:15      0       2214     G     1     0     0     0   gnome-shell    
 20200604   18:04:15      0       2835     G     0     0     0     0   electron-ssr --
 20200604   18:04:15      0       2901     G     0     0     0     0   code --type=gpu
 20200604   18:04:15      0      18869     G     0     0     0     0   spot           
 20200604   18:04:15      0      18871     G     2     0     0     0   cgl-render     
 20200604   18:04:16      0       1497     G     0     0     0     0   Xorg           
 20200604   18:04:16      0       1608     G     0     0     0     0   gnome-shell    
 20200604   18:04:16      0       1823     G     5     0     0     0   Xorg           
 20200604   18:04:16      0       2214     G     0     0     0     0   gnome-shell    
 20200604   18:04:16      0       2835     G     0     0     0     0   electron-ssr --
 20200604   18:04:16      0       2901     G     0     0     0     0   code --type=gpu
 20200604   18:04:16      0      18869     G     0     0     0     0   spot           
 20200604   18:04:16      0      18871     G     1     0     0     0   cgl-render     
 20200604   18:04:17      0       1497     G     0     0     0     0   Xorg           
 20200604   18:04:17      0       1608     G     0     0     0     0   gnome-shell    
 20200604   18:04:17      0       1823     G     6     0     0     0   Xorg           
 20200604   18:04:17      0       2214     G     1     0     0     0   gnome-shell    
 20200604   18:04:17      0       2835     G     0     0     0     0   electron-ssr --
 20200604   18:04:17      0       2901     G     0     0     0     0   code --type=gpu
 20200604   18:04:17      0      18869     G     0     0     0     0   spot           
 20200604   18:04:17      0      18871     G     2     0     0     0   cgl-render     
 20200604   18:04:18      0       1497     G     0     0     0     0   Xorg           
 20200604   18:04:18      0       1608     G     0     0     0     0   gnome-shell    
 20200604   18:04:18      0       1823     G     5     0     0     0   Xorg           
 20200604   18:04:18      0       2214     G     1     0     0     0   gnome-shell    
 20200604   18:04:18      0       2835     G     0     0     0     0   electron-ssr --
 20200604   18:04:18      0       2901     G     0     0     0     0   code --type=gpu
 20200604   18:04:18      0      18869     G     0     0     0     0   spot           
 20200604   18:04:18      0      18871     G     1     0     0     0   cgl-render     
 20200604   18:04:19      0       1497     G     0     0     0     0   Xorg           
 20200604   18:04:19      0       1608     G     0     0     0     0   gnome-shell    
#Date       Time        gpu        pid  type    sm   mem   enc   dec   command
#YYYYMMDD   HH:MM:SS    Idx          #   C/G     %     %     %     %   name
 20200604   18:04:19      0       1823     G     6     0     0     0   Xorg           
 20200604   18:04:19      0       2214     G     0     0     0     0   gnome-shell    
 20200604   18:04:19      0       2835     G     0     0     0     0   electron-ssr --
 20200604   18:04:19      0       2901     G     0     0     0     0   code --type=gpu
 20200604   18:04:19      0      18869     G     0     0     0     0   spot           
 20200604   18:04:19      0      18871     G     0     0     0     0   cgl-render     
 20200604   18:04:20      0       1497     G     0     0     0     0   Xorg           
 20200604   18:04:20      0       1608     G     0     0     0     0   gnome-shell    
 20200604   18:04:20      0       1823     G     8     0     0     0   Xorg           
 20200604   18:04:20      0       2214     G     1     0     0     0   gnome-shell    
 20200604   18:04:20      0       2835     G     0     0     0     0   electron-ssr --
 20200604   18:04:20      0       2901     G     0     0     0     0   code --type=gpu
 20200604   18:04:20      0      18869     G     0     0     0     0   spot           
 20200604   18:04:20      0      18871     G     1     0     0     0   cgl-render     
 20200604   18:04:21      0       1497     G     0     0     0     0   Xorg           
 20200604   18:04:21      0       1608     G     0     0     0     0   gnome-shell    
 20200604   18:04:21      0       1823     G     5     0     0     0   Xorg           
 20200604   18:04:21      0       2214     G     1     0     0     0   gnome-shell    
 20200604   18:04:21      0       2835     G     0     0     0     0   electron-ssr --
 20200604   18:04:21      0       2901     G     0     0     0     0   code --type=gpu
 20200604   18:04:21      0      18869     G     0     0     0     0   spot           
 20200604   18:04:21      0      18871     G     1     0     0     0   cgl-render     
 20200604   18:04:22      0       1497     G     0     0     0     0   Xorg           
 20200604   18:04:22      0       1608     G     0     0     0     0   gnome-shell    
 20200604   18:04:22      0       1823     G     4     0     0     0   Xorg           
 20200604   18:04:22      0       2214     G     0     0     0     0   gnome-shell    
 20200604   18:04:22      0       2835     G     0     0     0     0   electron-ssr --
 20200604   18:04:22      0       2901     G     0     0     0     0   code --type=gpu
 20200604   18:04:22      0      18869     G     0     0     0     0   spot           
 20200604   18:04:22      0      18871     G     1     0     0     0   cgl-render     
 20200604   18:04:23      0       1497     G     0     0     0     0   Xorg           
 20200604   18:04:23      0       1608     G     0     0     0     0   gnome-shell    
 20200604   18:04:23      0       1823     G     5     0     0     0   Xorg           
 20200604   18:04:23      0       2214     G     0     0     0     0   gnome-shell    
 20200604   18:04:23      0       2835     G     0     0     0     0   electron-ssr --
 20200604   18:04:23      0       2901     G     0     0     0     0   code --type=gpu
 20200604   18:04:23      0      18869     G     0     0     0     0   spot           
 20200604   18:04:23      0      18871     G     3     0     0     0   cgl-render     
 20200604   18:04:24      0       1497     G     0     0     0     0   Xorg           
 20200604   18:04:24      0       1608     G     0     0     0     0   gnome-shell    
 20200604   18:04:24      0       1823     G     6     0     0     0   Xorg           
 20200604   18:04:24      0       2214     G     1     0     0     0   gnome-shell    
 20200604   18:04:24      0       2835     G     0     0     0     0   electron-ssr --
 20200604   18:04:24      0       2901     G     0     0     0     0   code --type=gpu
#Date       Time        gpu        pid  type    sm   mem   enc   dec   command
#YYYYMMDD   HH:MM:SS    Idx          #   C/G     %     %     %     %   name
 20200604   18:04:24      0      18869     G     0     0     0     0   spot           
 20200604   18:04:24      0      18871     G     1     0     0     0   cgl-render     
 20200604   18:04:25      0       1497     G     0     0     0     0   Xorg           
 20200604   18:04:25      0       1608     G     0     0     0     0   gnome-shell    
 20200604   18:04:25      0       1823     G     8     0     0     0   Xorg           
 20200604   18:04:25      0       2214     G     1     0     0     0   gnome-shell    
 20200604   18:04:25      0       2835     G     0     0     0     0   electron-ssr --
 20200604   18:04:25      0       2901     G     0     0     0     0   code --type=gpu
 20200604   18:04:25      0      18869     G     0     0     0     0   spot           
 20200604   18:04:25      0      18871     G     0     0     0     0   cgl-render     
 20200604   18:04:26      0       1497     G     0     0     0     0   Xorg           
 20200604   18:04:26      0       1608     G     0     0     0     0   gnome-shell    
 20200604   18:04:26      0       1823     G     8     0     0     0   Xorg           
 20200604   18:04:26      0       2214     G     0     0     0     0   gnome-shell    
 20200604   18:04:26      0       2835     G     0     0     0     0   electron-ssr --
 20200604   18:04:26      0       2901     G     0     0     0     0   code --type=gpu
 20200604   18:04:26      0      18869     G     0     0     0     0   spot           
 20200604   18:04:26      0      18871     G     1     0     0     0   cgl-render     
 20200604   18:04:27      0       1497     G     0     0     0     0   Xorg           
 20200604   18:04:27      0       1608     G     0     0     0     0   gnome-shell    
 20200604   18:04:27      0       1823     G     6     0     0     0   Xorg           
 20200604   18:04:27      0       2214     G     0     0     0     0   gnome-shell    
 20200604   18:04:27      0       2835     G     0     0     0     0   electron-ssr --
 20200604   18:04:27      0       2901     G     0     0     0     0   code --type=gpu
 20200604   18:04:27      0       9759     G     0     0     0     0   firefox        
 20200604   18:04:27      0      18869     G     0     0     0     0   spot           
 20200604   18:04:27      0      18871     G     3     0     0     0   cgl-render     
 20200604   18:04:28      0       1497     G     0     0     0     0   Xorg           
 20200604   18:04:28      0       1608     G     0     0     0     0   gnome-shell    
 20200604   18:04:28      0       1823     G     7     0     0     0   Xorg           
 20200604   18:04:28      0       2214     G     2     0     0     0   gnome-shell    
 20200604   18:04:28      0       2835     G     0     0     0     0   electron-ssr --
 20200604   18:04:28      0       2901     G     0     0     0     0   code --type=gpu
 20200604   18:04:28      0       9759     G     0     0     0     0   firefox        
 20200604   18:04:28      0      18869     G     0     0     0     0   spot           
 20200604   18:04:28      0      18871     G     2     0     0     0   cgl-render     
 20200604   18:04:29      0       1497     G     0     0     0     0   Xorg           
 20200604   18:04:29      0       1608     G     0     0     0     0   gnome-shell    
 20200604   18:04:29      0       1823     G     8     0     0     0   Xorg           
 20200604   18:04:29      0       2214     G     2     0     0     0   gnome-shell    
 20200604   18:04:29      0       2835     G     0     0     0     0   electron-ssr --
 20200604   18:04:29      0       2901     G     0     0     0     0   code --type=gpu
 20200604   18:04:29      0       9759     G     0     0     0     0   firefox        
 20200604   18:04:29      0      18869     G     0     0     0     0   spot           
#Date       Time        gpu        pid  type    sm   mem   enc   dec   command
#YYYYMMDD   HH:MM:SS    Idx          #   C/G     %     %     %     %   name
 20200604   18:04:29      0      18871     G     0     0     0     0   cgl-render     
 20200604   18:04:30      0       1497     G     0     0     0     0   Xorg           
 20200604   18:04:30      0       1608     G     0     0     0     0   gnome-shell    
 20200604   18:04:30      0       1823     G     8     0     0     0   Xorg           
 20200604   18:04:30      0       2214     G     0     0     0     0   gnome-shell    
 20200604   18:04:30      0       2835     G     0     0     0     0   electron-ssr --
 20200604   18:04:30      0       2901     G     0     0     0     0   code --type=gpu
 20200604   18:04:30      0       9759     G     0     0     0     0   firefox        
 20200604   18:04:30      0      18869     G     0     0     0     0   spot           
 20200604   18:04:30      0      18871     G     1     0     0     0   cgl-render     
 20200604   18:04:31      0       1497     G     0     0     0     0   Xorg           
 20200604   18:04:31      0       1608     G     0     0     0     0   gnome-shell    
 20200604   18:04:31      0       1823     G     5     0     0     0   Xorg           
 20200604   18:04:31      0       2214     G     0     0     0     0   gnome-shell    
 20200604   18:04:31      0       2835     G     0     0     0     0   electron-ssr --
 20200604   18:04:31      0       2901     G     0     0     0     0   code --type=gpu
 20200604   18:04:31      0       9759     G     0     0     0     0   firefox        
 20200604   18:04:31      0      18869     G     0     0     0     0   spot           
 20200604   18:04:31      0      18871     G     2     0     0     0   cgl-render     
 20200604   18:04:32      0       1497     G     0     0     0     0   Xorg           
 20200604   18:04:32      0       1608     G     0     0     0     0   gnome-shell    
 20200604   18:04:32      0       1823     G     5     0     0     0   Xorg           
 20200604   18:04:32      0       2214     G     0     0     0     0   gnome-shell    
 20200604   18:04:32      0       2835     G     0     0     0     0   electron-ssr --
 20200604   18:04:32      0       2901     G     0     0     0     0   code --type=gpu
 20200604   18:04:32      0       9759     G     0     0     0     0   firefox        
 20200604   18:04:32      0      18869     G     1     0     0     0   spot           
 20200604   18:04:32      0      18871     G     1     0     0     0   cgl-render     
 20200604   18:04:33      0       1497     G     0     0     0     0   Xorg           
 20200604   18:04:33      0       1608     G     0     0     0     0   gnome-shell    
 20200604   18:04:33      0       1823     G     5     0     0     0   Xorg           
 20200604   18:04:33      0       2214     G     0     0     0     0   gnome-shell    
 20200604   18:04:33      0       2835     G     0     0     0     0   electron-ssr --
 20200604   18:04:33      0       2901     G     0     0     0     0   code --type=gpu
 20200604   18:04:33      0       9759     G     0     0     0     0   firefox        
 20200604   18:04:33      0      18869     G     1     0     0     0   spot           
 20200604   18:04:33      0      18871     G     1     0     0     0   cgl-render     
 20200604   18:04:34      0       1497     G     0     0     0     0   Xorg           
 20200604   18:04:34      0       1608     G     0     0     0     0   gnome-shell    
 20200604   18:04:34      0       1823     G     3     0     0     0   Xorg           
 20200604   18:04:34      0       2214     G     0     0     0     0   gnome-shell    
 20200604   18:04:34      0       2835     G     0     0     0     0   electron-ssr --
 20200604   18:04:34      0       2901     G     0     0     0     0   code --type=gpu
 20200604   18:04:34      0       9759     G     0     0     0     0   firefox        
#Date       Time        gpu        pid  type    sm   mem   enc   dec   command
#YYYYMMDD   HH:MM:SS    Idx          #   C/G     %     %     %     %   name
 20200604   18:04:34      0      18869     G     0     0     0     0   spot           
 20200604   18:04:34      0      18871     G     2     0     0     0   cgl-render     
 20200604   18:04:35      0       1497     G     0     0     0     0   Xorg           
 20200604   18:04:35      0       1608     G     0     0     0     0   gnome-shell    
 20200604   18:04:35      0       1823     G    10     0     0     0   Xorg           
 20200604   18:04:35      0       2214     G     0     0     0     0   gnome-shell    
 20200604   18:04:35      0       2835     G     0     0     0     0   electron-ssr --
 20200604   18:04:35      0       2901     G     0     0     0     0   code --type=gpu
 20200604   18:04:35      0       9759     G     0     0     0     0   firefox        
 20200604   18:04:35      0      18869     G     0     0     0     0   spot           
 20200604   18:04:35      0      18871     G     2     0     0     0   cgl-render     
 20200604   18:04:36      0       1497     G     0     0     0     0   Xorg           
 20200604   18:04:36      0       1608     G     0     0     0     0   gnome-shell    
 20200604   18:04:36      0       1823     G    11     0     0     0   Xorg           
 20200604   18:04:36      0       2214     G     0     0     0     0   gnome-shell    
 20200604   18:04:36      0       2835     G     0     0     0     0   electron-ssr --
 20200604   18:04:36      0       2901     G     0     0     0     0   code --type=gpu
 20200604   18:04:36      0       9759     G     0     0     0     0   firefox        
 20200604   18:04:36      0      18869     G     0     0     0     0   spot           
 20200604   18:04:36      0      18871     G     2     0     0     0   cgl-render     
 20200604   18:04:37      0       1497     G     0     0     0     0   Xorg           
 20200604   18:04:37      0       1608     G     0     0     0     0   gnome-shell    
 20200604   18:04:37      0       1823     G     5     0     0     0   Xorg           
 20200604   18:04:37      0       2214     G     0     0     0     0   gnome-shell    
 20200604   18:04:37      0       2835     G     0     0     0     0   electron-ssr --
 20200604   18:04:37      0       2901     G     0     0     0     0   code --type=gpu
 20200604   18:04:37      0       9759     G     0     0     0     0   firefox        
 20200604   18:04:37      0      18869     G     0     0     0     0   spot           
 20200604   18:04:37      0      18871     G     1     0     0     0   cgl-render     
 20200604   18:04:38      0       1497     G     0     0     0     0   Xorg           
 20200604   18:04:38      0       1608     G     0     0     0     0   gnome-shell    
 20200604   18:04:38      0       1823     G    10     0     0     0   Xorg           
 20200604   18:04:38      0       2214     G     2     0     0     0   gnome-shell    
 20200604   18:04:38      0       2835     G     0     0     0     0   electron-ssr --
 20200604   18:04:38      0       2901     G     0     0     0     0   code --type=gpu
 20200604   18:04:38      0       9759     G     0     0     0     0   firefox        
 20200604   18:04:38      0      18869     G     0     0     0     0   spot           
 20200604   18:04:38      0      18871     G     0     0     0     0   cgl-render     
 20200604   18:04:39      0       1497     G     0     0     0     0   Xorg           
 20200604   18:04:39      0       1608     G     0     0     0     0   gnome-shell    
 20200604   18:04:39      0       1823     G    10     0     0     0   Xorg           
 20200604   18:04:39      0       2214     G     2     0     0     0   gnome-shell    
 20200604   18:04:39      0       2835     G     0     0     0     0   electron-ssr --
 20200604   18:04:39      0       2901     G     0     0     0     0   code --type=gpu
#Date       Time        gpu        pid  type    sm   mem   enc   dec   command
#YYYYMMDD   HH:MM:SS    Idx          #   C/G     %     %     %     %   name
 20200604   18:04:39      0       9759     G     0     0     0     0   firefox        
 20200604   18:04:39      0      18869     G     0     0     0     0   spot           
 20200604   18:04:39      0      18871     G     1     0     0     0   cgl-render     
 20200604   18:04:40      0       1497     G     0     0     0     0   Xorg           
 20200604   18:04:40      0       1608     G     0     0     0     0   gnome-shell    
 20200604   18:04:40      0       1823     G    10     1     0     0   Xorg           
 20200604   18:04:40      0       2214     G     0     0     0     0   gnome-shell    
 20200604   18:04:40      0       2835     G     0     0     0     0   electron-ssr --
 20200604   18:04:40      0       2901     G     0     0     0     0   code --type=gpu
 20200604   18:04:40      0       9759     G     0     0     0     0   firefox        
 20200604   18:04:40      0      18869     G     0     0     0     0   spot           
 20200604   18:04:40      0      18871     G     1     0     0     0   cgl-render     
 20200604   18:04:41      0       1497     G     0     0     0     0   Xorg           
 20200604   18:04:41      0       1608     G     0     0     0     0   gnome-shell    
 20200604   18:04:41      0       1823     G    14     2     0     0   Xorg           
 20200604   18:04:41      0       2214     G     3     0     0     0   gnome-shell    
 20200604   18:04:41      0       2835     G     0     0     0     0   electron-ssr --
 20200604   18:04:41      0       2901     G     0     0     0     0   code --type=gpu
 20200604   18:04:41      0       9759     G     0     0     0     0   firefox        
 20200604   18:04:41      0      18869     G     0     0     0     0   spot           
 20200604   18:04:41      0      18871     G     0     0     0     0   cgl-render     
 20200604   18:04:42      0       1497     G     0     0     0     0   Xorg           
 20200604   18:04:42      0       1608     G     0     0     0     0   gnome-shell    
 20200604   18:04:42      0       1823     G     4     0     0     0   Xorg           
 20200604   18:04:42      0       2214     G     3     0     0     0   gnome-shell    
 20200604   18:04:42      0       2835     G     0     0     0     0   electron-ssr --
 20200604   18:04:42      0       2901     G     0     0     0     0   code --type=gpu
 20200604   18:04:42      0       9759     G     0     0     0     0   firefox        
 20200604   18:04:42      0      18869     G     0     0     0     0   spot           
 20200604   18:04:42      0      18871     G     1     0     0     0   cgl-render     
 20200604   18:04:43      0       1497     G     0     0     0     0   Xorg           
 20200604   18:04:43      0       1608     G     0     0     0     0   gnome-shell    
 20200604   18:04:43      0       1823     G     4     0     0     0   Xorg           
 20200604   18:04:43      0       2214     G     0     0     0     0   gnome-shell    
 20200604   18:04:43      0       2835     G     0     0     0     0   electron-ssr --
 20200604   18:04:43      0       2901     G     0     0     0     0   code --type=gpu
 20200604   18:04:43      0       9759     G     0     0     0     0   firefox        
 20200604   18:04:43      0      18869     G     0     0     0     0   spot           
 20200604   18:04:43      0      18871     G     1     0     0     0   cgl-render     
 20200604   18:04:44      0       1497     G     0     0     0     0   Xorg           
 20200604   18:04:44      0       1608     G     0     0     0     0   gnome-shell    
 20200604   18:04:44      0       1823     G     3     0     0     0   Xorg           
 20200604   18:04:44      0       2214     G     0     0     0     0   gnome-shell    
 20200604   18:04:44      0       2835     G     0     0     0     0   electron-ssr --
#Date       Time        gpu        pid  type    sm   mem   enc   dec   command
#YYYYMMDD   HH:MM:SS    Idx          #   C/G     %     %     %     %   name
 20200604   18:04:44      0       2901     G     0     0     0     0   code --type=gpu
 20200604   18:04:44      0       9759     G     0     0     0     0   firefox        
 20200604   18:04:44      0      18869     G     0     0     0     0   spot           
 20200604   18:04:44      0      18871     G     2     0     0     0   cgl-render     
 20200604   18:04:45      0       1497     G     0     0     0     0   Xorg           
 20200604   18:04:45      0       1608     G     0     0     0     0   gnome-shell    
 20200604   18:04:45      0       1823     G     3     0     0     0   Xorg           
 20200604   18:04:45      0       2214     G     0     0     0     0   gnome-shell    
 20200604   18:04:45      0       2835     G     0     0     0     0   electron-ssr --
 20200604   18:04:45      0       2901     G     0     0     0     0   code --type=gpu
 20200604   18:04:45      0       9759     G     0     0     0     0   firefox        
 20200604   18:04:45      0      18869     G     0     0     0     0   spot           
 20200604   18:04:45      0      18871     G     2     0     0     0   cgl-render     
 20200604   18:04:46      0       1497     G     0     0     0     0   Xorg           
 20200604   18:04:46      0       1608     G     0     0     0     0   gnome-shell    
 20200604   18:04:46      0       1823     G     3     0     0     0   Xorg           
 20200604   18:04:46      0       2214     G     0     0     0     0   gnome-shell    
 20200604   18:04:46      0       2835     G     0     0     0     0   electron-ssr --
 20200604   18:04:46      0       2901     G     0     0     0     0   code --type=gpu
 20200604   18:04:46      0       9759     G     0     0     0     0   firefox        
 20200604   18:04:46      0      18869     G     0     0     0     0   spot           
 20200604   18:04:46      0      18871     G     2     0     0     0   cgl-render     
 20200604   18:04:47      0       1497     G     0     0     0     0   Xorg           
 20200604   18:04:47      0       1608     G     0     0     0     0   gnome-shell    
 20200604   18:04:47      0       1823     G     3     0     0     0   Xorg           
 20200604   18:04:47      0       2214     G     0     0     0     0   gnome-shell    
 20200604   18:04:47      0       2835     G     0     0     0     0   electron-ssr --
 20200604   18:04:47      0       2901     G     0     0     0     0   code --type=gpu
 20200604   18:04:47      0       9759     G     0     0     0     0   firefox        
 20200604   18:04:47      0      18869     G     0     0     0     0   spot           
 20200604   18:04:47      0      18871     G     4     0     0     0   cgl-render     
 20200604   18:04:48      0       1497     G     0     0     0     0   Xorg           
 20200604   18:04:48      0       1608     G     0     0     0     0   gnome-shell    
 20200604   18:04:48      0       1823     G     2     0     0     0   Xorg           
 20200604   18:04:48      0       2214     G     0     0     0     0   gnome-shell    
 20200604   18:04:48      0       2835     G     0     0     0     0   electron-ssr --
 20200604   18:04:48      0       2901     G     0     0     0     0   code --type=gpu
 20200604   18:04:48      0       9759     G     0     0     0     0   firefox        
 20200604   18:04:48      0      18869     G     0     0     0     0   spot           
 20200604   18:04:48      0      18871     G     6     0     0     0   cgl-render     
 20200604   18:04:50      0       1497     G     0     0     0     0   Xorg           
 20200604   18:04:50      0       1608     G     0     0     0     0   gnome-shell    
 20200604   18:04:50      0       1823     G     3     0     0     0   Xorg           
 20200604   18:04:50      0       2214     G     1     0     0     0   gnome-shell    
#Date       Time        gpu        pid  type    sm   mem   enc   dec   command
#YYYYMMDD   HH:MM:SS    Idx          #   C/G     %     %     %     %   name
 20200604   18:04:50      0       2835     G     0     0     0     0   electron-ssr --
 20200604   18:04:50      0       2901     G     0     0     0     0   code --type=gpu
 20200604   18:04:50      0       9759     G     0     0     0     0   firefox        
 20200604   18:04:50      0      18869     G     0     0     0     0   spot           
 20200604   18:04:50      0      18871     G     1     0     0     0   cgl-render     
 20200604   18:04:51      0       1497     G     0     0     0     0   Xorg           
 20200604   18:04:51      0       1608     G     0     0     0     0   gnome-shell    
 20200604   18:04:51      0       1823     G     5     0     0     0   Xorg           
 20200604   18:04:51      0       2214     G     0     0     0     0   gnome-shell    
 20200604   18:04:51      0       2835     G     0     0     0     0   electron-ssr --
 20200604   18:04:51      0       2901     G     0     0     0     0   code --type=gpu
 20200604   18:04:51      0       9759     G     0     0     0     0   firefox        
 20200604   18:04:52      0       1497     G     0     0     0     0   Xorg           
 20200604   18:04:52      0       1608     G     0     0     0     0   gnome-shell    
 20200604   18:04:52      0       1823     G     3     0     0     0   Xorg           
 20200604   18:04:52      0       2214     G     0     0     0     0   gnome-shell    
 20200604   18:04:52      0       2835     G     0     0     0     0   electron-ssr --
 20200604   18:04:52      0       2901     G     0     0     0     0   code --type=gpu
 20200604   18:04:52      0       9759     G     0     0     0     0   firefox        
 20200604   18:04:53      0       1497     G     0     0     0     0   Xorg           
 20200604   18:04:53      0       1608     G     0     0     0     0   gnome-shell    
 20200604   18:04:53      0       1823     G     0     0     0     0   Xorg           
 20200604   18:04:53      0       2214     G     0     0     0     0   gnome-shell    
 20200604   18:04:53      0       2835     G     0     0     0     0   electron-ssr --
 20200604   18:04:53      0       2901     G     0     0     0     0   code --type=gpu
 20200604   18:04:53      0       9759     G     0     0     0     0   firefox        
 20200604   18:04:54      0       1497     G     0     0     0     0   Xorg           
 20200604   18:04:54      0       1608     G     0     0     0     0   gnome-shell    
 20200604   18:04:54      0       1823     G     0     0     0     0   Xorg           
 20200604   18:04:54      0       2214     G     0     0     0     0   gnome-shell    
 20200604   18:04:54      0       2835     G     0     0     0     0   electron-ssr --
 20200604   18:04:54      0       2901     G     0     0     0     0   code --type=gpu
 20200604   18:04:54      0       9759     G     0     0     0     0   firefox        
 20200604   18:04:55      0       1497     G     0     0     0     0   Xorg           
 20200604   18:04:55      0       1608     G     0     0     0     0   gnome-shell    
 20200604   18:04:55      0       1823     G     0     0     0     0   Xorg           
 20200604   18:04:55      0       2214     G     0     0     0     0   gnome-shell    
 20200604   18:04:55      0       2835     G     0     0     0     0   electron-ssr --
 20200604   18:04:55      0       2901     G     0     0     0     0   code --type=gpu
 20200604   18:04:55      0       9759     G     0     0     0     0   firefox        
