gRemote log:
timestamp 2020-06-01 13:46:13:050035741
    cpu: client 0%; server %;
    mem: client 4800KB; server KB;
    transmit: 2215650575( 2G)    receive:2215650575( 2G)
timestamp 2020-06-01 13:46:14:117578286
    cpu: client 0%; server %;
    mem: client 4816KB; server KB;
    transmit: 0(0B)    receive:0(0B)
timestamp 2020-06-01 13:46:15:243867590
    cpu: client 0%; server %;
    mem: client 4824KB; server KB;
    transmit: 0(0B)    receive:0(0B)
timestamp 2020-06-01 13:46:16:310845992
    cpu: client 0.2%; server %;
    mem: client 4824KB; server KB;
    transmit: 0(0B)    receive:0(0B)
timestamp 2020-06-01 13:46:17:378134785
    cpu: client 0.2%; server %;
    mem: client 4824KB; server KB;
    transmit: 0(0B)    receive:0(0B)
timestamp 2020-06-01 13:46:18:459208035
    cpu: client 0.1%; server %;
    mem: client 4824KB; server KB;
    transmit: 0(0B)    receive:0(0B)
timestamp 2020-06-01 13:46:19:526581503
    cpu: client 0.2%; server %;
    mem: client 4824KB; server KB;
    transmit: 0(0B)    receive:0(0B)
timestamp 2020-06-01 13:46:20:596885808
    cpu: client 0.2%; server %;
    mem: client 4824KB; server KB;
    transmit: 0(0B)    receive:0(0B)
timestamp 2020-06-01 13:46:21:664149659
    cpu: client 0.2%; server 0%;
    mem: client 4832KB; server 184508KB;
    transmit: 0(0B)    receive:0(0B)
timestamp 2020-06-01 13:46:22:729003202
    cpu: client 0.2%; server 6%;
    mem: client 4832KB; server 184508KB;
    transmit: 0(0B)    receive:0(0B)
timestamp 2020-06-01 13:46:23:798842597
    cpu: client 0.2%; server 3%;
    mem: client 4832KB; server 184508KB;
    transmit: 0(0B)    receive:0(0B)
timestamp 2020-06-01 13:46:24:866048607
    cpu: client 0.2%; server 2%;
    mem: client 4832KB; server 184508KB;
    transmit: 0(0B)    receive:0(0B)
timestamp 2020-06-01 13:46:25:932587078
    cpu: client 0.2%; server 1.5%;
    mem: client 4832KB; server 184508KB;
    transmit: 0(0B)    receive:0(0B)
timestamp 2020-06-01 13:46:27:003216311
    cpu: client 0.2%; server 1.2%;
    mem: client 4832KB; server 184508KB;
    transmit: 0(0B)    receive:0(0B)
timestamp 2020-06-01 13:46:28:068067867
    cpu: client 0.2%; server 1%;
    mem: client 617540KB; server 365924KB;
    transmit: 1434715( 1M)    receive:1434715( 1M)
timestamp 2020-06-01 13:46:29:130878362
    cpu: client 94.1%; server 42.8%;
    mem: client 928008KB; server 368048KB;
    transmit: 274571( 268K)    receive:274571( 268K)
timestamp 2020-06-01 13:46:30:208742864
    cpu: client 117.6%; server 51.7%;
    mem: client 996648KB; server 369064KB;
    transmit: 373129( 364K)    receive:373129( 364K)
timestamp 2020-06-01 13:46:31:280585361
    cpu: client 118.5%; server 54.2%;
    mem: client 1056312KB; server 368552KB;
    transmit: 404240( 394K)    receive:404240( 394K)
timestamp 2020-06-01 13:46:32:354911278
    cpu: client 94.8%; server 44.9%;
    mem: client 1113344KB; server 368552KB;
    transmit: 386799( 377K)    receive:386799( 377K)
timestamp 2020-06-01 13:46:33:420735782
    cpu: client 97.7%; server 46.8%;
    mem: client 1171160KB; server 368552KB;
    transmit: 393447( 384K)    receive:393447( 384K)
timestamp 2020-06-01 13:46:34:493414290
    cpu: client 99.2%; server 48.4%;
    mem: client 1229964KB; server 368552KB;
    transmit: 403553( 394K)    receive:403553( 394K)
timestamp 2020-06-01 13:46:35:561933582
    cpu: client 101.3%; server 49.4%;
    mem: client 1288836KB; server 368552KB;
    transmit: 387110( 378K)    receive:387110( 378K)
timestamp 2020-06-01 13:46:36:636824729
    cpu: client 103.2%; server 50.7%;
    mem: client 1347708KB; server 368552KB;
    transmit: 409982( 400K)    receive:409982( 400K)
timestamp 2020-06-01 13:46:37:715732953
    cpu: client 104.4%; server 51.6%;
    mem: client 1406316KB; server 370600KB;
    transmit: 403996( 394K)    receive:403996( 394K)
timestamp 2020-06-01 13:46:38:804525320
    cpu: client 105.1%; server 52.3%;
    mem: client 1464132KB; server 372136KB;
    transmit: 393411( 384K)    receive:393411( 384K)
timestamp 2020-06-01 13:46:39:871776974
    cpu: client 105.9%; server 53.2%;
    mem: client 1524060KB; server 372136KB;
    transmit: 402987( 393K)    receive:402987( 393K)
timestamp 2020-06-01 13:46:40:956937742
    cpu: client 107.2%; server 53.9%;
    mem: client 1581876KB; server 372136KB;
    transmit: 387573( 378K)    receive:387573( 378K)
timestamp 2020-06-01 13:46:42:039349048
    cpu: client 107.8%; server 54.3%;
    mem: client 1640484KB; server 372136KB;
    transmit: 404644( 395K)    receive:404644( 395K)
timestamp 2020-06-01 13:46:43:111419953
    cpu: client 108.6%; server 54.3%;
    mem: client 1698572KB; server 372136KB;
    transmit: 394576( 385K)    receive:394576( 385K)
timestamp 2020-06-01 13:46:44:185999887
    cpu: client 108.7%; server 54.4%;
    mem: client 1757180KB; server 372136KB;
    transmit: 403595( 394K)    receive:403595( 394K)
timestamp 2020-06-01 13:46:45:265291474
    cpu: client 109.3%; server 55%;
    mem: client 1816052KB; server 371112KB;
    transmit: 385675( 376K)    receive:385675( 376K)
timestamp 2020-06-01 13:46:46:352155102
    cpu: client 104%; server 52.1%;
    mem: client 1874924KB; server 371112KB;
    transmit: 404097( 394K)    receive:404097( 394K)
timestamp 2020-06-01 13:46:47:431789155
    cpu: client 104.8%; server 52.6%;
    mem: client 1933532KB; server 371612KB;
    transmit: 410059( 400K)    receive:410059( 400K)
timestamp 2020-06-01 13:46:48:517238098
    cpu: client 105.6%; server 53%;
    mem: client 1993196KB; server 371612KB;
    transmit: 403860( 394K)    receive:403860( 394K)
timestamp 2020-06-01 13:46:49:607133514
    cpu: client 106.2%; server 53.2%;
    mem: client 2051012KB; server 371612KB;
    transmit: 387288( 378K)    receive:387288( 378K)
timestamp 2020-06-01 13:46:50:700649350
    cpu: client 106.9%; server 53.6%;
    mem: client 2109884KB; server 371612KB;
    transmit: 403600( 394K)    receive:403600( 394K)
timestamp 2020-06-01 13:46:51:771647355
    cpu: client 106.8%; server 53.7%;
    mem: client 2168756KB; server 371612KB;
    transmit: 393156( 383K)    receive:393156( 383K)
timestamp 2020-06-01 13:46:52:838138310
    cpu: client 107.2%; server 53.8%;
    mem: client 2226572KB; server 371612KB;
    transmit: 403585( 394K)    receive:403585( 394K)
timestamp 2020-06-01 13:46:53:908470996
    cpu: client 107.4%; server 53.9%;
    mem: client 2284396KB; server 371612KB;
    transmit: 386722( 377K)    receive:386722( 377K)
timestamp 2020-06-01 13:46:54:980123785
    cpu: client 107.6%; server 54%;
    mem: client 2343268KB; server 371612KB;
    transmit: 410467( 400K)    receive:410467( 400K)
timestamp 2020-06-01 13:46:56:053889004
    cpu: client 107.9%; server 54%;
    mem: client 2401084KB; server 371612KB;
    transmit: 386310( 377K)    receive:386310( 377K)
timestamp 2020-06-01 13:46:57:134594988
    cpu: client 107.9%; server 54%;
    mem: client 2459956KB; server 371612KB;
    transmit: 403693( 394K)    receive:403693( 394K)
timestamp 2020-06-01 13:46:58:201302314
    cpu: client 108.1%; server 53.9%;
    mem: client 2516716KB; server 371612KB;
    transmit: 393759( 384K)    receive:393759( 384K)
timestamp 2020-06-01 13:46:59:273640324
    cpu: client 108.1%; server 53.9%;
    mem: client 2576380KB; server 371612KB;
    transmit: 404349( 394K)    receive:404349( 394K)
timestamp 2020-06-01 13:47:00:366414973
    cpu: client 104.9%; server 52.3%;
    mem: client 2634460KB; server 371612KB;
    transmit: 392567( 383K)    receive:392567( 383K)
timestamp 2020-06-01 13:47:01:432572306
    cpu: client 105.1%; server 52.4%;
    mem: client 2693068KB; server 371612KB;
    transmit: 403037( 393K)    receive:403037( 393K)
timestamp 2020-06-01 13:47:02:505115145
    cpu: client 105.4%; server 52.6%;
    mem: client 2751148KB; server 371612KB;
    transmit: 386871( 377K)    receive:386871( 377K)
timestamp 2020-06-01 13:47:03:578414002
    cpu: client 105.5%; server 52.6%;
    mem: client 2809756KB; server 371612KB;
    transmit: 409364( 399K)    receive:409364( 399K)
timestamp 2020-06-01 13:47:04:647804839
    cpu: client 105.6%; server 52.6%;
    mem: client 2866788KB; server 371612KB;
    transmit: 386511( 377K)    receive:386511( 377K)
timestamp 2020-06-01 13:47:05:719081582
    cpu: client 105.7%; server 52.7%;
    mem: client 2924604KB; server 371612KB;
    transmit: 403398( 393K)    receive:403398( 393K)
timestamp 2020-06-01 13:47:06:798009530
    cpu: client 105.8%; server 52.8%;
    mem: client 2983476KB; server 371612KB;
    transmit: 386259( 377K)    receive:386259( 377K)
timestamp 2020-06-01 13:47:07:865267101
    cpu: client 105.9%; server 52.8%;
    mem: client 3041292KB; server 371612KB;
    transmit: 393046( 383K)    receive:393046( 383K)
timestamp 2020-06-01 13:47:08:937577522
    cpu: client 105.9%; server 52.9%;
    mem: client 3100164KB; server 371612KB;
    transmit: 404018( 394K)    receive:404018( 394K)
timestamp 2020-06-01 13:47:10:034797830
    cpu: client 106.1%; server 52.9%;
    mem: client 3159828KB; server 371612KB;
    transmit: 403533( 394K)    receive:403533( 394K)
timestamp 2020-06-01 13:47:11:100934378
    cpu: client 106.1%; server 53%;
    mem: client 3216852KB; server 371612KB;
    transmit: 393366( 384K)    receive:393366( 384K)
timestamp 2020-06-01 13:47:12:175739697
    cpu: client 106.3%; server 53.2%;
    mem: client 3276516KB; server 371612KB;
    transmit: 404169( 394K)    receive:404169( 394K)
timestamp 2020-06-01 13:47:13:253299935
    cpu: client 106.6%; server 53.3%;
    mem: client 3333276KB; server 371612KB;
    transmit: 393340( 384K)    receive:393340( 384K)
timestamp 2020-06-01 13:47:14:323899958
    cpu: client 104.3%; server 52.2%;
    mem: client 3392940KB; server 371612KB;
    transmit: 386645( 377K)    receive:386645( 377K)
timestamp 2020-06-01 13:47:15:393243563
    cpu: client 104.3%; server 52.2%;
    mem: client 3449964KB; server 371612KB;
    transmit: 403232( 393K)    receive:403232( 393K)
timestamp 2020-06-01 13:47:16:462844531
    cpu: client 104.3%; server 52.2%;
    mem: client 3508044KB; server 371612KB;
    transmit: 392987( 383K)    receive:392987( 383K)
timestamp 2020-06-01 13:47:17:531517650
    cpu: client 104.5%; server 52.2%;
    mem: client 3566652KB; server 371612KB;
    transmit: 386799( 377K)    receive:386799( 377K)
timestamp 2020-06-01 13:47:18:600432329
    cpu: client 104.6%; server 52.3%;
    mem: client 3623676KB; server 371612KB;
    transmit: 403247( 393K)    receive:403247( 393K)
timestamp 2020-06-01 13:47:19:688534043
    cpu: client 104.9%; server 52.3%;
    mem: client 3683340KB; server 371612KB;
    transmit: 403160( 393K)    receive:403160( 393K)
timestamp 2020-06-01 13:47:20:758567619
    cpu: client 105%; server 52.4%;
    mem: client 3741156KB; server 371612KB;
    transmit: 394357( 385K)    receive:394357( 385K)
timestamp 2020-06-01 13:47:21:832020907
    cpu: client 105.2%; server 52.5%;
    mem: client 3800028KB; server 371612KB;
    transmit: 403566( 394K)    receive:403566( 394K)
timestamp 2020-06-01 13:47:22:907995986
    cpu: client 105.4%; server 52.6%;
    mem: client 3857052KB; server 371612KB;
    transmit: 393323( 384K)    receive:393323( 384K)
timestamp 2020-06-01 13:47:23:976159513
    cpu: client 105.4%; server 52.6%;
    mem: client 3916716KB; server 371612KB;
    transmit: 403986( 394K)    receive:403986( 394K)
timestamp 2020-06-01 13:47:25:054721612
    cpu: client 105.5%; server 52.6%;
    mem: client 3973740KB; server 371612KB;
    transmit: 386915( 377K)    receive:386915( 377K)
timestamp 2020-06-01 13:47:26:121856559
    cpu: client 105.6%; server 52.7%;
    mem: client 4032348KB; server 371612KB;
    transmit: 393066( 383K)    receive:393066( 383K)
timestamp 2020-06-01 13:47:27:194128294
    cpu: client 105.7%; server 52.7%;
    mem: client 4090164KB; server 371612KB;
    transmit: 403123( 393K)    receive:403123( 393K)
timestamp 2020-06-01 13:47:28:265513339
    cpu: client 105.9%; server 52.7%;
    mem: client 4149036KB; server 371612KB;
    transmit: 386322( 377K)    receive:386322( 377K)
timestamp 2020-06-01 13:47:29:346177577
    cpu: client 104.1%; server 51.9%;
    mem: client 4206852KB; server 371612KB;
    transmit: 410485( 400K)    receive:410485( 400K)
timestamp 2020-06-01 13:47:30:414948547
    cpu: client 104.3%; server 52%;
    mem: client 4264668KB; server 371612KB;
    transmit: 386512( 377K)    receive:386512( 377K)
timestamp 2020-06-01 13:47:31:492104546
    cpu: client 104.5%; server 52%;
    mem: client 4323540KB; server 371612KB;
    transmit: 403242( 393K)    receive:403242( 393K)
timestamp 2020-06-01 13:47:32:562054936
    cpu: client 104.6%; server 52%;
    mem: client 4381356KB; server 371612KB;
    transmit: 393552( 384K)    receive:393552( 384K)
timestamp 2020-06-01 13:47:33:635422812
    cpu: client 104.5%; server 52%;
    mem: client 4439436KB; server 371612KB;
    transmit: 403119( 393K)    receive:403119( 393K)
timestamp 2020-06-01 13:47:34:705319032
    cpu: client 104.6%; server 52%;
    mem: client 4497476KB; server 371612KB;
    transmit: 393127( 383K)    receive:393127( 383K)
timestamp 2020-06-01 13:47:35:772678250
    cpu: client 104.8%; server 52.2%;
    mem: client 4864KB; server KB;
    transmit: 369334( 360K)    receive:369334( 360K)
timestamp 2020-06-01 13:47:36:862736666
    cpu: client 0.1%; server %;
    mem: client 4864KB; server KB;
    transmit: 312(312B)    receive:312(312B)
timestamp 2020-06-01 13:47:37:925257069
    cpu: client 0.2%; server %;
    mem: client 4864KB; server KB;
    transmit: 0(0B)    receive:0(0B)
timestamp 2020-06-01 13:47:38:987052240
    cpu: client 0.2%; server %;
    mem: client 4864KB; server KB;
    transmit: 0(0B)    receive:0(0B)
timestamp 2020-06-01 13:47:40:050733691
    cpu: client 0.2%; server %;
    mem: client 4864KB; server KB;
    transmit: 0(0B)    receive:0(0B)
timestamp 2020-06-01 13:47:41:113114665
    cpu: client 0.2%; server %;
    mem: client 4864KB; server KB;
    transmit: 0(0B)    receive:0(0B)
timestamp 2020-06-01 13:47:42:175612273
    cpu: client 0.2%; server %;
    mem: client 4864KB; server KB;
    transmit: 0(0B)    receive:0(0B)
timestamp 2020-06-01 13:47:43:237978426
    cpu: client 0.2%; server %;
    mem: client 4864KB; server KB;
    transmit: 0(0B)    receive:0(0B)
timestamp 2020-06-01 13:47:44:300582685
    cpu: client 0.1%; server %;
    mem: client 4864KB; server KB;
    transmit: 530(530B)    receive:530(530B)
timestamp 2020-06-01 13:47:45:363836105
    cpu: client 0.2%; server %;
    mem: client 4864KB; server KB;
    transmit: 0(0B)    receive:0(0B)
