src frame 0.0 time sec 1590977849 usec 622805
    Interpolator time 975680 usec
    getNextFrame 0.1 time 8246 usec
add frame 0.1 time sec 1590977850 usec 652441
src frame 1.0 time sec 1590977850 usec 652456
    Interpolator time 909433 usec
    getNextFrame 1.1 time 12180 usec
add frame 1.1 time sec 1590977851 usec 576247
src frame 2.0 time sec 1590977851 usec 576288
    Interpolator time 904205 usec
    getNextFrame 2.1 time 7837 usec
add frame 2.1 time sec 1590977852 usec 490557
src frame 3.0 time sec 1590977852 usec 490569
    Interpolator time 901625 usec
    getNextFrame 3.1 time 7607 usec
add frame 3.1 time sec 1590977853 usec 402091
src frame 4.0 time sec 1590977853 usec 402103
    Interpolator time 929471 usec
    getNextFrame 4.1 time 8202 usec
add frame 4.1 time sec 1590977854 usec 341968
src frame 5.0 time sec 1590977854 usec 341981
    Interpolator time 940179 usec
    getNextFrame 5.1 time 8195 usec
add frame 5.1 time sec 1590977855 usec 292517
src frame 6.0 time sec 1590977855 usec 292528
    Interpolator time 891925 usec
    getNextFrame 6.1 time 8529 usec
add frame 6.1 time sec 1590977856 usec 195109
src frame 7.0 time sec 1590977856 usec 195121
    Interpolator time 942516 usec
    getNextFrame 7.1 time 8186 usec
add frame 7.1 time sec 1590977857 usec 148023
src frame 8.0 time sec 1590977857 usec 148035
    Interpolator time 926255 usec
    getNextFrame 8.1 time 8617 usec
add frame 8.1 time sec 1590977858 usec 85024
src frame 9.0 time sec 1590977858 usec 85035
    Interpolator time 948919 usec
    getNextFrame 9.1 time 8080 usec
add frame 9.1 time sec 1590977859 usec 44343
src frame 10.0 time sec 1590977859 usec 44353
    Interpolator time 943458 usec
    getNextFrame 10.1 time 8589 usec
add frame 10.1 time sec 1590977859 usec 998686
src frame 11.0 time sec 1590977859 usec 998697
    Interpolator time 985267 usec
    getNextFrame 11.1 time 8482 usec
add frame 11.1 time sec 1590977860 usec 994832
src frame 12.0 time sec 1590977860 usec 994844
    Interpolator time 938619 usec
    getNextFrame 12.1 time 9010 usec
add frame 12.1 time sec 1590977861 usec 944879
src frame 13.0 time sec 1590977861 usec 944889
    Interpolator time 905448 usec
    getNextFrame 13.1 time 8083 usec
add frame 13.1 time sec 1590977862 usec 860079
src frame 14.0 time sec 1590977862 usec 860118
    Interpolator time 934679 usec
    getNextFrame 14.1 time 7810 usec
add frame 14.1 time sec 1590977863 usec 803967
src frame 15.0 time sec 1590977863 usec 804009
    Interpolator time 941080 usec
    getNextFrame 15.1 time 8196 usec
add frame 15.1 time sec 1590977864 usec 754767
src frame 16.0 time sec 1590977864 usec 754787
    Interpolator time 924669 usec
    getNextFrame 16.1 time 8264 usec
add frame 16.1 time sec 1590977865 usec 689152
src frame 17.0 time sec 1590977865 usec 689198
    Interpolator time 948333 usec
    getNextFrame 17.1 time 8885 usec
add frame 17.1 time sec 1590977866 usec 647752
src frame 18.0 time sec 1590977866 usec 647767
    Interpolator time 955501 usec
    getNextFrame 18.1 time 8019 usec
add frame 18.1 time sec 1590977867 usec 612720
src frame 19.0 time sec 1590977867 usec 612735
    Interpolator time 941378 usec
    getNextFrame 19.1 time 8300 usec
add frame 19.1 time sec 1590977868 usec 563808
src frame 20.0 time sec 1590977868 usec 563819
    Interpolator time 968759 usec
    getNextFrame 20.1 time 8282 usec
add frame 20.1 time sec 1590977869 usec 543058
src frame 21.0 time sec 1590977869 usec 543109
    Interpolator time 971297 usec
    getNextFrame 21.1 time 8043 usec
add frame 21.1 time sec 1590977870 usec 523811
src frame 22.0 time sec 1590977870 usec 523858
    Interpolator time 1000525 usec
    getNextFrame 22.1 time 8796 usec
add frame 22.1 time sec 1590977871 usec 534577
src frame 23.0 time sec 1590977871 usec 534589
    Interpolator time 984710 usec
    getNextFrame 23.1 time 8203 usec
add frame 23.1 time sec 1590977872 usec 529921
src frame 24.0 time sec 1590977872 usec 529937
    Interpolator time 909922 usec
    getNextFrame 24.1 time 8482 usec
add frame 24.1 time sec 1590977873 usec 449736
src