gRemote log:
timestamp 2020-05-22 14:12:37:318831936
    cpu: client 0%; server 0%;
    mem: client 0KB; server 0KB;
    transmit: 491238763( 468M)    receive:491238763( 468M)
timestamp 2020-05-22 14:12:38:369813025
    cpu: client 0%; server 0%;
    mem: client 0KB; server 0KB;
    transmit: 0(0B)    receive:0(0B)
timestamp 2020-05-22 14:12:39:460003766
    cpu: client 0%; server 0%;
    mem: client 0KB; server 0KB;
    transmit: 0(0B)    receive:0(0B)
timestamp 2020-05-22 14:12:40:519551724
    cpu: client 0%; server 0%;
    mem: client 0KB; server 0KB;
    transmit: 0(0B)    receive:0(0B)
timestamp 2020-05-22 14:12:41:573564119
    cpu: client 0%; server 0%;
    mem: client 0KB; server 0KB;
    transmit: 0(0B)    receive:0(0B)
timestamp 2020-05-22 14:12:42:622569508
    cpu: client 0%; server 0%;
    mem: client 0KB; server 0KB;
    transmit: 0(0B)    receive:0(0B)
timestamp 2020-05-22 14:12:43:673707457
    cpu: client 0%; server 0%;
    mem: client 0KB; server 0KB;
    transmit: 0(0B)    receive:0(0B)
timestamp 2020-05-22 14:12:44:720602392
    cpu: client 0%; server 0%;
    mem: client 0KB; server 0KB;
    transmit: 0(0B)    receive:0(0B)
timestamp 2020-05-22 14:12:45:764821950
    cpu: client 0%; server 0%;
    mem: client 0KB; server 0KB;
    transmit: 0(0B)    receive:0(0B)
timestamp 2020-05-22 14:12:46:810736237
    cpu: client 0%; server 6%;
    mem: client 0KB; server 183688KB;
    transmit: 0(0B)    receive:0(0B)
timestamp 2020-05-22 14:12:47:861972428
    cpu: client 0%; server 3.5%;
    mem: client 3156KB; server 183688KB;
    transmit: 3637049( 3M)    receive:3637049( 3M)
timestamp 2020-05-22 14:12:48:918904221
    cpu: client 0%; server 2.3%;
    mem: client 3156KB; server 183688KB;
    transmit: 1159757( 1M)    receive:1159757( 1M)
timestamp 2020-05-22 14:12:49:969715526
    cpu: client 0%; server 1.7%;
    mem: client 3156KB; server 183688KB;
    transmit: 1123966( 1M)    receive:1123966( 1M)
timestamp 2020-05-22 14:12:51:018117706
    cpu: client 0%; server 1.4%;
    mem: client 3156KB; server 183688KB;
    transmit: 1125433( 1M)    receive:1125433( 1M)
timestamp 2020-05-22 14:12:52:071607517
    cpu: client 0%; server 1.1%;
    mem: client 3156KB; server 183688KB;
    transmit: 1096525( 1M)    receive:1096525( 1M)
timestamp 2020-05-22 14:12:53:128279095
    cpu: client 0%; server 1%;
    mem: client 3156KB; server 183688KB;
    transmit: 1146667( 1M)    receive:1146667( 1M)
timestamp 2020-05-22 14:12:54:183016646
    cpu: client 0%; server 0.8%;
    mem: client 3156KB; server 183688KB;
    transmit: 1082267( 1M)    receive:1082267( 1M)
timestamp 2020-05-22 14:12:55:237676637
    cpu: client 0%; server 0.7%;
    mem: client 3156KB; server 183688KB;
    transmit: 1169268( 1M)    receive:1169268( 1M)
timestamp 2020-05-22 14:12:56:296407757
    cpu: client 0%; server 0.7%;
    mem: client 3156KB; server 183688KB;
    transmit: 1073314( 1M)    receive:1073314( 1M)
timestamp 2020-05-22 14:12:57:356481904
    cpu: client 0%; server 0.6%;
    mem: client 3156KB; server 183688KB;
    transmit: 1177401( 1M)    receive:1177401( 1M)
timestamp 2020-05-22 14:12:58:412680450
    cpu: client 0%; server 0.5%;
    mem: client 3156KB; server 183688KB;
    transmit: 1100963( 1M)    receive:1100963( 1M)
timestamp 2020-05-22 14:12:59:465371845
    cpu: client 0%; server 0.5%;
    mem: client 3156KB; server 183688KB;
    transmit: 1148647( 1M)    receive:1148647( 1M)
timestamp 2020-05-22 14:13:00:516166739
    cpu: client 0%; server 0.5%;
    mem: client 3156KB; server 183688KB;
    transmit: 1151376( 1M)    receive:1151376( 1M)
timestamp 2020-05-22 14:13:01:566479773
    cpu: client 0%; server 0.4%;
    mem: client 3156KB; server 183688KB;
    transmit: 1081505( 1M)    receive:1081505( 1M)
timestamp 2020-05-22 14:13:02:616381373
    cpu: client 0%; server 0.4%;
    mem: client 3156KB; server 183688KB;
    transmit: 1173634( 1M)    receive:1173634( 1M)
timestamp 2020-05-22 14:13:03:664267907
    cpu: client 0%; server 0.4%;
    mem: client 3156KB; server 183688KB;
    transmit: 1156138( 1M)    receive:1156138( 1M)
timestamp 2020-05-22 14:13:04:713835710
    cpu: client 0%; server 0.3%;
    mem: client 3156KB; server 183688KB;
    transmit: 1179098( 1M)    receive:1179098( 1M)
timestamp 2020-05-22 14:13:05:771092199
    cpu: client 0%; server 0.3%;
    mem: client 3156KB; server 183688KB;
    transmit: 1181283( 1M)    receive:1181283( 1M)
timestamp 2020-05-22 14:13:06:825351407
    cpu: client 0%; server 0.3%;
    mem: client 3156KB; server 183688KB;
    transmit: 1128309( 1M)    receive:1128309( 1M)
timestamp 2020-05-22 14:13:07:871615683
    cpu: client 0%; server 0.3%;
    mem: client 3156KB; server 183688KB;
    transmit: 1089028( 1M)    receive:1089028( 1M)
timestamp 2020-05-22 14:13:08:919646588
    cpu: client 0%; server 0.3%;
    mem: client 3156KB; server 183688KB;
    transmit: 1132431( 1M)    receive:1132431( 1M)
timestamp 2020-05-22 14:13:09:966846057
    cpu: client 0%; server 0.2%;
    mem: client 3156KB; server 183688KB;
    transmit: 1110229( 1M)    receive:1110229( 1M)
timestamp 2020-05-22 14:13:11:016146591
    cpu: client 0%; server 0.2%;
    mem: client 3156KB; server 183688KB;
    transmit: 1091337( 1M)    receive:1091337( 1M)
timestamp 2020-05-22 14:13:12:066594177
    cpu: client 0%; server 0.2%;
    mem: client 3156KB; server 183688KB;
    transmit: 1113408( 1M)    receive:1113408( 1M)
timestamp 2020-05-22 14:13:13:118524037
    cpu: client 0%; server 0.2%;
    mem: client 3156KB; server 183688KB;
    transmit: 1107550( 1M)    receive:1107550( 1M)
timestamp 2020-05-22 14:13:14:165362239
    cpu: client 0%; server 0.2%;
    mem: client 3156KB; server 183688KB;
    transmit: 1082058( 1M)    receive:1082058( 1M)
timestamp 2020-05-22 14:13:15:216404216
    cpu: client 0%; server 0.2%;
    mem: client 3156KB; server 183688KB;
    transmit: 1286127( 1M)    receive:1286127( 1M)
timestamp 2020-05-22 14:13:16:268318358
    cpu: client 0%; server 0.2%;
    mem: client 3156KB; server 183688KB;
    transmit: 1084064( 1M)    receive:1084064( 1M)
timestamp 2020-05-22 14:13:17:317424205
    cpu: client 0%; server 0.2%;
    mem: client 3156KB; server 183688KB;
    transmit: 1084534( 1M)    receive:1084534( 1M)
timestamp 2020-05-22 14:13:18:365350411
    cpu: client 0%; server 0.2%;
    mem: client 3156KB; server 183688KB;
    transmit: 1106200( 1M)    receive:1106200( 1M)
timestamp 2020-05-22 14:13:19:420825080
    cpu: client 0%; server 0.2%;
    mem: client 3156KB; server 183688KB;
    transmit: 1113181( 1M)    receive:1113181( 1M)
timestamp 2020-05-22 14:13:20:478501652
    cpu: client 0%; server 0.2%;
    mem: client 3156KB; server 183688KB;
    transmit: 1129146( 1M)    receive:1129146( 1M)
timestamp 2020-05-22 14:13:21:528258801
    cpu: client 0%; server 0.2%;
    mem: client 3156KB; server 183688KB;
    transmit: 1093578( 1M)    receive:1093578( 1M)
timestamp 2020-05-22 14:13:22:574886970
    cpu: client 0%; server 0.1%;
    mem: client 3156KB; server 183688KB;
    transmit: 1093056( 1M)    receive:1093056( 1M)
timestamp 2020-05-22 14:13:23:628995438
    cpu: client 0%; server 0.1%;
    mem: client 3156KB; server 183688KB;
    transmit: 1062058( 1M)    receive:1062058( 1M)
timestamp 2020-05-22 14:13:24:681714129
    cpu: client 0%; server 0.1%;
    mem: client 3156KB; server 183688KB;
    transmit: 1198783( 1M)    receive:1198783( 1M)
timestamp 2020-05-22 14:13:25:734493281
    cpu: client 0%; server 0.1%;
    mem: client 3156KB; server 183688KB;
    transmit: 1061760( 1M)    receive:1061760( 1M)
timestamp 2020-05-22 14:13:26:780426470
    cpu: client 0%; server 0.1%;
    mem: client 3156KB; server 183688KB;
    transmit: 1087114( 1M)    receive:1087114( 1M)
timestamp 2020-05-22 14:13:27:828917696
    cpu: client 0%; server 0.1%;
    mem: client 3156KB; server 183688KB;
    transmit: 1184297( 1M)    receive:1184297( 1M)
timestamp 2020-05-22 14:13:28:881239450
    cpu: client 0%; server 0.1%;
    mem: client 3156KB; server 183688KB;
    transmit: 1087312( 1M)    receive:1087312( 1M)
timestamp 2020-05-22 14:13:29:930605242
    cpu: client 0%; server 0.1%;
    mem: client 3156KB; server 183688KB;
    transmit: 1099035( 1M)    receive:1099035( 1M)
timestamp 2020-05-22 14:13:30:983269877
    cpu: client 0%; server 0.1%;
    mem: client 3156KB; server 183688KB;
    transmit: 1131833( 1M)    receive:1131833( 1M)
timestamp 2020-05-22 14:13:32:035214518
    cpu: client 0%; server 0.1%;
    mem: client 3156KB; server 183688KB;
    transmit: 1164969( 1M)    receive:1164969( 1M)
timestamp 2020-05-22 14:13:33:082601867
    cpu: client 0%; server 0.1%;
    mem: client 3156KB; server 183688KB;
    transmit: 1094730( 1M)    receive:1094730( 1M)
timestamp 2020-05-22 14:13:34:132768186
    cpu: client 0%; server 0.1%;
    mem: client 3156KB; server 183688KB;
    transmit: 1047073( 1022K)    receive:1047073( 1022K)
timestamp 2020-05-22 14:13:35:177487990
    cpu: client 0%; server 0.1%;
    mem: client 3156KB; server 183688KB;
    transmit: 1110529( 1M)    receive:1110529( 1M)
timestamp 2020-05-22 14:13:36:224386816
    cpu: client 0%; server 0.1%;
    mem: client 3156KB; server 183688KB;
    transmit: 1069290( 1M)    receive:1069290( 1M)
timestamp 2020-05-22 14:13:37:280430621
    cpu: client 0%; server 0.1%;
    mem: client 3156KB; server 183688KB;
    transmit: 1140260( 1M)    receive:1140260( 1M)
timestamp 2020-05-22 14:13:38:332986219
    cpu: client 0%; server 0.1%;
    mem: client 3156KB; server 183688KB;
    transmit: 1123717( 1M)    receive:1123717( 1M)
timestamp 2020-05-22 14:13:39:380254202
    cpu: client 0%; server 0.1%;
    mem: client 3156KB; server 183688KB;
    transmit: 1139792( 1M)    receive:1139792( 1M)
timestamp 2020-05-22 14:13:40:436576859
    cpu: client 0%; server 0.1%;
    mem: client 3156KB; server 183688KB;
    transmit: 1120711( 1M)    receive:1120711( 1M)
timestamp 2020-05-22 14:13:41:487921189
    cpu: client 0%; server 0.1%;
    mem: client 3156KB; server 183688KB;
    transmit: 1094718( 1M)    receive:1094718( 1M)
timestamp 2020-05-22 14:13:42:541557778
    cpu: client 0%; server 0.1%;
    mem: client 3156KB; server 183688KB;
    transmit: 1134758( 1M)    receive:1134758( 1M)
timestamp 2020-05-22 14:13:43:600928503
    cpu: client 0%; server 0.1%;
    mem: client 3156KB; server 183688KB;
    transmit: 1082935( 1M)    receive:1082935( 1M)
timestamp 2020-05-22 14:13:44:653112854
    cpu: client 0%; server 0.1%;
    mem: client 3156KB; server 183688KB;
    transmit: 1064080( 1M)    receive:1064080( 1M)
timestamp 2020-05-22 14:13:45:702117391
    cpu: client 0%; server 0.1%;
    mem: client 3156KB; server 183688KB;
    transmit: 1111643( 1M)    receive:1111643( 1M)
timestamp 2020-05-22 14:13:46:753028153
    cpu: client 0%; server 0.1%;
    mem: client 3156KB; server 183688KB;
    transmit: 1102685( 1M)    receive:1102685( 1M)
timestamp 2020-05-22 14:13:47:806297868
    cpu: client 0%; server 0.1%;
    mem: client 3156KB; server 183688KB;
    transmit: 1084447( 1M)    receive:1084447( 1M)
timestamp 2020-05-22 14:13:48:856213455
    cpu: client 0%; server 0.1%;
    mem: client 3156KB; server 183688KB;
    transmit: 1128089( 1M)    receive:1128089( 1M)
timestamp 2020-05-22 14:13:49:906767794
    cpu: client 0%; server 0.1%;
    mem: client 3156KB; server 183688KB;
    transmit: 1140150( 1M)    receive:1140150( 1M)
timestamp 2020-05-22 14:13:50:967597067
    cpu: client 0%; server 0.1%;
    mem: client 3156KB; server 183688KB;
    transmit: 1151532( 1M)    receive:1151532( 1M)
timestamp 2020-05-22 14:13:52:066359094
    cpu: client 0%; server 0.1%;
    mem: client 3156KB; server 183688KB;
    transmit: 1156083( 1M)    receive:1156083( 1M)
timestamp 2020-05-22 14:13:53:123183538
    cpu: client 0%; server 0.1%;
    mem: client 3156KB; server 183688KB;
    transmit: 1092298( 1M)    receive:1092298( 1M)
timestamp 2020-05-22 14:13:54:173597816
    cpu: client 0%; server 0.1%;
    mem: client 3156KB; server 183688KB;
    transmit: 1077684( 1M)    receive:1077684( 1M)
timestamp 2020-05-22 14:13:55:220058409
    cpu: client 0%; server 0.1%;
    mem: client 3156KB; server 183688KB;
    transmit: 1108456( 1M)    receive:1108456( 1M)
timestamp 2020-05-22 14:13:56:271050759
    cpu: client 0%; server 0.1%;
    mem: client 3156KB; server 183676KB;
    transmit: 1087070( 1M)    receive:1087070( 1M)
timestamp 2020-05-22 14:13:57:318072531
    cpu: client 0%; server 0.1%;
    mem: client 3156KB; server 183676KB;
    transmit: 1098990( 1M)    receive:1098990( 1M)
timestamp 2020-05-22 14:13:58:371142136
    cpu: client 0%; server 0.1%;
    mem: client 3156KB; server 183676KB;
    transmit: 1068409( 1M)    receive:1068409( 1M)
timestamp 2020-05-22 14:13:59:670690807
    cpu: client 0%; server 0.1%;
    mem: client 3156KB; server 183612KB;
    transmit: 1744146( 1M)    receive:1744146( 1M)
timestamp 2020-05-22 14:14:01:087294875
    cpu: client 0%; server 0.1%;
    mem: client 3156KB; server 183612KB;
    transmit: 1182098( 1M)    receive:1182098( 1M)
timestamp 2020-05-22 14:14:02:140922128
    cpu: client 0%; server 0%;
    mem: client 0KB; server 0KB;
    transmit: 308227( 301K)    receive:308227( 301K)
timestamp 2020-05-22 14:14:03:195595080
    cpu: client 0%; server 0%;
    mem: client 0KB; server 0KB;
    transmit: 0(0B)    receive:0(0B)
timestamp 2020-05-22 14:14:04:266418264
    cpu: client 0%; server 0%;
    mem: client 0KB; server 0KB;
    transmit: 530(530B)    receive:530(530B)
timestamp 2020-05-22 14:14:05:316430638
    cpu: client 0%; server 0%;
    mem: client 0KB; server 0KB;
    transmit: 0(0B)    receive:0(0B)
timestamp 2020-05-22 14:14:06:361310352
    cpu: client 0%; server 0%;
    mem: client 0KB; server 0KB;
    transmit: 0(0B)    receive:0(0B)
timestamp 2020-05-22 14:14:07:405201237
    cpu: client 0%; server 0%;
    mem: client 0KB; server 0KB;
    transmit: 0(0B)    receive:0(0B)
timestamp 2020-05-22 14:14:08:448548621
    cpu: client 0%; server 0%;
    mem: client 0KB; server 0KB;
    transmit: 0(0B)    receive:0(0B)
timestamp 2020-05-22 14:14:09:492496590
    cpu: client 0%; server 0%;
    mem: client 0KB; server 0KB;
    transmit: 376(376B)    receive:376(376B)
timestamp 2020-05-22 14:14:10:535540908
    cpu: client 0%; server 0%;
    mem: client 0KB; server 0KB;
    transmit: 0(0B)    receive:0(0B)
timestamp 2020-05-22 14:14:11:579445161
    cpu: client 0%; server 0%;
    mem: client 0KB; server 0KB;
    transmit: 0(0B)    receive:0(0B)
timestamp 2020-05-22 14:14:12:624557536
    cpu: client 0%; server 0%;
    mem: client 0KB; server 0KB;
    transmit: 0(0B)    receive:0(0B)
timestamp 2020-05-22 14:14:13:668088311
    cpu: client 0%; server 0%;
    mem: client 0KB; server 0KB;
    transmit: 0(0B)    receive:0(0B)
