gRemote log:
timestamp 2020-06-01 13:40:20:014222774
    cpu: client 0%; server %;
    mem: client 4996KB; server KB;
    transmit: 2059437390( 1G)    receive:2059437390( 1G)
timestamp 2020-06-01 13:40:21:085141871
    cpu: client 0%; server %;
    mem: client 5012KB; server KB;
    transmit: 0(0B)    receive:0(0B)
timestamp 2020-06-01 13:40:22:155975758
    cpu: client 0%; server %;
    mem: client 5020KB; server KB;
    transmit: 0(0B)    receive:0(0B)
timestamp 2020-06-01 13:40:23:222837796
    cpu: client 0%; server %;
    mem: client 5020KB; server KB;
    transmit: 0(0B)    receive:0(0B)
timestamp 2020-06-01 13:40:24:290356050
    cpu: client 0%; server %;
    mem: client 5020KB; server KB;
    transmit: 0(0B)    receive:0(0B)
timestamp 2020-06-01 13:40:25:358975048
    cpu: client 0%; server %;
    mem: client 5020KB; server KB;
    transmit: 0(0B)    receive:0(0B)
timestamp 2020-06-01 13:40:26:425362026
    cpu: client 0.1%; server 6%;
    mem: client 5020KB; server 183848KB;
    transmit: 0(0B)    receive:0(0B)
timestamp 2020-06-01 13:40:27:507136505
    cpu: client 0.1%; server 3%;
    mem: client 5020KB; server 183848KB;
    transmit: 0(0B)    receive:0(0B)
timestamp 2020-06-01 13:40:28:573209696
    cpu: client 0.1%; server 2.3%;
    mem: client 613392KB; server 354244KB;
    transmit: 1416437( 1M)    receive:1416437( 1M)
timestamp 2020-06-01 13:40:29:651178259
    cpu: client 23.1%; server 11.7%;
    mem: client 623816KB; server 366464KB;
    transmit: 41562( 40K)    receive:41562( 40K)
timestamp 2020-06-01 13:40:30:726808008
    cpu: client 77%; server 37.4%;
    mem: client 962316KB; server 366464KB;
    transmit: 387063( 377K)    receive:387063( 377K)
timestamp 2020-06-01 13:40:31:808946416
    cpu: client 89.1%; server 43.1%;
    mem: client 1024620KB; server 368016KB;
    transmit: 405640( 396K)    receive:405640( 396K)
timestamp 2020-06-01 13:40:32:885377319
    cpu: client 94.7%; server 46.5%;
    mem: client 1081644KB; server 368016KB;
    transmit: 366932( 358K)    receive:366932( 358K)
timestamp 2020-06-01 13:40:33:963813041
    cpu: client 99%; server 49.2%;
    mem: client 1140252KB; server 368304KB;
    transmit: 394462( 385K)    receive:394462( 385K)
timestamp 2020-06-01 13:40:35:035537615
    cpu: client 100.9%; server 50.2%;
    mem: client 1198332KB; server 368304KB;
    transmit: 438330( 428K)    receive:438330( 428K)
timestamp 2020-06-01 13:40:36:123047899
    cpu: client 103.2%; server 52.7%;
    mem: client 1258968KB; server 368304KB;
    transmit: 402745( 393K)    receive:402745( 393K)
timestamp 2020-06-01 13:40:37:206711577
    cpu: client 104.8%; server 53.9%;
    mem: client 1316784KB; server 369316KB;
    transmit: 375989( 367K)    receive:375989( 367K)
timestamp 2020-06-01 13:40:38:287791753
    cpu: client 105.6%; server 54.7%;
    mem: client 1375656KB; server 369316KB;
    transmit: 337163( 329K)    receive:337163( 329K)
timestamp 2020-06-01 13:40:39:358944895
    cpu: client 96.3%; server 50.4%;
    mem: client 1434800KB; server 369316KB;
    transmit: 378174( 369K)    receive:378174( 369K)
timestamp 2020-06-01 13:40:40:443080260
    cpu: client 97.5%; server 51%;
    mem: client 1492088KB; server 369316KB;
    transmit: 388313( 379K)    receive:388313( 379K)
timestamp 2020-06-01 13:40:41:507864182
    cpu: client 98.4%; server 51.6%;
    mem: client 1550960KB; server 369316KB;
    transmit: 359552( 351K)    receive:359552( 351K)
timestamp 2020-06-01 13:40:42:582011430
    cpu: client 98.7%; server 51.7%;
    mem: client 1608932KB; server 369316KB;
    transmit: 434834( 424K)    receive:434834( 424K)
timestamp 2020-06-01 13:40:43:648418089
    cpu: client 99.4%; server 52%;
    mem: client 1667012KB; server 369316KB;
    transmit: 433531( 423K)    receive:433531( 423K)
timestamp 2020-06-01 13:40:44:733350125
    cpu: client 100.5%; server 52.7%;
    mem: client 1725620KB; server 369316KB;
    transmit: 442596( 432K)    receive:442596( 432K)
timestamp 2020-06-01 13:40:45:800034015
    cpu: client 100.5%; server 52.6%;
    mem: client 1783436KB; server 369316KB;
    transmit: 372813( 364K)    receive:372813( 364K)
timestamp 2020-06-01 13:40:46:866497636
    cpu: client 100.9%; server 52.6%;
    mem: client 1842308KB; server 369316KB;
    transmit: 351473( 343K)    receive:351473( 343K)
timestamp 2020-06-01 13:40:47:938012415
    cpu: client 101.4%; server 52.6%;
    mem: client 1899332KB; server 369316KB;
    transmit: 379389( 370K)    receive:379389( 370K)
timestamp 2020-06-01 13:40:49:009189245
    cpu: client 101.3%; server 52.7%;
    mem: client 1957148KB; server 369316KB;
    transmit: 357030( 348K)    receive:357030( 348K)
timestamp 2020-06-01 13:40:50:081797402
    cpu: client 101.5%; server 52.6%;
    mem: client 2016028KB; server 369316KB;
    transmit: 364779( 356K)    receive:364779( 356K)
timestamp 2020-06-01 13:40:51:148787382
    cpu: client 101.8%; server 52.7%;
    mem: client 2073844KB; server 369316KB;
    transmit: 408092( 398K)    receive:408092( 398K)
timestamp 2020-06-01 13:40:52:217162847
    cpu: client 102.3%; server 53.1%;
    mem: client 2130868KB; server 369316KB;
    transmit: 389867( 380K)    receive:389867( 380K)
timestamp 2020-06-01 13:40:53:283973816
    cpu: client 102.4%; server 53.1%;
    mem: client 2189476KB; server 369316KB;
    transmit: 345378( 337K)    receive:345378( 337K)
timestamp 2020-06-01 13:40:54:357703035
    cpu: client 98.7%; server 51.3%;
    mem: client 2247556KB; server 369316KB;
    transmit: 355836( 347K)    receive:355836( 347K)
timestamp 2020-06-01 13:40:55:427940939
    cpu: client 98.7%; server 51.4%;
    mem: client 2306164KB; server 369316KB;
    transmit: 385055( 376K)    receive:385055( 376K)
timestamp 2020-06-01 13:40:56:497854414
    cpu: client 98.8%; server 51.4%;
    mem: client 2363188KB; server 369316KB;
    transmit: 327921( 320K)    receive:327921( 320K)
timestamp 2020-06-01 13:40:57:571161340
    cpu: client 98.9%; server 51.5%;
    mem: client 2422852KB; server 369316KB;
    transmit: 384984( 375K)    receive:384984( 375K)
timestamp 2020-06-01 13:40:58:640631346
    cpu: client 99.2%; server 51.6%;
    mem: client 2479876KB; server 369316KB;
    transmit: 374617( 365K)    receive:374617( 365K)
timestamp 2020-06-01 13:40:59:710622046
    cpu: client 99.4%; server 51.8%;
    mem: client 2538748KB; server 369316KB;
    transmit: 436429( 426K)    receive:436429( 426K)
timestamp 2020-06-01 13:41:00:782884894
    cpu: client 99.5%; server 51.8%;
    mem: client 2596572KB; server 369316KB;
    transmit: 382534( 373K)    receive:382534( 373K)
timestamp 2020-06-01 13:41:01:852902478
    cpu: client 99.7%; server 51.8%;
    mem: client 2655180KB; server 369316KB;
    transmit: 372388( 363K)    receive:372388( 363K)
timestamp 2020-06-01 13:41:02:930469298
    cpu: client 99.9%; server 52%;
    mem: client 2713260KB; server 369316KB;
    transmit: 399789( 390K)    receive:399789( 390K)
timestamp 2020-06-01 13:41:03:996269593
    cpu: client 99.9%; server 52.1%;
    mem: client 2770020KB; server 369316KB;
    transmit: 352562( 344K)    receive:352562( 344K)
timestamp 2020-06-01 13:41:05:064478870
    cpu: client 99.9%; server 52.1%;
    mem: client 2829684KB; server 369316KB;
    transmit: 354547( 346K)    receive:354547( 346K)
timestamp 2020-06-01 13:41:06:135188564
    cpu: client 99.9%; server 52.1%;
    mem: client 2886708KB; server 369316KB;
    transmit: 347871( 339K)    receive:347871( 339K)
timestamp 2020-06-01 13:41:07:203246780
    cpu: client 100.3%; server 52.4%;
    mem: client 2943732KB; server 369316KB;
    transmit: 332868( 325K)    receive:332868( 325K)
timestamp 2020-06-01 13:41:08:270634739
    cpu: client 100.6%; server 52.7%;
    mem: client 3003396KB; server 369316KB;
    transmit: 364895( 356K)    receive:364895( 356K)
timestamp 2020-06-01 13:41:09:334541510
    cpu: client 98.1%; server 51.4%;
    mem: client 3060420KB; server 369316KB;
    transmit: 476277( 465K)    receive:476277( 465K)
timestamp 2020-06-01 13:41:10:404290263
    cpu: client 98.4%; server 51.4%;
    mem: client 3117444KB; server 369316KB;
    transmit: 442069( 431K)    receive:442069( 431K)
timestamp 2020-06-01 13:41:11:482606325
    cpu: client 98.5%; server 51.5%;
    mem: client 3177116KB; server 369316KB;
    transmit: 387560( 378K)    receive:387560( 378K)
timestamp 2020-06-01 13:41:12:547979281
    cpu: client 98.8%; server 51.6%;
    mem: client 3234140KB; server 369316KB;
    transmit: 326103( 318K)    receive:326103( 318K)
timestamp 2020-06-01 13:41:13:613712792
    cpu: client 98.9%; server 51.7%;
    mem: client 3293804KB; server 369316KB;
    transmit: 338058( 330K)    receive:338058( 330K)
timestamp 2020-06-01 13:41:14:684921200
    cpu: client 99%; server 51.7%;
    mem: client 3350564KB; server 369316KB;
    transmit: 400999( 391K)    receive:400999( 391K)
timestamp 2020-06-01 13:41:15:752551955
    cpu: client 98.9%; server 51.7%;
    mem: client 3408644KB; server 369316KB;
    transmit: 371600( 362K)    receive:371600( 362K)
timestamp 2020-06-01 13:41:16:821700763
    cpu: client 99.1%; server 51.8%;
    mem: client 3466460KB; server 369316KB;
    transmit: 405504( 396K)    receive:405504( 396K)
timestamp 2020-06-01 13:41:17:888526463
    cpu: client 99.5%; server 52%;
    mem: client 3524276KB; server 369316KB;
    transmit: 351329( 343K)    receive:351329( 343K)
timestamp 2020-06-01 13:41:18:957528521
    cpu: client 99.6%; server 52%;
    mem: client 3582092KB; server 369316KB;
    transmit: 374540( 365K)    receive:374540( 365K)
timestamp 2020-06-01 13:41:20:029504493
    cpu: client 99.7%; server 52%;
    mem: client 3640964KB; server 369316KB;
    transmit: 401707( 392K)    receive:401707( 392K)
timestamp 2020-06-01 13:41:21:097055120
    cpu: client 99.6%; server 52%;
    mem: client 3698252KB; server 369316KB;
    transmit: 353975( 345K)    receive:353975( 345K)
timestamp 2020-06-01 13:41:22:166517848
    cpu: client 99.7%; server 52.1%;
    mem: client 3757652KB; server 369316KB;
    transmit: 340039( 332K)    receive:340039( 332K)
timestamp 2020-06-01 13:41:23:235838278
    cpu: client 99.7%; server 52.1%;
    mem: client 3814676KB; server 369316KB;
    transmit: 372353( 363K)    receive:372353( 363K)
timestamp 2020-06-01 13:41:24:302341916
    cpu: client 98%; server 52.2%;
    mem: client 3871700KB; server 369316KB;
    transmit: 391744( 382K)    receive:391744( 382K)
timestamp 2020-06-01 13:41:25:370041705
    cpu: client 98%; server 51.3%;
    mem: client 3931100KB; server 369316KB;
    transmit: 381851( 372K)    receive:381851( 372K)
timestamp 2020-06-01 13:41:26:437557598
    cpu: client 98.1%; server 51.3%;
    mem: client 3988124KB; server 369316KB;
    transmit: 349061( 340K)    receive:349061( 340K)
timestamp 2020-06-01 13:41:27:512066585
    cpu: client 98.3%; server 51.4%;
    mem: client 4046996KB; server 369316KB;
    transmit: 416812( 407K)    receive:416812( 407K)
timestamp 2020-06-01 13:41:28:582022402
    cpu: client 98.5%; server 51.5%;
    mem: client 4104812KB; server 369316KB;
    transmit: 405783( 396K)    receive:405783( 396K)
timestamp 2020-06-01 13:41:29:647909226
    cpu: client 98.6%; server 51.5%;
    mem: client 4161836KB; server 369316KB;
    transmit: 347000( 338K)    receive:347000( 338K)
timestamp 2020-06-01 13:41:30:720646660
    cpu: client 98.5%; server 51.5%;
    mem: client 4221500KB; server 369316KB;
    transmit: 367254( 358K)    receive:367254( 358K)
timestamp 2020-06-01 13:41:31:791488626
    cpu: client 98.6%; server 51.5%;
    mem: client 4278524KB; server 369576KB;
    transmit: 415201( 405K)    receive:415201( 405K)
timestamp 2020-06-01 13:41:32:857654568
    cpu: client 98.8%; server 51.6%;
    mem: client 4336340KB; server 369576KB;
    transmit: 366155( 357K)    receive:366155( 357K)
timestamp 2020-06-01 13:41:33:932568080
    cpu: client 99%; server 51.7%;
    mem: client 4395212KB; server 369576KB;
    transmit: 376186( 367K)    receive:376186( 367K)
timestamp 2020-06-01 13:41:35:001542911
    cpu: client 99.1%; server 51.8%;
    mem: client 4451972KB; server 369576KB;
    transmit: 375929( 367K)    receive:375929( 367K)
timestamp 2020-06-01 13:41:36:081649964
    cpu: client 99.2%; server 51.9%;
    mem: client 4511636KB; server 369576KB;
    transmit: 355487( 347K)    receive:355487( 347K)
timestamp 2020-06-01 13:41:37:148315911
    cpu: client 99.2%; server 51.8%;
    mem: client 4569716KB; server 369576KB;
    transmit: 342471( 334K)    receive:342471( 334K)
timestamp 2020-06-01 13:41:38:218759165
    cpu: client 99.3%; server 51.8%;
    mem: client 4628324KB; server 369576KB;
    transmit: 387897( 378K)    receive:387897( 378K)
timestamp 2020-06-01 13:41:39:291921036
    cpu: client 99.3%; server 51.9%;
    mem: client 4685348KB; server 369576KB;
    transmit: 402881( 393K)    receive:402881( 393K)
timestamp 2020-06-01 13:41:40:362223740
    cpu: client 97.9%; server 51.2%;
    mem: client 4744220KB; server 369576KB;
    transmit: 415526( 405K)    receive:415526( 405K)
timestamp 2020-06-01 13:41:41:430538288
    cpu: client 98.1%; server 51.3%;
    mem: client 4802036KB; server 369576KB;
    transmit: 477987( 466K)    receive:477987( 466K)
timestamp 2020-06-01 13:41:42:501453225
    cpu: client 98.1%; server 51.3%;
    mem: client 4859060KB; server 369576KB;
    transmit: 384890( 375K)    receive:384890( 375K)
timestamp 2020-06-01 13:41:43:572952439
    cpu: client 98.2%; server 51.4%;
    mem: client 4918724KB; server 369576KB;
    transmit: 371666( 362K)    receive:371666( 362K)
timestamp 2020-06-01 13:41:44:638882167
    cpu: client 98.3%; server 51.4%;
    mem: client 4975748KB; server 369576KB;
    transmit: 432130( 422K)    receive:432130( 422K)
timestamp 2020-06-01 13:41:45:708138883
    cpu: client 0.1%; server %;
    mem: client 5060KB; server KB;
    transmit: 291684( 284K)    receive:291684( 284K)
timestamp 2020-06-01 13:41:46:786474497
    cpu: client 0.1%; server %;
    mem: client 5060KB; server KB;
    transmit: 0(0B)    receive:0(0B)
timestamp 2020-06-01 13:41:47:849238272
    cpu: client 0.1%; server %;
    mem: client 5060KB; server KB;
    transmit: 0(0B)    receive:0(0B)
timestamp 2020-06-01 13:41:48:912114500
    cpu: client 0.1%; server %;
    mem: client 5060KB; server KB;
    transmit: 0(0B)    receive:0(0B)
timestamp 2020-06-01 13:41:49:974562534
    cpu: client 0.1%; server %;
    mem: client 5060KB; server KB;
    transmit: 0(0B)    receive:0(0B)
timestamp 2020-06-01 13:41:51:037560802
    cpu: client 0.1%; server %;
    mem: client 5060KB; server KB;
    transmit: 0(0B)    receive:0(0B)
timestamp 2020-06-01 13:41:52:101220626
    cpu: client 0.1%; server %;
    mem: client 5060KB; server KB;
    transmit: 0(0B)    receive:0(0B)
timestamp 2020-06-01 13:41:53:167561024
    cpu: client 0.1%; server %;
    mem: client 5060KB; server KB;
    transmit: 0(0B)    receive:0(0B)
timestamp 2020-06-01 13:41:54:230577715
    cpu: client 0.1%; server %;
    mem: client 5060KB; server KB;
    transmit: 0(0B)    receive:0(0B)
timestamp 2020-06-01 13:41:55:292996999
    cpu: client 0.1%; server %;
    mem: client 5060KB; server KB;
    transmit: 0(0B)    receive:0(0B)
