gRemote log:
timestamp 2020-06-04 17:49:34:926358495
    cpu: client 0%; server %;
    mem: client 5032KB; server KB;
    transmit: 170007457( 162M)    receive:170007457( 162M)
timestamp 2020-06-04 17:49:35:995526665
    cpu: client 0%; server %;
    mem: client 5048KB; server KB;
    transmit: 0(0B)    receive:0(0B)
timestamp 2020-06-04 17:49:37:061748561
    cpu: client 0%; server %;
    mem: client 5048KB; server KB;
    transmit: 0(0B)    receive:0(0B)
timestamp 2020-06-04 17:49:38:131801026
    cpu: client 0%; server %;
    mem: client 5056KB; server KB;
    transmit: 0(0B)    receive:0(0B)
timestamp 2020-06-04 17:49:39:202496028
    cpu: client 0.2%; server %;
    mem: client 5056KB; server KB;
    transmit: 0(0B)    receive:0(0B)
timestamp 2020-06-04 17:49:40:266312178
    cpu: client 0.1%; server 7%;
    mem: client 5056KB; server 184336KB;
    transmit: 0(0B)    receive:0(0B)
timestamp 2020-06-04 17:49:41:334483602
    cpu: client 0.1%; server 3.5%;
    mem: client 5056KB; server 184336KB;
    transmit: 575(575B)    receive:575(575B)
timestamp 2020-06-04 17:49:42:398726773
    cpu: client 0.1%; server 2.3%;
    mem: client 78924KB; server 184336KB;
    transmit: 0(0B)    receive:0(0B)
timestamp 2020-06-04 17:49:43:471820336
    cpu: client 49.1%; server 83.7%;
    mem: client 648316KB; server 369520KB;
    transmit: 3961546( 3M)    receive:3961546( 3M)
timestamp 2020-06-04 17:49:44:555887030
    cpu: client 39.1%; server 96.4%;
    mem: client 682636KB; server 371080KB;
    transmit: 665819( 650K)    receive:665819( 650K)
timestamp 2020-06-04 17:49:45:638544749
    cpu: client 35.6%; server 100.1%;
    mem: client 717748KB; server 371196KB;
    transmit: 692208( 675K)    receive:692208( 675K)
timestamp 2020-06-04 17:49:46:719093901
    cpu: client 32.7%; server 101%;
    mem: client 754040KB; server 371196KB;
    transmit: 704847( 688K)    receive:704847( 688K)
timestamp 2020-06-04 17:49:47:802971210
    cpu: client 31.3%; server 102.8%;
    mem: client 790216KB; server 371968KB;
    transmit: 694629( 678K)    receive:694629( 678K)
timestamp 2020-06-04 17:49:48:875095999
    cpu: client 30.2%; server 103.7%;
    mem: client 826384KB; server 371968KB;
    transmit: 717964( 701K)    receive:717964( 701K)
timestamp 2020-06-04 17:49:49:948673339
    cpu: client 29.3%; server 103.7%;
    mem: client 859912KB; server 376328KB;
    transmit: 659487( 644K)    receive:659487( 644K)
timestamp 2020-06-04 17:49:51:023772456
    cpu: client 29.5%; server 103.6%;
    mem: client 896080KB; server 376328KB;
    transmit: 716128( 699K)    receive:716128( 699K)
timestamp 2020-06-04 17:49:52:094314065
    cpu: client 29.1%; server 104.5%;
    mem: client 932248KB; server 376592KB;
    transmit: 714781( 698K)    receive:714781( 698K)
timestamp 2020-06-04 17:49:53:168871227
    cpu: client 28.8%; server 104.5%;
    mem: client 968416KB; server 376592KB;
    transmit: 712787( 696K)    receive:712787( 696K)
timestamp 2020-06-04 17:49:54:240815615
    cpu: client 26%; server 96.2%;
    mem: client 1003528KB; server 380952KB;
    transmit: 700969( 684K)    receive:700969( 684K)
timestamp 2020-06-04 17:49:55:309185954
    cpu: client 26%; server 96.8%;
    mem: client 1040752KB; server 381216KB;
    transmit: 733309( 716K)    receive:733309( 716K)
timestamp 2020-06-04 17:49:56:376693723
    cpu: client 26.1%; server 97.6%;
    mem: client 1076920KB; server 381216KB;
    transmit: 730392( 713K)    receive:730392( 713K)
timestamp 2020-06-04 17:49:57:448890770
    cpu: client 26.1%; server 98.1%;
    mem: client 1113880KB; server 381480KB;
    transmit: 729671( 712K)    receive:729671( 712K)
timestamp 2020-06-04 17:49:58:517725825
    cpu: client 26%; server 98.6%;
    mem: client 1151900KB; server 381480KB;
    transmit: 739741( 722K)    receive:739741( 722K)
timestamp 2020-06-04 17:49:59:588171333
    cpu: client 26.2%; server 99.1%;
    mem: client 1189128KB; server 381744KB;
    transmit: 732512( 715K)    receive:732512( 715K)
timestamp 2020-06-04 17:50:00:662481775
    cpu: client 26%; server 99.4%;
    mem: client 1226088KB; server 381744KB;
    transmit: 732328( 715K)    receive:732328( 715K)
timestamp 2020-06-04 17:50:01:736079514
    cpu: client 26.1%; server 99.8%;
    mem: client 1263048KB; server 382008KB;
    transmit: 754646( 736K)    receive:754646( 736K)
timestamp 2020-06-04 17:50:02:806615564
    cpu: client 26%; server 100.2%;
    mem: client 1300272KB; server 382008KB;
    transmit: 715645( 698K)    receive:715645( 698K)
timestamp 2020-06-04 17:50:03:881578058
    cpu: client 26.1%; server 100.3%;
    mem: client 1337232KB; server 382272KB;
    transmit: 734840( 717K)    receive:734840( 717K)
timestamp 2020-06-04 17:50:04:953909166
    cpu: client 26.2%; server 100.3%;
    mem: client 1374456KB; server 382536KB;
    transmit: 735762( 718K)    receive:735762( 718K)
timestamp 2020-06-04 17:50:06:025762145
    cpu: client 26.1%; server 100.3%;
    mem: client 1409568KB; server 382536KB;
    transmit: 698326( 681K)    receive:698326( 681K)
timestamp 2020-06-04 17:50:07:098054412
    cpu: client 26.1%; server 100.2%;
    mem: client 1446792KB; server 382800KB;
    transmit: 731589( 714K)    receive:731589( 714K)
timestamp 2020-06-04 17:50:08:167859173
    cpu: client 26.1%; server 101.2%;
    mem: client 1483752KB; server 382800KB;
    transmit: 749416( 731K)    receive:749416( 731K)
timestamp 2020-06-04 17:50:09:248022935
    cpu: client 25%; server 97.8%;
    mem: client 1519920KB; server 383064KB;
    transmit: 715644( 698K)    receive:715644( 698K)
timestamp 2020-06-04 17:50:10:319083817
    cpu: client 24.9%; server 98%;
    mem: client 1555304KB; server 383064KB;
    transmit: 673550( 657K)    receive:673550( 657K)
timestamp 2020-06-04 17:50:11:395957848
    cpu: client 25%; server 98.4%;
    mem: client 1592264KB; server 383328KB;
    transmit: 734178( 716K)    receive:734178( 716K)
timestamp 2020-06-04 17:50:12:467864501
    cpu: client 25%; server 98.7%;
    mem: client 1629488KB; server 383328KB;
    transmit: 746021( 728K)    receive:746021( 728K)
timestamp 2020-06-04 17:50:13:538170982
    cpu: client 25%; server 98.9%;
    mem: client 1665656KB; server 383592KB;
    transmit: 714763( 698K)    receive:714763( 698K)
timestamp 2020-06-04 17:50:14:613587361
    cpu: client 25%; server 98.5%;
    mem: client 1697336KB; server 383592KB;
    transmit: 618674( 604K)    receive:618674( 604K)
timestamp 2020-06-04 17:50:15:684141300
    cpu: client 24.8%; server 98.8%;
    mem: client 1734296KB; server 383856KB;
    transmit: 734938( 717K)    receive:734938( 717K)
timestamp 2020-06-04 17:50:16:755918240
    cpu: client 25%; server 99%;
    mem: client 1770464KB; server 384120KB;
    transmit: 714793( 698K)    receive:714793( 698K)
timestamp 2020-06-04 17:50:17:835249792
    cpu: client 24.8%; server 99.2%;
    mem: client 1807424KB; server 384120KB;
    transmit: 733465( 716K)    receive:733465( 716K)
timestamp 2020-06-04 17:50:18:905038600
    cpu: client 24.9%; server 99.4%;
    mem: client 1842800KB; server 384384KB;
    transmit: 700727( 684K)    receive:700727( 684K)
timestamp 2020-06-04 17:50:19:972129285
    cpu: client 25.1%; server 99.6%;
    mem: client 1878968KB; server 384384KB;
    transmit: 717571( 700K)    receive:717571( 700K)
timestamp 2020-06-04 17:50:21:057282325
    cpu: client 25.1%; server 99.7%;
    mem: client 1914352KB; server 384648KB;
    transmit: 700644( 684K)    receive:700644( 684K)
timestamp 2020-06-04 17:50:22:126073430
    cpu: client 25%; server 99.8%;
    mem: client 1950520KB; server 384648KB;
    transmit: 727752( 710K)    receive:727752( 710K)
timestamp 2020-06-04 17:50:23:198699659
    cpu: client 25.2%; server 100%;
    mem: client 1987480KB; server 384912KB;
    transmit: 747128( 729K)    receive:747128( 729K)
timestamp 2020-06-04 17:50:24:274209110
    cpu: client 24.4%; server 97.7%;
    mem: client 2024704KB; server 384912KB;
    transmit: 741533( 724K)    receive:741533( 724K)
timestamp 2020-06-04 17:50:25:340198214
    cpu: client 24.5%; server 97.9%;
    mem: client 2060872KB; server 385176KB;
    transmit: 731547( 714K)    receive:731547( 714K)
timestamp 2020-06-04 17:50:26:416608947
    cpu: client 24.5%; server 98.1%;
    mem: client 2097040KB; server 385176KB;
    transmit: 733122( 715K)    receive:733122( 715K)
timestamp 2020-06-04 17:50:27:486626010
    cpu: client 24.6%; server 98.3%;
    mem: client 2133208KB; server 385440KB;
    transmit: 735250( 718K)    receive:735250( 718K)
timestamp 2020-06-04 17:50:28:559843622
    cpu: client 24.7%; server 98.5%;
    mem: client 2169376KB; server 385440KB;
    transmit: 730074( 712K)    receive:730074( 712K)
timestamp 2020-06-04 17:50:29:633020421
    cpu: client 24.5%; server 98.7%;
    mem: client 2205544KB; server 385704KB;
    transmit: 734812( 717K)    receive:734812( 717K)
timestamp 2020-06-04 17:50:30:708665330
    cpu: client 24.7%; server 98.8%;
    mem: client 2242504KB; server 385968KB;
    transmit: 753881( 736K)    receive:753881( 736K)
timestamp 2020-06-04 17:50:31:775865373
    cpu: client 24.6%; server 98.9%;
    mem: client 2280528KB; server 385968KB;
    transmit: 768378( 750K)    receive:768378( 750K)
timestamp 2020-06-04 17:50:32:843736700
    cpu: client 24.7%; server 99.1%;
    mem: client 2316696KB; server 386232KB;
    transmit: 725341( 708K)    receive:725341( 708K)
timestamp 2020-06-04 17:50:33:919618261
    cpu: client 24.6%; server 99.1%;
    mem: client 2353656KB; server 386232KB;
    transmit: 747098( 729K)    receive:747098( 729K)
timestamp 2020-06-04 17:50:34:998277798
    cpu: client 24.8%; server 99.3%;
    mem: client 2390880KB; server 386496KB;
    transmit: 747698( 730K)    receive:747698( 730K)
timestamp 2020-06-04 17:50:36:068232998
    cpu: client 24.6%; server 99.4%;
    mem: client 2428896KB; server 386496KB;
    transmit: 770974( 752K)    receive:770974( 752K)
timestamp 2020-06-04 17:50:37:137116619
    cpu: client 24.7%; server 99.5%;
    mem: client 2467704KB; server 386760KB;
    transmit: 794028( 775K)    receive:794028( 775K)
timestamp 2020-06-04 17:50:38:205607451
    cpu: client 24.5%; server 99.6%;
    mem: client 2505720KB; server 387024KB;
    transmit: 772386( 754K)    receive:772386( 754K)
timestamp 2020-06-04 17:50:39:273325458
    cpu: client 24.1%; server 97.9%;
    mem: client 2542680KB; server 387024KB;
    transmit: 758561( 740K)    receive:758561( 740K)
timestamp 2020-06-04 17:50:40:356173079
    cpu: client 24.1%; server 98.1%;
    mem: client 2579904KB; server 387288KB;
    transmit: 766951( 748K)    receive:766951( 748K)
timestamp 2020-06-04 17:50:41:425346759
    cpu: client 24.1%; server 98.2%;
    mem: client 2616864KB; server 387288KB;
    transmit: 764570( 746K)    receive:764570( 746K)
timestamp 2020-06-04 17:50:42:497618861
    cpu: client 24.2%; server 98.4%;
    mem: client 2654880KB; server 387552KB;
    transmit: 776468( 758K)    receive:776468( 758K)
timestamp 2020-06-04 17:50:43:565157941
    cpu: client 24.2%; server 98.5%;
    mem: client 2692896KB; server 387552KB;
    transmit: 781162( 762K)    receive:781162( 762K)
timestamp 2020-06-04 17:50:44:633292152
    cpu: client 24.3%; server 98.6%;
    mem: client 2729856KB; server 387816KB;
    transmit: 766294( 748K)    receive:766294( 748K)
timestamp 2020-06-04 17:50:45:705207028
    cpu: client 24.3%; server 98.6%;
    mem: client 2767872KB; server 387816KB;
    transmit: 779381( 761K)    receive:779381( 761K)
timestamp 2020-06-04 17:50:46:772153738
    cpu: client 24.3%; server 98.7%;
    mem: client 2806680KB; server 388080KB;
    transmit: 797724( 779K)    receive:797724( 779K)
timestamp 2020-06-04 17:50:47:838328736
    cpu: client 24.3%; server 98.8%;
    mem: client 2843904KB; server 388344KB;
    transmit: 763816( 745K)    receive:763816( 745K)
timestamp 2020-06-04 17:50:48:914074375
    cpu: client 24.3%; server 98.9%;
    mem: client 2880864KB; server 388344KB;
    transmit: 757359( 739K)    receive:757359( 739K)
timestamp 2020-06-04 17:50:49:986025331
    cpu: client 24.3%; server 99%;
    mem: client 2918088KB; server 388608KB;
    transmit: 764276( 746K)    receive:764276( 746K)
timestamp 2020-06-04 17:50:51:056920328
    cpu: client 24.2%; server 99.1%;
    mem: client 2955048KB; server 388608KB;
    transmit: 783618( 765K)    receive:783618( 765K)
timestamp 2020-06-04 17:50:52:129250522
    cpu: client 24.3%; server 99.2%;
    mem: client 2992272KB; server 388872KB;
    transmit: 761600( 743K)    receive:761600( 743K)
timestamp 2020-06-04 17:50:53:202110930
    cpu: client 24.3%; server 99.4%;
    mem: client 3030024KB; server 388872KB;
    transmit: 762914( 745K)    receive:762914( 745K)
timestamp 2020-06-04 17:50:54:274306984
    cpu: client 24%; server 98.1%;
    mem: client 3067248KB; server 389136KB;
    transmit: 767046( 749K)    receive:767046( 749K)
timestamp 2020-06-04 17:50:55:343368072
    cpu: client 24.1%; server 98.2%;
    mem: client 3103416KB; server 389136KB;
    transmit: 743712( 726K)    receive:743712( 726K)
timestamp 2020-06-04 17:50:56:414758835
    cpu: client 24.1%; server 98.3%;
    mem: client 3139584KB; server 389400KB;
    transmit: 744909( 727K)    receive:744909( 727K)
timestamp 2020-06-04 17:50:57:481888419
    cpu: client 24.1%; server 98.4%;
    mem: client 3178392KB; server 389664KB;
    transmit: 805178( 786K)    receive:805178( 786K)
timestamp 2020-06-04 17:50:58:551786531
    cpu: client 24.1%; server 98.5%;
    mem: client 3216408KB; server 389664KB;
    transmit: 781095( 762K)    receive:781095( 762K)
timestamp 2020-06-04 17:50:59:624404243
    cpu: client 24.1%; server 98.5%;
    mem: client 3254424KB; server 389928KB;
    transmit: 777975( 759K)    receive:777975( 759K)
timestamp 2020-06-04 17:51:00:699055601
    cpu: client 24.1%; server 98.6%;
    mem: client 3292440KB; server 389928KB;
    transmit: 776797( 758K)    receive:776797( 758K)
timestamp 2020-06-04 17:51:01:767042812
    cpu: client 0.1%; server %;
    mem: client 5096KB; server KB;
    transmit: 242054( 236K)    receive:242054( 236K)
timestamp 2020-06-04 17:51:02:836859978
    cpu: client 0.1%; server %;
    mem: client 5096KB; server KB;
    transmit: 0(0B)    receive:0(0B)
timestamp 2020-06-04 17:51:03:907056501
    cpu: client 0.1%; server %;
    mem: client 5096KB; server KB;
    transmit: 0(0B)    receive:0(0B)
timestamp 2020-06-04 17:51:04:978623496
    cpu: client 0.2%; server %;
    mem: client 5096KB; server KB;
    transmit: 0(0B)    receive:0(0B)
timestamp 2020-06-04 17:51:06:047244974
    cpu: client 0.1%; server %;
    mem: client 5096KB; server KB;
    transmit: 0(0B)    receive:0(0B)
