src frame 0.0 time sec 1590980033 usec 10053
    Interpolator time 278100 usec
    getNextFrame 0.1 time 8517 usec
add frame 0.1 time sec 1590980033 usec 344143
src frame 1.0 time sec 1590980033 usec 344156
    Interpolator time 73090 usec
    getNextFrame 1.1 time 8842 usec
add frame 1.1 time sec 1590980033 usec 428131
src frame 2.0 time sec 1590980033 usec 428144
    Interpolator time 70081 usec
    getNextFrame 2.1 time 8462 usec
add frame 2.1 time sec 1590980033 usec 508578
src frame 3.0 time sec 1590980033 usec 508625
    Interpolator time 76392 usec
    getNextFrame 3.1 time 9704 usec
add frame 3.1 time sec 1590980033 usec 595916
src frame 4.0 time sec 1590980033 usec 595947
    Interpolator time 67057 usec
    getNextFrame 4.1 time 8186 usec
add frame 4.1 time sec 1590980033 usec 672419
src frame 5.0 time sec 1590980033 usec 672458
    Interpolator time 68823 usec
    getNextFrame 5.1 time 8141 usec
add frame 5.1 time sec 1590980033 usec 750955
src frame 6.0 time sec 1590980033 usec 750996
    Interpolator time 68422 usec
    getNextFrame 6.1 time 8681 usec
add frame 6.1 time sec 1590980033 usec 829378
src frame 7.0 time sec 1590980033 usec 829390
    Interpolator time 71262 usec
    getNextFrame 7.1 time 9532 usec
add frame 7.1 time sec 1590980033 usec 911410
src frame 8.0 time sec 1590980033 usec 911449
    Interpolator time 68948 usec
    getNextFrame 8.1 time 8057 usec
add frame 8.1 time sec 1590980033 usec 989694
src frame 9.0 time sec 1590980033 usec 989741
    Interpolator time 72056 usec
    getNextFrame 9.1 time 9173 usec
add frame 9.1 time sec 1590980034 usec 72242
src frame 10.0 time sec 1590980034 usec 72279
    Interpolator time 67439 usec
    getNextFrame 10.1 time 8012 usec
add frame 10.1 time sec 1590980034 usec 148947
src frame 11.0 time sec 1590980034 usec 148991
    Interpolator time 63498 usec
    getNextFrame 11.1 time 8227 usec
add frame 11.1 time sec 1590980034 usec 221955
src frame 12.0 time sec 1590980034 usec 222016
    Interpolator time 73029 usec
    getNextFrame 12.1 time 7903 usec
add frame 12.1 time sec 1590980034 usec 304320
src frame 13.0 time sec 1590980034 usec 304363
    Interpolator time 76189 usec
    getNextFrame 13.1 time 7852 usec
add frame 13.1 time sec 1590980034 usec 389593
src frame 14.0 time sec 1590980034 usec 389643
    Interpolator time 76677 usec
    getNextFrame 14.1 time 8052 usec
add frame 14.1 time sec 1590980034 usec 475820
src frame 15.0 time sec 1590980034 usec 475854
    Interpolator time 75426 usec
    getNextFrame 15.1 time 8119 usec
add frame 15.1 time sec 1590980034 usec 560634
src frame 16.0 time sec 1590980034 usec 560646
    Interpolator time 73304 usec
    getNextFrame 16.1 time 8038 usec
add frame 16.1 time sec 1590980034 usec 643215
src frame 17.0 time sec 1590980034 usec 643264
    Interpolator time 66427 usec
    getNextFrame 17.1 time 8157 usec
add frame 17.1 time sec 1590980034 usec 719109
src frame 18.0 time sec 1590980034 usec 719124
    Interpolator time 68940 usec
    getNextFrame 18.1 time 8753 usec
add frame 18.1 time sec 1590980034 usec 798077
src frame 19.0 time sec 1590980034 usec 798114
    Interpolator time 68514 usec
    getNextFrame 19.1 time 8270 usec
add frame 19.1 time sec 1590980034 usec 876171
src frame 20.0 time sec 1590980034 usec 876210
    Interpolator time 72131 usec
    getNextFrame 20.1 time 7981 usec
add frame 20.1 time sec 1590980034 usec 957648
src frame 21.0 time sec 1590980034 usec 957685
    Interpolator time 70078 usec
    getNextFrame 21.1 time 8139 usec
add frame 21.1 time sec 1590980035 usec 37335
src frame 22.0 time sec 1590980035 usec 37377
    Interpolator time 83926 usec
    getNextFrame 22.1 time 8132 usec
add frame 22.1 time sec 1590980035 usec 130825
src frame 23.0 time sec 1590980035 usec 130877
    Interpolator time 71209 usec
    getNextFrame 23.1 time 8265 usec
add frame 23.1 time sec 1590980035 usec 211637
src frame 24.0 time sec 1590980035 usec 211657
    Interpolator time 79799 usec
    getNextFrame 24.1 time 8077 usec
add frame 24.1 time sec 1590980035 usec 300929
src frame 25.0 time sec 1590980035 usec 300977
    Interpolator time 80271 usec
    getNextFrame 25.1 time 8925 usec
add frame 25.1 time sec 1590980035 usec 391533
src frame 26.0 time sec 1590980035 usec 391547
    Interpolator time 84362 usec
    getNextFrame 26.1 time 7955 usec
add frame 26.1 time sec 1590980035 usec 485285
src frame 27.0 time sec 1590980035 usec 485324
    Interpolator time 72132 usec
    getNextFrame 27.1 time 8651 usec
add frame 27.1 time sec 1590980035 usec 567676
src frame 28.0 time sec 1590980035 usec 567725
    Interpolator time 74066 usec
    getNextFrame 28.1 time 8297 usec
add frame 28.1 time sec 1590980035 usec 651325
src frame 29.0 time sec 1590980035 usec 651365
    Interpolator time 76108 usec
    getNextFrame 29.1 time 8234 usec
add frame 29.1 time sec 1590980035 usec 736953
src frame 30.0 time sec 1590980035 usec 736997
    Interpolator time 76272 usec
    getNextFrame 30.1 time 8316 usec
add frame 30.1 time sec 1590980035 usec 822855
src frame 31.0 time sec 1590980035 usec 822898
    Interpolator time 76502 usec
    getNextFrame 31.1 time 8378 usec
add frame 31.1 time sec 1590980035 usec 909271
src frame 32.0 time sec 1590980035 usec 909312
    Interpolator time 79975 usec
    getNextFrame 32.1 time 9008 usec
add frame 32.1 time sec 1590980035 usec 999737
src frame 33.0 time sec 1590980035 usec 999740
    Interpolator time 88052 usec
    getNextFrame 33.1 time 8445 usec
add frame 33.1 time sec 1590980036 usec 98358
src frame 34.0 time sec 1590980036 usec 98403
    Interpolator time 78254 usec
    getNextFrame 34.1 time 7931 usec
add frame 34.1 time sec 1590980036 usec 186188
src frame 35.0 time sec 1590980036 usec 186233
    Interpolator time 78244 usec
    getNextFrame 35.1 time 8469 usec
add frame 35.1 time sec 1590980036 usec 274207
src frame 36.0 time sec 1590980036 usec 274220
    Interpolator time 79907 usec
    getNextFrame 36.1 time 8659 usec
add frame 36.1 time sec 1590980036 usec 363972
src frame 37.0 time sec 1590980036 usec 364010
    Interpolator time 78828 usec
    getNextFrame 37.1 time 8608 usec
add frame 37.1 time sec 1590980036 usec 452761
src frame 38.0 time sec 1590980036 usec 452774
    Interpolator time 75718 usec
    getNextFrame 38.1 time 8044 usec
add frame 38.1 time sec 1590980036 usec 538118
src frame 39.0 time sec 1590980036 usec 538161
    Interpolator time 81386 usec
    getNextFrame 39.1 time 8861 usec
add frame 39.1 time sec 1590980036 usec 629623
src frame 40.0 time sec 1590980036 usec 629634
    Interpolator time 73732 usec
    getNextFrame 40.1 time 8046 usec
add frame 40.1 time sec 1590980036 usec 713355
src frame 41.0 time sec 1590980036 usec 713366
    Interpolator time 74246 usec
    getNextFrame 41.1 time 8469 usec
add frame 41.1 time sec 1590980036 usec 798199
src frame 42.0 time sec 1590980036 usec 798212
    Interpolator time 74020 usec
    getNextFrame 42.1 time 8008 usec
add frame 42.1 time sec 1590980036 usec 882343
src frame 43.0 time sec 1590980036 usec 882354
    Interpolator time 77750 usec
    getNextFrame 43.1 time 8107 usec
add frame 43.1 time sec 1590980036 usec 970290
src frame 44.0 time sec 1590980036 usec 970303
    Interpolator time 73374 usec
    getNextFrame 44.1 time 8505 usec
add frame 44.1 time sec 1590980037 usec 54212
src frame 45.0 time sec 1590980037 usec 54223
    Interpolator time 73768 usec
    getNextFrame 45.1 time 8109 usec
add frame 45.1 time sec 1590980037 usec 138197
src frame 46.0 time sec 1590980037 usec 138210
    Interpolator time 76062 usec
    getNextFrame 46.1 time 8326 usec
add frame 46.1 time sec 1590980037 usec 224701
src frame 47.0 time sec 1590980037 usec 224711
    Interpolator time 84088 usec
    getNextFrame 47.1 time 8149 usec
add frame 47.1 time sec 1590980037 usec 319038
src frame 48.0 time sec 1590980037 usec 319049
    Interpolator time 70483 usec
    getNextFrame 48.1 time 8256 usec
add frame 48.1 time sec 1590980037 usec 399934
src frame 49.0 time sec 1590980037 usec 399959
    Interpolator time 71561 usec
    getNextFrame 49.1 time 8069 usec
add frame 49.1 time sec 1590980037 usec 481729
src frame 50.0 time sec 1590980037 usec 481743
    Interpolator time 77381 usec
    getNextFrame 50.1 time 8542 usec
add frame 50.1 time sec 1590980037 usec 569838
src frame 51.0 time sec 1590980037 usec 569850
    Interpolator time 77928 usec
    getNextFrame 51.1 time 8444 usec
add frame 51.1 time sec 1590980037 usec 658446
src frame 52.0 time sec 1590980037 usec 658456
    Interpolator time 71277 usec
    getNextFrame 52.1 time 8695 usec
add frame 52.1 time sec 1590980037 usec 740540
src frame 53.0 time sec 1590980037 usec 740550
    Interpolator time 75666 usec
    getNextFrame 53.1 time 8334 usec
add frame 53.1 time sec 1590980037 usec 826831
src frame 54.0 time sec 1590980037 usec 826848
    Interpolator time 79405 usec
    getNextFrame 54.1 time 8031 usec
add frame 54.1 time sec 1590980037 usec 915588
src frame 55.0 time sec 1590980037 usec 915599
    Interpolator time 79427 usec
    getNextFrame 55.1 time 8178 usec
add frame 55.1 time sec 1590980038 usec 5230
src frame 56.0 time sec 1590980038 usec 5241
    Interpolator time 83651 usec
    getNextFrame 56.1 time 8727 usec
add frame 56.1 time sec 1590980038 usec 99751
src frame 57.0 time sec 1590980038 usec 99763
    Interpolator time 73007 usec
    getNextFrame 57.1 time 8377 usec
add frame 57.1 time sec 1590980038 usec 183179
src frame 58.0 time sec 1590980038 usec 183190
    Interpolator time 75159 usec
    getNextFrame 58.1 time 8562 usec
add frame 58.1 time sec 1590980038 usec 268973
src frame 59.0 time sec 1590980038 usec 268985
    Interpolator time 80459 usec
    getNextFrame 59.1 time 8637 usec
add frame 59.1 time sec 1590980038 usec 360057
src frame 60.0 time sec 1590980038 usec 360067
    Interpolator time 83075 usec
    getNextFrame 60.1 time 8169 usec
add frame 60.1 time sec 1590980038 usec 453381
src frame 61.0 time sec 1590980038 usec 453392
    Interpolator time 83192 usec
    getNextFrame 61.1 time 10020 usec
add frame 61.1 time sec 1590980038 usec 548649
src frame 62.0 time sec 1590980038 usec 548662
    Interpolator time 107400 usec
    getNextFrame 62.1 time 13844 usec
add frame 62.1 time sec 1590980038 usec 672028
src frame 63.0 time sec 1590980038 usec 672043
    Interpolator time 90411 usec
    getNextFrame 63.1 time 8018 usec
add frame 63.1 time sec 1590980038 usec 771905
src frame 64.0 time sec 1590980038 usec 771920
    Interpolator time 87380 usec
    getNextFrame 64.1 time 8460 usec
add frame 64.1 time sec 1590980038 usec 869292
src frame 65.0 time sec 1590980038 usec 869360
    Interpolator time 85245 usec
    getNextFrame 65.1 time 8385 usec
add frame 65.1 time sec 1590980038 usec 964348
src frame 66.0 time sec 1590980038 usec 964404
    Interpolator time 81210 usec
    getNextFrame 66.1 time 8103 usec
add frame 66.1 time sec 1590980039 usec 54999
src frame 67.0 time sec 1590980039 usec 55038
    Interpolator time 77542 usec
    getNextFrame 67.1 time 8427 usec
add frame 67.1 time sec 1590980039 usec 142373
src frame 68.0 time sec 1590980039 usec 142429
    Interpolator time 79150 usec
    getNextFrame 68.1 time 8440 usec
add frame 68.1 time sec 1590980039 usec 231394
src frame 69.0 time sec 1590980039 usec 231409
    Interpolator time 79391 usec
    getNextFrame 69.1 time 8238 usec
add frame 69.1 time sec 1590980039 usec 320406
src frame 70.0 time sec 1590980039 usec 320460
    Interpolator time 82219 usec
    getNextFrame 70.1 time 8268 usec
add frame 70.1 time sec 1590980039 usec 412270
src frame 71.0 time sec 1590980039 usec 412328
    Interpolator time 82537 usec
    getNextFrame 71.1 time 8398 usec
add frame 71.1 time sec 1590980039 usec 504577
src frame 72.0 time sec 1590980039 usec 504630
    Interpolator time 75990 usec
    getNextFrame 72.1 time 8258 usec
add frame 72.1 time sec 1590980039 usec 590194
src frame 73.0 time sec 1590980039 usec 590265
    Interpolator time 77865 usec
    getNextFrame 73.1 time 8207 usec
add frame 73.1 time sec 1590980039 usec 677661
src frame 74.0 time sec 1590980039 usec 677712
    Interpolator time 77252 usec
    getNextFrame 74.1 time 8395 usec
add frame 74.1 time sec 1590980039 usec 764680
src frame 75.0 time sec 1590980039 usec 764743
    Interpolator time 91268 usec
    getNextFrame 75.1 time 14727 usec
add frame 75.1 time sec 1590980039 usec 872223
src frame 76.0 time sec 1590980039 usec 872269
    Interpolator time 83462 usec
    getNextFrame 76.1 time 8278 usec
add frame 76.1 time sec 1590980039 usec 965455
src frame 77.0 time sec 1590980039 usec 965517
    Interpolator time 83347 usec
    getNextFrame 77.1 time 8275 usec
add frame 77.1 time sec 1590980040 usec 58531
src frame 78.0 time sec 1590980040 usec 58586
    Interpolator time 82804 usec
    getNextFrame 78.1 time 8430 usec
add frame 78.1 time sec 1590980040 usec 151197
src frame 79.0 time sec 1590980040 usec 151250
    Interpolator time 91710 usec
    getNextFrame 79.1 time 13466 usec
add frame 79.1 time sec 1590980040 usec 257775
src frame 80.0 time sec 1590980040 usec 257833
    Interpolator time 98912 usec
    getNextFrame 80.1 time 8844 usec
add frame 80.1 time sec 1590980040 usec 367667
src frame 81.0 time sec 1590980040 usec 367694
    Interpolator time 97299 usec
    getNextFrame 81.1 time 9043 usec
add frame 81.1 time sec 1590980040 usec 475591
src frame 82.0 time sec 1590980040 usec 475605
    Interpolator time 85284 usec
    getNextFrame 82.1 time 8399 usec
add frame 82.1 time sec 1590980040 usec 570598
src frame 83.0 time sec 1590980040 usec 570612
    Interpolator time 79893 usec
    getNextFrame 83.1 time 8437 usec
add frame 83.1 time sec 1590980040 usec 661215
src frame 84.0 time sec 1590980040 usec 661230
    Interpolator time 81029 usec
    getNextFrame 84.1 time 8520 usec
add frame 84.1 time sec 1590980040 usec 753034
src frame 85.0 time sec 1590980040 usec 753050
    Interpolator time 81506 usec
    getNextFrame 85.1 time 8261 usec
add frame 85.1 time sec 1590980040 usec 845075
src frame 86.0 time sec 1590980040 usec 845093
    Interpolator time 74459 usec
    getNextFrame 86.1 time 8408 usec
add frame 86.1 time sec 1590980040 usec 930182
src frame 87.0 time sec 1590980040 usec 930195
    Interpolator time 76981 usec
    getNextFrame 87.1 time 8304 usec
add frame 87.1 time sec 1590980041 usec 17678
src frame 88.0 time sec 1590980041 usec 17692
    Interpolator time 78712 usec
    getNextFrame 88.1 time 8276 usec
add frame 88.1 time sec 1590980041 usec 107029
src frame 89.0 time sec 1590980041 usec 107044
    Interpolator time 78145 usec
    getNextFrame 89.1 time 8521 usec
add frame 89.1 time sec 1590980041 usec 195972
src frame 90.0 time sec 1590980041 usec 195986
    Interpolator time 78336 usec
    getNextFrame 90.1 time 8404 usec
add frame 90.1 time sec 1590980041 usec 284919
src frame 91.0 time sec 1590980041 usec 284933
    Interpolator time 75258 usec
    getNextFrame 91.1 time 8329 usec
add frame 91.1 time sec 1590980041 usec 370756
src frame 92.0 time sec 1590980041 usec 370769
    Interpolator time 79138 usec
    getNextFrame 92.1 time 8301 usec
add frame 92.1 time sec 1590980041 usec 460532
src frame 93.0 time sec 1590980041 usec 460543
    Interpolator time 82643 usec
    getNextFrame 93.1 time 8702 usec
add frame 93.1 time sec 1590980041 usec 554070
src frame 94.0 time sec 1590980041 usec 554084
    Interpolator time 75150 usec
    getNextFrame 94.1 time 8563 usec
add frame 94.1 time sec 1590980041 usec 640097
src frame 95.0 time sec 1590980041 usec 640111
    Interpolator time 77096 usec
    getNextFrame 95.1 time 8649 usec
add frame 95.1 time sec 1590980041 usec 728041
src frame 96.0 time sec 1590980041 usec 728051
    Interpolator time 76675 usec
    getNextFrame 96.1 time 8555 usec
add frame 96.1 time sec 1590980041 usec 815464
src frame 97.0 time sec 1590980041 usec 815476
    Interpolator time 73051 usec
    getNextFrame 97.1 time 8630 usec
add frame 97.1 time sec 1590980041 usec 899354
src frame 98.0 time sec 1590980041 usec 899370
    Interpolator time 75536 usec
    getNextFrame 98.1 time 8487 usec
add frame 98.1 time sec 1590980041 usec 985658
src frame 99.0 time sec 1590980041 usec 985668
    Interpolator time 75955 usec
    getNextFrame 99.1 time 8252 usec
add frame 99.1 time sec 1590980042 usec 72032
src frame 100.0 time sec 15909