src frame 0.0 time sec 1590976205 usec 114976
    Interpolator time 66912 usec
    getNextFrame 0.1 time 11373 usec
add frame 0.1 time sec 1590976205 usec 238317
src frame 1.0 time sec 1590976205 usec 238399
    Interpolator time 65502 usec
    getNextFrame 1.1 time 10016 usec
add frame 1.1 time sec 1590976205 usec 317405
src frame 2.0 time sec 1590976205 usec 317497
    Interpolator time 65688 usec
    getNextFrame 2.1 time 15833 usec
add frame 2.1 time sec 1590976205 usec 402614
src frame 3.0 time sec 1590976205 usec 402628
    Interpolator time 64680 usec
    getNextFrame 3.1 time 11025 usec
add frame 3.1 time sec 1590976205 usec 483509
src frame 4.0 time sec 1590976205 usec 483528
    Interpolator time 62609 usec
    getNextFrame 4.1 time 10435 usec
add frame 4.1 time sec 1590976205 usec 560384
src frame 5.0 time sec 1590976205 usec 560471
    Interpolator time 61935 usec
    getNextFrame 5.1 time 9610 usec
add frame 5.1 time sec 1590976205 usec 635531
src frame 6.0 time sec 1590976205 usec 635577
    Interpolator time 64943 usec
    getNextFrame 6.1 time 9876 usec
add frame 6.1 time sec 1590976205 usec 713934
src frame 7.0 time sec 1590976205 usec 713982
    Interpolator time 60875 usec
    getNextFrame 7.1 time 9571 usec
add frame 7.1 time sec 1590976205 usec 788436
src frame 8.0 time sec 1590976205 usec 788480
    Interpolator time 61371 usec
    getNextFrame 8.1 time 11313 usec
add frame 8.1 time sec 1590976205 usec 881553
src frame 9.0 time sec 1590976205 usec 881565
    Interpolator time 69770 usec
    getNextFrame 9.1 time 10217 usec
add frame 9.1 time sec 1590976205 usec 966725
src frame 10.0 time sec 1590976205 usec 966740
    Interpolator time 64497 usec
    getNextFrame 10.1 time 9863 usec
add frame 10.1 time sec 1590976206 usec 46389
src frame 11.0 time sec 1590976206 usec 46403
    Interpolator time 65231 usec
    getNextFrame 11.1 time 9765 usec
add frame 11.1 time sec 1590976206 usec 126620
src frame 12.0 time sec 1590976206 usec 126657
    Interpolator time 63341 usec
    getNextFrame 12.1 time 10315 usec
add frame 12.1 time sec 1590976206 usec 203868
src frame 13.0 time sec 1590976206 usec 203955
    Interpolator time 62455 usec
    getNextFrame 13.1 time 9933 usec
add frame 13.1 time sec 1590976206 usec 279875
src frame 14.0 time sec 1590976206 usec 279938
    Interpolator time 63461 usec
    getNextFrame 14.1 time 9996 usec
add frame 14.1 time sec 1590976206 usec 356739
src frame 15.0 time sec 1590976206 usec 356755
    Interpolator time 60423 usec
    getNextFrame 15.1 time 11089 usec
add frame 15.1 time sec 1590976206 usec 431663
src frame 16.0 time sec 1590976206 usec 431676
    Interpolator time 64409 usec
    getNextFrame 16.1 time 10383 usec
add frame 16.1 time sec 1590976206 usec 509901
src frame 17.0 time sec 1590976206 usec 509917
    Interpolator time 63277 usec
    getNextFrame 17.1 time 10096 usec
add frame 17.1 time sec 1590976206 usec 586865
src frame 18.0 time sec 1590976206 usec 586877
    Interpolator time 62402 usec
    getNextFrame 18.1 time 10857 usec
add frame 18.1 time sec 1590976206 usec 663670
src frame 19.0 time sec 1590976206 usec 663741
    Interpolator time 64188 usec
    getNextFrame 19.1 time 10326 usec
add frame 19.1 time sec 1590976206 usec 741674
src frame 20.0 time sec 1590976206 usec 741716
    Interpolator time 62818 usec
    getNextFrame 20.1 time 10250 usec
add frame 20.1 time sec 1590976206 usec 818212
src frame 21.0 time sec 1590976206 usec 818257
    Interpolator time 65377 usec
    getNextFrame 21.1 time 10104 usec
add frame 21.1 time sec 1590976206 usec 897335
src frame 22.0 time sec 1590976206 usec 897350
    Interpolator time 67131 usec
    getNextFrame 22.1 time 10175 usec
add frame 22.1 time sec 1590976206 usec 978099
src frame 23.0 time sec 1590976206 usec 978112
    Interpolator time 62739 usec
    getNextFrame 23.1 time 10176 usec
add frame 23.1 time sec 1590976207 usec 54627
src frame 24.0 time sec 1590976207 usec 54669
    Interpolator time 60103 usec
    getNextFrame 24.1 time 10142 usec
add frame 24.1 time sec 1590976207 usec 128470
src frame 25.0 time sec 1590976207 usec 128513
    Interpolator time 64790 usec
    getNextFrame 25.1 time 15227 usec
add frame 25.1 time sec 1590976207 usec 212421
src frame 26.0 time sec 1590976207 usec 212452
    Interpolator time 72355 usec
    getNextFrame 26.1 time 10743 usec
add frame 26.1 time sec 1590976207 usec 300857
src frame 27.0 time sec 1590976207 usec 300869
    Interpolator time 61009 usec
    getNextFrame 27.1 time 10776 usec
add frame 27.1 time sec 1590976207 usec 377721
src frame 28.0 time sec 1590976207 usec 377732
    Interpolator time 63877 usec
    getNextFrame 28.1 time 9934 usec
add frame 28.1 time sec 1590976207 usec 456565
src frame 29.0 time sec 1590976207 usec 456576
    Interpolator time 62640 usec
    getNextFrame 29.1 time 9721 usec
add frame 29.1 time sec 1590976207 usec 534004
src frame 30.0 time sec 1590976207 usec 534015
    Interpolator time 61113 usec
    getNextFrame 30.1 time 10192 usec
add frame 30.1 time sec 1590976207 usec 610341
src frame 31.0 time sec 1590976207 usec 610354
    Interpolator time 62579 usec
    getNextFrame 31.1 time 10574 usec
add frame 31.1 time sec 1590976207 usec 688486
src frame 32.0 time sec 1590976207 usec 688497
    Interpolator time 65675 usec
    getNextFrame 32.1 time 10781 usec
add frame 32.1 time sec 1590976207 usec 770223
src frame 33.0 time sec 1590976207 usec 770234
    Interpolator time 62267 usec
    getNextFrame 33.1 time 9897 usec
add frame 33.1 time sec 1590976207 usec 847568
src frame 34.0 time sec 1590976207 usec 847580
    Interpolator time 61224 usec
    getNextFrame 34.1 time 9972 usec
add frame 34.1 time sec 1590976207 usec 923969
src frame 35.0 time sec 1590976207 usec 924009
    Interpolator time 62766 usec
    getNextFrame 35.1 time 9818 usec
add frame 35.1 time sec 1590976208 usec 177
src frame 36.0 time sec 1590976208 usec 220
    Interpolator time 64458 usec
    getNextFrame 36.1 time 9936 usec
add frame 36.1 time sec 1590976208 usec 78159
src frame 37.0 time sec 1590976208 usec 78173
    Interpolator time 65222 usec
    getNextFrame 37.1 time 10344 usec
add frame 37.1 time sec 1590976208 usec 157261
src frame 38.0 time sec 1590976208 usec 157271
    Interpolator time 63307 usec
    getNextFrame 38.1 time 10456 usec
add frame 38.1 time sec 1590976208 usec 234529
src frame 39.0 time sec 1590976208 usec 234569
    Interpolator time 61371 usec
    getNextFrame 39.1 time 9797 usec
add frame 39.1 time sec 1590976208 usec 309193
src frame 40.0 time sec 1590976208 usec 309254
    Interpolator time 65587 usec
    getNextFrame 40.1 time 10388 usec
add frame 40.1 time sec 1590976208 usec 388853
src frame 41.0 time sec 1590976208 usec 388895
    Interpolator time 62560 usec
    getNextFrame 41.1 time 9980 usec
add frame 41.1 time sec 1590976208 usec 464904
src frame 42.0 time sec 1590976208 usec 464945
    Interpolator time 62435 usec
    getNextFrame 42.1 time 9984 usec
add frame 42.1 time sec 1590976208 usec 540982
src frame 43.0 time sec 1590976208 usec 541025
    Interpolator time 61381 usec
    getNextFrame 43.1 time 9550 usec
add frame 43.1 time sec 1590976208 usec 615384
src frame 44.0 time sec 1590976208 usec 615433
    Interpolator time 60379 usec
    getNextFrame 44.1 time 9858 usec
add frame 44.1 time sec 1590976208 usec 689053
src frame 45.0 time sec 1590976208 usec 689097
    Interpolator time 65922 usec
    getNextFrame 45.1 time 10150 usec
add frame 45.1 time sec 1590976208 usec 768674
src frame 46.0 time sec 1590976208 usec 768721
    Interpolator time 62131 usec
    getNextFrame 46.1 time 10257 usec
add frame 46.1 time sec 1590976208 usec 844696
src frame 47.0 time sec 1590976208 usec 844710
    Interpolator time 60820 usec
    getNextFrame 47.1 time 9700 usec
add frame 47.1 time sec 1590976208 usec 918572
src frame 48.0 time sec 1590976208 usec 918615
    Interpolator time 61880 usec
    getNextFrame 48.1 time 10113 usec
add frame 48.1 time sec 1590976208 usec 994192
src frame 49.0 time sec 1590976208 usec 994234
    Interpolator time 61625 usec
    getNextFrame 49.1 time 10064 usec
add frame 49.1 time sec 1590976209 usec 69332
src frame 50.0 time sec 1590976209 usec 69398
    Interpolator time 61246 usec
    getNextFrame 50.1 time 13997 usec
add frame 50.1 time sec 1590976209 usec 149029
src frame 51.0 time sec 1590976209 usec 149059
    Interpolator time 63940 usec
    getNextFrame 51.1 time 10122 usec
add frame 51.1 time sec 1590976209 usec 226465
src frame 52.0 time sec 1590976209 usec 226506
    Interpolator time 61011 usec
    getNextFrame 52.1 time 10080 usec
add frame 52.1 time sec 1590976209 usec 301207
src frame 53.0 time sec 1590976209 usec 301222
    Interpolator time 59143 usec
    getNextFrame 53.1 time 10122 usec
add frame 53.1 time sec 1590976209 usec 373985
src frame 54.0 time sec 1590976209 usec 373999
    Interpolator time 61731 usec
    getNextFrame 54.1 time 10012 usec
add frame 54.1 time sec 1590976209 usec 449389
src frame 55.0 time sec 1590976209 usec 449407
    Interpolator time 60117 usec
    getNextFrame 55.1 time 10672 usec
add frame 55.1 time sec 1590976209 usec 523629
src frame 56.0 time sec 1590976209 usec 523649
    Interpolator time 65007 usec
    getNextFrame 56.1 time 9971 usec
add frame 56.1 time sec 1590976209 usec 603621
src frame 57.0 time sec 1590976209 usec 603664
    Interpolator time 62743 usec
    getNextFrame 57.1 time 10897 usec
add frame 57.1 time sec 1590976209 usec 680917
src frame 58.0 time sec 1590976209 usec 680998
    Interpolator time 66335 usec
    getNextFrame 58.1 time 10107 usec
add frame 58.1 time sec 1590976209 usec 760838
src frame 59.0 time sec 1590976209 usec 760931
    Interpolator time 63785 usec
    getNextFrame 59.1 time 10558 usec
add frame 59.1 time sec 1590976209 usec 838794
src frame 60.0 time sec 1590976209 usec 838813
    Interpolator time 64742 usec
    getNextFrame 60.1 time 10158 usec
add frame 60.1 time sec 1590976209 usec 917077
src frame 61.0 time sec 1590976209 usec 917095
    Interpolator time 65144 usec
    getNextFrame 61.1 time 10226 usec
add frame 61.1 time sec 1590976209 usec 995984
src frame 62.0 time sec 1590976209 usec 996025
    Interpolator time 63131 usec
    getNextFrame 62.1 time 10579 usec
add frame 62.1 time sec 1590976210 usec 73445
src frame 63.0 time sec 1590976210 usec 73484
    Interpolator time 66072 usec
    getNextFrame 63.1 time 15117 usec
add frame 63.1 time sec 1590976210 usec 158385
src frame 64.0 time sec 1590976210 usec 158424
    Interpolator time 71161 usec
    getNextFrame 64.1 time 15113 usec
add frame 64.1 time sec 1590976210 usec 249921
src frame 65.0 time sec 1590976210 usec 249964
    Interpolator time 72183 usec
    getNextFrame 65.1 time 12847 usec
add frame 65.1 time sec 1590976210 usec 340118
src frame 66.0 time sec 1590976210 usec 340134
    Interpolator time 67181 usec
    getNextFrame 66.1 time 10133 usec
add frame 66.1 time sec 1590976210 usec 422782
src frame 67.0 time sec 1590976210 usec 422835
    Interpolator time 70042 usec
    getNextFrame 67.1 time 14975 usec
add frame 67.1 time sec 1590976210 usec 512881
src frame 68.0 time sec 1590976210 usec 512920
    Interpolator time 63090 usec
    getNextFrame 68.1 time 9345 usec
add frame 68.1 time sec 1590976210 usec 590645
src frame 69.0 time sec 1590976210 usec 590730
    Interpolator time 60096 usec
    getNextFrame 69.1 time 9996 usec
add frame 69.1 time sec 1590976210 usec 664555
src frame 70.0 time sec 1590976210 usec 664643
    Interpolator time 63212 usec
    getNextFrame 70.1 time 9555 usec
add frame 70.1 time sec 1590976210 usec 740884
src frame 71.0 time sec 1590976210 usec 740968
    Interpolator time 61608 usec
    getNextFrame 71.1 time 9849 usec
add frame 71.1 time sec 1590976210 usec 815779
src frame 72.0 time sec 1590976210 usec 815841
    Interpolator time 60104 usec
    getNextFrame 72.1 time 9879 usec
add frame 72.1 time sec 1590976210 usec 889192
src frame 73.0 time sec 1590976210 usec 889235
    Interpolator time 60652 usec
    getNextFrame 73.1 time 9867 usec
add frame 73.1 time sec 1590976210 usec 963275
src frame 74.0 time sec 1590976210 usec 963291
    Interpolator time 65035 usec
    getNextFrame 74.1 time 9738 usec
add frame 74.1 time sec 1590976211 usec 41480
src frame 75.0 time sec 1590976211 usec 41507
    Interpolator time 62684 usec
    getNextFrame 75.1 time 10678 usec
add frame 75.1 time sec 1590976211 usec 118350
src frame 76.0 time sec 1590976211 usec 118364
    Interpolator time 64771 usec
    getNextFrame 76.1 time 11275 usec
add frame 76.1 time sec 1590976211 usec 198216
src frame 77.0 time sec 1590976211 usec 198258
    Interpolator time 64334 usec
    getNextFrame 77.1 time 11074 usec
add frame 77.1 time sec 1590976211 usec 277304
src frame 78.0 time sec 1590976211 usec 277317
    Interpolator time 62397 usec
    getNextFrame 78.1 time 10533 usec
add frame 78.1 time sec 1590976211 usec 353800
src frame 79.0 time sec 1590976211 usec 353842
    Interpolator time 60437 usec
    getNextFrame 79.1 time 9959 usec
add frame 79.1 time sec 1590976211 usec 427627
src frame 80.0 time sec 1590976211 usec 427669
    Interpolator time 65587 usec
    getNextFrame 80.1 time 10029 usec
add frame 80.1 time sec 1590976211 usec 507604
src frame 81.0 time sec 1590976211 usec 507617
    Interpolator time 60739 usec
    getNextFrame 81.1 time 10414 usec
add frame 81.1 time sec 1590976211 usec 582064
src frame 82.0 time sec 1590976211 usec 582081
    Interpolator time 62311 usec
    getNextFrame 82.1 time 9979 usec
add frame 82.1 time sec 1590976211 usec 657678
src frame 83.0 time sec 1590976211 usec 657719
    Interpolator time 63417 usec
    getNextFrame 83.1 time 10206 usec
add frame 83.1 time sec 1590976211 usec 734926
src frame 84.0 time sec 1590976211 usec 734940
    Interpolator time 60565 usec
    getNextFrame 84.1 time 10412 usec
add frame 84.1 time sec 1590976211 usec 809586
src frame 85.0 time sec 1590976211 usec 809599
    Interpolator time 63049 usec
    getNextFrame 85.1 time 10376 usec
add frame 85.1 time sec 1590976211 usec 886351
src frame 86.0 time sec 1590976211 usec 886366
    Interpolator time 63195 usec
    getNextFrame 86.1 time 10443 usec
add frame 86.1 time sec 1590976211 usec 963310
src frame 87.0 time sec 1590976211 usec 963325
    Interpolator time 63792 usec
    getNextFrame 87.1 time 11078 usec
add frame 87.1 time sec 1590976212 usec 42340
src frame 88.0 time sec 1590976212 usec 42383
    Interpolator time 62731 usec
    getNextFrame 88.1 time 10700 usec
add frame 88.1 time sec 1590976212 usec 119493
src frame 89.0 time sec 1590976212 usec 119539
    Interpolator time 64196 usec
    getNextFrame 89.1 time 10316 usec
add frame 89.1 time sec 1590976212 usec 197684
src frame 90.0 time sec 1590976212 usec 197697
    Interpolator time 61147 usec
    getNextFrame 90.1 time 12628 usec
add frame 90.1 time sec 1590976212 usec 274879
src frame 91.0 time sec 1590976212 usec 274894
    Interpolator time 63662 usec
    getNextFrame 91.1 time 9692 usec
add frame 91.1 time sec 1590976212 usec 351635
src frame 92.0 time sec 1590976212 usec 351649
    Interpolator time 60452 usec
    getNextFrame 92.1 time 10079 usec
add frame 92.1 time sec 1590976212 usec 425980
src frame 93.0 time sec 1590976212 usec 425993
    Interpolator time 61187 usec
    getNextFrame 93.1 time 15580 usec
add frame 93.1 time sec 1590976212 usec 506097
src frame 94.0 time sec 1590976212 usec 506115
    Interpolator time 64850 usec
    getNextFrame 94.1 time 9670 usec
add frame 94.1 time sec 1590976212 usec 585697
src frame 95.0 time sec 1590976212 usec 585783
    Interpolator time 60430 usec
    getNextFrame 95.1 time 9772 usec
add frame 95.1 time sec 1590976212 usec 659327
src frame 96.0 time sec 1590976212 usec 659430
    Interpolator time 62194 usec
    getNextFrame 96.1 time 9722 usec
add frame 96.1 time sec 1590976212 usec 734671
src frame 97.0 time sec 1590976212 usec 734752
    Interpolator time 60569 usec
    getNextFrame 97.1 time 10083 usec
add frame 97.1 time sec 1590976212 usec 808770
src frame 98.0 time sec 1590976212 usec 808785
    Interpolator time 64448 usec
    getNextFrame 98.1 time 9601 usec
add frame 98.1 time sec 1590976212 usec 886191
src frame 99.0 time sec 1590976212 usec 886204
    Interpolator time 61619 usec
    getNextFrame 99.1 time 10514 usec
add frame 99.1 time sec 1590976212 usec 961697
src frame 100.0 time sec 1590976212 usec 961726
    Interpolator time 61018 usec
    getNextFrame 100.1 time 10777 usec
add frame 100.1 time sec 1590976213 usec 37932
src frame 101.0 time sec 1590976213 usec 37943
    Interpolator time 64174 usec
    getNextFrame 101.1 time 9968 usec
add frame 101.1 time sec 1590976213 usec 117197
src frame 102.0 time sec 1590976213 usec 117207
    Interpolator time 62581 usec
    getNextFrame 102.1 time 10677 usec
add frame 102.1 time sec 1590976213 usec 195680
src frame 103.0 time sec 1590976213 usec 195692
    Interpolator time 61807 usec
    getNextFrame 103.1 time 10950 usec
add frame 103.1 time sec 1590976213 usec 271901
src frame 104.0 time sec 1590976213 usec 271987
    Interpolator time 62464 usec
    getNextFrame 104.1 time 10566 usec
add frame 104.1 time sec 1590976213 usec 348655
src frame 105.0 time sec 1590976213 usec 348738
    Interpolator time 64696 usec
    getNextFrame 105.1 time 10634 usec
add frame 105.1 time sec 1590976213 usec 427420
src frame 106.0 time sec 1590976213 usec 427440
    Interpolator time 60915 usec
    getNextFrame 106.1 time 9983 usec
add frame 106.1 time sec 1590976213 usec 501687
src frame 107.0 time sec 1590976213 usec 501764
    Interpolator time 61814 usec
    getNextFrame 107.1 time 10769 usec
add frame 107.1 time sec 1590976213 usec 577771
src frame 108.0 time sec 1590976213 usec 577856
    Interpolator time 62723 usec
    getNextFrame 108.1 time 10307 usec
add frame 108.1 time sec 1590976213 usec 654295
src frame 109.0 time sec 1590976213 usec 654399
    Interpolator time 62030 usec
    getNextFrame 109.1 time 10878 usec
add frame 109.1 time sec 1590976213 usec 730565
src frame 110.0 time sec 1590976213 usec 730578
    Interpolator time 61828 usec
    getNextFrame 110.1 time 10262 usec
add frame 110.1 time sec 1590976213 usec 806243
src frame 111.0 time sec 1590976213 usec 806260
    Interpolator time 60938 usec
    getNextFrame 111.1 time 10393 usec
add frame 111.1 time sec 1590976213 usec 881021
src frame 112.0 time sec 1590976213 usec 881036
    Interpolator time 61441 usec
    getNextFrame 112.1 time 10131 usec
add frame 112.1 time sec 1590976213 usec 956006
src frame 113.0 time sec 1590976213 usec 956022
    Interpolator time 64915 usec
    getNextFrame 113.1 time 10598 usec
add frame 113.1 time sec 1590976214 usec 35345
src frame 114.0 time sec 1590976214 usec 35359
    Interpolator time 62362 usec
    getNextFrame 114.1 time 10150 usec
add frame 114.1 time sec 1590976214 usec 111206
src frame 115.0 time sec 1590976214 usec 111221
    Interpolator time 64169 usec
    getNextFrame 115.1 time 10251 usec
add frame 115.1 time sec 1590976214 usec 189104
src frame 116.0 time sec 1590976214 usec 189117
    Interpolator time 62885 usec
    getNextFrame 116.1 time 10083 usec
add frame 116.1 time sec 1590976214 usec 265427
src frame 117.0 time sec 1590976214 usec 265442
    Interpolator time 66262 usec
    getNextFrame 117.1 time 10612 usec
add frame 117.1 time sec 1590976214 usec 345611
src frame 118.0 time sec 1590976214 usec 345626
    Interpolator time 63579 usec
    getNextFrame 118.1 time 10288 usec
add frame 118.1 time sec 1590976214 usec 422846
src frame 119.0 time sec 1590976214 usec 422862
    Interpolator time 63330 usec
    getNextFrame 119.1 time 10466 usec
add frame 119.1 time sec 1590976214 usec 500145
src frame 120.0 time sec 1590976214 usec 500157
    Interpolator time 61137 usec
    getNextFrame 120.1 time 9933 usec
add frame 120.1 time sec 1590976214 usec 574653
src frame 121.0 time sec 1590976214 usec 574668
    Interpolator time 60385 usec
    getNextFrame 121.1 time 9748 usec
add frame 121.1 time sec 1590976214 usec 648215
src frame 122.0 time sec 1590976214 usec 648258
    Interpolator time 60546 usec
    getNextFrame 122.1 time 10171 usec
add frame 122.1 time sec 1590976214 usec 722466
src frame 123.0 time sec 1590976214 usec 722508
    Interpolator time 65100 usec
    getNextFrame 123.1 time 9917 usec
add frame 123.1 time sec 1590976214 usec 800972
src frame 124.0 time sec 1590976214 usec 801016
    Interpolator time 61557 usec
    getNextFrame 124.1 time 14251 usec
add frame 124.1 time sec 1590976214 usec 880657
src frame 125.0 time sec 1590976214 usec 880670
    Interpolator time 63352 usec
    getNextFrame 125.1 time 10344 usec
add frame 125.1 time sec 1590976214 usec 957818
src frame 126.0 time sec 1590976214 usec 957833
    Interpolator time 63023 usec
    getNextFrame 126.1 time 9938 usec
add frame 126.1 time sec 1590976215 usec 34237
src frame 127.0 time sec 1590976215 usec 34253
    Interpolator time 67524 usec
    getNextFrame 127.1 time 10208 usec
add frame 127.1 time sec 1590976215 usec 115473
src frame 128.0 time sec 1590976215 usec 115832
    Interpolator time 63057 usec
    getNextFrame 128.1 time 10173 usec
add frame 128.1 time sec 1590976215 usec 192868
src frame 129.0 time sec 1590976215 usec 192881
    Interpolator time 64431 usec
    getNextFrame 129.1 time 10024 usec
add frame 129.1 time sec 1590976215 usec 270862
src frame 130.0 time sec 1590976215 usec 270874
    Interpolator time 67098 usec
    getNextFrame 130.1 time 9675 usec
add frame 130.1 time sec 1590976215 usec 351684
src frame 131.0 time sec 1590976215 usec 351698
    Interpolator time 62109 usec
    getNextFrame 131.1 time 12006 usec
add frame 131.1 time sec 1590976215 usec 429391
src frame 132.0 time sec 1590976215 usec 429405
    Interpolator time 69583 usec
    getNextFrame 132.1 time 12735 usec
add frame 132.1 time sec 1590976215 usec 516683
src frame 133.0 time sec 1590976215 usec 516753
    Interpolator time 63275 usec
    getNextFrame 133.1 time 10011 usec
add frame 133.1 time sec 1590976215 usec 593706
src frame 134.0 time sec 1590976215 usec 593775
    Interpolator time 63276 usec
    getNextFrame 134.1 time 9973 usec
add frame 134.1 time sec 1590976215 usec 670587
src frame 135.0 time sec 1590976215 usec 670683
    Interpolator time 65153 usec
    getNextFrame 135.1 time 10076 usec
add frame 135.1 time sec 1590976215 usec 749727
src frame 136.0 time sec 1590976215 usec 749823
    Interpolator time 62567 usec
    getNextFrame 136.1 time 9837 usec
add frame 136.1 time sec 1590976215 usec 825668
src frame 137.0 time sec 1590976215 usec 825707
    Interpolator time 57221 usec
    getNextFrame 137.1 time 10343 usec
add frame 137.1 time sec 1590976215 usec 897229
src frame 138.0 time sec 1590976215 usec 897328
    Interpolator time 57535 usec
    getNextFrame 138.1 time 10223 usec
add frame 138.1 time sec 1590976215 usec 968612
src frame 139.0 time sec 1590976215 usec 968674
    Interpolator time 63524 usec
    getNextFrame 139.1 time 10314 usec
add frame 139.1 time sec 1590976216 usec 46164
src frame 140.0 time sec 1590976216 usec 46204
    Interpolator time 60208 usec
    getNextFrame 140.1 time 10517 usec
add frame 140.1 time sec 1590976216 usec 120361
src frame 141.0 time sec 1590976216 usec 120402
    Interpolator time 60019 usec
    getNextFrame 141.1 time 10216 usec
add frame 141.1 time sec 1590976216 usec 194511
src frame 142.0 time sec 1590976216 usec 194548
    Interpolator time 60581 usec
    getNextFrame 142.1 time 10368 usec
add frame 142.1 time sec 1590976216 usec 269017
src frame 143.0 time sec 1590976216 usec 269064
    Interpolator time 60788 usec
    getNextFrame 143.1 time 10643 usec
add frame 143.1 time sec 1590976216 usec 344035
src frame 144.0 time sec 1590976216 usec 344049
    Interpolator time 59160 usec
    getNextFrame 144.1 time 9992 usec
add frame 144.1 time sec 1590976216 usec 416429
src frame 145.0 time sec 1590976216 usec 416491
    Interpolator time 59435 usec
    getNextFrame 145.1 time 10313 usec
add frame 145.1 time sec 1590976216 usec 489819
src frame 146.0 time sec 1590976216 usec 489861
    Interpolator time 55504 usec
    getNextFrame 146.1 time 10240 usec
add frame 146.1 time sec 1590976216 usec 559000
src frame 147.0 time sec 1590976216 usec 559052
    Interpolator time 63489 usec
    getNextFrame 147.1 time 10029 usec
add frame 147.1 time sec 1590976216 usec 636286
src frame 148.0 time sec 1590976216 usec 636331
    Interpolator time 55939 usec
    getNextFrame 148.1 time 10341 usec
add frame 148.1 time sec 1590976216 usec 706016
src frame 149.0 time sec 1590976216 usec 706034
    Interpolator time 67276 usec
    getNextFrame 149.1 time 10531 usec
add frame 149.1 time sec 1590976216 usec 787408
src frame 150.0 time sec 1590976216 usec 787421
    Interpolator time 57890 usec
    getNextFrame 150.1 time 10052 usec
add frame 150.1 time sec 1590976216 usec 858810
src frame 151.0 time sec 1590976216 usec 858876
    Interpolator time 60645 usec
    getNextFrame 151.1 time 9968 usec
add frame 151.1 time sec 1590976216 usec 933013
src frame 152.0 time sec 1590976216 usec 933057
    Interpolator time 55105 usec
    getNextFrame 152.1 time 10405 usec
add frame 152.1 time sec 1590976217 usec 1891
src frame 153.0 time sec 1590976217 usec 1932
    Interpolator time 57494 usec
    getNextFrame 153.1 time 9937 usec
add frame 153.1 time sec 1590976217 usec 72870
src frame 154.0 time sec 1590976217 usec 72913
    Interpolator time 57551 usec
    getNextFrame 154.1 time 10478 usec
add frame 154.1 time sec 1590976217 usec 145002
src frame 155.0 time sec 1590976217 usec 145043
    Interpolator time 57769 usec
    getNextFrame 155.1 time 10630 usec
add frame 155.1 time sec 1590976217 usec 216842
src frame 156.0 time sec 1590976217 usec 216907
    Interpolator time 62048 usec
    getNextFrame 156.1 time 10476 usec
add frame 156.1 time sec 1590976217 usec 292958
src frame 157.0 time sec 1590976217 usec 293000
    Interpolator time 59572 usec
    getNextFrame 157.1 time 10211 usec
add frame 157.1 time sec 1590976217 usec 366183
src frame 158.0 time sec 1590976217 usec 366232
    Interpolator time 60809 usec
    getNextFrame 158.1 time 10880 usec
add frame 158.1 time sec 1590976217 usec 441891
src frame 159.0 time sec 1590976217 usec 441903
    Interpolator time 59645 usec
    getNextFrame 159.1 time 10600 usec
add frame 159.1 time sec 1590976217 usec 517146
src frame 160.0 time sec 1590976217 usec 517157
    Interpolator time 59988 usec
    getNextFrame 160.1 time 9460 usec
add frame 160.1 time sec 1590976217 usec 591557
src frame 161.0 time sec 1590976217 usec 591569
    Interpolator time 58443 usec
    getNextFrame 161.1 time 10128 usec
add frame 161.1 time sec 1590976217 usec 665542
src frame 162.0 time sec 1590976217 usec 665552
    Interpolator time 57908 usec
    getNextFrame 162.1 time 9803 usec
add frame 162.1 time sec 1590976217 usec 738218
src frame 163.0 time sec 1590976217 usec 738262
    Interpolator time 56414 usec
    getNextFrame 163.1 time 10094 usec
add frame 163.1 time sec 1590976217 usec 808222
src frame 164.0 time sec 1590976217 usec 808263
    Interpolator time 54954 usec
    getNextFrame 164.1 time 10663 usec
add frame 164.1 time sec 1590976217 usec 877731
src frame 165.0 time sec 1590976217 usec 877772
    Interpolator time 55323 usec
    getNextFrame 165.1 time 10082 usec
add frame 165.1 time sec 1590976217 usec 946593
src frame 166.0 time sec 1590976217 usec 946634
    Interpolator time 59900 usec
    getNextFrame 166.1 time 10293 usec
add frame 166.1 time sec 1590976218 usec 20215
src frame 167.0 time sec 1590976218 usec 20257
    Interpolator time 60523 usec
    getNextFrame 167.1 time 9927 usec
add frame 167.1 time sec 1590976218 usec 94284
src frame 168.0 time sec 1590976218 usec 94342
    Interpolator time 59168 usec
    getNextFrame 168.1 time 9847 usec
add frame 168.1 time sec 1590976218 usec 166830
src frame 169.0 time sec 1590976218 usec 166895
    Interpolator time 58186 usec
    getNextFrame 169.1 time 10041 usec
add frame 169.1 time sec 1590976218 usec 238505
src frame 170.0 time sec 1590976218 usec 238550
    Interpolator time 55869 usec
    getNextFrame 170.1 time 10040 usec
add frame 170.1 time sec 1590976218 usec 307946
src frame 171.0 time sec 1590976218 usec 307987
    Interpolator time 56477 usec
    getNextFrame 171.1 time 9858 usec
add frame 171.1 time sec 1590976218 usec 377859
src frame 172.0 time sec 1590976218 usec 377901
    Interpolator time 54092 usec
    getNextFrame 172.1 time 9840 usec
add frame 172.1 time sec 1590976218 usec 445270
src frame 173.0 time sec 1590976218 usec 445311
    Interpolator time 58054 usec
    getNextFrame 173.1 time 10784 usec
add frame 173.1 time sec 1590976218 usec 517717
src frame 174.0 time sec 1590976218 usec 517727
    Interpolator time 59522 usec
    getNextFrame 174.1 time 10002 usec
add frame 174.1 time sec 1590976218 usec 590864
src frame 175.0 time sec 1590976218 usec 590877
    Interpolator time 56346 usec
    getNextFrame 175.1 time 10280 usec
add frame 175.1 time sec 1590976218 usec 660787
src frame 176.0 time sec 1590976218 usec 660852
    Interpolator time 61653 usec
    getNextFrame 176.1 time 9729 usec
add frame 176.1 time sec 1590976218 usec 735582
src frame 177.0 time sec 1590976218 usec 735640
    Interpolator time 53875 usec
    getNextFrame 177.1 time 10499 usec
add frame 177.1 time sec 1590976218 usec 803477
src frame 178.0 time sec 1590976218 usec 803548
    Interpolator time 53639 usec
    getNextFrame 178.1 time 9322 usec
add frame 178.1 time sec 1590976218 usec 869993
src frame 179.0 time sec 1590976218 usec 870054
    Interpolator time 58562 usec
    getNextFrame 179.1 time 9678 usec
add frame 179.1 time sec 1590976218 usec 941813
src frame 180.0 time sec 1590976218 usec 941855
    Interpolator time 58889 usec
    getNextFrame 180.1 time 10966 usec
add frame 180.1 time sec 1590976219 usec 15196
src frame 181.0 time sec 1590976219 usec 15212
    Interpolator time 60383 usec
    getNextFrame 181.1 time 10660 usec
add frame 181.1 time sec 1590976219 usec 89718
src frame 182.0 time sec 1590976219 usec 89762
    Interpolator time 59994 usec
    getNextFrame 182.1 time 10845 usec
add frame 182.1 time sec 1590976219 usec 164559
src frame 183.0 time sec 1590976219 usec 164622
    Interpolator time 57971 usec
    getNextFrame 183.1 time 10279 usec
add frame 183.1 time sec 1590976219 usec 236299
src frame 184.0 time sec 1590976219 usec 236341
    Interpolator time 56255 usec
    getNextFrame 184.1 time 10391 usec
add frame 184.1 time sec 1590976219 usec 306309
src frame 185.0 time sec 1590976219 usec 306322
    Interpolator time 56699 usec
    getNextFrame 185.1 time 10321 usec
add frame 185.1 time sec 1590976219 usec 376971
src frame 186.0 time sec 1590976219 usec 376985
    Interpolator time 57490 usec
    getNextFrame 186.1 time 9910 usec
add frame 186.1 time sec 1590976219 usec 447686
src frame 187.0 time sec 1590976219 usec 447699
    Interpolator time 60906 usec
    getNextFrame 187.1 time 10639 usec
add frame 187.1 time sec 1590976219 usec 522540
src frame 188.0 time sec 1590976219 usec 522580
    Interpolator time 59590 usec
    getNextFrame 188.1 time 9608 usec
add frame 188.1 time sec 1590976219 usec 595467
src frame 189.0 time sec 1590976219 usec 595510
    Interpolator time 58556 usec
    getNextFrame 189.1 time 9969 usec
add frame 189.1 time sec 1590976219 usec 667741
src frame 190.0 time sec 1590976219 usec 667769
    Interpolator time 61912 usec
    getNextFrame 190.1 time 10548 usec
add frame 190.1 time sec 1590976219 usec 743600
src frame 191.0 time sec 1590976219 usec 743613
    Interpolator time 61418 usec
    getNextFrame 191.1 time 9686 usec
add frame 191.1 time sec 1590976219 usec 818068
src frame 192.0 time sec 1590976219 usec 818133
    Interpolator time 59726 usec
    getNextFrame 192.1 time 9956 usec
add frame 192.1 time sec 1590976219 usec 891419
src frame 193.0 time sec 1590976219 usec 891457
    Interpolator time 58579 usec
    getNextFrame 193.1 time 9746 usec
add frame 193.1 time sec 1590976219 usec 963294
src frame 194.0 time sec 1590976219 usec 963363
    Interpolator time 62435 usec
    getNextFrame 194.1 time 10735 usec
add frame 194.1 time sec 1590976220 usec 40292
src frame 195.0 time sec 1590976220 usec 40306
    Interpolator time 58847 usec
    getNextFrame 195.1 time 11033 usec
add frame 195.1 time sec 1590976220 usec 113427
src frame 196.0 time sec 1590976220 usec 113490
    Interpolator time 59493 usec
    getNextFrame 196.1 time 9819 usec
add frame 196.1 time sec 1590976220 usec 186179
src frame 197.0 time sec 1590976220 usec 186223
    Interpolator time 55996 usec
    getNextFrame 197.1 time 9877 usec
add frame 197.1 time sec 1590976220 usec 255577
src frame 198.0 time sec 1590976220 usec 255616
    Interpolator time 64723 usec
    getNextFrame 198.1 time 10087 usec
add frame 198.1 time sec 1590976220 usec 334201
src frame 199.0 time sec 1590976220 usec 334214
    Interpolator time 58637 usec
    getNextFrame 199.1 time 10982 usec
add frame 199.1 time sec 1590976220 usec 407155
src frame 200.0 time sec 1590976220 usec 407165
    Interpolator time 58193 usec
    getNextFrame 200.1 time 10236 usec
add frame 200.1 time sec 1590976220 usec 478998
src frame 201.0 time sec 1590976220 usec 479044
    Interpolator time 55596 usec
    getNextFrame 201.1 time 9984 usec
add frame 201.1 time sec 1590976220 usec 548304
src frame 202.0 time sec 1590976220 usec 548314
    Interpolator time 58546 usec
    getNextFrame 202.1 time 9589 usec
add frame 202.1 time sec 1590976220 usec 621462
src frame 203.0 time sec 1590976220 usec 621502
    Interpolator time 59208 usec
    getNextFrame 203.1 time 10344 usec
add frame 203.1 time sec 1590976220 usec 694604
src frame 204.0 time sec 1590976220 usec 694647
    Interpolator time 58849 usec
    getNextFrame 204.1 time 9844 usec
add frame 204.1 time sec 1590976220 usec 766908
src frame 205.0 time sec 1590976220 usec 766919
    Interpolator time 61597 usec
    getNextFrame 205.1 time 9882 usec
add frame 205.1 time sec 1590976220 usec 843466
src frame 206.0 time sec 1590976220 usec 843477
    Interpolator time 59573 usec
    getNextFrame 206.1 time 10166 usec
add frame 206.1 time sec 1590976220 usec 918179
src frame 207.0 time sec 1590976220 usec 918191
    Interpolator time 59539 usec
    getNextFrame 207.1 time 10819 usec
add frame 207.1 time sec 1590976220 usec 993879
src frame 208.0 time sec 1590976220 usec 993890
    Interpolator time 59402 usec
    getNextFrame 208.1 time 10064 usec
add frame 208.1 time sec 1590976221 usec 68321
src frame 209.0 time sec 1590976221 usec 68379
    Interpolator time 57651 usec
    getNextFrame 209.1 time 9869 usec
add frame 209.1 time sec 1590976221 usec 139465
src frame 210.0 time sec 1590976221 usec 139507
    Interpolator time 57643 usec
    getNextFrame 210.1 time 10265 usec
add frame 210.1 time sec 1590976221 usec 210796
src frame 211.0 time sec 1590976221 usec 210874
    Interpolator time 62467 usec
    getNextFrame 211.1 time 10076 usec
add frame 211.1 time sec 1590976221 usec 287251
src frame 212.0 time sec 1590976221 usec 287266
    Interpolator time 58316 usec
    getNextFrame 212.1 time 10252 usec
add frame 212.1 time sec 1590976221 usec 359343
src frame 213.0 time sec 1590976221 usec 359404
    Interpolator time 60667 usec
    getNextFrame 213.1 time 10260 usec
add frame 213.1 time sec 1590976221 usec 433655
src frame 214.0 time sec 1590976221 usec 433668
    Interpolator time 55882 usec
    getNextFrame 214.1 time 10516 usec
add frame 214.1 time sec 1590976221 usec 503392
src frame 215.0 time sec 1590976221 usec 503404
    Interpolator time 58519 usec
    getNextFrame 215.1 time 10140 usec
add frame 215.1 time sec 1590976221 usec 575417
src frame 216.0 time sec 1590976221 usec 575431
    Interpolator time 58083 usec
    getNextFrame 216.1 time 10013 usec
add frame 216.1 time sec 1590976221 usec 646828
src frame 217.0 time sec 1590976221 usec 646841
    Interpolator time 58617 usec
    getNextFrame 217.1 time 9848 usec
add frame 217.1 time sec 1590976221 usec 718601
src frame 218.0 time sec 1590976221 usec 718668
    Interpolator time 59150 usec
    getNextFrame 218.1 time 9685 usec
add frame 218.1 time sec 1590976221 usec 791038
src frame 219.0 time sec 1590976221 usec 791097
    Interpolator time 56995 usec
    getNextFrame 219.1 time 9842 usec
add frame 219.1 time sec 1590976221 usec 861300
src frame 220.0 time sec 1590976221 usec 861363
    Interpolator time 60368 usec
    getNextFrame 220.1 time 9445 usec
add frame 220.1 time sec 1590976221 usec 934554
src frame 221.0 time sec 1590976221 usec 934647
    Interpolator time 55607 usec
    getNextFrame 221.1 time 10107 usec
add frame 221.1 time sec 1590976222 usec 4019
src frame 222.0 time sec 1590976222 usec 4062
    Interpolator time 59468 usec
    getNextFrame 222.1 time 11098 usec
add frame 222.1 time sec 1590976222 usec 78705
src frame 223.0 time sec 1590976222 usec 78748
    Interpolator time 57705 usec
    getNextFrame 223.1 time 10155 usec
add frame 223.1 time sec 1590976222 usec 150227
src frame 224.0 time sec 1590976222 usec 150270
    Interpolator time 57409 usec
    getNextFrame 224.1 time 9920 usec
add frame 224.1 time sec 1590976222 usec 221038
src frame 225.0 time sec 1590976222 usec 221052
    Interpolator time 59055 usec
    getNextFrame 225.1 time 9399 usec
add frame 225.1 time sec 1590976222 usec 292966
src frame 226.0 time sec 1590976222 usec 292980
    Interpolator time 62203 usec
    getNextFrame 226.1 time 9604 usec
add frame 226.1 time sec 1590976222 usec 368113
src frame 227.0 time sec 1590976222 usec 368180
    Interpolator time 59732 usec
    getNextFrame 227.1 time 9727 usec
add frame 227.1 time sec 1590976222 usec 441199
src frame 228.0 time sec 1590976222 usec 441242
    Interpolator time 55982 usec
    getNextFrame 228.1 time 9988 usec
add frame 228.1 time sec 1590976222 usec 510938
src frame 229.0 time sec 1590976222 usec 510989
    Interpolator time 59293 usec
    getNextFrame 229.1 time 10848 usec
add frame 229.1 time sec 1590976222 usec 584526
src frame 230.0 time sec 1590976222 usec 584572
    Interpolator time 55837 usec
    getNextFrame 230.1 time 10943 usec
add frame 230.1 time sec 1590976222 usec 655218
src frame 231.0 time sec 1590976222 usec 655271
    Interpolator time 60932 usec
    getNextFrame 231.1 time 9761 usec
add frame 231.1 time sec 1590976222 usec 729521
src frame 232.0 time sec 1590976222 usec 729563
    Interpolator time 54219 usec
    getNextFrame 232.1 time 10073 usec
add frame 232.1 time sec 1590976222 usec 797272
src frame 233.0 time sec 1590976222 usec 797285
    Interpolator time 60276 usec
    getNextFrame 233.1 time 9662 usec
add frame 233.1 time sec 1590976222 usec 870633
src frame 234.0 time sec 1590976222 usec 870681
    Interpolator time 61931 usec
    getNextFrame 234.1 time 9614 usec
add frame 234.1 time sec 1590976222 usec 945700
src frame 235.0 time sec 1590976222 usec 945757
    Interpolator time 61339 usec
    getNextFrame 235.1 time 10473 usec
add frame 235.1 time sec 1590976223 usec 21221
src frame 236.0 time sec 1590976223 usec 21288
    Interpolator time 65064 usec
    getNextFrame 236.1 time 9815 usec
add frame 236.1 time sec 1590976223 usec 99746
src frame 237.0 time sec 1590976223 usec 99765
    Interpolator time 61924 usec
    getNextFrame 237.1 time 10565 usec
add frame 237.1 time sec 1590976223 usec 175960
src frame 238.0 time sec 1590976223 usec 176000
    Interpolator time 56894 usec
    getNextFrame 238.1 time 10272 usec
add frame 238.1 time sec 1590976223 usec 246537
src frame 239.0 time sec 1590976223 usec 246579
    Interpolator time 58797 usec
    getNextFrame 239.1 time 10304 usec
add frame 239.1 time sec 1590976223 usec 319114
src frame 240.0 time sec 1590976223 usec 319175
    Interpolator time 58252 usec
    getNextFrame 240.1 time 10717 usec
add frame 240.1 time sec 1590976223 usec 391665
src frame 241.0 time sec 1590976223 usec 391730
    Interpolator time 56524 usec
    getNextFrame 241.1 time 9861 usec
add frame 241.1 time sec 1590976223 usec 461440
src frame 242.0 time sec 1590976223 usec 461503
    Interpolator time 60301 usec
    getNextFrame 242.1 time 9797 usec
add frame 242.1 time sec 1590976223 usec 534935
src frame 243.0 time sec 1590976223 usec 534984
    Interpolator time 54030 usec
    getNextFrame 243.1 time 10133 usec
add frame 243.1 time sec 1590976223 usec 602534
src frame 244.0 time sec 1590976223 usec 602576
    Interpolator time 55836 usec
    getNextFrame 244.1 time 9546 usec
add frame 244.1 time sec 1590976223 usec 671510
src frame 245.0 time sec 1590976223 usec 671561
    Interpolator time 59670 usec
    getNextFrame 245.1 time 9969 usec
add frame 245.1 time sec 1590976223 usec 744698
src frame 246.0 time sec 1590976223 usec 744741
    Interpolator time 58095 usec
    getNextFrame 246.1 time 9978 usec
add frame 246.1 time sec 1590976223 usec 816237
src frame 247.0 time sec 1590976223 usec 816278
    Interpolator time 59398 usec
    getNextFrame 247.1 time 11594 usec
add frame 247.1 time sec 1590976223 usec 890948
src frame 248.0 time sec 1590976223 usec 890962
    Interpolator time 73210 usec
    getNextFrame 248.1 time 10552 usec
add frame 248.1 time sec 1590976223 usec 978259
src frame 249.0 time sec 1590976223 usec 978272
    Interpolator time 59704 usec
    getNextFrame 249.1 time 13353 usec
add frame 249.1 time sec 1590976224 usec 54713
src frame 250.0 time sec 1590976224 usec 54812
    Interpolator time 57266 usec
    getNextFrame 250.1 time 10373 usec
add frame 250.1 time sec 1590976224 usec 125936
src frame 251.0 time sec 1590976224 usec 126030
    Interpolator time 58749 usec
    getNextFrame 251.1 time 9539 usec
add frame 251.1 time sec 1590976224 usec 197764
src frame 252.0 time sec 1590976224 usec 197852
    Interpolator time 57803 usec
    getNextFrame 252.1 time 10073 usec
add frame 252.1 time sec 1590976224 usec 269111
src frame 253.0 time sec 1590976224 usec 269124
    Interpolator time 58703 usec
    getNextFrame 253.1 time 9770 usec
add frame 253.1 time sec 1590976224 usec 341020
src frame 254.0 time sec 1590976224 usec 341108
    Interpolator time 59296 usec
    getNextFrame 254.1 time 10442 usec
add frame 254.1 time sec 1590976224 usec 414330
src frame 255.0 time sec 1590976224 usec 414417
    Interpolator time 60187 usec
    getNextFrame 255.1 time 9893 usec
add frame 255.1 time sec 1590976224 usec 487855
src frame 256.0 time sec 1590976224 usec 487897
    Interpolator time 56420 usec
    getNextFrame 256.1 time 10150 usec
add frame 256.1 time sec 1590976224 usec 557858
src frame 257.0 time sec 1590976224 usec 557896
    Interpolator time 57335 usec
    getNextFrame 257.1 time 9784 usec
add frame 257.1 time sec 1590976224 usec 628313
src frame 258.0 time sec 1590976224 usec 628369
    Interpolator time 54748 usec
    getNextFrame 258.1 time 9999 usec
add frame 258.1 time sec 1590976224 usec 696546
src frame 259.0 time sec 1590976224 usec 696557
    Interpolator time 59797 usec
    getNextFrame 259.1 time 10592 usec
add frame 259.1 time sec 1590976224 usec 770461
src frame 260.0 time sec 1590976224 usec 770475
    Interpolator time 59260 usec
    getNextFrame 260.1 time 10353 usec
add frame 260.1 time sec 1590976224 usec 843469
src frame 261.0 time sec 1590976224 usec 843512
    Interpolator time 59322 usec
    getNextFrame 261.1 time 9472 usec
add frame 261.1 time sec 1590976224 usec 915701
src frame 262.0 time sec 1590976224 usec 915761
    Interpolator time 61401 usec
    getNextFrame 262.1 time 10499 usec
add frame 262.1 time sec 1590976224 usec 991287
src frame 263.0 time sec 1590976224 usec 991326
    Interpolator time 60030 usec
    getNextFrame 263.1 time 10235 usec
add frame 263.1 time sec 1590976225 usec 65107
src frame 264.0 time sec 1590976225 usec 65157
    Interpolator time 60177 usec
    getNextFrame 264.1 time 10059 usec
add frame 264.1 time sec 1590976225 usec 138932
src frame 265.0 time sec 1590976225 usec 138971
    Interpolator time 56742 usec
    getNextFrame 265.1 time 10328 usec
add frame 265.1 time sec 1590976225 usec 209347
src frame 266.0 time sec 1590976225 usec 209398
    Interpolator time 60955 usec
    getNextFrame 266.1 time 9953 usec
add frame 266.1 time sec 1590976225 usec 283627
src frame 267.0 time sec 1590976225 usec 283669
    Interpolator time 54172 usec
    getNextFrame 267.1 time 10181 usec
add frame 267.1 time sec 1590976225 usec 351373
src frame 268.0 time sec 1590976225 usec 351417
    Interpolator time 57555 usec
    getNextFrame 268.1 time 10821 usec
add frame 268.1 time sec 1590976225 usec 423154
src frame 269.0 time sec 1590976225 usec 423171
    Interpolator time 58508 usec
    getNextFrame 269.1 time 9496 usec
add frame 269.1 time sec 1590976225 usec 494387
src frame 270.0 time sec 1590976225 usec 494424
    Interpolator time 59469 usec
    getNextFrame 270.1 time 9705 usec
add frame 270.1 time sec 1590976225 usec 566921
src frame 271.0 time sec 1590976225 usec 566974
    Interpolator time 59494 usec
    getNextFrame 271.1 time 14929 usec
add frame 271.1 time sec 1590976225 usec 645025
src frame 272.0 time sec 1590976225 usec 645040
    Interpolator time 60501 usec
    getNextFrame 272.1 time 10308 usec
add frame 272.1 time sec 1590976225 usec 719679
src frame 273.0 time sec 1590976225 usec 719693
    Interpolator time 58502 usec
    getNextFrame 273.1 time 9934 usec
add frame 273.1 time sec 1590976225 usec 791552
src frame 274.0 time sec 1590976225 usec 791596
    Interpolator time 56649 usec
    getNextFrame 274.1 time 10387 usec
add frame 274.1 time sec 1590976225 usec 862046
src frame 275.0 time sec 1590976225 usec 862101
    Interpolator time 60103 usec
    getNextFrame 275.1 time 9833 usec
add frame 275.1 time sec 1590976225 usec 935352
src frame 276.0 time sec 1590976225 usec 935395
    Interpolator time 54846 usec
    getNextFrame 276.1 time 10180 usec
add frame 276.1 time sec 1590976226 usec 3759
src frame 277.0 time sec 1590976226 usec 3770
    Interpolator time 58850 usec
    getNextFrame 277.1 time 9938 usec
add frame 277.1 time sec 1590976226 usec 76000
src frame 278.0 time sec 1590976226 usec 76048
    Interpolator time 56283 usec
    getNextFrame 278.1 time 10229 usec
add frame 278.1 time sec 1590976226 usec 146049
src frame 279.0 time sec 1590976226 usec 146061
    Interpolator time 59104 usec
    getNextFrame 279.1 time 11270 usec
add frame 279.1 time sec 1590976226 usec 221359
src frame 280.0 time sec 1590976226 usec 221369
    Interpolator time 61147 usec
    getNextFrame 280.1 time 10774 usec
add frame 280.1 time sec 1590976226 usec 298237
src frame 281.0 time sec 1590976226 usec 298251
    Interpolator time 58878 usec
    getNextFrame 281.1 time 9976 usec
add frame 281.1 time sec 1590976226 usec 370826
src frame 282.0 time sec 1590976226 usec 370836
    Interpolator time 59081 usec
    getNextFrame 282.1 time 9987 usec
add frame 282.1 time sec 1590976226 usec 443403
src frame 283.0 time sec 1590976226 usec 443445
    Interpolator time 58767 usec
    getNextFrame 283.1 time 10627 usec
add frame 283.1 time sec 1590976226 usec 516170
src frame 284.0 time sec 1590976226 usec 516220
    Interpolator time 62586 usec
    getNextFrame 284.1 time 10447 usec
add frame 284.1 time sec 1590976226 usec 593069
src frame 285.0 time sec 1590976226 usec 593112
    Interpolator time 59799 usec
    getNextFrame 285.1 time 10401 usec
add frame 285.1 time sec 1590976226 usec 666670
src frame 286.0 time sec 1590976226 usec 666721
    Interpolator time 59777 usec
    getNextFrame 286.1 time 10301 usec
add frame 286.1 time sec 1590976226 usec 740776
src frame 287.0 time sec 1590976226 usec 740813
    Interpolator time 56080 usec
    getNextFrame 287.1 time 9976 usec
add frame 287.1 time sec 1590976226 usec 810262
src frame 288.0 time sec 1590976226 usec 810293
    Interpolator time 55877 usec
    getNextFrame 288.1 time 9088 usec
add frame 288.1 time sec 1590976226 usec 878912
src frame 289.0 time sec 1590976226 usec 878952
    Interpolator time 57628 usec
    getNextFrame 289.1 time 10134 usec
add frame 289.1 time sec 1590976226 usec 950515
src frame 290.0 time sec 1590976226 usec 950576
    Interpolator time 57713 usec
    getNextFrame 290.1 time 10278 usec
add frame 290.1 time sec 1590976227 usec 22627
src frame 291.0 time sec 1590976227 usec 22639
    Interpolator time 59625 usec
    getNextFrame 291.1 time 10536 usec
add frame 291.1 time sec 1590976227 usec 97663
src frame 292.0 time sec 1590976227 usec 97675
    Interpolator time 59790 usec
    getNextFrame 292.1 time 10481 usec
add frame 292.1 time sec 1590976227 usec 172812
src frame 293.0 time sec 1590976227 usec 172824
    Interpolator time 60500 usec
    getNextFrame 293.1 time 10220 usec
add frame 293.1 time sec 1590976227 usec 246984
src frame 294.0 time sec 1590976227 usec 247026
    Interpolator time 59014 usec
    getNextFrame 294.1 time 10559 usec
add frame 294.1 time sec 1590976227 usec 319954
src frame 295.0 time sec 1590976227 usec 320006
    Interpolator time 58144 usec
    getNextFrame 295.1 time 10003 usec
add frame 295.1 time sec 1590976227 usec 391513
src frame 296.0 time sec 1590976227 usec 391552
    Interpolator time 57473 usec
    getNextFrame 296.1 time 12072 usec
add frame 296.1 time sec 1590976227 usec 464659
src frame 297.0 time sec 1590976227 usec 464670
    Interpolator time 64009 usec
    getNextFrame 297.1 time 11131 usec
add frame 297.1 time sec 1590976227 usec 543196
src frame 298.0 time sec 1590976227 usec 543207
    Interpolator time 59982 usec
    getNextFrame 298.1 time 9793 usec
add frame 298.1 time sec 1590976227 usec 616343
src frame 299.0 time sec 1590976227 usec 616391
    Interpolator time 60174 usec
    getNextFrame 299.1 time 10187 usec
add frame 299.1 time sec 1590976227 usec 690016
src frame 300.0 time sec 1590976227 usec 690058
    Interpolator time 59319 usec
    getNextFrame 300.1 time 10866 usec
add frame 300.1 time sec 1590976227 usec 763688
src frame 301.0 time sec 1590976227 usec 763750
    Interpolator time 54678 usec
    getNextFrame 301.1 time 10489 usec
add frame 301.1 time sec 1590976227 usec 832135
src frame 302.0 time sec 1590976227 usec 832148
    Interpolator time 53155 usec
    getNextFrame 302.1 time 10598 usec
add frame 302.1 time sec 1590976227 usec 899209
src frame 303.0 time sec 1590976227 usec 899251
    Interpolator time 60236 usec
    getNextFrame 303.1 time 10589 usec
add frame 303.1 time sec 1590976227 usec 973444
src frame 304.0 time sec 1590976227 usec 973457
    Interpolator time 60270 usec
    getNextFrame 304.1 time 9572 usec
add frame 304.1 time sec 1590976228 usec 46826
src frame 305.0 time sec 1590976228 usec 46840
    Interpolator time 61139 usec
    getNextFrame 305.1 time 10105 usec
add frame 305.1 time sec 1590976228 usec 121310
src frame 306.0 time sec 1590976228 usec 121356
    Interpolator time 58935 usec
    getNextFrame 306.1 time 10725 usec
add frame 306.1 time sec 1590976228 usec 195817
src frame 307.0 time sec 1590976228 usec 195830
    Interpolator time 60652 usec
    getNextFrame 307.1 time 10442 usec
add frame 307.1 time sec 1590976228 usec 270366
src frame 308.0 time sec 1590976228 usec 270414
    Interpolator time 61881 usec
    getNextFrame 308.1 time 10096 usec
add frame 308.1 time sec 1590976228 usec 345771
src frame 309.0 time sec 1590976228 usec 345814
    Interpolator time 62683 usec
    getNextFrame 309.1 time 9619 usec
add frame 309.1 time sec 1590976228 usec 421645
src frame 310.0 time sec 1590976228 usec 421656
    Interpolator time 61771 usec
    getNextFrame 310.1 time 10226 usec
add frame 310.1 time sec 1590976228 usec 498768
src frame 311.0 time sec 1590976228 usec 498778
    Interpolator time 59970 usec
    getNextFrame 311.1 time 10116 usec
add frame 311.1 time sec 1590976228 usec 573748
src frame 312.0 time sec 1590976228 usec 573762
    Interpolator time 60677 usec
    getNextFrame 312.1 time 9729 usec
add frame 312.1 time sec 1590976228 usec 649523
src frame 313.0 time sec 1590976228 usec 649533
    Interpolator time 58064 usec
    getNextFrame 313.1 time 9642 usec
add frame 313.1 time sec 1590976228 usec 722624
src frame 314.0 time sec 1590976228 usec 722668
    Interpolator time 58922 usec
    getNextFrame 314.1 time 9967 usec
add frame 314.1 time sec 1590976228 usec 795458
src frame 315.0 time sec 1590976228 usec 795470
    Interpolator time 57781 usec
    getNextFrame 315.1 time 9791 usec
add frame 315.1 time sec 1590976228 usec 868079
src frame 316.0 time sec 1590976228 usec 868131
    Interpolator time 62483 usec
    getNextFrame 316.1 time 9479 usec
add frame 316.1 time sec 1590976228 usec 943467
src frame 317.0 time sec 1590976228 usec 943480
    Interpolator time 59266 usec
    getNextFrame 317.1 time 10277 usec
add frame 317.1 time sec 1590976229 usec 16261
src frame 318.0 time sec 1590976229 usec 16315
    Interpolator time 58753 usec
    getNextFrame 318.1 time 10479 usec
add frame 318.1 time sec 1590976229 usec 89251
src frame 319.0 time sec 1590976229 usec 89262
    Interpolator time 55234 usec
    getNextFrame 319.1 time 10329 usec
add frame 319.1 time sec 1590976229 usec 159682
src 