src frame 0.0 time sec 1590975170 usec 168656
    Interpolator time 425664 usec
    getNextFrame 0.1 time 15719 usec
add frame 0.1 time sec 1590975170 usec 635107
src frame 1.0 time sec 1590975170 usec 635147
    Interpolator time 42694 usec
    getNextFrame 1.1 time 12790 usec
add frame 1.1 time sec 1590975170 usec 693251
src frame 2.0 time sec 1590975170 usec 693349
    Interpolator time 38571 usec
    getNextFrame 2.1 time 9641 usec
add frame 2.1 time sec 1590975170 usec 742905
src frame 3.0 time sec 1590975170 usec 743003
    Interpolator time 43766 usec
    getNextFrame 3.1 time 15200 usec
add frame 3.1 time sec 1590975170 usec 803362
src frame 4.0 time sec 1590975170 usec 803404
    Interpolator time 46431 usec
    getNextFrame 4.1 time 12740 usec
add frame 4.1 time sec 1590975170 usec 864838
src frame 5.0 time sec 1590975170 usec 864879
    Interpolator time 38872 usec
    getNextFrame 5.1 time 10007 usec
add frame 5.1 time sec 1590975170 usec 916094
src frame 6.0 time sec 1590975170 usec 916177
    Interpolator time 35494 usec
    getNextFrame 6.1 time 9443 usec
add frame 6.1 time sec 1590975170 usec 962461
src frame 7.0 time sec 1590975170 usec 962548
    Interpolator time 31510 usec
    getNextFrame 7.1 time 9935 usec
add frame 7.1 time sec 1590975171 usec 5376
src frame 8.0 time sec 1590975171 usec 5461
    Interpolator time 31638 usec
    getNextFrame 8.1 time 8934 usec
add frame 8.1 time sec 1590975171 usec 47481
src frame 9.0 time sec 1590975171 usec 47501
    Interpolator time 34247 usec
    getNextFrame 9.1 time 9136 usec
add frame 9.1 time sec 1590975171 usec 92282
src frame 10.0 time sec 1590975171 usec 92324
    Interpolator time 35588 usec
    getNextFrame 10.1 time 9180 usec
add frame 10.1 time sec 1590975171 usec 138444
src frame 11.0 time sec 1590975171 usec 138487
    Interpolator time 32292 usec
    getNextFrame 11.1 time 9285 usec
add frame 11.1 time sec 1590975171 usec 181543
src frame 12.0 time sec 1590975171 usec 181607
    Interpolator time 31406 usec
    getNextFrame 12.1 time 9116 usec
add frame 12.1 time sec 1590975171 usec 223392
src frame 13.0 time sec 1590975171 usec 223458
    Interpolator time 29574 usec
    getNextFrame 13.1 time 8354 usec
add frame 13.1 time sec 1590975171 usec 262694
src frame 14.0 time sec 1590975171 usec 262706
    Interpolator time 29423 usec
    getNextFrame 14.1 time 8495 usec
add frame 14.1 time sec 1590975171 usec 301963
src frame 15.0 time sec 1590975171 usec 301976
    Interpolator time 29131 usec
    getNextFrame 15.1 time 8007 usec
add frame 15.1 time sec 1590975171 usec 340373
src frame 16.0 time sec 1590975171 usec 340418
    Interpolator time 31697 usec
    getNextFrame 16.1 time 8429 usec
add frame 16.1 time sec 1590975171 usec 381776
src frame 17.0 time sec 1590975171 usec 381841
    Interpolator time 29893 usec
    getNextFrame 17.1 time 7796 usec
add frame 17.1 time sec 1590975171 usec 420751
src frame 18.0 time sec 1590975171 usec 420764
    Interpolator time 32063 usec
    getNextFrame 18.1 time 8932 usec
add frame 18.1 time sec 1590975171 usec 463226
src frame 19.0 time sec 1590975171 usec 463239
    Interpolator time 30630 usec
    getNextFrame 19.1 time 8628 usec
add frame 19.1 time sec 1590975171 usec 503809
src frame 20.0 time sec 1590975171 usec 503846
    Interpolator time 31493 usec
    getNextFrame 20.1 time 8390 usec
add frame 20.1 time sec 1590975171 usec 544986
src frame 21.0 time sec 1590975171 usec 545030
    Interpolator time 32746 usec
    getNextFrame 21.1 time 8814 usec
add frame 21.1 time sec 1590975171 usec 588027
src frame 22.0 time sec 1590975171 usec 588067
    Interpolator time 33409 usec
    getNextFrame 22.1 time 9017 usec
add frame 22.1 time sec 1590975171 usec 632027
src frame 23.0 time sec 1590975171 usec 632037
    Interpolator time 31652 usec
    getNextFrame 23.1 time 10485 usec
add frame 23.1 time sec 1590975171 usec 676264
src frame 24.0 time sec 1590975171 usec 676274
    Interpolator time 32384 usec
    getNextFrame 24.1 time 9421 usec
add frame 24.1 time sec 1590975171 usec 720230
src frame 25.0 time sec 1590975171 usec 720240
    Interpolator time 31990 usec
    getNextFrame 25.1 time 9973 usec
add frame 25.1 time sec 1590975171 usec 764917
src frame 26.0 time sec 1590975171 usec 764927
    Interpolator time 35458 usec
    getNextFrame 26.1 time 12057 usec
add frame 26.1 time sec 1590975171 usec 814579
src frame 27.0 time sec 1590975171 usec 814621
    Interpolator time 36536 usec
    getNextFrame 27.1 time 10393 usec
add frame 27.1 time sec 1590975171 usec 862970
src frame 28.0 time sec 1590975171 usec 863009
    Interpolator time 36382 usec
    getNextFrame 28.1 time 9889 usec
add frame 28.1 time sec 1590975171 usec 910785
src frame 29.0 time sec 1590975171 usec 910832
    Interpolator time 34950 usec
    getNextFrame 29.1 time 10110 usec
add frame 29.1 time sec 1590975171 usec 957291
src frame 30.0 time sec 1590975171 usec 957333
    Interpolator time 35108 usec
    getNextFrame 30.1 time 10096 usec
add frame 30.1 time sec 1590975172 usec 3902
src frame 31.0 time sec 1590975172 usec 3930
    Interpolator time 37250 usec
    getNextFrame 31.1 time 9891 usec
add frame 31.1 time sec 1590975172 usec 52497
src frame 32.0 time sec 1590975172 usec 52541
    Interpolator time 34340 usec
    getNextFrame 32.1 time 9891 usec
add frame 32.1 time sec 1590975172 usec 98356
src frame 33.0 time sec 1590975172 usec 98405
    Interpolator time 34265 usec
    getNextFrame 33.1 time 9836 usec
add frame 33.1 time sec 1590975172 usec 143944
src frame 34.0 time sec 1590975172 usec 143988
    Interpolator time 37065 usec
    getNextFrame 34.1 time 10975 usec
add frame 34.1 time sec 1590975172 usec 193499
src frame 35.0 time sec 1590975172 usec 193511
    Interpolator time 39416 usec
    getNextFrame 35.1 time 10498 usec
add frame 35.1 time sec 1590975172 usec 245913
src frame 36.0 time sec 1590975172 usec 245929
    Interpolator time 37491 usec
    getNextFrame 36.1 time 9923 usec
add frame 36.1 time sec 1590975172 usec 295045
src frame 37.0 time sec 1590975172 usec 295057
    Interpolator time 36509 usec
    getNextFrame 37.1 time 10137 usec
add frame 37.1 time sec 1590975172 usec 343371
src frame 38.0 time sec 1590975172 usec 343408
    Interpolator time 35202 usec
    getNextFrame 38.1 time 8941 usec
add frame 38.1 time sec 1590975172 usec 389016
src frame 39.0 time sec 1590975172 usec 389086
    Interpolator time 36363 usec
    getNextFrame 39.1 time 9244 usec
add frame 39.1 time sec 1590975172 usec 436334
src frame 40.0 time sec 1590975172 usec 436386
    Interpolator time 36991 usec
    getNextFrame 40.1 time 9155 usec
add frame 40.1 time sec 1590975172 usec 483974
src frame 41.0 time sec 1590975172 usec 484040
    Interpolator time 38797 usec
    getNextFrame 41.1 time 9183 usec
add frame 41.1 time sec 1590975172 usec 533439
src frame 42.0 time sec 1590975172 usec 533483
    Interpolator time 39383 usec
    getNextFrame 42.1 time 9396 usec
add frame 42.1 time sec 1590975172 usec 583796
src frame 43.0 time sec 1590975172 usec 583847
    Interpolator time 36310 usec
    getNextFrame 43.1 time 9569 usec
add frame 43.1 time sec 1590975172 usec 631112
src frame 44.0 time sec 1590975172 usec 631195
    Interpolator time 36397 usec
    getNextFrame 44.1 time 9497 usec
add frame 44.1 time sec 1590975172 usec 678599
src frame 45.0 time sec 1590975172 usec 678649
    Interpolator time 37010 usec
    getNextFrame 45.1 time 10140 usec
add frame 45.1 time sec 1590975172 usec 727321
src frame 46.0 time sec 1590975172 usec 727387
    Interpolator time 37340 usec
    getNextFrame 46.1 time 10000 usec
add frame 46.1 time sec 1590975172 usec 776277
src frame 47.0 time sec 1590975172 usec 776336
    Interpolator time 38436 usec
    getNextFrame 47.1 time 9820 usec
add frame 47.1 time sec 1590975172 usec 826006
src frame 48.0 time sec 1590975172 usec 826034
    Interpolator time 37874 usec
    getNextFrame 48.1 time 9870 usec
add frame 48.1 time sec 1590975172 usec 875702
src frame 49.0 time sec 1590975172 usec 875782
    Interpolator time 37347 usec
    getNextFrame 49.1 time 9718 usec
add frame 49.1 time sec 1590975172 usec 924199
src frame 50.0 time sec 1590975172 usec 924249
    Interpolator time 34478 usec
    getNextFrame 50.1 time 9606 usec
add frame 50.1 time sec 1590975172 usec 970127
src frame 51.0 time sec 1590975172 usec 970172
    Interpolator time 41540 usec
    getNextFrame 51.1 time 10041 usec
add frame 51.1 time sec 1590975173 usec 23270
src frame 52.0 time sec 1590975173 usec 23307
    Interpolator time 37050 usec
    getNextFrame 52.1 time 9232 usec
add frame 52.1 time sec 1590975173 usec 71027
src frame 53.0 time sec 1590975173 usec 71038
    Interpolator time 36098 usec
    getNextFrame 53.1 time 9733 usec
add frame 53.1 time sec 1590975173 usec 119737
src frame 54.0 time sec 1590975173 usec 119748
    Interpolator time 36126 usec
    getNextFrame 54.1 time 9751 usec
add frame 54.1 time sec 1590975173 usec 168080
src frame 55.0 time sec 1590975173 usec 168091
    Interpolator time 36755 usec
    getNextFrame 55.1 time 9739 usec
add frame 55.1 time sec 1590975173 usec 217026
src frame 56.0 time sec 1590975173 usec 217036
    Interpolator time 35050 usec
    getNextFrame 56.1 time 10105 usec
add frame 56.1 time sec 1590975173 usec 264659
src frame 57.0 time sec 1590975173 usec 264669
    Interpolator time 35460 usec
    getNextFrame 57.1 time 9496 usec
add frame 57.1 time sec 1590975173 usec 311855
src frame 58.0 time sec 1590975173 usec 311867
    Interpolator time 35498 usec
    getNextFrame 58.1 time 10042 usec
add frame 58.1 time sec 1590975173 usec 359687
src frame 59.0 time sec 1590975173 usec 359698
    Interpolator time 38846 usec
    getNextFrame 59.1 time 9629 usec
add frame 59.1 time sec 1590975173 usec 410829
src frame 60.0 time sec 1590975173 usec 410839
    Interpolator time 37018 usec
    getNextFrame 60.1 time 9615 usec
add frame 60.1 time sec 1590975173 usec 459824
src frame 61.0 time sec 1590975173 usec 459834
    Interpolator time 37145 usec
    getNextFrame 61.1 time 10051 usec
add frame 61.1 time sec 1590975173 usec 509431
src frame 62.0 time sec 1590975173 usec 509442
    Interpolator time 37194 usec
    getNextFrame 62.1 time 10740 usec
add frame 62.1 time sec 1590975173 usec 560098
src frame 63.0 time sec 1590975173 usec 560107
    Interpolator time 37696 usec
    getNextFrame 63.1 time 9662 usec
add frame 63.1 time sec 1590975173 usec 609830
src frame 64.0 time sec 1590975173 usec 609841
    Interpolator time 40334 usec
    getNextFrame 64.1 time 10105 usec
add frame 64.1 time sec 1590975173 usec 662569
src frame 65.0 time sec 1590975173 usec 662579
    Interpolator time 36828 usec
    getNextFrame 65.1 time 10742 usec
add frame 65.1 time sec 1590975173 usec 712567
src frame 66.0 time sec 1590975173 usec 712577
    Interpolator time 39587 usec
    getNextFrame 66.1 time 10237 usec
add frame 66.1 time sec 1590975173 usec 764666
src frame 67.0 time sec 1590975173 usec 764678
    Interpolator time 35388 usec
    getNextFrame 67.1 time 9731 usec
add frame 67.1 time sec 1590975173 usec 812164
src frame 68.0 time sec 1590975173 usec 812211
    Interpolator time 38946 usec
    getNextFrame 68.1 time 10283 usec
add frame 68.1 time sec 1590975173 usec 862838
src frame 69.0 time sec 1590975173 usec 862883
    Interpolator time 38176 usec
    getNextFrame 69.1 time 10058 usec
add frame 69.1 time sec 1590975173 usec 912648
src frame 70.0 time sec 1590975173 usec 912828
    Interpolator time 35348 usec
    getNextFrame 70.1 time 9685 usec
add frame 70.1 time sec 1590975173 usec 959288
src frame 71.0 time sec 1590975173 usec 959384
    Interpolator time 37332 usec
    getNextFrame 71.1 time 10414 usec
add frame 71.1 time sec 1590975174 usec 8596
src frame 72.0 time sec 1590975174 usec 8691
    Interpolator time 35103 usec
    getNextFrame 72.1 time 10129 usec
add frame 72.1 time sec 1590975174 usec 55375
src frame 73.0 time sec 1590975174 usec 55467
    Interpolator time 35894 usec
    getNextFrame 73.1 time 9428 usec
add frame 73.1 time sec 1590975174 usec 102435
src frame 74.0 time sec 1590975174 usec 102519
    Interpolator time 34510 usec
    getNextFrame 74.1 time 10091 usec
add frame 74.1 time sec 1590975174 usec 148647
src frame 75.0 time sec 1590975174 usec 148746
    Interpolator time 34689 usec
    getNextFrame 75.1 time 10176 usec
add frame 75.1 time sec 1590975174 usec 195208
src frame 76.0 time sec 1590975174 usec 195318
    Interpolator time 42825 usec
    getNextFrame 76.1 time 10442 usec
add frame 76.1 time sec 1590975174 usec 250082
src frame 77.0 time sec 1590975174 usec 250123
    Interpolator time 35412 usec
    getNextFrame 77.1 time 11230 usec
add frame 77.1 time sec 1590975174 usec 298211
src frame 78.0 time sec 1590975174 usec 298257
    Interpolator time 36480 usec
    getNextFrame 78.1 time 9721 usec
add frame 78.1 time sec 1590975174 usec 345896
src frame 79.0 time sec 1590975174 usec 345940
    Interpolator time 37026 usec
    getNextFrame 79.1 time 10069 usec
add frame 79.1 time sec 1590975174 usec 394539
src frame 80.0 time sec 1590975174 usec 394555
    Interpolator time 36931 usec
    getNextFrame 80.1 time 9705 usec
add frame 80.1 time sec 1590975174 usec 442734
src frame 81.0 time sec 1590975174 usec 442746
    Interpolator time 37060 usec
    getNextFrame 81.1 time 10225 usec
add frame 81.1 time sec 1590975174 usec 491672
src frame 82.0 time sec 1590975174 usec 491741
    Interpolator time 36592 usec
    getNextFrame 82.1 time 10220 usec
add frame 82.1 time sec 1590975174 usec 540053
src frame 83.0 time sec 1590975174 usec 540068
    Interpolator time 38648 usec
    getNextFrame 83.1 time 10272 usec
add frame 83.1 time sec 1590975174 usec 590581
src frame 84.0 time sec 1590975174 usec 590635
    Interpolator time 37633 usec
    getNextFrame 84.1 time 10251 usec
add frame 84.1 time sec 1590975174 usec 640035
src frame 85.0 time sec 1590975174 usec 640073
    Interpolator time 38880 usec
    getNextFrame 85.1 time 10197 usec
add frame 85.1 time sec 1590975174 usec 690622
src frame 86.0 time sec 1590975174 usec 690674
    Interpolator time 41727 usec
    getNextFrame 86.1 time 11457 usec
add frame 86.1 time sec 1590975174 usec 745403
src frame 87.0 time sec 1590975174 usec 745442
    Interpolator time 39511 usec
    getNextFrame 87.1 time 11278 usec
add frame 87.1 time sec 1590975174 usec 797740
src frame 88.0 time sec 1590975174 usec 797784
    Interpolator time 38393 usec
    getNextFrame 88.1 time 10189 usec
add frame 88.1 time sec 1590975174 usec 847883
src frame 89.0 time sec 1590975174 usec 847924
    Interpolator time 40061 usec
    getNextFrame 89.1 time 10860 usec
add frame 89.1 time sec 1590975174 usec 900324
src frame 90.0 time sec 1590975174 usec 900366
    Interpolator time 38640 usec
    getNextFrame 90.1 time 10422 usec
add frame 90.1 time sec 1590975174 usec 950863
src frame 91.0 time sec 1590975174 usec 950906
    Interpolator time 39538 usec
    getNextFrame 91.1 time 10301 usec
add frame 91.1 time sec 1590975175 usec 2232
src frame 92.0 time sec 1590975175 usec 2274
    Interpolator time 39045 usec
    getNextFrame 92.1 time 10401 usec
add frame 92.1 time sec 1590975175 usec 53124
src frame 93.0 time sec 1590975175 usec 53165
    Interpolator time 38800 usec
    getNextFrame 93.1 time 10572 usec
add frame 93.1 time sec 1590975175 usec 103921
src frame 94.0 time sec 1590975175 usec 103966
    Interpolator time 36584 usec
    getNextFrame 94.1 time 10133 usec
add frame 94.1 time sec 1590975175 usec 152067
src frame 95.0 time sec 1590975175 usec 152108
    Interpolator time 39295 usec
    getNextFrame 95.1 time 9942 usec
add frame 95.1 time sec 1590975175 usec 202883
src frame 96.0 time sec 1590975175 usec 202926
    Interpolator time 39586 usec
    getNextFrame 96.1 time 9661 usec
add frame 96.1 time sec 1590975175 usec 253625
src frame 97.0 time sec 1590975175 usec 253667
    Interpolator time 36752 usec
    getNextFrame 97.1 time 10248 usec
add frame 97.1 time sec 1590975175 usec 302198
src frame 98.0 time sec 1590975175 usec 302239
    Interpolator time 37368 usec
    getNextFrame 98.1 time 9774 usec
add frame 98.1 time sec 1590975175 usec 350809
src frame 99.0 time sec 1590975175 usec 350849
    Interpolator time 35448 usec
    getNextFrame 99.1 time 9783 usec
add frame 99.1 time sec 1590975175 usec 397547
src frame 100.0 time sec 1590975175 usec 397589
    Interpolator time 37033 usec
    getNextFrame 100.1 time 9951 usec
add frame 100.1 time sec 1590975175 usec 446243
src frame 101.0 time sec 1590975175 usec 446260
    Interpolator time 45815 usec
    getNextFrame 101.1 time 10089 usec
add frame 101.1 time sec 1590975175 usec 503764
src frame 102.0 time sec 1590975175 usec 503781
    Interpolator time 37632 usec
    getNextFrame 102.1 time 9912 usec
add frame 102.1 time sec 1590975175 usec 553062
src frame 103.0 time sec 1590975175 usec 553076
    Interpolator time 35118 usec
    getNextFrame 103.1 time 10274 usec
add frame 103.1 time sec 1590975175 usec 599822
src frame 104.0 time sec 1590975175 usec 599837
    Interpolator time 34759 usec
    getNextFrame 104.1 time 9597 usec
add frame 104.1 time sec 1590975175 usec 645557
src frame 105.0 time sec 1590975175 usec 645572
    Interpolator time 38454 usec
    getNextFrame 105.1 time 9168 usec
add frame 105.1 time sec 1590975175 usec 694535
src frame 106.0 time sec 1590975175 usec 694584
    Interpolator time 38931 usec
    getNextFrame 106.1 time 9332 usec
add frame 106.1 time sec 1590975175 usec 744335
src frame 107.0 time sec 1590975175 usec 744351
    Interpolator time 35237 usec
    getNextFrame 107.1 time 8393 usec
add frame 107.1 time sec 1590975175 usec 789366
src frame 108.0 time sec 1590975175 usec 789377
    Interpolator time 36838 usec
    getNextFrame 108.1 time 8822 usec
add frame 108.1 time sec 1590975175 usec 837597
src frame 109.0 time sec 1590975175 usec 837607
    Interpolator time 37007 usec
    getNextFrame 109.1 time 9128 usec
add frame 109.1 time sec 1590975175 usec 886181
src frame 110.0 time sec 1590975175 usec 886191
    Interpolator time 36423 usec
    getNextFrame 110.1 time 8853 usec
add frame 110.1 time sec 1590975175 usec 933844
src frame 111.0 time sec 1590975175 usec 933854
    Interpolator time 39784 usec
    getNextFrame 111.1 time 10120 usec
add frame 111.1 time sec 1590975175 usec 985944
src frame 112.0 time sec 1590975175 usec 985955
    Interpolator time 37636 usec
    getNextFrame 112.1 time 9628 usec
add frame 112.1 time sec 1590975176 usec 35479
src frame 113.0 time sec 1590975176 usec 35489
    Interpolator time 38568 usec
    getNextFrame 113.1 time 9646 usec
add frame 113.1 time sec 1590975176 usec 86176
src frame 114.0 time sec 1590975176 usec 86186
    Interpolator time 38267 usec
    getNextFrame 114.1 time 10269 usec
add frame 114.1 time sec 1590975176 usec 136983
src frame 115.0 time sec 1590975176 usec 136994
    Interpolator time 38402 usec
    getNextFrame 115.1 time 9586 usec
add frame 115.1 time sec 1590975176 usec 187278
src frame 116.0 time sec 1590975176 usec 187288
    Interpolator time 40293 usec
    getNextFrame 116.1 time 9605 usec
add frame 116.1 time sec 1590975176 usec 240236
src frame 117.0 time sec 1590975176 usec 240297
    Interpolator time 39972 usec
    getNextFrame 117.1 time 9631 usec
add frame 117.1 time sec 1590975176 usec 291766
src frame 118.0 time sec 1590975176 usec 291858
    Interpolator time 39042 usec
    getNextFrame 118.1 time 9882 usec
add frame 118.1 time sec 1590975176 usec 342622
src frame 119.0 time sec 1590975176 usec 342633
    Interpolator time 39562 usec
    getNextFrame 119.1 time 10185 usec
add frame 119.1 time sec 1590975176 usec 394989
src frame 120.0 time sec 1590975176 usec 395090
    Interpolator time 36670 usec
    getNextFrame 120.1 time 9898 usec
add frame 120.1 time sec 1590975176 usec 443225
src frame 121.0 time sec 1590975176 usec 443315
    Interpolator time 39739 usec
    getNextFrame 121.1 time 9846 usec
add frame 121.1 time sec 1590975176 usec 494442
src frame 122.0 time sec 1590975176 usec 494535
    Interpolator time 35640 usec
    getNextFrame 122.1 time 10088 usec
add frame 122.1 time sec 1590975176 usec 541928
src frame 123.0 time sec 1590975176 usec 541986
    Interpolator time 36403 usec
    getNextFrame 123.1 time 9649 usec
add frame 123.1 time sec 1590975176 usec 589565
src frame 124.0 time sec 1590975176 usec 589579
    Interpolator time 37281 usec
    getNextFrame 124.1 time 10487 usec
add frame 124.1 time sec 1590975176 usec 639025
src frame 125.0 time sec 1590975176 usec 639106
    Interpolator time 36584 usec
    getNextFrame 125.1 time 9993 usec
add frame 125.1 time sec 1590975176 usec 687198
src frame 126.0 time sec 1590975176 usec 687300
    Interpolator time 42180 usec
    getNextFrame 126.1 time 9997 usec
add frame 126.1 time sec 1590975176 usec 740940
src frame 127.0 time sec 1590975176 usec 741027
    Interpolator time 36640 usec
    getNextFrame 127.1 time 9573 usec
add frame 127.1 time sec 1590975176 usec 788614
src frame 128.0 time sec 1590975176 usec 788701
    Interpolator time 36516 usec
    getNextFrame 128.1 time 9703 usec
add frame 128.1 time sec 1590975176 usec 836571
src frame 129.0 time sec 1590975176 usec 836585
    Interpolator time 36449 usec
    getNextFrame 129.1 time 9166 usec
add frame 129.1 time sec 1590975176 usec 883554
src frame 130.0 time sec 1590975176 usec 883621
    Interpolator time 35530 usec
    getNextFrame 130.1 time 9320 usec
add frame 130.1 time sec 1590975176 usec 929942
src frame 131.0 time sec 1590975176 usec 930007
    Interpolator time 34521 usec
    getNextFrame 131.1 time 10291 usec
add frame 131.1 time sec 1590975176 usec 976212
src frame 132.0 time sec 1590975176 usec 976279
    Interpolator time 33449 usec
    getNextFrame 132.1 time 9624 usec
add frame 132.1 time sec 1590975177 usec 20775
src frame 133.0 time sec 1590975177 usec 20841
    Interpolator time 31803 usec
    getNextFrame 133.1 time 9896 usec
add frame 133.1 time sec 1590975177 usec 63953
src frame 134.0 time sec 1590975177 usec 63996
    Interpolator time 31067 usec
    getNextFrame 134.1 time 9648 usec
add frame 134.1 time sec 1590975177 usec 106134
src frame 135.0 time sec 1590975177 usec 106180
    Interpolator time 31103 usec
    getNextFrame 135.1 time 9476 usec
add frame 135.1 time sec 1590975177 usec 148193
src frame 136.0 time sec 1590975177 usec 148235
    Interpolator time 32204 usec
    getNextFrame 136.1 time 10758 usec
add frame 136.1 time sec 1590975177 usec 192616
src frame 137.0 time sec 1590975177 usec 192685
    Interpolator time 35151 usec
    getNextFrame 137.1 time 9962 usec
add frame 137.1 time sec 1590975177 usec 239377
src frame 138.0 time sec 1590975177 usec 239465
    Interpolator time 34367 usec
    getNextFrame 138.1 time 9946 usec
add frame 138.1 time sec 1590975177 usec 285259
src frame 139.0 time sec 1590975177 usec 285276
    Interpolator time 33308 usec
    getNextFrame 139.1 time 10044 usec
add frame 139.1 time sec 1590975177 usec 330226
src frame 140.0 time sec 1590975177 usec 330320
    Interpolator time 33941 usec
    getNextFrame 140.1 time 10596 usec
add frame 140.1 time sec 1590975177 usec 376269
src frame 141.0 time sec 1590975177 usec 376390
    Interpolator time 34818 usec
    getNextFrame 141.1 time 10018 usec
add frame 141.1 time sec 1590975177 usec 422625
src frame 142.0 time sec 1590975177 usec 422711
    Interpolator time 33976 usec
    getNextFrame 142.1 time 10184 usec
add frame 142.1 time sec 1590975177 usec 468344
src frame 143.0 time sec 1590975177 usec 468355
    Interpolator time 33725 usec
    getNextFrame 143.1 time 10241 usec
add frame 143.1 time sec 1590975177 usec 514734
src frame 144.0 time sec 1590975177 usec 514745
    Interpolator time 34972 usec
    getNextFrame 144.1 time 10339 usec
add frame 144.1 time sec 1590975177 usec 562333
src frame 145.0 time sec 1590975177 usec 562345
    Interpolator time 33481 usec
    getNextFrame 145.1 time 10252 usec
add frame 145.1 time sec 1590975177 usec 608624
src frame 146.0 time sec 1590975177 usec 608636
    Interpolator time 31522 usec
    getNextFrame 146.1 time 10344 usec
add frame 146.1 time sec 1590975177 usec 652744
src frame 147.0 time sec 1590975177 usec 652755
    Interpolator time 36750 usec
    getNextFrame 147.1 time 10180 usec
add frame 147.1 time sec 1590975177 usec 702155
src frame 148.0 time sec 1590975177 usec 702166
    Interpolator time 33777 usec
    getNextFrame 148.1 time 9946 usec
add frame 148.1 time sec 1590975177 usec 748563
src frame 149.0 time sec 1590975177 usec 748594
    Interpolator time 35144 usec
    getNextFrame 149.1 time 10180 usec
add frame 149.1 time sec 1590975177 usec 796486
src frame 150.0 time sec 1590975177 usec 796498
    Interpolator time 39181 usec
    getNextFrame 150.1 time 11143 usec
add frame 150.1 time sec 1590975177 usec 849071
src frame 151.0 time sec 1590975177 usec 849082
    Interpolator time 34954 usec
    getNextFrame 151.1 time 9918 usec
add frame 151.1 time sec 1590975177 usec 896100
src frame 152.0 time sec 1590975177 usec 896141
    Interpolator time 35179 usec
    getNextFrame 152.1 time 9217 usec
add frame 152.1 time sec 1590975177 usec 941996
src frame 153.0 time sec 1590975177 usec 942043
    Interpolator time 34590 usec
    getNextFrame 153.1 time 8720 usec
add frame 153.1 time sec 1590975177 usec 986676
src frame 154.0 time sec 1590975177 usec 986753
    Interpolator time 36828 usec
    getNextFrame 154.1 time 9130 usec
add frame 154.1 time sec 1590975178 usec 34094
src frame 155.0 time sec 1590975178 usec 34174
    Interpolator time 35142 usec
    getNextFrame 155.1 time 9312 usec
add frame 155.1 time sec 1590975178 usec 80032
src frame 156.0 time sec 1590975178 usec 80118
    Interpolator time 34225 usec
    getNextFrame 156.1 time 9650 usec
add frame 156.1 time sec 1590975178 usec 125297
src frame 157.0 time sec 1590975178 usec 125393
    Interpolator time 32734 usec
    getNextFrame 157.1 time 9740 usec
add frame 157.1 time sec 1590975178 usec 169203
src frame 158.0 time sec 1590975178 usec 169252
    Interpolator time 32117 usec
    getNextFrame 158.1 time 9324 usec
add frame 158.1 time sec 1590975178 usec 212043
src frame 159.0 time sec 1590975178 usec 212087
    Interpolator time 32047 usec
    getNextFrame 159.1 time 8948 usec
add frame 159.1 time sec 1590975178 usec 254398
src frame 160.0 time sec 1590975178 usec 254440
    Interpolator time 31455 usec
    getNextFrame 160.1 time 8969 usec
add frame 160.1 time sec 1590975178 usec 296368
src frame 161.0 time sec 1590975178 usec 296411
    Interpolator time 34482 usec
    getNextFrame 161.1 time 9279 usec
add frame 161.1 time sec 1590975178 usec 341501
src frame 162.0 time sec 1590975178 usec 341547
    Interpolator time 33580 usec
    getNextFrame 162.1 time 8013 usec
add frame 162.1 time sec 1590975178 usec 384502
src frame 163.0 time sec 1590975178 usec 384550
    Interpolator time 33683 usec
    getNextFrame 163.1 time 9345 usec
add frame 163.1 time sec 1590975178 usec 428881
src frame 164.0 time sec 1590975178 usec 428927
    Interpolator time 33236 usec
    getNextFrame 164.1 time 9098 usec
add frame 164.1 time sec 1590975178 usec 472592
src frame 165.0 time sec 1590975178 usec 472634
    Interpolator time 31767 usec
    getNextFrame 165.1 time 10944 usec
add frame 165.1 time sec 1590975178 usec 516689
src frame 166.0 time sec 1590975178 usec 516703
    Interpolator time 33245 usec
    getNextFrame 166.1 time 8677 usec
add frame 166.1 time sec 1590975178 usec 559928
src frame 167.0 time sec 1590975178 usec 559972
    Interpolator time 31294 usec
    getNextFrame 167.1 time 10193 usec
add frame 167.1 time sec 1590975178 usec 602841
src frame 168.0 time sec 1590975178 usec 602883
    Interpolator time 32885 usec
    getNextFrame 168.1 time 9078 usec
add frame 168.1 time sec 1590975178 usec 646222
src frame 169.0 time sec 1590975178 usec 646263
    Interpolator time 33118 usec
    getNextFrame 169.1 time 9178 usec
add frame 169.1 time sec 1590975178 usec 689905
src frame 170.0 time sec 1590975178 usec 689969
    Interpolator time 34750 usec
    getNextFrame 170.1 time 8257 usec
add frame 170.1 time sec 1590975178 usec 734479
src frame 171.0 time sec 1590975178 usec 734560
    Interpolator time 35477 usec
    getNextFrame 171.1 time 9240 usec
add frame 171.1 time sec 1590975178 usec 780760
src frame 172.0 time sec 1590975178 usec 780828
    Interpolator time 34708 usec
    getNextFrame 172.1 time 9667 usec
add frame 172.1 time sec 1590975178 usec 826609
src frame 173.0 time sec 1590975178 usec 826670
    Interpolator time 36902 usec
    getNextFrame 173.1 time 9256 usec
add frame 173.1 time sec 1590975178 usec 874321
src frame 174.0 time sec 1590975178 usec 874360
    Interpolator time 36060 usec
    getNextFrame 174.1 time 9649 usec
add frame 174.1 time sec 1590975178 usec 922057
src frame 175.0 time sec 1590975178 usec 922119
    Interpolator time 38440 usec
    getNextFrame 175.1 time 10221 usec
add frame 175.1 time sec 1590975178 usec 972298
src frame 176.0 time sec 1590975178 usec 972369
    Interpolator time 36777 usec
    getNextFrame 176.1 time 9703 usec
add frame 176.1 time sec 1590975179 usec 20554
src frame 177.0 time sec 1590975179 usec 20600
    Interpolator time 36866 usec
    getNextFrame 177.1 time 9740 usec
add frame 177.1 time sec 1590975179 usec 68840
src frame 178.0 time sec 1590975179 usec 68879
    Interpolator time 36498 usec
    getNextFrame 178.1 time 9653 usec
add frame 178.1 time sec 1590975179 usec 117330
src frame 179.0 time sec 1590975179 usec 117345
    Interpolator time 38263 usec
    getNextFrame 179.1 time 10302 usec
add frame 179.1 time sec 1590975179 usec 172173
src frame 180.0 time sec 1590975179 usec 172260
    Interpolator time 38158 usec
    getNextFrame 180.1 time 10201 usec
add frame 180.1 time sec 1590975179 usec 222169
src frame 181.0 time sec 1590975179 usec 222268
    Interpolator time 36940 usec
    getNextFrame 181.1 time 10156 usec
add frame 181.1 time sec 1590975179 usec 270927
src frame 182.0 time sec 1590975179 usec 271011
    Interpolator time 37649 usec
    getNextFrame 182.1 time 10496 usec
add frame 182.1 time sec 1590975179 usec 320939
src frame 183.0 time sec 1590975179 usec 321019
    Interpolator time 37657 usec
    getNextFrame 183.1 time 10398 usec
add frame 183.1 time sec 1590975179 usec 370513
src frame 184.0 time sec 1590975179 usec 370600
    Interpolator time 38507 usec
    getNextFrame 184.1 time 10254 usec
add frame 184.1 time sec 1590975179 usec 420809
src frame 185.0 time sec 1590975179 usec 420874
    Interpolator time 40156 usec
    getNextFrame 185.1 time 11085 usec
add frame 185.1 time sec 1590975179 usec 473557
src frame 186.0 time sec 1590975179 usec 473605
    Interpolator time 38360 usec
    getNextFrame 186.1 time 10576 usec
add frame 186.1 time sec 1590975179 usec 523948
src frame 187.0 time sec 1590975179 usec 523998
    Interpolator time 37655 usec
    getNextFrame 187.1 time 10289 usec
add frame 187.1 time sec 1590975179 usec 573337
src frame 188.0 time sec 1590975179 usec 573377
    Interpolator time 37313 usec
    getNextFrame 188.1 time 9681 usec
add frame 188.1 time sec 1590975179 usec 622000
src frame 189.0 time sec 1590975179 usec 622065
    Interpolator time 38126 usec
    getNextFrame 189.1 time 10093 usec
add frame 189.1 time sec 1590975179 usec 671840
src frame 190.0 time sec 1590975179 usec 671905
    Interpolator time 37758 usec
    getNextFrame 190.1 time 10317 usec
add frame 190.1 time sec 1590975179 usec 721593
src frame 191.0 time sec 1590975179 usec 721635
    Interpolator time 36907 usec
    getNextFrame 191.1 time 10050 usec
add frame 191.1 time sec 1590975179 usec 770474
src frame 192.0 time sec 1590975179 usec 770518
    Interpolator time 37590 usec
    getNextFrame 192.1 time 10051 usec
add frame 192.1 time sec 1590975179 usec 820370
src frame 193.0 time sec 1590975179 usec 820411
    Interpolator time 36829 usec
    getNextFrame 193.1 time 10239 usec
add frame 193.1 time sec 1590975179 usec 869568
src frame 194.0 time sec 1590975179 usec 869643
    Interpolator time 37935 usec
    getNextFrame 194.1 time 10011 usec
add frame 194.1 time sec 1590975179 usec 919218
src frame 195.0 time sec 1590975179 usec 919232
    Interpolator time 38432 usec
    getNextFrame 195.1 time 10314 usec
add frame 195.1 time sec 1590975179 usec 969573
src frame 196.0 time sec 1590975179 usec 969587
    Interpolator time 39164 usec
    getNextFrame 196.1 time 10546 usec
add frame 196.1 time sec 1590975180 usec 20825
src frame 197.0 time sec 1590975180 usec 20888
    Interpolator time 37269 usec
    getNextFrame 197.1 time 10433 usec
add frame 197.1 time sec 1590975180 usec 69989
src frame 198.0 time sec 1590975180 usec 70086
    Interpolator time 36552 usec
    getNextFrame 198.1 time 10873 usec
add frame 198.1 time sec 1590975180 usec 119369
src frame 199.0 time sec 1590975180 usec 119453
    Interpolator time 39237 usec
    getNextFrame 199.1 time 10632 usec
add frame 199.1 time sec 1590975180 usec 170919
src frame 200.0 time sec 1590975180 usec 170969
    Interpolator time 36595 usec
    getNextFrame 200.1 time 9743 usec
add frame 200.1 time sec 1590975180 usec 218744
src frame 201.0 time sec 1590975180 usec 218760
    Interpolator time 35857 usec
    getNextFrame 201.1 time 10119 usec
add frame 201.1 time sec 1590975180 usec 266349
src frame 202.0 time sec 1590975180 usec 266363
    Interpolator time 37192 usec
    getNextFrame 202.1 time 9633 usec
add frame 202.1 time sec 1590975180 usec 316994
src frame 203.0 time sec 1590975180 usec 317038
    Interpolator time 37252 usec
    getNextFrame 203.1 time 10040 usec
add frame 203.1 time sec 1590975180 usec 366475
src frame 204.0 time sec 1590975180 usec 366562
    Interpolator time 36024 usec
    getNextFrame 204.1 time 10206 usec
add frame 204.1 time sec 1590975180 usec 415084
src frame 205.0 time sec 1590975180 usec 415102
    Interpolator time 36116 usec
    getNextFrame 205.1 time 10096 usec
add frame 205.1 time sec 1590975180 usec 467293
src frame 206.0 time sec 1590975180 usec 467388
    Interpolator time 36355 usec
    getNextFrame 206.1 time 9613 usec
add frame 206.1 time sec 1590975180 usec 516057
src frame 207.0 time sec 1590975180 usec 516144
    Interpolator time 35810 usec
    getNextFrame 207.1 time 10800 usec
add frame 207.1 time sec 1590975180 usec 565881
src frame 208.0 time sec 1590975180 usec 565971
    Interpolator time 35899 usec
    getNextFrame 208.1 time 9898 usec
add frame 208.1 time sec 1590975180 usec 614584
src frame 209.0 time sec 1590975180 usec 614667
    Interpolator time 39545 usec
    getNextFrame 209.1 time 10301 usec
add frame 209.1 time sec 1590975180 usec 670282
src frame 210.0 time sec 1590975180 usec 670377
    Interpolator time 37553 usec
    getNextFrame 210.1 time 10093 usec
add frame 210.1 time sec 1590975180 usec 719567
src frame 211.0 time sec 1590975180 usec 719615
    Interpolator time 38299 usec
    getNextFrame 211.1 time 10026 usec
add frame 211.1 time sec 1590975180 usec 770783
src frame 212.0 time sec 1590975180 usec 770875
    Interpolator time 37993 usec
    getNextFrame 212.1 time 9995 usec
add frame 212.1 time sec 1590975180 usec 821056
src frame 213.0 time sec 1590975180 usec 821141
    Interpolator time 37923 usec
    getNextFrame 213.1 time 10547 usec
add frame 213.1 time sec 1590975180 usec 871175
src frame 214.0 time sec 1590975180 usec 871264
    Interpolator time 38163 usec
    getNextFrame 214.1 time 10513 usec
add frame 214.1 time sec 1590975180 usec 921654
src frame 215.0 time sec 1590975180 usec 921741
    Interpolator time 37228 usec
    getNextFrame 215.1 time 10618 usec
add frame 215.1 time sec 1590975180 usec 971178
src frame 216.0 time sec 1590975180 usec 971273
    Interpolator time 38363 usec
    getNextFrame 216.1 time 9730 usec
add frame 216.1 time sec 1590975181 usec 21331
src frame 217.0 time sec 1590975181 usec 21379
    Interpolator time 36840 usec
    getNextFrame 217.1 time 9786 usec
add frame 217.1 time sec 1590975181 usec 69817
src frame 218.0 time sec 1590975181 usec 69867
    Interpolator time 37958 usec
    getNextFrame 218.1 time 9989 usec
add frame 218.1 time sec 1590975181 usec 119390
src frame 219.0 time sec 1590975181 usec 119427
    Interpolator time 36125 usec
    getNextFrame 219.1 time 10064 usec
add frame 219.1 time sec 1590975181 usec 167150
src frame 220.0 time sec 1590975181 usec 167192
    Interpolator time 34213 usec
    getNextFrame 220.1 time 10403 usec
add frame 220.1 time sec 1590975181 usec 215484
src frame 221.0 time sec 1590975181 usec 215570
    Interpolator time 34764 usec
    getNextFrame 221.1 time 10205 usec
add frame 221.1 time sec 1590975181 usec 264921
src frame 222.0 time sec 1590975181 usec 265017
    Interpolator time 34957 usec
    getNextFrame 222.1 time 10631 usec
add frame 222.1 time sec 1590975181 usec 316204
src frame 223.0 time sec 1590975181 usec 316269
    Interpolator time 36048 usec
    getNextFrame 223.1 time 10097 usec
add frame 223.1 time sec 1590975181 usec 369587
src frame 224.0 time sec 1590975181 usec 369689
    Interpolator time 38263 usec
    getNextFrame 224.1 time 9921 usec
add frame 224.1 time sec 1590975181 usec 419620
src frame 225.0 time sec 1590975181 usec 419638
    Interpolator time 34186 usec
    getNextFrame 225.1 time 10028 usec
add frame 225.1 time sec 1590975181 usec 465289
src frame 226.0 time sec 1590975181 usec 465373
    Interpolator time 33810 usec
    getNextFrame 226.1 time 9748 usec
add frame 226.1 time sec 1590975181 usec 513020
src frame 227.0 time sec 1590975181 usec 513103
    Interpolator time 33225 usec
    getNextFrame 227.1 time 10264 usec
add frame 227.1 time sec 1590975181 usec 562855
src frame 228.0 time sec 1590975181 usec 562950
    Interpolator time 32978 usec
    getNextFrame 228.1 time 9816 usec
add frame 228.1 time sec 1590975181 usec 612133
src frame 229.0 time sec 1590975181 usec 612240
    Interpolator time 34383 usec
    getNextFrame 229.1 time 9911 usec
add frame 229.1 time sec 1590975181 usec 663564
src frame 230.0 time sec 1590975181 usec 663613
    Interpolator time 33620 usec
    getNextFrame 230.1 time 9846 usec
add frame 230.1 time sec 1590975181 usec 713987
src frame 231.0 time sec 1590975181 usec 714002
    Interpolator time 34137 usec
    getNextFrame 231.1 time 10145 usec
add frame 231.1 time sec 1590975181 usec 763499
src frame 232.0 time sec 1590975181 usec 763587
    Interpolator time 35906 usec
    getNextFrame 232.1 time 10880 usec
add frame 232.1 time sec 1590975181 usec 819237
src frame 233.0 time sec 1590975181 usec 819327
    Interpolator time 36850 usec
    getNextFrame 233.1 time 10934 usec
add frame 233.1 time sec 1590975181 usec 869575
src frame 234.0 time sec 1590975181 usec 869670
    Interpolator time 39066 usec
    getNextFrame 234.1 time 10757 usec
add frame 234.1 time sec 1590975181 usec 921366
src frame 235.0 time sec 1590975181 usec 921448
    Interpolator time 38812 usec
    getNextFrame 235.1 time 10773 usec
add frame 235.1 time sec 1590975181 usec 972451
src frame 236.0 time sec 1590975181 usec 972557
    Interpolator time 39052 usec
    getNextFrame 236.1 time 10598 usec
add frame 236.1 time sec 1590975182 usec 23969
src frame 237.0 time sec 1590975182 usec 24049
    Interpolator time 39043 usec
    getNextFrame 237.1 time 10612 usec
add frame 237.1 time sec 1590975182 usec 75148
src frame 238.0 time sec 1590975182 usec 75227
    Interpolator time 39921 usec
    getNextFrame 238.1 time 10396 usec
add frame 238.1 time sec 1590975182 usec 126995
src frame 239.0 time sec 1590975182 usec 127093
    Interpolator time 38757 usec
    getNextFrame 239.1 time 10233 usec
add frame 239.1 time sec 1590975182 usec 177511
src frame 240.0 time sec 1590975182 usec 177548
    Interpolator time 39785 usec
    getNextFrame 240.1 time 10016 usec
add frame 240.1 time sec 1590975182 usec 229013
src frame 241.0 time sec 1590975182 usec 229069
    Interpolator time 39416 usec
    getNextFrame 241.1 time 10579 usec
add frame 241.1 time sec 1590975182 usec 280911
src frame 242.0 time sec 1590975182 usec 280950
    Interpolator time 39374 usec
    getNextFrame 242.1 time 9786 usec
add frame 242.1 time sec 1590975182 usec 332048
src frame 243.0 time sec 1590975182 usec 332097
    Interpolator time 41811 usec
    getNextFrame 243.1 time 9978 usec
add frame 243.1 time sec 1590975182 usec 385408
src frame 244.0 time sec 1590975182 usec 385419
    Interpolator time 38840 usec
    getNextFrame 244.1 time 9557 usec
add frame 244.1 time sec 1590975182 usec 435318
src frame 245.0 time sec 1590975182 usec 435384
    Interpolator time 39345 usec
    getNextFrame 245.1 time 9426 usec
add frame 245.1 time sec 1590975182 usec 485702
src frame 246.0 time sec 1590975182 usec 485774
    Interpolator time 38813 usec
    getNextFrame 246.1 time 9980 usec
add frame 246.1 time sec 1590975182 usec 535956
src frame 247.0 time sec 1590975182 usec 536023
    Interpolator time 37557 usec
    getNextFrame 247.1 time 10025 usec
add frame 247.1 time sec 1590975182 usec 585325
src frame 248.0 time sec 1590975182 usec 585375
    Interpolator time 39898 usec
    getNextFrame 248.1 time 9764 usec
add frame 248.1 time sec 1590975182 usec 636426
src frame 249.0 time sec 1590975182 usec 636479
    Interpolator time 37151 usec
    getNextFrame 249.1 time 9594 usec
add frame 249.1 time sec 1590975182 usec 684710
src frame 250.0 time sec 1590975182 usec 684752
    Interpolator time 35595 usec
    getNextFrame 250.1 time 9783 usec
add frame 250.1 time sec 1590975182 usec 731780
src frame 251.0 time sec 1590975182 usec 731861
    Interpolator time 35778 usec
    getNextFrame 251.1 time 9768 usec
add frame 251.1 time sec 1590975182 usec 778802
src frame 252.0 time sec 1590975182 usec 778865
    Interpolator time 36192 usec
    getNextFrame 252.1 time 9768 usec
add frame 252.1 time sec 1590975182 usec 826379
src frame 253.0 time sec 1590975182 usec 826443
    Interpolator time 36500 usec
    getNextFrame 253.1 time 10145 usec
add frame 253.1 time sec 1590975182 usec 874502
src frame 254.0 time sec 1590975182 usec 874566
    Interpolator time 36597 usec
    getNextFrame 254.1 time 9741 usec
add frame 254.1 time sec 1590975182 usec 922329
src frame 255.0 time sec 1590975182 usec 922393
    Interpolator time 36093 usec
    getNextFrame 255.1 time 9298 usec
add frame 255.1 time sec 1590975182 usec 969501
src frame 256.0 time sec 1590975182 usec 969552
    Interpolator time 33637 usec
    getNextFrame 256.1 time 9619 usec
add frame 256.1 time sec 1590975183 usec 14202
src frame 257.0 time sec 1590975183 usec 14245
    Interpolator time 34149 usec
    getNextFrame 257.1 time 9411 usec
add frame 257.1 time sec 1590975183 usec 63406
src frame 258.0 time sec 1590975183 usec 63471
    Interpolator time 33211 usec
    getNextFrame 258.1 time 9260 usec
add frame 258.1 time sec 1590975183 usec 114342
src frame 259.0 time sec 1590975183 usec 114429
    Interpolator time 34669 usec
    getNextFrame 259.1 time 9700 usec
add frame 259.1 time sec 1590975183 usec 164113
src frame 260.0 time sec 1590975183 usec 164213
    Interpolator time 33699 usec
    getNextFrame 260.1 time 9825 usec
add frame 260.1 time sec 1590975183 usec 212975
src frame 261.0 time sec 1590975183 usec 213062
    Interpolator time 33497 usec
    getNextFrame 261.1 time 9397 usec
add frame 261.1 time sec 1590975183 usec 262337
src frame 262.0 time sec 1590975183 usec 262423
    Interpolator time 32318 usec
    getNextFrame 262.1 time 9615 usec
add frame 262.1 time sec 1590975183 usec 312288
src frame 263.0 time sec 1590975183 usec 312383
    Interpolator time 33920 usec
    getNextFrame 263.1 time 9674 usec
add frame 263.1 time sec 1590975183 usec 365458
src frame 264.0 time sec 1590975183 usec 365522
    Interpolator time 34259 usec
    getNextFrame 264.1 time 9448 usec
add frame 264.1 time sec 1590975183 usec 416627
src frame 265.0 time sec 1590975183 usec 416721
    Interpolator time 34112 usec
    getNextFrame 265.1 time 9552 usec
add frame 265.1 time sec 1590975183 usec 464839
src frame 266.0 time sec 1590975183 usec 464922
    Interpolator time 34783 usec
    getNextFrame 266.1 time 9704 usec
add frame 266.1 time sec 1590975183 usec 514438
src frame 267.0 time sec 1590975183 usec 514449
    Interpolator time 34610 usec
    getNextFrame 267.1 time 10265 usec
add frame 267.1 time sec 1590975183 usec 564489
src frame 268.0 time sec 1590975183 usec 564575
    Interpolator time 34296 usec
    getNextFrame 268.1 time 10142 usec
add frame 268.1 time sec 1590975183 usec 615110
src frame 269.0 time sec 1590975183 usec 615196
    Interpolator time 33593 usec
    getNextFrame 269.1 time 9921 usec
add frame 269.1 time sec 1590975183 usec 664618
src frame 270.0 time sec 1590975183 usec 664697
    Interpolator time 36287 usec
    getNextFrame 270.1 time 9153 usec
add frame 270.1 time sec 1590975183 usec 717282
src frame 271.0 time sec 1590975183 usec 717299
    Interpolator time 35054 usec
    getNextFrame 271.1 time 9751 usec
add frame 271.1 time sec 1590975183 usec 766632
src frame 272.0 time sec 1590975183 usec 766719
    Interpolator time 33533 usec
    getNextFrame 272.1 time 9392 usec
add frame 272.1 time sec 1590975183 usec 815160
src frame 273.0 time sec 1590975183 usec 815248
    Interpolator time 37514 usec
    getNextFrame 273.1 time 9460 usec
add frame 273.1 time sec 1590975183 usec 870001
src frame 274.0 time sec 1590975183 usec 870087
    Interpolator time 34458 usec
    getNextFrame 274.1 time 9150 usec
add frame 274.1 time sec 1590975183 usec 916176
src frame 275.0 time sec 1590975183 usec 916194
    Interpolator time 32281 usec
    getNextFrame 275.1 time 9383 usec
add frame 275.1 time sec 1590975183 usec 965247
src frame 276.0 time sec 1590975183 usec 965353
    Interpolator time 33434 usec
    getNextFrame 276.1 time 9384 usec
add frame 276.1 time sec 1590975184 usec 14659
src frame 277.0 time sec 1590975184 usec 14752
    Interpolator time 31093 usec
    getNextFrame 277.1 time 10412 usec
add frame 277.1 time sec 1590975184 usec 65474
src frame 278.0 time sec 1590975184 usec 65564
    Interpolator time 32224 usec
    getNextFrame 278.1 time 9316 usec
add frame 278.1 time sec 1590975184 usec 111156
src frame 279.0 time sec 1590975184 usec 111244
    Interpolator time 32621 usec
    getNextFrame 279.1 time 9467 usec
add frame 279.1 time sec 1590975184 usec 161512
src frame 280.0 time sec 1590975184 usec 161598
    Interpolator time 31827 usec
    getNextFrame 280.1 time 9059 usec
add frame 280.1 time sec 1590975184 usec 211369
src frame 281.0 time sec 1590975184 usec 211457
    Interpolator time 31137 usec
    getNextFrame 281.1 time 9348 usec
add frame 281.1 time sec 1590975184 usec 259226
src frame 282.0 time sec 1590975184 usec 259312
    Interpolator time 30669 usec
    getNextFrame 282.1 time 9687 usec
add frame 282.1 time sec 1590975184 usec 309105
src frame 283.0 time sec 1590975184 usec 309192
    Interpolator time 33743 usec
    getNextFrame 283.1 time 10223 usec
add frame 283.1 time sec 1590975184 usec 362840
src frame 284.0 time sec 1590975184 usec 362934
    Interpolator time 33378 usec
    getNextFrame 284.1 time 9493 usec
add frame 284.1 time sec 1590975184 usec 412749
src frame 285.0 time sec 1590975184 usec 412834
    Interpolator time 31682 usec
    getNextFrame 285.1 time 9551 usec
add frame 285.1 time sec 1590975184 usec 462507
src frame 286.0 time sec 1590975184 usec 462518
    Interpolator time 31951 usec
    getNextFrame 286.1 time 9548 usec
add frame 286.1 time sec 1590975184 usec 511923
src frame 287.0 time sec 1590975184 usec 511934
    Interpolator time 31622 usec
    getNextFrame 287.1 time 9477 usec
add frame 287.1 time sec 1590975184 usec 560732
src frame 288.0 time sec 1590975184 usec 560830
    Interpolator time 32796 usec
    getNextFrame 288.1 time 9528 usec
add frame 288.1 time sec 1590975184 usec 611545
src frame 289.0 time sec 1590975184 usec 611590
    Interpolator time 34494 usec
    getNextFrame 289.1 time 9965 usec
add frame 289.1 time sec 1590975184 usec 662912
src frame 290.0 time sec 1590975184 usec 662959
    Interpolator time 32720 usec
    getNextFrame 290.1 time 9892 usec
add frame 290.1 time sec 1590975184 usec 712172
src frame 291.0 time sec 1590975184 usec 712261
    Interpolator time 36277 usec
    getNextFrame 291.1 time 11118 usec
add frame 291.1 time sec 1590975184 usec 766575
src frame 292.0 time sec 1590975184 usec 766595
    Interpolator time 34424 usec
    getNextFrame 292.1 time 10412 usec
add frame 292.1 time sec 1590975184 usec 814699
src frame 293.0 time sec 1590975184 usec 814795
    Interpolator time 35862 usec
    getNextFrame 293.1 time 10255 usec
add frame 293.1 time sec 1590975184 usec 867342
src frame 294.0 time sec 1590975184 usec 867354
    Interpolator time 36312 usec
    getNextFrame 294.1 time 9652 usec
add frame 294.1 time sec 1590975184 usec 918019
src frame 295.0 time sec 1590975184 usec 918106
    Interpolator time 35512 usec
    getNextFrame 295.1 time 9972 usec
add frame 295.1 time sec 1590975184 u