src frame 0.0 time sec 1590975247 usec 477053
    Interpolator time 34665 usec
    getNextFrame 0.1 time 8407 usec
add frame 0.1 time sec 1590975247 usec 543302
src frame 1.0 time sec 1590975247 usec 543385
    Interpolator time 48392 usec
    getNextFrame 1.1 time 8318 usec
add frame 1.1 time sec 1590975247 usec 601656
src frame 2.0 time sec 1590975247 usec 601759
    Interpolator time 55682 usec
    getNextFrame 2.1 time 7988 usec
add frame 2.1 time sec 1590975247 usec 666928
src frame 3.0 time sec 1590975247 usec 667013
    Interpolator time 46710 usec
    getNextFrame 3.1 time 7958 usec
add frame 3.1 time sec 1590975247 usec 723128
src frame 4.0 time sec 1590975247 usec 723216
    Interpolator time 48082 usec
    getNextFrame 4.1 time 7877 usec
add frame 4.1 time sec 1590975247 usec 780655
src frame 5.0 time sec 1590975247 usec 780739
    Interpolator time 48966 usec
    getNextFrame 5.1 time 7990 usec
add frame 5.1 time sec 1590975247 usec 839225
src frame 6.0 time sec 1590975247 usec 839327
    Interpolator time 48832 usec
    getNextFrame 6.1 time 7953 usec
add frame 6.1 time sec 1590975247 usec 897614
src frame 7.0 time sec 1590975247 usec 897657
    Interpolator time 49780 usec
    getNextFrame 7.1 time 8148 usec
add frame 7.1 time sec 1590975247 usec 957010
src frame 8.0 time sec 1590975247 usec 957023
    Interpolator time 50375 usec
    getNextFrame 8.1 time 8119 usec
add frame 8.1 time sec 1590975248 usec 16921
src frame 9.0 time sec 1590975248 usec 16936
    Interpolator time 51559 usec
    getNextFrame 9.1 time 8309 usec
add frame 9.1 time sec 1590975248 usec 78189
src frame 10.0 time sec 1590975248 usec 78203
    Interpolator time 47840 usec
    getNextFrame 10.1 time 8548 usec
add frame 10.1 time sec 1590975248 usec 136063
src frame 11.0 time sec 1590975248 usec 136079
    Interpolator time 47253 usec
    getNextFrame 11.1 time 8015 usec
add frame 11.1 time sec 1590975248 usec 192676
src frame 12.0 time sec 1590975248 usec 192692
    Interpolator time 49998 usec
    getNextFrame 12.1 time 8133 usec
add frame 12.1 time sec 1590975248 usec 252285
src frame 13.0 time sec 1590975248 usec 252327
    Interpolator time 55401 usec
    getNextFrame 13.1 time 13145 usec
add frame 13.1 time sec 1590975248 usec 322336
src frame 14.0 time sec 1590975248 usec 322378
    Interpolator time 53033 usec
    getNextFrame 14.1 time 8255 usec
add frame 14.1 time sec 1590975248 usec 385677
src frame 15.0 time sec 1590975248 usec 385718
    Interpolator time 50226 usec
    getNextFrame 15.1 time 8154 usec
add frame 15.1 time sec 1590975248 usec 445480
src frame 16.0 time sec 1590975248 usec 445522
    Interpolator time 53814 usec
    getNextFrame 16.1 time 8223 usec
add frame 16.1 time sec 1590975248 usec 508968
src frame 17.0 time sec 1590975248 usec 509010
    Interpolator time 50079 usec
    getNextFrame 17.1 time 8125 usec
add frame 17.1 time sec 1590975248 usec 568642
src frame 18.0 time sec 1590975248 usec 568683
    Interpolator time 50952 usec
    getNextFrame 18.1 time 8158 usec
add frame 18.1 time sec 1590975248 usec 629141
src frame 19.0 time sec 1590975248 usec 629183
    Interpolator time 47317 usec
    getNextFrame 19.1 time 7855 usec
add frame 19.1 time sec 1590975248 usec 685763
src frame 20.0 time sec 1590975248 usec 685805
    Interpolator time 48070 usec
    getNextFrame 20.1 time 8163 usec
add frame 20.1 time sec 1590975248 usec 743400
src frame 21.0 time sec 1590975248 usec 743444
    Interpolator time 55456 usec
    getNextFrame 21.1 time 8566 usec
add frame 21.1 time sec 1590975248 usec 808879
src frame 22.0 time sec 1590975248 usec 808895
    Interpolator time 57066 usec
    getNextFrame 22.1 time 8031 usec
add frame 22.1 time sec 1590975248 usec 875614
src frame 23.0 time sec 1590975248 usec 875660
    Interpolator time 48765 usec
    getNextFrame 23.1 time 8289 usec
add frame 23.1 time sec 1590975248 usec 934171
src frame 24.0 time sec 1590975248 usec 934218
    Interpolator time 47264 usec
    getNextFrame 24.1 time 7776 usec
add frame 24.1 time sec 1590975248 usec 990648
src frame 25.0 time sec 1590975248 usec 990700
    Interpolator time 46211 usec
    getNextFrame 25.1 time 8362 usec
add frame 25.1 time sec 1590975249 usec 46977
src frame 26.0 time sec 1590975249 usec 47018
    Interpolator time 57508 usec
    getNextFrame 26.1 time 13416 usec
add frame 26.1 time sec 1590975249 usec 119772
src frame 27.0 time sec 1590975249 usec 119852
    Interpolator time 59202 usec
    getNextFrame 27.1 time 8296 usec
add frame 27.1 time sec 1590975249 usec 189463
src frame 28.0 time sec 1590975249 usec 189513
    Interpolator time 45278 usec
    getNextFrame 28.1 time 8687 usec
add frame 28.1 time sec 1590975249 usec 244805
src frame 29.0 time sec 1590975249 usec 244816
    Interpolator time 45089 usec
    getNextFrame 29.1 time 8201 usec
add frame 29.1 time sec 1590975249 usec 300586
src frame 30.0 time sec 1590975249 usec 300627
    Interpolator time 42559 usec
    getNextFrame 30.1 time 7964 usec
add frame 30.1 time sec 1590975249 usec 352477
src frame 31.0 time sec 1590975249 usec 352520
    Interpolator time 43133 usec
    getNextFrame 31.1 time 7894 usec
add frame 31.1 time sec 1590975249 usec 404918
src frame 32.0 time sec 1590975249 usec 404966
    Interpolator time 47694 usec
    getNextFrame 32.1 time 8129 usec
add frame 32.1 time sec 1590975249 usec 462208
src frame 33.0 time sec 1590975249 usec 462250
    Interpolator time 43327 usec
    getNextFrame 33.1 time 8382 usec
add frame 33.1 time sec 1590975249 usec 515272
src frame 34.0 time sec 1590975249 usec 515313
    Interpolator time 42798 usec
    getNextFrame 34.1 time 8448 usec
add frame 34.1 time sec 1590975249 usec 567983
src frame 35.0 time sec 1590975249 usec 568026
    Interpolator time 45317 usec
    getNextFrame 35.1 time 8627 usec
add frame 35.1 time sec 1590975249 usec 623307
src frame 36.0 time sec 1590975249 usec 623358
    Interpolator time 45936 usec
    getNextFrame 36.1 time 7889 usec
add frame 36.1 time sec 1590975249 usec 678544
src frame 37.0 time sec 1590975249 usec 678606
    Interpolator time 45432 usec
    getNextFrame 37.1 time 7559 usec
add frame 37.1 time sec 1590975249 usec 733013
src frame 38.0 time sec 1590975249 usec 733066
    Interpolator time 46637 usec
    getNextFrame 38.1 time 7915 usec
add frame 38.1 time sec 1590975249 usec 788932
src frame 39.0 time sec 1590975249 usec 788997
    Interpolator time 45644 usec
    getNextFrame 39.1 time 7664 usec
add frame 39.1 time sec 1590975249 usec 843759
src frame 40.0 time sec 1590975249 usec 843790
    Interpolator time 45001 usec
    getNextFrame 40.1 time 8427 usec
add frame 40.1 time sec 1590975249 usec 898939
src frame 41.0 time sec 1590975249 usec 898982
    Interpolator time 43758 usec
    getNextFrame 41.1 time 8481 usec
add frame 41.1 time sec 1590975249 usec 952612
src frame 42.0 time sec 1590975249 usec 952652
    Interpolator time 44929 usec
    getNextFrame 42.1 time 8975 usec
add frame 42.1 time sec 1590975250 usec 7894
src frame 43.0 time sec 1590975250 usec 7936
    Interpolator time 49867 usec
    getNextFrame 43.1 time 7847 usec
add frame 43.1 time sec 1590975250 usec 66983
src frame 44.0 time sec 1590975250 usec 67029
    Interpolator time 44012 usec
    getNextFrame 44.1 time 7972 usec
add frame 44.1 time sec 1590975250 usec 120379
src frame 45.0 time sec 1590975250 usec 120390
    Interpolator time 47868 usec
    getNextFrame 45.1 time 8170 usec
add frame 45.1 time sec 1590975250 usec 177737
src frame 46.0 time sec 1590975250 usec 177777
    Interpolator time 48460 usec
    getNextFrame 46.1 time 8399 usec
add frame 46.1 time sec 1590975250 usec 236204
src frame 47.0 time sec 1590975250 usec 236273
    Interpolator time 44288 usec
    getNextFrame 47.1 time 8085 usec
add frame 47.1 time sec 1590975250 usec 290020
src frame 48.0 time sec 1590975250 usec 290070
    Interpolator time 47743 usec
    getNextFrame 48.1 time 7858 usec
add frame 48.1 time sec 1590975250 usec 347007
src frame 49.0 time sec 1590975250 usec 347054
    Interpolator time 44825 usec
    getNextFrame 49.1 time 7839 usec
add frame 49.1 time sec 1590975250 usec 401203
src frame 50.0 time sec 1590975250 usec 401216
    Interpolator time 43639 usec
    getNextFrame 50.1 time 8047 usec
add frame 50.1 time sec 1590975250 usec 454552
src frame 51.0 time sec 1590975250 usec 454565
    Interpolator time 51518 usec
    getNextFrame 51.1 time 8478 usec
add frame 51.1 time sec 1590975250 usec 516093
src frame 52.0 time sec 1590975250 usec 516106
    Interpolator time 49015 usec
    getNextFrame 52.1 time 7893 usec
add frame 52.1 time sec 1590975250 usec 574393
src frame 53.0 time sec 1590975250 usec 574456
    Interpolator time 45677 usec
    getNextFrame 53.1 time 7869 usec
add frame 53.1 time sec 1590975250 usec 629372
src frame 54.0 time sec 1590975250 usec 629423
    Interpolator time 47084 usec
    getNextFrame 54.1 time 7644 usec
add frame 54.1 time sec 1590975250 usec 685556
src frame 55.0 time sec 1590975250 usec 685607
    Interpolator time 45785 usec
    getNextFrame 55.1 time 7972 usec
add frame 55.1 time sec 1590975250 usec 740661
src frame 56.0 time sec 1590975250 usec 740724
    Interpolator time 46080 usec
    getNextFrame 56.1 time 7985 usec
add frame 56.1 time sec 1590975250 usec 796096
src frame 57.0 time sec 1590975250 usec 796140
    Interpolator time 43647 usec
    getNextFrame 57.1 time 7698 usec
add frame 57.1 time sec 1590975250 usec 848968
src frame 58.0 time sec 1590975250 usec 849010
    Interpolator time 48408 usec
    getNextFrame 58.1 time 8204 usec
add frame 58.1 time sec 1590975250 usec 907133
src frame 59.0 time sec 1590975250 usec 907175
    Interpolator time 45104 usec
    getNextFrame 59.1 time 8810 usec
add frame 59.1 time sec 1590975250 usec 962601
src frame 60.0 time sec 1590975250 usec 962641
    Interpolator time 48600 usec
    getNextFrame 60.1 time 8656 usec
add frame 60.1 time sec 1590975251 usec 21303
src frame 61.0 time sec 1590975251 usec 21336
    Interpolator time 47121 usec
    getNextFrame 61.1 time 8423 usec
add frame 61.1 time sec 1590975251 usec 78447
src frame 62.0 time sec 1590975251 usec 78509
    Interpolator time 46334 usec
    getNextFrame 62.1 time 8081 usec
add frame 62.1 time sec 1590975251 usec 134267
src frame 63.0 time sec 1590975251 usec 134308
    Interpolator time 45161 usec
    getNextFrame 63.1 time 7588 usec
add frame 63.1 time sec 1590975251 usec 188438
src frame 64.0 time sec 1590975251 usec 188503
    Interpolator time 46069 usec
    getNextFrame 64.1 time 7912 usec
add frame 64.1 time sec 1590975251 usec 243991
src frame 65.0 time sec 1590975251 usec 244054
    Interpolator time 46797 usec
    getNextFrame 65.1 time 7984 usec
add frame 65.1 time sec 1590975251 usec 300202
src frame 66.0 time sec 1590975251 usec 300245
    Interpolator time 44322 usec
    getNextFrame 66.1 time 8332 usec
add frame 66.1 time sec 1590975251 usec 354368
src frame 67.0 time sec 1590975251 usec 354409
    Interpolator time 47279 usec
    getNextFrame 67.1 time 8318 usec
add frame 67.1 time sec 1590975251 usec 411478
src frame 68.0 time sec 1590975251 usec 411492
    Interpolator time 46619 usec
    getNextFrame 68.1 time 8073 usec
add frame 68.1 time sec 1590975251 usec 467583
src frame 69.0 time sec 1590975251 usec 467596
    Interpolator time 45374 usec
    getNextFrame 69.1 time 8057 usec
add frame 69.1 time sec 1590975251 usec 522691
src frame 70.0 time sec 1590975251 usec 522742
    Interpolator time 47029 usec
    getNextFrame 70.1 time 8462 usec
add frame 70.1 time sec 1590975251 usec 579644
src frame 71.0 time sec 1590975251 usec 579683
    Interpolator time 44710 usec
    getNextFrame 71.1 time 8061 usec
add frame 71.1 time sec 1590975251 usec 634203
src frame 72.0 time sec 1590975251 usec 634265
    Interpolator time 43699 usec
    getNextFrame 72.1 time 9333 usec
add frame 72.1 time sec 1590975251 usec 688845
src frame 73.0 time sec 1590975251 usec 688856
    Interpolator time 46053 usec
    getNextFrame 73.1 time 8221 usec
add frame 73.1 time sec 1590975251 usec 744628
src frame 74.0 time sec 1590975251 usec 744676
    Interpolator time 45428 usec
    getNextFrame 74.1 time 7986 usec
add frame 74.1 time sec 1590975251 usec 799444
src frame 75.0 time sec 1590975251 usec 799486
    Interpolator time 42797 usec
    getNextFrame 75.1 time 8517 usec
add frame 75.1 time sec 1590975251 usec 852456
src frame 76.0 time sec 1590975251 usec 852471
    Interpolator time 50888 usec
    getNextFrame 76.1 time 8476 usec
add frame 76.1 time sec 1590975251 usec 913246
src frame 77.0 time sec 1590975251 usec 913290
    Interpolator time 43403 usec
    getNextFrame 77.1 time 8468 usec
add frame 77.1 time sec 1590975251 usec 966561
src frame 78.0 time sec 1590975251 usec 966573
    Interpolator time 43397 usec
    getNextFrame 78.1 time 8277 usec
add frame 78.1 time sec 1590975252 usec 19602
src frame 79.0 time sec 1590975252 usec 19617
    Interpolator time 44821 usec
    getNextFrame 79.1 time 8049 usec
add frame 79.1 time sec 1590975252 usec 73821
src frame 80.0 time sec 1590975252 usec 73869
    Interpolator time 47163 usec
    getNextFrame 80.1 time 7771 usec
add frame 80.1 time sec 1590975252 usec 130239
src frame 81.0 time sec 1590975252 usec 130291
    Interpolator time 46145 usec
    getNextFrame 81.1 time 7670 usec
add frame 81.1 time sec 1590975252 usec 185594
src frame 82.0 time sec 1590975252 usec 185631
    Interpolator time 42745 usec
    getNextFrame 82.1 time 7443 usec
add frame 82.1 time sec 1590975252 usec 237212
src frame 83.0 time sec 1590975252 usec 237263
    Interpolator time 45058 usec
    getNextFrame 83.1 time 7786 usec
add frame 83.1 time sec 1590975252 usec 291401
src frame 84.0 time sec 1590975252 usec 291452
    Interpolator time 47252 usec
    getNextFrame 84.1 time 7592 usec
add frame 84.1 time sec 1590975252 usec 347660
src frame 85.0 time sec 1590975252 usec 347727
    Interpolator time 45264 usec
    getNextFrame 85.1 time 7852 usec
add frame 85.1 time sec 1590975252 usec 402240
src frame 86.0 time sec 1590975252 usec 402255
    Interpolator time 48664 usec
    getNextFrame 86.1 time 8064 usec
add frame 86.1 time sec 1590975252 usec 460465
src frame 87.0 time sec 1590975252 usec 460506
    Interpolator time 47074 usec
    getNextFrame 87.1 time 7891 usec
add frame 87.1 time sec 1590975252 usec 516864
src frame 88.0 time sec 1590975252 usec 516906
    Interpolator time 44039 usec
    getNextFrame 88.1 time 8024 usec
add frame 88.1 time sec 1590975252 usec 570352
src frame 89.0 time sec 1590975252 usec 570397
    Interpolator time 47884 usec
    getNextFrame 89.1 time 7745 usec
add frame 89.1 time sec 1590975252 usec 627612
src frame 90.0 time sec 1590975252 usec 627663
    Interpolator time 46319 usec
    getNextFrame 90.1 time 7971 usec
add frame 90.1 time sec 1590975252 usec 683309
src frame 91.0 time sec 1590975252 usec 683352
    Interpolator time 45240 usec
    getNextFrame 91.1 time 8191 usec
add frame 91.1 time sec 1590975252 usec 738310
src frame 92.0 time sec 1590975252 usec 738374
    Interpolator time 46054 usec
    getNextFrame 92.1 time 8450 usec
add frame 92.1 time sec 1590975252 usec 794346
src frame 93.0 time sec 1590975252 usec 794398
    Interpolator time 46538 usec
    getNextFrame 93.1 time 7816 usec
add frame 93.1 time sec 1590975252 usec 850161
src frame 94.0 time sec 1590975252 usec 850172
    Interpolator time 46066 usec
    getNextFrame 94.1 time 7987 usec
add frame 94.1 time sec 1590975252 usec 906597
src frame 95.0 time sec 1590975252 usec 906608
    Interpolator time 45122 usec
    getNextFrame 95.1 time 8243 usec
add frame 95.1 time sec 1590975252 usec 962294
src frame 96.0 time sec 1590975252 usec 962304
    Interpolator time 44292 usec
    getNextFrame 96.1 time 8297 usec
add frame 96.1 time sec 1590975253 usec 17284
src frame 97.0 time sec 1590975253 usec 17296
    Interpolator time 44813 usec
    getNextFrame 97.1 time 8176 usec
add frame 97.1 time sec 1590975253 usec 72490
src frame 98.0 time sec 1590975253 usec 72523
    Interpolator time 46845 usec
    getNextFrame 98.1 time 7920 usec
add frame 98.1 time sec 1590975253 usec 129520
src frame 99.0 time sec 1590975253 usec 129583
    Interpolator time 45414 usec
    getNextFrame 99.1 time 7295 usec
add frame 99.1 time sec 1590975253 usec 183601
src frame 100.0 time sec 1590975253 usec 183653
    Interpolator time 43379 usec
    getNextFrame 100.1 time 7685 usec
add frame 100.1 time sec 1590975253 usec 236507
src frame 101.0 time sec 1590975253 usec 236521
    Interpolator time 50698 usec
    getNextFrame 101.1 time 8329 usec
add frame 101.1 time sec 1590975253 usec 297058
src frame 102.0 time sec 1590975253 usec 297113
    Interpolator time 44307 usec
    getNextFrame 102.1 time 8347 usec
add frame 102.1 time sec 1590975253 usec 351526
src frame 103.0 time sec 1590975253 usec 351540
    Interpolator time 42750 usec
    getNextFrame 103.1 time 8813 usec
add frame 103.1 time sec 1590975253 usec 404468
src frame 104.0 time sec 1590975253 usec 404481
    Interpolator time 44933 usec
    getNextFrame 104.1 time 8036 usec
add frame 104.1 time sec 1590975253 usec 458778
src frame 105.0 time sec 1590975253 usec 458790
    Interpolator time 47004 usec
    getNextFrame 105.1 time 7922 usec
add frame 105.1 time sec 1590975253 usec 515081
src frame 106.0 time sec 1590975253 usec 515093
    Interpolator time 42398 usec
    getNextFrame 106.1 time 8222 usec
add frame 106.1 time sec 1590975253 usec 567078
src frame 107.0 time sec 1590975253 usec 567090
    Interpolator time 43175 usec
    getNextFrame 107.1 time 8116 usec
add frame 107.1 time sec 1590975253 usec 619734
src frame 108.0 time sec 1590975253 usec 619767
    Interpolator time 44233 usec
    getNextFrame 108.1 time 8070 usec
add frame 108.1 time sec 1590975253 usec 673567
src frame 109.0 time sec 1590975253 usec 673632
    Interpolator time 44733 usec
    getNextFrame 109.1 time 7874 usec
add frame 109.1 time sec 1590975253 usec 727554
src frame 110.0 time sec 1590975253 usec 727605
    Interpolator time 47056 usec
    getNextFrame 110.1 time 7752 usec
add frame 110.1 time sec 1590975253 usec 783792
src frame 111.0 time sec 1590975253 usec 783857
    Interpolator time 49227 usec
    getNextFrame 111.1 time 8289 usec
add frame 111.1 time sec 1590975253 usec 842675
src frame 112.0 time sec 1590975253 usec 842686
    Interpolator time 48119 usec
    getNextFrame 112.1 time 10444 usec
add frame 112.1 time sec 1590975253 usec 903486
src frame 113.0 time sec 1590975253 usec 903539
    Interpolator time 47058 usec
    getNextFrame 113.1 time 13875 usec
add frame 113.1 time sec 1590975253 usec 966932
src frame 114.0 time sec 1590975253 usec 966946
    Interpolator time 44451 usec
    getNextFrame 114.1 time 14215 usec
add frame 114.1 time sec 1590975254 usec 28170
src frame 115.0 time sec 1590975254 usec 28209
    Interpolator time 49469 usec
    getNextFrame 115.1 time 8289 usec
add frame 115.1 time sec 1590975254 usec 88209
src frame 116.0 time sec 1590975254 usec 88250
    Interpolator time 49278 usec
    getNextFrame 116.1 time 7912 usec
add frame 116.1 time sec 1590975254 usec 147024
src frame 117.0 time sec 1590975254 usec 147074
    Interpolator time 48674 usec
    getNextFrame 117.1 time 13338 usec
add frame 117.1 time sec 1590975254 usec 210615
src frame 118.0 time sec 1590975254 usec 210653
    Interpolator time 45504 usec
    getNextFrame 118.1 time 8437 usec
add frame 118.1 time sec 1590975254 usec 266883
src frame 119.0 time sec 1590975254 usec 266944
    Interpolator time 44396 usec
    getNextFrame 119.1 time 8421 usec
add frame 119.1 time sec 1590975254 usec 321213
src frame 120.0 time sec 1590975254 usec 321252
    Interpolator time 44928 usec
    getNextFrame 120.1 time 8276 usec
add frame 120.1 time sec 1590975254 usec 376349
src frame 121.0 time sec 1590975254 usec 376398
    Interpolator time 48056 usec
    getNextFrame 121.1 time 8187 usec
add frame 121.1 time sec 1590975254 usec 433952
src frame 122.0 time sec 1590975254 usec 434014
    Interpolator time 43793 usec
    getNextFrame 122.1 time 7619 usec
add frame 122.1 time sec 1590975254 usec 486936
src frame 123.0 time sec 1590975254 usec 486986
    Interpolator time 46377 usec
    getNextFrame 123.1 time 7904 usec
add frame 123.1 time sec 1590975254 usec 543180
src frame 124.0 time sec 1590975254 usec 543234
    Interpolator time 43972 usec
    getNextFrame 124.1 time 8102 usec
add frame 124.1 time sec 1590975254 usec 596728
src frame 125.0 time sec 1590975254 usec 596794
    Interpolator time 45482 usec
    getNextFrame 125.1 time 8513 usec
add frame 125.1 time sec 1590975254 usec 652439
src frame 126.0 time sec 1590975254 usec 652480
    Interpolator time 50664 usec
    getNextFrame 126.1 time 8361 usec
add frame 126.1 time sec 1590975254 usec 712860
src frame 127.0 time sec 1590975254 usec 712872
    Interpolator time 44234 usec
    getNextFrame 127.1 time 8152 usec
add frame 127.1 time sec 1590975254 usec 766592
src frame 128.0 time sec 1590975254 usec 766603
    Interpolator time 43083 usec
    getNextFrame 128.1 time 8012 usec
add frame 128.1 time sec 1590975254 usec 819172
src frame 129.0 time sec 1590975254 usec 819184
    Interpolator time 43358 usec
    getNextFrame 129.1 time 8187 usec
add frame 129.1 time sec 1590975254 usec 872160
src frame 130.0 time sec 1590975254 usec 872222
    Interpolator time 46605 usec
    getNextFrame 130.1 time 8157 usec
add frame 130.1 time sec 1590975254 usec 928549
src frame 131.0 time sec 1590975254 usec 928610
    Interpolator time 44313 usec
    getNextFrame 131.1 time 10245 usec
add frame 131.1 time sec 1590975254 usec 984482
src frame 132.0 time sec 1590975254 usec 984539
    Interpolator time 46140 usec
    getNextFrame 132.1 time 7466 usec
add frame 132.1 time sec 1590975255 usec 39457
src frame 133.0 time sec 1590975255 usec 39473
    Interpolator time 43664 usec
    getNextFrame 133.1 time 8056 usec
add frame 133.1 time sec 1590975255 usec 92710
src frame 134.0 time sec 1590975255 usec 92753
    Interpolator time 45225 usec
    getNextFrame 134.1 time 8248 usec
add frame 134.1 time sec 1590975255 usec 147593
src frame 135.0 time sec 1590975255 usec 147638
    Interpolator time 46257 usec
    getNextFrame 135.1 time 7884 usec
add frame 135.1 time sec 1590975255 usec 203290
src frame 136.0 time sec 1590975255 usec 203322
    Interpolator time 45230 usec
    getNextFrame 136.1 time 8357 usec
add frame 136.1 time sec 1590975255 usec 258592
src frame 137.0 time sec 1590975255 usec 258605
    Interpolator time 44936 usec
    getNextFrame 137.1 time 8627 usec
add frame 137.1 time sec 1590975255 usec 313533
src frame 138.0 time sec 1590975255 usec 313546
    Interpolator time 43138 usec
    getNextFrame 138.1 time 8461 usec
add frame 138.1 time sec 1590975255 usec 366462
src frame 139.0 time sec 1590975255 usec 366474
    Interpolator time 44050 usec
    getNextFrame 139.1 time 8369 usec
add frame 139.1 time sec 1590975255 usec 420272
src frame 140.0 time sec 1590975255 usec 420314
    Interpolator time 43473 usec
    getNextFrame 140.1 time 8808 usec
add frame 140.1 time sec 1590975255 usec 473982
src frame 141.0 time sec 1590975255 usec 474042
    Interpolator time 45725 usec
    getNextFrame 141.1 time 8104 usec
add frame 141.1 time sec 1590975255 usec 529170
src frame 142.0 time sec 1590975255 usec 529221
    Interpolator time 46099 usec
    getNextFrame 142.1 time 7617 usec
add frame 142.1 time sec 1590975255 usec 584357
src frame 143.0 time sec 1590975255 usec 584409
    Interpolator time 44146 usec
    getNextFrame 143.1 time 7401 usec
add frame 143.1 time sec 1590975255 usec 637318
src frame 144.0 time sec 1590975255 usec 637373
    Interpolator time 46353 usec
    getNextFrame 144.1 time 7916 usec
add frame 144.1 time sec 1590975255 usec 692944
src frame 145.0 time sec 1590975255 usec 692985
    Interpolator time 46062 usec
    getNextFrame 145.1 time 8861 usec
add frame 145.1 time sec 1590975255 usec 749601
src frame 146.0 time sec 1590975255 usec 749615
    Interpolator time 45694 usec
    getNextFrame 146.1 time 8209 usec
add frame 146.1 time sec 1590975255 usec 805007
src frame 147.0 time sec 1590975255 usec 805019
    Interpolator time 46312 usec
    getNextFrame 147.1 time 8029 usec
add frame 147.1 time sec 1590975255 usec 860934
src frame 148.0 time sec 1590975255 usec 860976
    Interpolator time 44287 usec
    getNextFrame 148.1 time 8357 usec
add frame 148.1 time sec 1590975255 usec 914967
src frame 149.0 time sec 1590975255 usec 915010
    Interpolator time 46465 usec
    getNextFrame 149.1 time 8578 usec
add frame 149.1 time sec 1590975255 usec 971492
src frame 150.0 time sec 1590975255 usec 971541
    Interpolator time 45440 usec
    getNextFrame 150.1 time 13269 usec
add frame 150.1 time sec 1590975256 usec 31914
src frame 151.0 time sec 1590975256 usec 31928
    Interpolator time 47056 usec
    getNextFrame 151.1 time 7689 usec
add frame 151.1 time sec 1590975256 usec 88381
src frame 152.0 time sec 1590975256 usec 88432
    Interpolator time 47073 usec
    getNextFrame 152.1 time 7906 usec
add frame 152.1 time sec 1590975256 usec 144894
src frame 153.0 time sec 1590975256 usec 144920
    Interpolator time 44878 usec
    getNextFrame 153.1 time 8168 usec
add frame 153.1 time sec 1590975256 usec 200369
src frame 154.0 time sec 1590975256 usec 200410
    Interpolator time 43298 usec
    getNextFrame 154.1 time 8932 usec
add frame 154.1 time sec 1590975256 usec 253986
src frame 155.0 time sec 1590975256 usec 254029
    Interpolator time 48205 usec
    getNextFrame 155.1 time 7917 usec
add frame 155.1 time sec 1590975256 usec 311525
src frame 156.0 time sec 1590975256 usec 311567
    Interpolator time 46687 usec
    getNextFrame 156.1 time 7964 usec
add frame 156.1 time sec 1590975256 usec 367596
src frame 157.0 time sec 1590975256 usec 367640
    Interpolator time 43852 usec
    getNextFrame 157.1 time 8206 usec
add frame 157.1 time sec 1590975256 usec 421128
src frame 158.0 time sec 1590975256 usec 421170
    Interpolator time 43620 usec
    getNextFrame 158.1 time 8137 usec
add frame 158.1 time sec 1590975256 usec 474430
src frame 159.0 time sec 1590975256 usec 474480
    Interpolator time 45123 usec
    getNextFrame 159.1 time 8094 usec
add frame 159.1 time sec 1590975256 usec 529093
src frame 160.0 time sec 1590975256 usec 529142
    Interpolator time 46211 usec
    getNextFrame 160.1 time 7732 usec
add frame 160.1 time sec 1590975256 usec 584388
src frame 161.0 time sec 1590975256 usec 584450
    Interpolator time 45894 usec
    getNextFrame 161.1 time 8660 usec
add frame 161.1 time sec 1590975256 usec 640629
src frame 162.0 time sec 1590975256 usec 640642
    Interpolator time 47169 usec
    getNextFrame 162.1 time 9236 usec
add frame 162.1 time sec 1590975256 usec 698414
src frame 163.0 time sec 1590975256 usec 698425
    Interpolator time 48791 usec
    getNextFrame 163.1 time 8292 usec
add frame 163.1 time sec 1590975256 usec 757741
src frame 164.0 time sec 1590975256 usec 757751
    Interpolator time 45755 usec
    getNextFrame 164.1 time 8202 usec
add frame 164.1 time sec 1590975256 usec 814048
src frame 165.0 time sec 1590975256 usec 814091
    Interpolator time 45066 usec
    getNextFrame 165.1 time 8331 usec
add frame 165.1 time sec 1590975256 usec 868832
src frame 166.0 time sec 1590975256 usec 868877
    Interpolator time 45638 usec
    getNextFrame 166.1 time 8601 usec
add frame 166.1 time sec 1590975256 usec 924465
src frame 167.0 time sec 1590975256 usec 924532
    Interpolator time 45369 usec
    getNextFrame 167.1 time 7881 usec
add frame 167.1 time sec 1590975256 usec 979082
src frame 168.0 time sec 1590975256 usec 979147
    Interpolator time 47327 usec
    getNextFrame 168.1 time 8244 usec
add frame 168.1 time sec 1590975257 usec 36182
src frame 169.0 time sec 1590975257 usec 36252
    Interpolator time 45711 usec
    getNextFrame 169.1 time 7741 usec
add frame 169.1 time sec 1590975257 usec 91017
src frame 170.0 time sec 1590975257 usec 91071
    Interpolator time 46086 usec
    getNextFrame 170.1 time 9470 usec
add frame 170.1 time sec 1590975257 usec 148599
src frame 171.0 time sec 1590975257 usec 148636
    Interpolator time 48940 usec
    getNextFrame 171.1 time 8077 usec
add frame 171.1 time sec 1590975257 usec 207263
src frame 172.0 time sec 1590975257 usec 207311
    Interpolator time 47381 usec
    getNextFrame 172.1 time 7962 usec
add frame 172.1 time sec 1590975257 usec 264049
src frame 173.0 time sec 1590975257 usec 264092
    Interpolator time 45952 usec
    getNextFrame 173.1 time 8315 usec
add frame 173.1 time sec 1590975257 usec 319692
src frame 174.0 time sec 1590975257 usec 319746
    Interpolator time 45960 usec
    getNextFrame 174.1 time 8872 usec
add frame 174.1 time sec 1590975257 usec 376350
src frame 175.0 time sec 1590975257 usec 376392
    Interpolator time 51475 usec
    getNextFrame 175.1 time 8061 usec
add frame 175.1 time sec 1590975257 usec 437664
src frame 176.0 time sec 1590975257 usec 437722
    Interpolator time 44408 usec
    getNextFrame 176.1 time 8577 usec
add frame 176.1 time sec 1590975257 usec 492099
src frame 177.0 time sec 1590975257 usec 492110
    Interpolator time 48072 usec
    getNextFrame 177.1 time 8212 usec
add frame 177.1 time sec 1590975257 usec 550667
src frame 178.0 time sec 1590975257 usec 550712
    Interpolator time 44342 usec
    getNextFrame 178.1 time 7994 usec
add frame 178.1 time sec 1590975257 usec 604439
src frame 179.0 time sec 1590975257 usec 604481
    Interpolator time 48780 usec
    getNextFrame 179.1 time 8085 usec
add frame 179.1 time sec 1590975257 usec 662840
src frame 180.0 time sec 1590975257 usec 662885
    Interpolator time 44925 usec
    getNextFrame 180.1 time 8401 usec
add frame 180.1 time sec 1590975257 usec 717600
src frame 181.0 time sec 1590975257 usec 717642
    Interpolator time 42748 usec
    getNextFrame 181.1 time 8228 usec
add frame 181.1 time sec 1590975257 usec 769958
src frame 182.0 time sec 1590975257 usec 770001
    Interpolator time 45575 usec
    getNextFrame 182.1 time 8168 usec
add frame 182.1 time sec 1590975257 usec 825147
src frame 183.0 time sec 1590975257 usec 825203
    Interpolator time 43943 usec
    getNextFrame 183.1 time 8931 usec
add frame 183.1 time sec 1590975257 usec 879402
src frame 184.0 time sec 1590975257 usec 879465
    Interpolator time 47759 usec
    getNextFrame 184.1 time 7860 usec
add frame 184.1 time sec 1590975257 usec 936456
src frame 185.0 time sec 1590975257 usec 936565
    Interpolator time 46114 usec
    getNextFrame 185.1 time 8118 usec
add frame 185.1 time sec 1590975257 usec 992272
src frame 186.0 time sec 1590975257 usec 992334
    Interpolator time 45641 usec
    getNextFrame 186.1 time 8228 usec
add frame 186.1 time sec 1590975258 usec 47544
src frame 187.0 time sec 1590975258 usec 47559
    Interpolator time 46581 usec
    getNextFrame 187.1 time 8402 usec
add frame 187.1 time sec 1590975258 usec 105198
src frame 188.0 time sec 1590975258 usec 105213
    Interpolator time 46689 usec
    getNextFrame 188.1 time 8139 usec
add frame 188.1 time sec 1590975258 usec 161462
src frame 189.0 time sec 1590975258 usec 161476
    Interpolator time 46246 usec
    getNextFrame 189.1 time 7847 usec
add frame 189.1 time sec 1590975258 usec 216841
src frame 190.0 time sec 1590975258 usec 216884
    Interpolator time 45080 usec
    getNextFrame 190.1 time 8250 usec
add frame 190.1 time sec 1590975258 usec 271607
src frame 191.0 time sec 1590975258 usec 271624
    Interpolator time 44998 usec
    getNextFrame 191.1 time 7925 usec
add frame 191.1 time sec 1590975258 usec 326430
src frame 192.0 time sec 1590975258 usec 326486
    Interpolator time 44535 usec
    getNextFrame 192.1 time 8534 usec
add frame 192.1 time sec 1590975258 usec 381018
src frame 193.0 time sec 1590975258 usec 381071
    Interpolator time 45933 usec
    getNextFrame 193.1 time 8000 usec
add frame 193.1 time sec 1590975258 usec 436298
src frame 194.0 time sec 1590975258 usec 436343
    Interpolator time 43687 usec
    getNextFrame 194.1 time 8199 usec
add frame 194.1 time sec 1590975258 usec 489549
src frame 195.0 time sec 1590975258 usec 489618
    Interpolator time 46055 usec
    getNextFrame 195.1 time 8123 usec
add frame 195.1 time sec 1590975258 usec 545133
src frame 196.0 time sec 1590975258 usec 545166
    Interpolator time 44624 usec
    getNextFrame 196.1 time 8178 usec
add frame 196.1 time sec 1590975258 usec 599300
src frame 197.0 time sec 1590975258 usec 599312
    Interpolator time 45143 usec
    getNextFrame 197.1 time 8724 usec
add frame 197.1 time sec 1590975258 usec 654553
src frame 198.0 time sec 1590975258 usec 654594
    Interpolator time 45913 usec
    getNextFrame 198.1 time 8188 usec
add frame 198.1 time sec 1590975258 usec 710188
src frame 199.0 time sec 1590975258 usec 710229
    Interpolator time 45155 usec
    getNextFrame 199.1 time 14061 usec
add frame 199.1 time sec 1590975258 usec 770887
src frame 200.0 time sec 1590975258 usec 770941
    Interpolator time 49190 usec
    getNextFrame 200.1 time 8297 usec
add frame 200.1 time sec 1590975258 usec 830692
src frame 201.0 time sec 1590975258 usec 830756
    Interpolator time 46260 usec
    getNextFrame 201.1 time 7894 usec
add frame 201.1 time sec 1590975258 usec 886292
src frame 202.0 time sec 1590975258 usec 886308
    Interpolator time 47210 usec
    getNextFrame 202.1 time 8020 usec
add frame 202.1 time sec 1590975258 usec 943161
src frame 203.0 time sec 1590975258 usec 943204
    Interpolator time 49231 usec
    getNextFrame 203.1 time 8210 usec
add frame 203.1 time sec 1590975259 usec 2027
src frame 204.0 time sec 1590975259 usec 2044
    Interpolator time 43984 usec
    getNextFrame 204.1 time 8293 usec
add frame 204.1 time sec 1590975259 usec 55722
src frame 205.0 time sec 1590975259 usec 55753
    Interpolator time 46456 usec
    getNextFrame 205.1 time 8158 usec
add frame 205.1 time sec 1590975259 usec 111834
src frame 206.0 time sec 1590975259 usec 111875
    Interpolator time 44159 usec
    getNextFrame 206.1 time 7872 usec
add frame 206.1 time sec 1590975259 usec 165246
src frame 207.0 time sec 1590975259 usec 165289
    Interpolator time 43744 usec
    getNextFrame 207.1 time 7809 usec
add frame 207.1 time sec 1590975259 usec 218153
src frame 208.0 time sec 1590975259 usec 218195
    Interpolator time 42794 usec
    getNextFrame 208.1 time 8039 usec
add frame 208.1 time sec 1590975259 usec 270475
src frame 209.0 time sec 1590975259 usec 270514
    Interpolator time 44203 usec
    getNextFrame 209.1 time 8469 usec
add frame 209.1 time sec 1590975259 usec 325180
src frame 210.0 time sec 1590975259 usec 325241
    Interpolator time 43821 usec
    getNextFrame 210.1 time 8420 usec
add frame 210.1 time sec 1590975259 usec 378934
src frame 211.0 time sec 1590975259 usec 378944
    Interpolator time 45185 usec
    getNextFrame 211.1 time 7995 usec
add frame 211.1 time sec 1590975259 usec 433532
src frame 212.0 time sec 1590975259 usec 433586
    Interpolator time 44689 usec
    getNextFrame 212.1 time 8319 usec
add frame 212.1 time sec 1590975259 usec 487902
src frame 213.0 time sec 1590975259 usec 487969
    Interpolator time 43754 usec
    getNextFrame 213.1 time 8287 usec
add frame 213.1 time sec 1590975259 usec 541481
src frame 214.0 time sec 1590975259 usec 541546
    Interpolator time 46901 usec
    getNextFrame 214.1 time 8081 usec
add frame 214.1 time sec 1590975259 usec 597939
src frame 215.0 time sec 1590975259 usec 597980
    Interpolator time 43351 usec
    getNextFrame 215.1 time 8241 usec
add frame 215.1 time sec 1590975259 usec 651000
src frame 216.0 time sec 1590975259 usec 651012
    Interpolator time 43919 usec
    getNextFrame 216.1 time 8303 usec
add frame 216.1 time sec 1590975259 usec 704662
src frame 217.0 time sec 1590975259 usec 704748
    Interpolator time 46350 usec
    getNextFrame 217.1 time 9418 usec
add frame 217.1 time sec 1590975259 usec 761869
src frame 218.0 time sec 1590975259 usec 761946
    Interpolator time 45286 usec
    getNextFrame 218.1 time 8033 usec
add frame 218.1 time sec 1590975259 usec 816712
src frame 219.0 time sec 1590975259 usec 816755
    Interpolator time 42941 usec
    getNextFrame 219.1 time 8233 usec
add frame 219.1 time sec 1590975259 usec 869310
src frame 220.0 time sec 1590975259 usec 869355
    Interpolator time 44575 usec
    getNextFrame 220.1 time 8552 usec
add frame 220.1 time sec 1590975259 usec 923899
src frame 221.0 time sec 1590975259 usec 923950
    Interpolator time 44219 usec
    getNextFrame 221.1 time 8987 usec
add frame 221.1 time sec 1590975259 usec 978465
src frame 222.0 time sec 1590975259 usec 978477
    Interpolator time 46096 usec
    getNextFrame 222.1 time 7722 usec
add frame 222.1 time sec 1590975260 usec 33698
src frame 223.0 time sec 1590975260 usec 33783
    Interpolator time 45988 usec
    getNextFrame 223.1 time 8170 usec
add frame 223.1 time sec 1590975260 usec 89608
src frame 224.0 time sec 1590975260 usec 89648
    Interpolator time 51052 usec
    getNextFrame 224.1 time 8468 usec
add frame 224.1 time sec 1590975260 usec 150574
src frame 225.0 time sec 1590975260 usec 150614
    Interpolator time 44017 usec
    getNextFrame 225.1 time 8387 usec
add frame 225.1 time sec 1590975260 usec 204402
src frame 226.0 time sec 1590975260 usec 204444
    Interpolator time 46159 usec
    getNextFrame 226.1 time 8753 usec
add frame 226.1 time sec 1590975260 usec 260700
src frame 227.0 time sec 1590975260 usec 260739
    Interpolator time 45665 usec
    getNextFrame 227.1 time 7909 usec
add frame 227.1 time sec 1590975260 usec 315642
src frame 228.0 time sec 1590975260 usec 315654
    Interpolator time 44232 usec
    getNextFrame 228.1 time 8031 usec
add frame 228.1 time sec 1590975260 usec 369270
src frame 229.0 time sec 1590975260 usec 369312
    Interpolator time 42288 usec
    getNextFrame 229.1 time 7761 usec
add frame 229.1 time sec 1590975260 usec 420903
src frame 230.0 time sec 1590975260 usec 420987
    Interpolator time 43238 usec
    getNextFrame 230.1 time 8186 usec
add frame 230.1 time sec 1590975260 usec 474004
src frame 231.0 time sec 1590975260 usec 474053
    Interpolator time 42963 usec
    getNextFrame 231.1 time 8023 usec
add frame 231.1 time sec 1590975260 usec 526341
src frame 232.0 time sec 1590975260 usec 526391
    Interpolator time 44245 usec
    getNextFrame 232.1 time 7830 usec
add frame 232.1 time sec 1590975260 usec 579853
src frame 233.0 time sec 1590975260 usec 579902
    Interpolator time 45743 usec
    getNextFrame 233.1 time 8327 usec
add frame 233.1 time sec 1590975260 usec 635254
src frame 234.0 time sec 1590975260 usec 635315
    Interpolator time 46365 usec
    getNextFrame 234.1 time 8272 usec
add frame 234.1 time sec 1590975260 usec 691669
src frame 235.0 time sec 1590975260 usec 691739
    Interpolator time 45166 usec
    getNextFrame 235.1 time 7958 usec
add frame 235.1 time sec 1590975260 usec 746233
src frame 236.0 time sec 1590975260 usec 746278
    Interpolator time 46971 usec
    getNextFrame 236.1 time 8242 usec
add frame 236.1 time sec 1590975260 usec 802967
src frame 237.0 time sec 1590975260 usec 803015
    Interpolator time 47053 usec
    getNextFrame 237.1 time 8916 usec
add frame 237.1 time sec 1590975260 usec 860588
src frame 238.0 time sec 1590975260 usec 860628
    Interpolator time 44309 usec
    getNextFrame 238.1 time 8579 usec
add frame 238.1 time sec 1590975260 usec 914868
src frame 239.0 time sec 1590975260 usec 914910
    Interpolator time 42853 usec
    getNextFrame 239.1 time 8152 usec
add frame 239.1 time sec 1590975260 usec 967378
src frame 240.0 time sec 1590975260 usec 967390
    Interpolator time 45292 usec
    getNextFrame 240.1 time 8446 usec
add frame 240.1 time sec 1590975261 usec 22620
src frame 241.0 time sec 1590975261 usec 22636
    Interpolator time 45123 usec
    getNextFrame 241.1 time 8321 usec
add frame 241.1 time sec 1590975261 usec 77657
src frame 242.0 time sec 1590975261 usec 77722
    Interpolator time 45474 usec
    getNextFrame 242.1 time 7494 usec
add frame 242.1 time sec 1590975261 usec 131970
src frame 243.0 time sec 1590975261 usec 132014
    Interpolator time 47043 usec
    getNextFrame 243.1 time 7624 usec
add frame 243.1 time sec 1590975261 usec 187986
src frame 244.0 time sec 1590975261 usec 188034
    Interpolator time 46907 usec
    getNextFrame 244.1 time 8207 usec
add frame 244.1 time sec 1590975261 usec 244704
src frame 245.0 time sec 1590975261 usec 244746
    Interpolator time 46547 usec
    getNextFrame 245.1 time 8442 usec
add frame 245.1 time sec 1590975261 usec 301175
src frame 246.0 time sec 1590975261 usec 301189
    Interpolator time 43365 usec
    getNextFrame 246.1 time 8415 usec
add frame 246.1 time sec 1590975261 usec 354268
src frame 247.0 time sec 1590975261 usec 354282
    Interpolator time 49443 usec
    getNextFrame 247.1 time 8047 usec
add frame 247.1 time sec 1590975261 usec 413205
src frame 248.0 time sec 1590975261 usec 413218
    Interpolator time 44419 usec
    getNextFrame 248.1 time 10287 usec
add frame 248.1 time sec 1590975261 usec 469539
src frame 249.0 time sec 1590975261 usec 469578
    Interpolator time 51644 usec
    getNextFrame 249.1 time 8237 usec
add frame 249.1 time sec 1590975261 usec 531852
src frame 250.0 time sec 1590975261 usec 531905
    Interpolator time 49650 usec
    getNextFrame 250.1 time 7970 usec
add frame 250.1 time sec 1590975261 usec 590824
src frame 251.0 time sec 1590975261 usec 590849
    Interpolator time 49172 usec
    getNextFrame 251.1 time 9288 usec
add frame 251.1 time sec 1590975261 usec 650746
src frame 252.0 time sec 1590975261 usec 650787
    Interpolator time 55563 usec
    getNextFrame 252.1 time 12582 usec
add frame 252.1 time sec 1590975261 usec 720357
src frame 253.0 time sec 1590975261 usec 720385
    Interpolator time 47411 usec
    getNextFrame 253.1 time 8629 usec
add frame 253.1 time sec 1590975261 usec 778529
src frame 254.0 time sec 1590975261 usec 778567
    Interpolator time 46623 usec
    getNextFrame 254.1 time 7566 usec
add frame 254.1 time sec 1590975261 usec 834179
src frame 255.0 time sec 1590975261 usec 834231
    Interpolator time 46956 usec
    getNextFrame 255.1 time 7831 usec
add frame 255.1 time sec 1590975261 usec 890295
src frame 256.0 time sec 1590975261 usec 890343
    Interpolator time 48922 usec
    getNextFrame 256.1 time 7916 usec
add frame 256.1 time sec 1590975261 usec 948503
src frame 257.0 time sec 1590975261 usec 948546
    Interpolator time 46902 usec
    getNextFrame 257.1 time 8791 usec
add frame 257.1 time sec 1590975262 usec 5623
src frame 258.0 time sec 1590975262 usec 5688
    Interpolator time 48804 usec
    getNextFrame 258.1 time 8284 usec
add frame 258.1 time sec 1590975262 usec 64312
src frame 259.0 time sec 1590975262 usec 64349
    Interpolator time 51088 usec
    getNextFrame 259.1 time 8328 usec
add frame 259.1 time sec 1590975262 usec 125101
src frame 260.0 time sec 1590975262 usec 125168
    Interpolator time 47252 usec
    getNextFrame 260.1 time 8268 usec
add frame 260.1 time sec 1590975262 usec 181994
src frame 261.0 time sec 1590975262 usec 182039
    Interpolator time 49905 usec
    getNextFrame 261.1 time 8066 usec
add frame 261.1 time sec 1590975262 usec 241357
src frame 262.0 time sec 1590975262 usec 241407
    Interpolator time 47439 usec
    getNextFrame 262.1 time 8268 usec
add frame 262.1 time sec 1590975262 usec 298406
src frame 263.0 time sec 1590975262 usec 298469
    Interpolator time 46169 usec
    getNextFrame 263.1 time 8031 usec
add frame 263.1 time sec 1590975262 usec 354154
src frame 264.0 time sec 1590975262 usec 354197
    Interpolator time 48241 usec
    getNextFrame 264.1 time 8243 usec
add frame 264.1 time sec 1590975262 usec 412019
src frame 265.0 time sec 1590975262 usec 412053
    Interpolator time 45826 usec
    getNextFrame 265.1 time 8057 usec
add frame 265.1 time sec 1590975262 usec 467503
src frame 266.0 time sec 1590975262 usec 467544
    Interpolator time 47792 usec
    getNextFrame 266.1 time 8461 usec
add frame 266.1 time sec 1590975262 usec 525204
src frame 267.0 time sec 1590975262 usec 525249
    Interpolator time 45600 usec
    getNextFrame 267.1 time 7803 usec
add frame 267.1 time sec 1590975262 usec 579968
src frame 268.0 time sec 1590975262 usec 580015
    Interpolator time 46984 usec
    getNextFrame 268.1 time 7615 usec
add frame 268.1 time sec 1590975262 usec 635908
src frame 269.0 time sec 1590975262 usec 635959
    Interpolator time 46252 usec
    getNextFrame 269.1 time 8086 usec
add frame 269.1 time sec 1590975262 usec 691622
src frame 270.0 time sec 1590975262 usec 691659
    Interpolator time 47419 usec
    getNextFrame 270.1 time 8152 usec
add frame 270.1 time sec 1590975262 usec 748890
src frame 271.0 time sec 1590975262 usec 748931
    Interpolator time 48473 usec
    getNextFrame 271.1 time 8363 usec
add frame 271.1 time sec 1590975262 usec 807136
src frame 272.0 time sec 1590975262 usec 807177
    Interpolator time 47800 usec
    getNextFrame 272.1 time 8367 usec
add frame 272.1 time sec 1590975262 usec 865320
src frame 273.0 time sec 1590975262 usec 865671
    Interpolator time 51382 usec
    getNextFrame 273.1 time 8472 usec
add frame 273.1 time sec 1590975262 usec 927862
src frame 274.0 time sec 1590975262 usec 927874
    Interpolator time 46126 usec
    getNextFrame 274.1 time 8238 usec
add frame 274.1 time sec 1590975262 usec 984609
src frame 275.0 time sec 1590975262 usec 984621
    Interpolator time 48626 usec
    getNextFrame 275.1 time 7799 usec
add frame 275.1 time sec 1590975263 usec 43288
src frame 276.0 time sec 1590975263 usec 43299
    Interpolator time 49730 usec
    getNextFrame 276.1 time 8220 usec
add frame 276.1 time sec 1590975263 usec 103466
src frame 277.0 time sec 1590975263 usec 103476
    Interpolator time 45005 usec
    getNextFrame 277.1 time 8299 usec
add frame 277.1 time sec 1590975263 usec 159190
src frame 278.0 time sec 1590975263 usec 159200
    Interpolator time 44679 usec
    getNextFrame 278.1 time 8568 usec
add frame 278.1 time sec 1590975263 usec 214675
src frame 279.0 time sec 1590975263 usec 214687
    Interpolator time 47710 usec
    getNextFrame 279.1 time 8348 usec
add frame 279.1 time sec 1590975263 usec 273045
src frame 280.0 time sec 1590975263 usec 273057
    Interpolator time 45257 usec
    getNextFrame 280.1 time 8127 usec
add frame 280.1 time sec 1590975263 usec 328566
src frame 281.0 time sec 1590975263 usec 328577
    Interpolator time 44925 usec
    getNextFrame 281.1 time 7914 usec
add frame 281.1 time sec 1590975263 usec 383665
src frame 282.0 time sec 1590975263 usec 383677
    Interpolator time 45484 usec
    getNextFrame 282.1 time 8239 usec
add frame 282.1 time sec 1590975263 usec 439682
src frame 283.0 time sec 1590975263 usec 439694
    Interpolator time 46291 usec
    getNextFrame 283.1 time 7973 usec
add frame 283.1 time sec 1590975263 usec 496292
src frame 284.0 time sec 1590975263 usec 496303
    Interpolator time 44732 usec
    getNextFrame 284.1 time 7805 usec
add frame 284.1 time sec 1590975263 usec 551074
src frame 285.0 time sec 1590975263 usec 551085
    Interpolator time 48479 usec
    getNextFrame 285.1 time 8676 usec
add frame 285.1 time sec 1590975263 usec 610775
src frame 286.0 time sec 1590975263 usec 610786
    Interpolator time 45820 usec
    getNextFrame 286.1 time 8240 usec
add frame 286.1 time sec 1590975263 usec 667186
src frame 287.0 time sec 1590975263 usec 667199
    Interpolator time 44473 usec
    getNextFrame 287.1 time 8264 usec
add frame 287.1 time sec 1590975263 usec 722119
src frame 288.0 time sec 1590975263 usec 722130
    Interpolator time 46508 usec
    getNextFrame 288.1 time 8071 usec
add frame 288.1 time sec 1590975263 usec 779140
src frame 289.0 time sec 1590975263 usec 779151
    Interpolator time 47229 usec
    getNextFrame 289.1 time 8312 usec
add frame 289.1 time sec 1590975263 usec 836905
src frame 290.0 time sec 1590975263 usec 836915
    Interpolator time 50066 usec
    getNextFrame 290.1 time 8268 usec
add frame 290.1 time sec 1590975263 usec 897717
src frame 291.0 time sec 1590975263 usec 897729
    Interpolator time 45418 usec
    getNextFrame 291.1 time 8174 usec
add frame 291.1 time sec 1590975263 usec 953624
src frame 292.0 time sec 1590975263 usec 953665
    Interpolator time 48537 usec
    getNextFrame 292.1 time 8417 usec
add frame 292.1 time sec 1590975264 usec 12070
src frame 293.0 time sec 1590975264 usec 12111
    Interpolator time 45820 usec
    getNextFrame 293.1 time 8459 usec
add frame 293.1 time sec 1590975264 usec 67843
src frame 294.0 time sec 1590975264 usec 67885
    Interpolator time 45572 usec
    getNextFrame 294.1 time 8456 usec
add frame 294.1 time sec 1590975264 usec 123247
src frame 295.0 time sec 1590975264 usec 123327
    Interpolator time 44211 usec
    getNextFrame 295.1 time 8372 usec
add frame 295.1 time sec 1590975264 usec 177359
src frame 296.0 time sec 1590975264 usec 177440
    Interpolator time 46577 usec
    getNextFrame 296.1 tim