gRemote log:
timestamp 2020-06-01 13:38:20:866010625
    cpu: client 0%; server %;
    mem: client 5100KB; server KB;
    transmit: 2015870357( 1G)    receive:2015870357( 1G)
timestamp 2020-06-01 13:38:21:932132320
    cpu: client 0%; server %;
    mem: client 5116KB; server KB;
    transmit: 0(0B)    receive:0(0B)
timestamp 2020-06-01 13:38:22:999382773
    cpu: client 0%; server %;
    mem: client 5124KB; server KB;
    transmit: 0(0B)    receive:0(0B)
timestamp 2020-06-01 13:38:24:067112730
    cpu: client 0%; server %;
    mem: client 5124KB; server KB;
    transmit: 0(0B)    receive:0(0B)
timestamp 2020-06-01 13:38:25:135953850
    cpu: client 0%; server %;
    mem: client 5124KB; server KB;
    transmit: 0(0B)    receive:0(0B)
timestamp 2020-06-01 13:38:26:202634592
    cpu: client 0%; server %;
    mem: client 5124KB; server KB;
    transmit: 0(0B)    receive:0(0B)
timestamp 2020-06-01 13:38:27:271161117
    cpu: client 0.1%; server %;
    mem: client 5124KB; server KB;
    transmit: 0(0B)    receive:0(0B)
timestamp 2020-06-01 13:38:28:339188535
    cpu: client 0.2%; server %;
    mem: client 5124KB; server KB;
    transmit: 0(0B)    receive:0(0B)
timestamp 2020-06-01 13:38:29:434431390
    cpu: client 0.2%; server 7%;
    mem: client 5132KB; server 184328KB;
    transmit: 0(0B)    receive:0(0B)
timestamp 2020-06-01 13:38:30:549630658
    cpu: client 0.2%; server 3.5%;
    mem: client 614720KB; server 352740KB;
    transmit: 1411109( 1M)    receive:1411109( 1M)
timestamp 2020-06-01 13:38:31:632831722
    cpu: client 26.1%; server 12.3%;
    mem: client 633328KB; server 368404KB;
    transmit: 52196( 50K)    receive:52196( 50K)
timestamp 2020-06-01 13:38:32:705741529
    cpu: client 79.6%; server 40.2%;
    mem: client 967132KB; server 369236KB;
    transmit: 477350( 466K)    receive:477350( 466K)
timestamp 2020-06-01 13:38:33:784450355
    cpu: client 95.7%; server 48.7%;
    mem: client 1029436KB; server 370184KB;
    transmit: 461088( 450K)    receive:461088( 450K)
timestamp 2020-06-01 13:38:34:856193225
    cpu: client 100.8%; server 51.6%;
    mem: client 1087252KB; server 371308KB;
    transmit: 480713( 469K)    receive:480713( 469K)
timestamp 2020-06-01 13:38:35:930669068
    cpu: client 102.4%; server 53.4%;
    mem: client 1146124KB; server 371432KB;
    transmit: 489267( 477K)    receive:489267( 477K)
timestamp 2020-06-01 13:38:37:017932424
    cpu: client 104.9%; server 54.1%;
    mem: client 1203940KB; server 371432KB;
    transmit: 486452( 475K)    receive:486452( 475K)
timestamp 2020-06-01 13:38:38:089774130
    cpu: client 106.3%; server 55.9%;
    mem: client 1263728KB; server 371432KB;
    transmit: 471487( 460K)    receive:471487( 460K)
timestamp 2020-06-01 13:38:39:163739846
    cpu: client 107%; server 56.9%;
    mem: client 1322336KB; server 371432KB;
    transmit: 483926( 472K)    receive:483926( 472K)
timestamp 2020-06-01 13:38:40:242407818
    cpu: client 108.1%; server 57.9%;
    mem: client 1380424KB; server 372204KB;
    transmit: 475632( 464K)    receive:475632( 464K)
timestamp 2020-06-01 13:38:41:315640773
    cpu: client 98.3%; server 57.9%;
    mem: client 1439032KB; server 372204KB;
    transmit: 504519( 492K)    receive:504519( 492K)
timestamp 2020-06-01 13:38:42:393423754
    cpu: client 100%; server 53.4%;
    mem: client 1496848KB; server 372204KB;
    transmit: 506643( 494K)    receive:506643( 494K)
timestamp 2020-06-01 13:38:43:462101141
    cpu: client 101.2%; server 53.9%;
    mem: client 1556776KB; server 376564KB;
    transmit: 513795( 501K)    receive:513795( 501K)
timestamp 2020-06-01 13:38:44:539523697
    cpu: client 102.4%; server 54.4%;
    mem: client 1613536KB; server 376564KB;
    transmit: 466478( 455K)    receive:466478( 455K)
timestamp 2020-06-01 13:38:45:614349747
    cpu: client 102.9%; server 54.9%;
    mem: client 1671616KB; server 376564KB;
    transmit: 452342( 441K)    receive:452342( 441K)
timestamp 2020-06-01 13:38:46:680591589
    cpu: client 103.1%; server 55.1%;
    mem: client 1730224KB; server 376564KB;
    transmit: 470854( 459K)    receive:470854( 459K)
timestamp 2020-06-01 13:38:47:746952580
    cpu: client 103.1%; server 55.1%;
    mem: client 1787248KB; server 376828KB;
    transmit: 512410( 500K)    receive:512410( 500K)
timestamp 2020-06-01 13:38:48:818109695
    cpu: client 103.2%; server 55.3%;
    mem: client 1845064KB; server 376828KB;
    transmit: 491985( 480K)    receive:491985( 480K)
timestamp 2020-06-01 13:38:49:883937003
    cpu: client 103.2%; server 55.3%;
    mem: client 1903936KB; server 376828KB;
    transmit: 520792( 508K)    receive:520792( 508K)
timestamp 2020-06-01 13:38:50:948373510
    cpu: client 103.4%; server 55.3%;
    mem: client 1960968KB; server 381188KB;
    transmit: 500702( 488K)    receive:500702( 488K)
timestamp 2020-06-01 13:38:52:021529548
    cpu: client 103.5%; server 55.5%;
    mem: client 2020632KB; server 381188KB;
    transmit: 520134( 507K)    receive:520134( 507K)
timestamp 2020-06-01 13:38:53:087368994
    cpu: client 103.5%; server 55.4%;
    mem: client 2077392KB; server 381188KB;
    transmit: 503736( 491K)    receive:503736( 491K)
timestamp 2020-06-01 13:38:54:156423439
    cpu: client 103.8%; server 55.5%;
    mem: client 2135472KB; server 381188KB;
    transmit: 491038( 479K)    receive:491038( 479K)
timestamp 2020-06-01 13:38:55:231433535
    cpu: client 104%; server 55.7%;
    mem: client 2194080KB; server 381452KB;
    transmit: 505392( 493K)    receive:505392( 493K)
timestamp 2020-06-01 13:38:56:302521660
    cpu: client 99.9%; server 55.7%;
    mem: client 2251104KB; server 381452KB;
    transmit: 490320( 478K)    receive:490320( 478K)
timestamp 2020-06-01 13:38:57:372794264
    cpu: client 100.2%; server 53.9%;
    mem: client 2310768KB; server 381452KB;
    transmit: 474128( 463K)    receive:474128( 463K)
timestamp 2020-06-01 13:38:58:443735846
    cpu: client 100.4%; server 54%;
    mem: client 2367792KB; server 381716KB;
    transmit: 505488( 493K)    receive:505488( 493K)
timestamp 2020-06-01 13:38:59:519202753
    cpu: client 100.7%; server 54.2%;
    mem: client 2424816KB; server 381716KB;
    transmit: 484401( 473K)    receive:484401( 473K)
timestamp 2020-06-01 13:39:00:588535805
    cpu: client 101.1%; server 54.4%;
    mem: client 2484480KB; server 381716KB;
    transmit: 496093( 484K)    receive:496093( 484K)
timestamp 2020-06-01 13:39:01:667732206
    cpu: client 101.2%; server 54.5%;
    mem: client 2543360KB; server 381980KB;
    transmit: 504487( 492K)    receive:504487( 492K)
timestamp 2020-06-01 13:39:02:734972919
    cpu: client 101.4%; server 54.6%;
    mem: client 2601176KB; server 381980KB;
    transmit: 469360( 458K)    receive:469360( 458K)
timestamp 2020-06-01 13:39:03:801179235
    cpu: client 101.6%; server 54.8%;
    mem: client 2658200KB; server 381980KB;
    transmit: 436883( 426K)    receive:436883( 426K)
timestamp 2020-06-01 13:39:04:871695173
    cpu: client 101.8%; server 54.9%;
    mem: client 2717864KB; server 381980KB;
    transmit: 500212( 488K)    receive:500212( 488K)
timestamp 2020-06-01 13:39:05:969777719
    cpu: client 102.1%; server 55.1%;
    mem: client 2777528KB; server 382244KB;
    transmit: 510568( 498K)    receive:510568( 498K)
timestamp 2020-06-01 13:39:07:036417625
    cpu: client 102%; server 55.1%;
    mem: client 2834288KB; server 382244KB;
    transmit: 506903( 495K)    receive:506903( 495K)
timestamp 2020-06-01 13:39:08:105388772
    cpu: client 102.3%; server 55.1%;
    mem: client 2891312KB; server 382244KB;
    transmit: 496352( 484K)    receive:496352( 484K)
timestamp 2020-06-01 13:39:09:178637760
    cpu: client 102.3%; server 55.2%;
    mem: client 2950976KB; server 382508KB;
    transmit: 495704( 484K)    receive:495704( 484K)
timestamp 2020-06-01 13:39:10:251473306
    cpu: client 102.6%; server 55.2%;
    mem: client 3008000KB; server 382508KB;
    transmit: 472528( 461K)    receive:472528( 461K)
timestamp 2020-06-01 13:39:11:323990787
    cpu: client 100.2%; server 54%;
    mem: client 3066872KB; server 382508KB;
    transmit: 487995( 476K)    receive:487995( 476K)
timestamp 2020-06-01 13:39:12:399614734
    cpu: client 100.4%; server 54.1%;
    mem: client 3124696KB; server 382508KB;
    transmit: 504515( 492K)    receive:504515( 492K)
timestamp 2020-06-01 13:39:13:472581009
    cpu: client 100.5%; server 54.1%;
    mem: client 3184360KB; server 382772KB;
    transmit: 523192( 510K)    receive:523192( 510K)
timestamp 2020-06-01 13:39:14:550572661
    cpu: client 100.8%; server 54.3%;
    mem: client 3241384KB; server 382772KB;
    transmit: 428084( 418K)    receive:428084( 418K)
timestamp 2020-06-01 13:39:15:622205764
    cpu: client 101.2%; server 54.4%;
    mem: client 3301048KB; server 382772KB;
    transmit: 525771( 513K)    receive:525771( 513K)
timestamp 2020-06-01 13:39:16:689092258
    cpu: client 101.2%; server 54.4%;
    mem: client 3358072KB; server 383036KB;
    transmit: 482464( 471K)    receive:482464( 471K)
timestamp 2020-06-01 13:39:17:757504296
    cpu: client 101.2%; server 54.5%;
    mem: client 3414832KB; server 383036KB;
    transmit: 500865( 489K)    receive:500865( 489K)
timestamp 2020-06-01 13:39:18:826163540
    cpu: client 101.4%; server 54.6%;
    mem: client 3474760KB; server 383036KB;
    transmit: 506677( 494K)    receive:506677( 494K)
timestamp 2020-06-01 13:39:19:900155874
    cpu: client 101.6%; server 54.6%;
    mem: client 3531520KB; server 383036KB;
    transmit: 487204( 475K)    receive:487204( 475K)
timestamp 2020-06-01 13:39:20:968550353
    cpu: client 101.7%; server 54.7%;
    mem: client 3590392KB; server 383300KB;
    transmit: 527564( 515K)    receive:527564( 515K)
timestamp 2020-06-01 13:39:22:039552886
    cpu: client 101.7%; server 54.7%;
    mem: client 3648208KB; server 383300KB;
    transmit: 479629( 468K)    receive:479629( 468K)
timestamp 2020-06-01 13:39:23:110993010
    cpu: client 101.9%; server 54.7%;
    mem: client 3706024KB; server 383300KB;
    transmit: 502036( 490K)    receive:502036( 490K)
timestamp 2020-06-01 13:39:24:181473099
    cpu: client 102.1%; server 54.7%;
    mem: client 3764896KB; server 383564KB;
    transmit: 537098( 524K)    receive:537098( 524K)
timestamp 2020-06-01 13:39:25:280371559
    cpu: client 102.4%; server 54.8%;
    mem: client 3824560KB; server 383564KB;
    transmit: 520641( 508K)    receive:520641( 508K)
timestamp 2020-06-01 13:39:26:350023500
    cpu: client 100.6%; server 53.9%;
    mem: client 3881584KB; server 383564KB;
    transmit: 492439( 480K)    receive:492439( 480K)
timestamp 2020-06-01 13:39:27:428129991
    cpu: client 100.7%; server 53.9%;
    mem: client 3941248KB; server 383564KB;
    transmit: 516446( 504K)    receive:516446( 504K)
timestamp 2020-06-01 13:39:28:496998074
    cpu: client 100.8%; server 54%;
    mem: client 3998272KB; server 383828KB;
    transmit: 498599( 486K)    receive:498599( 486K)
timestamp 2020-06-01 13:39:29:565933202
    cpu: client 100.9%; server 54.1%;
    mem: client 4056880KB; server 383828KB;
    transmit: 503389( 491K)    receive:503389( 491K)
timestamp 2020-06-01 13:39:30:642419988
    cpu: client 101.1%; server 54.2%;
    mem: client 4114960KB; server 383828KB;
    transmit: 521129( 508K)    receive:521129( 508K)
timestamp 2020-06-01 13:39:31:710130250
    cpu: client 101.1%; server 54.2%;
    mem: client 4171720KB; server 384092KB;
    transmit: 510331( 498K)    receive:510331( 498K)
timestamp 2020-06-01 13:39:32:774159654
    cpu: client 101.3%; server 54.4%;
    mem: client 4231384KB; server 384092KB;
    transmit: 513624( 501K)    receive:513624( 501K)
timestamp 2020-06-01 13:39:33:847069445
    cpu: client 101.5%; server 54.5%;
    mem: client 4288408KB; server 384092KB;
    transmit: 505509( 493K)    receive:505509( 493K)
timestamp 2020-06-01 13:39:34:916837018
    cpu: client 101.5%; server 54.6%;
    mem: client 4346224KB; server 384356KB;
    transmit: 517629( 505K)    receive:517629( 505K)
timestamp 2020-06-01 13:39:35:982846758
    cpu: client 101.8%; server 54.6%;
    mem: client 4405096KB; server 384356KB;
    transmit: 524541( 512K)    receive:524541( 512K)
timestamp 2020-06-01 13:39:37:051743843
    cpu: client 101.8%; server 54.6%;
    mem: client 4462120KB; server 384356KB;
    transmit: 520662( 508K)    receive:520662( 508K)
timestamp 2020-06-01 13:39:38:122729262
    cpu: client 101.8%; server 54.7%;
    mem: client 4520992KB; server 384356KB;
    transmit: 545845( 533K)    receive:545845( 533K)
timestamp 2020-06-01 13:39:39:198236107
    cpu: client 101.9%; server 54.7%;
    mem: client 4578808KB; server 384620KB;
    transmit: 521069( 508K)    receive:521069( 508K)
timestamp 2020-06-01 13:39:40:270817620
    cpu: client 102%; server 54.7%;
    mem: client 4637416KB; server 384620KB;
    transmit: 544758( 531K)    receive:544758( 531K)
timestamp 2020-06-01 13:39:41:345783735
    cpu: client 100.6%; server 54%;
    mem: client 4695496KB; server 384620KB;
    transmit: 529069( 516K)    receive:529069( 516K)
timestamp 2020-06-01 13:39:42:415853180
    cpu: client 100.7%; server 54.1%;
    mem: client 4753312KB; server 384884KB;
    transmit: 513946( 501K)    receive:513946( 501K)
timestamp 2020-06-01 13:39:43:493888618
    cpu: client 100.8%; server 54.1%;
    mem: client 4811920KB; server 384884KB;
    transmit: 520974( 508K)    receive:520974( 508K)
timestamp 2020-06-01 13:39:44:559661930
    cpu: client 100.9%; server 54.2%;
    mem: client 4870000KB; server 384884KB;
    transmit: 513401( 501K)    receive:513401( 501K)
timestamp 2020-06-01 13:39:45:635130138
    cpu: client 101%; server 54.2%;
    mem: client 4928608KB; server 384884KB;
    transmit: 531165( 518K)    receive:531165( 518K)
timestamp 2020-06-01 13:39:46:701704561
    cpu: client 101.1%; server 54.3%;
    mem: client 4985632KB; server 385148KB;
    transmit: 513950( 501K)    receive:513950( 501K)
timestamp 2020-06-01 13:39:47:774663946
    cpu: client 101.2%; server 54.3%;
    mem: client 5045296KB; server 385148KB;
    transmit: 543580( 530K)    receive:543580( 530K)
timestamp 2020-06-01 13:39:48:843129819
    cpu: client 101.4%; server 54.4%;
    mem: client 5102320KB; server 385148KB;
    transmit: 509458( 497K)    receive:509458( 497K)
timestamp 2020-06-01 13:39:49:916575249
    cpu: client 101.6%; server 54.3%;
    mem: client 5160136KB; server 385412KB;
    transmit: 523003( 510K)    receive:523003( 510K)
timestamp 2020-06-01 13:39:50:983490569
    cpu: client 101.6%; server 54.4%;
    mem: client 5219008KB; server 385412KB;
    transmit: 544439( 531K)    receive:544439( 531K)
timestamp 2020-06-01 13:39:52:052833250
    cpu: client 101.5%; server 54.4%;
    mem: client 5276032KB; server 385412KB;
    transmit: 522588( 510K)    receive:522588( 510K)
timestamp 2020-06-01 13:39:53:119013926
    cpu: client 101.6%; server 54.4%;
    mem: client 5333848KB; server 385412KB;
    transmit: 511459( 499K)    receive:511459( 499K)
timestamp 2020-06-01 13:39:54:185303308
    cpu: client 101.6%; server 54.5%;
    mem: client 5392456KB; server 385676KB;
    transmit: 524805( 512K)    receive:524805( 512K)
timestamp 2020-06-01 13:39:55:252778169
    cpu: client 101.7%; server 54.5%;
    mem: client 5449480KB; server 385676KB;
    transmit: 508879( 496K)    receive:508879( 496K)
timestamp 2020-06-01 13:39:56:328669563
    cpu: client 100.6%; server 53.9%;
    mem: client 5509144KB; server 385676KB;
    transmit: 536710( 524K)    receive:536710( 524K)
timestamp 2020-06-01 13:39:57:397912130
    cpu: client 100.6%; server 54%;
    mem: client 5566168KB; server 385940KB;
    transmit: 514778( 502K)    receive:514778( 502K)
timestamp 2020-06-01 13:39:58:475056818
    cpu: client 100.7%; server 54%;
    mem: client 5625832KB; server 385940KB;
    transmit: 544182( 531K)    receive:544182( 531K)
timestamp 2020-06-01 13:39:59:545010541
    cpu: client 100.9%; server 54%;
    mem: client 5682856KB; server 385940KB;
    transmit: 503514( 491K)    receive:503514( 491K)
timestamp 2020-06-01 13:40:00:614976939
    cpu: client 101%; server 54.1%;
    mem: client 5740672KB; server 386204KB;
    transmit: 541195( 528K)    receive:541195( 528K)
timestamp 2020-06-01 13:40:01:695423354
    cpu: client 0.1%; server %;
    mem: client 5164KB; server KB;
    transmit: 272191( 265K)    receive:272191( 265K)
timestamp 2020-06-01 13:40:02:766425126
    cpu: client 0.1%; server %;
    mem: client 5164KB; server KB;
    transmit: 575(575B)    receive:575(575B)
timestamp 2020-06-01 13:40:03:830701979
    cpu: client 0.1%; server %;
    mem: client 5164KB; server KB;
    transmit: 0(0B)    receive:0(0B)
timestamp 2020-06-01 13:40:04:895582268
    cpu: client 0.1%; server %;
    mem: client 5164KB; server KB;
    transmit: 0(0B)    receive:0(0B)
timestamp 2020-06-01 13:40:05:957518509
    cpu: client 0.1%; server %;
    mem: client 5164KB; server KB;
    transmit: 0(0B)    receive:0(0B)
timestamp 2020-06-01 13:40:07:021046849
    cpu: client 0.1%; server %;
    mem: client 5164KB; server KB;
    transmit: 0(0B)    receive:0(0B)
timestamp 2020-06-01 13:40:08:085098123
    cpu: client 0.1%; server %;
    mem: client 5164KB; server KB;
    transmit: 0(0B)    receive:0(0B)
