src frame 0.0 time sec 1590939202 usec 154874
    Interpolator time 483054 usec
    getNextFrame 0.1 time 11377 usec
add frame 0.1 time sec 1590939202 usec 701297
src frame 1.0 time sec 1590939202 usec 701368
    Interpolator time 44829 usec
    getNextFrame 1.1 time 11397 usec
add frame 1.1 time sec 1590939202 usec 759395
src frame 2.0 time sec 1590939202 usec 759482
    Interpolator time 45834 usec
    getNextFrame 2.1 time 10921 usec
add frame 2.1 time sec 1590939202 usec 818239
src frame 3.0 time sec 1590939202 usec 818319
    Interpolator time 45491 usec
    getNextFrame 3.1 time 10386 usec
add frame 3.1 time sec 1590939202 usec 876002
src frame 4.0 time sec 1590939202 usec 876083
    Interpolator time 46221 usec
    getNextFrame 4.1 time 11461 usec
add frame 4.1 time sec 1590939202 usec 935819
src frame 5.0 time sec 1590939202 usec 935920
    Interpolator time 48081 usec
    getNextFrame 5.1 time 10892 usec
add frame 5.1 time sec 1590939202 usec 996676
src frame 6.0 time sec 1590939202 usec 996722
    Interpolator time 43452 usec
    getNextFrame 6.1 time 10941 usec
add frame 6.1 time sec 1590939203 usec 52931
src frame 7.0 time sec 1590939203 usec 52972
    Interpolator time 45561 usec
    getNextFrame 7.1 time 10546 usec
add frame 7.1 time sec 1590939203 usec 110908
src frame 8.0 time sec 1590939203 usec 110989
    Interpolator time 44322 usec
    getNextFrame 8.1 time 11982 usec
add frame 8.1 time sec 1590939203 usec 169904
src frame 9.0 time sec 1590939203 usec 169938
    Interpolator time 46251 usec
    getNextFrame 9.1 time 11480 usec
add frame 9.1 time sec 1590939203 usec 229722
src frame 10.0 time sec 1590939203 usec 229759
    Interpolator time 43699 usec
    getNextFrame 10.1 time 11006 usec
add frame 10.1 time sec 1590939203 usec 286236
src frame 11.0 time sec 1590939203 usec 286278
    Interpolator time 46551 usec
    getNextFrame 11.1 time 11158 usec
add frame 11.1 time sec 1590939203 usec 346033
src frame 12.0 time sec 1590939203 usec 346067
    Interpolator time 44512 usec
    getNextFrame 12.1 time 11229 usec
add frame 12.1 time sec 1590939203 usec 403683
src frame 13.0 time sec 1590939203 usec 403745
    Interpolator time 47289 usec
    getNextFrame 13.1 time 11012 usec
add frame 13.1 time sec 1590939203 usec 463997
src frame 14.0 time sec 1590939203 usec 464039
    Interpolator time 44365 usec
    getNextFrame 14.1 time 11137 usec
add frame 14.1 time sec 1590939203 usec 521367
src frame 15.0 time sec 1590939203 usec 521417
    Interpolator time 45806 usec
    getNextFrame 15.1 time 11214 usec
add frame 15.1 time sec 1590939203 usec 580225
src frame 16.0 time sec 1590939203 usec 580263
    Interpolator time 43382 usec
    getNextFrame 16.1 time 10935 usec
add frame 16.1 time sec 1590939203 usec 636355
src frame 17.0 time sec 1590939203 usec 636400
    Interpolator time 43906 usec
    getNextFrame 17.1 time 10673 usec
add frame 17.1 time sec 1590939203 usec 692929
src frame 18.0 time sec 1590939203 usec 692982
    Interpolator time 45084 usec
    getNextFrame 18.1 time 11063 usec
add frame 18.1 time sec 1590939203 usec 751077
src frame 19.0 time sec 1590939203 usec 751138
    Interpolator time 43714 usec
    getNextFrame 19.1 time 10737 usec
add frame 19.1 time sec 1590939203 usec 807313
src frame 20.0 time sec 1590939203 usec 807364
    Interpolator time 45393 usec
    getNextFrame 20.1 time 12424 usec
add frame 20.1 time sec 1590939203 usec 866881
src frame 21.0 time sec 1590939203 usec 866923
    Interpolator time 43001 usec
    getNextFrame 21.1 time 10927 usec
add frame 21.1 time sec 1590939203 usec 922658
src frame 22.0 time sec 1590939203 usec 922701
    Interpolator time 45853 usec
    getNextFrame 22.1 time 10772 usec
add frame 22.1 time sec 1590939203 usec 981119
src frame 23.0 time sec 1590939203 usec 981161
    Interpolator time 43299 usec
    getNextFrame 23.1 time 11109 usec
add frame 23.1 time sec 1590939204 usec 37384
src frame 24.0 time sec 1590939204 usec 37397
    Interpolator time 44907 usec
    getNextFrame 24.1 time 11004 usec
add frame 24.1 time sec 1590939204 usec 95356
src frame 25.0 time sec 1590939204 usec 95399
    Interpolator time 46072 usec
    getNextFrame 25.1 time 11156 usec
add frame 25.1 time sec 1590939204 usec 154409
src frame 26.0 time sec 1590939204 usec 154446
    Interpolator time 44240 usec
    getNextFrame 26.1 time 11407 usec
add frame 26.1 time sec 1590939204 usec 211833
src frame 27.0 time sec 1590939204 usec 211876
    Interpolator time 44197 usec
    getNextFrame 27.1 time 12239 usec
add frame 27.1 time sec 1590939204 usec 270100
src frame 28.0 time sec 1590939204 usec 270165
    Interpolator time 46367 usec
    getNextFrame 28.1 time 11593 usec
add frame 28.1 time sec 1590939204 usec 329865
src frame 29.0 time sec 1590939204 usec 329908
    Interpolator time 45395 usec
    getNextFrame 29.1 time 10782 usec
add frame 29.1 time sec 1590939204 usec 387883
src frame 30.0 time sec 1590939204 usec 387897
    Interpolator time 47569 usec
    getNextFrame 30.1 time 11488 usec
add frame 30.1 time sec 1590939204 usec 449211
src frame 31.0 time sec 1590939204 usec 449224
    Interpolator time 46256 usec
    getNextFrame 31.1 time 10901 usec
add frame 31.1 time sec 1590939204 usec 508140
src frame 32.0 time sec 1590939204 usec 508153
    Interpolator time 44945 usec
    getNextFrame 32.1 time 11251 usec
add frame 32.1 time sec 1590939204 usec 566341
src frame 33.0 time sec 1590939204 usec 566394
    Interpolator time 47075 usec
    getNextFrame 33.1 time 11387 usec
add frame 33.1 time sec 1590939204 usec 626565
src frame 34.0 time sec 1590939204 usec 626628
    Interpolator time 44189 usec
    getNextFrame 34.1 time 11101 usec
add frame 34.1 time sec 1590939204 usec 719057
src frame 35.0 time sec 1590939204 usec 719154
    Interpolator time 46744 usec
    getNextFrame 35.1 time 10964 usec
add frame 35.1 time sec 1590939204 usec 778645
src frame 36.0 time sec 1590939204 usec 778777
    Interpolator time 46022 usec
    getNextFrame 36.1 time 10930 usec
add frame 36.1 time sec 1590939204 usec 837468
src frame 37.0 time sec 1590939204 usec 837520
    Interpolator time 45962 usec
    getNextFrame 37.1 time 10952 usec
add frame 37.1 time sec 1590939204 usec 897117
src frame 38.0 time sec 1590939204 usec 897223
    Interpolator time 44989 usec
    getNextFrame 38.1 time 10892 usec
add frame 38.1 time sec 1590939204 usec 954952
src frame 39.0 time sec 1590939204 usec 955037
    Interpolator time 44578 usec
    getNextFrame 39.1 time 11226 usec
add frame 39.1 time sec 1590939205 usec 12658
src frame 40.0 time sec 1590939205 usec 12746
    Interpolator time 45042 usec
    getNextFrame 40.1 time 11178 usec
add frame 40.1 time sec 1590939205 usec 70940
src frame 41.0 time sec 1590939205 usec 71005
    Interpolator time 45801 usec
    getNextFrame 41.1 time 11336 usec
add frame 41.1 time sec 1590939205 usec 129825
src frame 42.0 time sec 1590939205 usec 129887
    Interpolator time 45013 usec
    getNextFrame 42.1 time 11306 usec
add frame 42.1 time sec 1590939205 usec 187957
src frame 43.0 time sec 1590939205 usec 188000
    Interpolator time 43863 usec
    getNextFrame 43.1 time 11362 usec
add frame 43.1 time sec 1590939205 usec 244968
src frame 44.0 time sec 1590939205 usec 245017
    Interpolator time 45212 usec
    getNextFrame 44.1 time 10769 usec
add frame 44.1 time sec 1590939205 usec 302784
src frame 45.0 time sec 1590939205 usec 302829
    Interpolator time 43266 usec
    getNextFrame 45.1 time 10763 usec
add frame 45.1 time sec 1590939205 usec 358591
src frame 46.0 time sec 1590939205 usec 358635
    Interpolator time 43459 usec
    getNextFrame 46.1 time 11020 usec
add frame 46.1 time sec 1590939205 usec 415032
src frame 47.0 time sec 1590939205 usec 415081
    Interpolator time 45277 usec
    getNextFrame 47.1 time 10709 usec
add frame 47.1 time sec 1590939205 usec 472837
src frame 48.0 time sec 1590939205 usec 472900
    Interpolator time 44462 usec
    getNextFrame 48.1 time 11329 usec
add frame 48.1 time sec 1590939205 usec 530489
src frame 49.0 time sec 1590939205 usec 530548
    Interpolator time 45441 usec
    getNextFrame 49.1 time 11176 usec
add frame 49.1 time sec 1590939205 usec 588901
src frame 50.0 time sec 1590939205 usec 588948
    Interpolator time 43788 usec
    getNextFrame 50.1 time 12283 usec
add frame 50.1 time sec 1590939205 usec 646868
src frame 51.0 time sec 1590939205 usec 646907
    Interpolator time 46101 usec
    getNextFrame 51.1 time 10741 usec
add frame 51.1 time sec 1590939205 usec 706100
src frame 52.0 time sec 1590939205 usec 706147
    Interpolator time 47852 usec
    getNextFrame 52.1 time 11164 usec
add frame 52.1 time sec 1590939205 usec 766923
src frame 53.0 time sec 1590939205 usec 766977
    Interpolator time 46246 usec
    getNextFrame 53.1 time 10961 usec
add frame 53.1 time sec 1590939205 usec 825932
src frame 54.0 time sec 1590939205 usec 826025
    Interpolator time 47334 usec
    getNextFrame 54.1 time 11880 usec
add frame 54.1 time sec 1590939205 usec 887481
src frame 55.0 time sec 1590939205 usec 887521
    Interpolator time 44665 usec
    getNextFrame 55.1 time 11260 usec
add frame 55.1 time sec 1590939205 usec 945255
src frame 56.0 time sec 1590939205 usec 945267
    Interpolator time 46337 usec
    getNextFrame 56.1 time 11055 usec
add frame 56.1 time sec 1590939206 usec 4508
src frame 57.0 time sec 1590939206 usec 4521
    Interpolator time 45229 usec
    getNextFrame 57.1 time 11118 usec
add frame 57.1 time sec 1590939206 usec 63029
src frame 58.0 time sec 1590939206 usec 63079
    Interpolator time 46040 usec
    getNextFrame 58.1 time 11054 usec
add frame 58.1 time sec 1590939206 usec 122113
src frame 59.0 time sec 1590939206 usec 122156
    Interpolator time 46108 usec
    getNextFrame 59.1 time 10770 usec
add frame 59.1 time sec 1590939206 usec 181129
src frame 60.0 time sec 1590939206 usec 181191
    Interpolator time 45296 usec
    getNextFrame 60.1 time 10697 usec
add frame 60.1 time sec 1590939206 usec 239017
src frame 61.0 time sec 1590939206 usec 239065
    Interpolator time 43256 usec
    getNextFrame 61.1 time 11155 usec
add frame 61.1 time sec 1590939206 usec 295285
src frame 62.0 time sec 1590939206 usec 295328
    Interpolator time 44283 usec
    getNextFrame 62.1 time 10931 usec
add frame 62.1 time sec 1590939206 usec 352325
src frame 63.0 time sec 1590939206 usec 352367
    Interpolator time 44216 usec
    getNextFrame 63.1 time 10591 usec
add frame 63.1 time sec 1590939206 usec 408958
src frame 64.0 time sec 1590939206 usec 409003
    Interpolator time 45238 usec
    getNextFrame 64.1 time 11228 usec
add frame 64.1 time sec 1590939206 usec 467625
src frame 65.0 time sec 1590939206 usec 467676
    Interpolator time 44130 usec
    getNextFrame 65.1 time 11162 usec
add frame 65.1 time sec 1590939206 usec 524662
src frame 66.0 time sec 1590939206 usec 524722
    Interpolator time 44755 usec
    getNextFrame 66.1 time 11406 usec
add frame 66.1 time sec 1590939206 usec 582799
src frame 67.0 time sec 1590939206 usec 582849
    Interpolator time 46788 usec
    getNextFrame 67.1 time 10997 usec
add frame 67.1 time sec 1590939206 usec 642493
src frame 68.0 time sec 1590939206 usec 642535
    Interpolator time 43352 usec
    getNextFrame 68.1 time 10769 usec
add frame 68.1 time sec 1590939206 usec 698561
src frame 69.0 time sec 1590939206 usec 698605
    Interpolator time 44879 usec
    getNextFrame 69.1 time 10665 usec
add frame 69.1 time sec 1590939206 usec 755934
src frame 70.0 time sec 1590939206 usec 755976
    Interpolator time 43686 usec
    getNextFrame 70.1 time 11134 usec
add frame 70.1 time sec 1590939206 usec 812612
src frame 71.0 time sec 1590939206 usec 812653
    Interpolator time 45834 usec
    getNextFrame 71.1 time 11496 usec
add frame 71.1 time sec 1590939206 usec 871826
src frame 72.0 time sec 1590939206 usec 871888
    Interpolator time 45608 usec
    getNextFrame 72.1 time 11412 usec
add frame 72.1 time sec 1590939206 usec 930601
src frame 73.0 time sec 1590939206 usec 930614
    Interpolator time 47482 usec
    getNextFrame 73.1 time 11992 usec
add frame 73.1 time sec 1590939206 usec 991918
src frame 74.0 time sec 1590939206 usec 991930
    Interpolator time 46301 usec
    getNextFrame 74.1 time 11077 usec
add frame 74.1 time sec 1590939207 usec 51006
src frame 75.0 time sec 1590939207 usec 51026
    Interpolator time 46436 usec
    getNextFrame 75.1 time 11297 usec
add frame 75.1 time sec 1590939207 usec 110669
src frame 76.0 time sec 1590939207 usec 110710
    Interpolator time 47037 usec
    getNextFrame 76.1 time 10862 usec
add frame 76.1 time sec 1590939207 usec 170811
src frame 77.0 time sec 1590939207 usec 170862
    Interpolator time 45039 usec
    getNextFrame 77.1 time 11141 usec
add frame 77.1 time sec 1590939207 usec 228739
src frame 78.0 time sec 1590939207 usec 228800
    Interpolator time 45033 usec
    getNextFrame 78.1 time 11574 usec
add frame 78.1 time sec 1590939207 usec 287330
src frame 79.0 time sec 1590939207 usec 287372
    Interpolator time 44547 usec
    getNextFrame 79.1 time 11567 usec
add frame 79.1 time sec 1590939207 usec 345368
src frame 80.0 time sec 1590939207 usec 345411
    Interpolator time 45402 usec
    getNextFrame 80.1 time 10748 usec
add frame 80.1 time sec 1590939207 usec 403369
src frame 81.0 time sec 1590939207 usec 403413
    Interpolator time 42090 usec
    getNextFrame 81.1 time 10638 usec
add frame 81.1 time sec 1590939207 usec 457876
src frame 82.0 time sec 1590939207 usec 457914
    Interpolator time 46028 usec
    getNextFrame 82.1 time 11162 usec
add frame 82.1 time sec 1590939207 usec 516931
src frame 83.0 time sec 1590939207 usec 516993
    Interpolator time 44476 usec
    getNextFrame 83.1 time 11020 usec
add frame 83.1 time sec 1590939207 usec 574471
src frame 84.0 time sec 1590939207 usec 574521
    Interpolator time 44717 usec
    getNextFrame 84.1 time 11112 usec
add frame 84.1 time sec 1590939207 usec 632058
src frame 85.0 time sec 1590939207 usec 632106
    Interpolator time 48054 usec
    getNextFrame 85.1 time 11011 usec
add frame 85.1 time sec 1590939207 usec 692917
src frame 86.0 time sec 1590939207 usec 692959
    Interpolator time 45029 usec
    getNextFrame 86.1 time 10954 usec
add frame 86.1 time sec 1590939207 usec 750806
src frame 87.0 time sec 1590939207 usec 750856
    Interpolator time 43690 usec
    getNextFrame 87.1 time 10745 usec
add frame 87.1 time sec 1590939207 usec 807028
src frame 88.0 time sec 1590939207 usec 807040
    Interpolator time 45068 usec
    getNextFrame 88.1 time 11077 usec
add frame 88.1 time sec 1590939207 usec 864899
src frame 89.0 time sec 1590939207 usec 864962
    Interpolator time 46294 usec
    getNextFrame 89.1 time 10877 usec
add frame 89.1 time sec 1590939207 usec 923898
src frame 90.0 time sec 1590939207 usec 923962
    Interpolator time 44432 usec
    getNextFrame 90.1 time 11128 usec
add frame 90.1 time sec 1590939207 usec 981300
src frame 91.0 time sec 1590939207 usec 981362
    Interpolator time 46819 usec
    getNextFrame 91.1 time 11292 usec
add frame 91.1 time sec 1590939208 usec 41438
src frame 92.0 time sec 1590939208 usec 41453
    Interpolator time 48500 usec
    getNextFrame 92.1 time 10823 usec
add frame 92.1 time sec 1590939208 usec 102647
src frame 93.0 time sec 1590939208 usec 102662
    Interpolator time 44859 usec
    getNextFrame 93.1 time 10764 usec
add frame 93.1 time sec 1590939208 usec 160021
src frame 94.0 time sec 1590939208 usec 160065
    Interpolator time 45414 usec
    getNextFrame 94.1 time 11164 usec
add frame 94.1 time sec 1590939208 usec 218504
src frame 95.0 time sec 1590939208 usec 218514
    Interpolator time 45903 usec
    getNextFrame 95.1 time 11473 usec
add frame 95.1 time sec 1590939208 usec 277685
src frame 96.0 time sec 1590939208 usec 277747
    Interpolator time 44561 usec
    getNextFrame 96.1 time 11281 usec
add frame 96.1 time sec 1590939208 usec 335392
src frame 97.0 time sec 1590939208 usec 335438
    Interpolator time 45187 usec
    getNextFrame 97.1 time 11773 usec
add frame 97.1 time sec 1590939208 usec 394407
src frame 98.0 time sec 1590939208 usec 394421
    Interpolator time 44530 usec
    getNextFrame 98.1 time 10998 usec
add frame 98.1 time sec 1590939208 usec 451707
src frame 99.0 time sec 1590939208 usec 451720
    Interpolator time 44098 usec
    getNextFrame 99.1 time 10817 usec
add frame 99.1 time sec 1590939208 usec 508350
src frame 100.0 time sec 1590939208 usec 508387
    Interpolator time 44746 usec
    getNextFrame 100.1 time 11260 usec
add frame 100.1 time sec 1590939208 usec 566443
src frame 101.0 time sec 1590939208 usec 566521
    Interpolator time 44286 usec
    getNextFrame 101.1 time 11796 usec
add frame 101.1 time sec 1590939208 usec 624605
src frame 102.0 time sec 1590939208 usec 624658
    Interpolator time 45202 usec
    getNextFrame 102.1 time 11344 usec
add frame 102.1 time sec 1590939208 usec 682976
src frame 103.0 time sec 1590939208 usec 683038
    Interpolator time 46403 usec
    getNextFrame 103.1 time 11669 usec
add frame 103.1 time sec 1590939208 usec 742959
src frame 104.0 time sec 1590939208 usec 743021
    Interpolator time 45538 usec
    getNextFrame 104.1 time 10707 usec
add frame 104.1 time sec 1590939208 usec 801220
src frame 105.0 time sec 1590939208 usec 801262
    Interpolator time 44747 usec
    getNextFrame 105.1 time 10641 usec
add frame 105.1 time sec 1590939208 usec 858446
src frame 106.0 time sec 1590939208 usec 858495
    Interpolator time 44167 usec
    getNextFrame 106.1 time 11337 usec
add frame 106.1 time sec 1590939208 usec 915977
src frame 107.0 time sec 1590939208 usec 916041
    Interpolator time 46005 usec
    getNextFrame 107.1 time 11083 usec
add frame 107.1 time sec 1590939208 usec 974816
src frame 108.0 time sec 1590939208 usec 974885
    Interpolator time 44688 usec
    getNextFrame 108.1 time 10796 usec
add frame 108.1 time sec 1590939209 usec 32071
src frame 109.0 time sec 1590939209 usec 32082
    Interpolator time 46110 usec
    getNextFrame 109.1 time 10926 usec
add frame 109.1 time sec 1590939209 usec 90885
src frame 110.0 time sec 1590939209 usec 90927
    Interpolator time 43752 usec
    getNextFrame 110.1 time 11603 usec
add frame 110.1 time sec 1590939209 usec 148074
src frame 111.0 time sec 1590939209 usec 148117
    Interpolator time 46333 usec
    getNextFrame 111.1 time 10693 usec
add frame 111.1 time sec 1590939209 usec 206931
src frame 112.0 time sec 1590939209 usec 206978
    Interpolator time 43218 usec
    getNextFrame 112.1 time 10792 usec
add frame 112.1 time sec 1590939209 usec 262761
src frame 113.0 time sec 1590939209 usec 262812
    Interpolator time 44753 usec
    getNextFrame 113.1 time 11086 usec
add frame 113.1 time sec 1590939209 usec 320343
src frame 114.0 time sec 1590939209 usec 320406
    Interpolator time 44654 usec
    getNextFrame 114.1 time 11111 usec
add frame 114.1 time sec 1590939209 usec 378003
src frame 115.0 time sec 1590939209 usec 378068
    Interpolator time 44546 usec
    getNextFrame 115.1 time 11773 usec
add frame 115.1 time sec 1590939209 usec 436153
src frame 116.0 time sec 1590939209 usec 436210
    Interpolator time 44605 usec
    getNextFrame 116.1 time 10957 usec
add frame 116.1 time sec 1590939209 usec 493732
src frame 117.0 time sec 1590939209 usec 493760
    Interpolator time 45374 usec
    getNextFrame 117.1 time 11122 usec
add frame 117.1 time sec 1590939209 usec 552067
src frame 118.0 time sec 1590939209 usec 552112
    Interpolator time 42971 usec
    getNextFrame 118.1 time 10967 usec
add frame 118.1 time sec 1590939209 usec 607785
src frame 119.0 time sec 1590939209 usec 607829
    Interpolator time 45397 usec
    getNextFrame 119.1 time 11217 usec
add frame 119.1 time sec 1590939209 usec 666197
src frame 120.0 time sec 1590939209 usec 666259
    Interpolator time 45443 usec
    getNextFrame 120.1 time 11045 usec
add frame 120.1 time sec 1590939209 usec 724452
src frame 121.0 time sec 1590939209 usec 724502
    Interpolator time 44621 usec
    getNextFrame 121.1 time 11060 usec
add frame 121.1 time sec 1590939209 usec 781939
src frame 122.0 time sec 1590939209 usec 781951
    Interpolator time 46021 usec
    getNextFrame 122.1 time 11389 usec
add frame 122.1 time sec 1590939209 usec 841178
src frame 123.0 time sec 1590939209 usec 841218
    Interpolator time 45645 usec
    getNextFrame 123.1 time 10918 usec
add frame 123.1 time sec 1590939209 usec 899580
src frame 124.0 time sec 1590939209 usec 899624
    Interpolator time 44544 usec
    getNextFrame 124.1 time 10767 usec
add frame 124.1 time sec 1590939209 usec 956716
src frame 125.0 time sec 1590939209 usec 956763
    Interpolator time 43909 usec
    getNextFrame 125.1 time 10995 usec
add frame 125.1 time sec 1590939210 usec 13463
src frame 126.0 time sec 1590939210 usec 13525
    Interpolator time 44182 usec
    getNextFrame 126.1 time 10894 usec
add frame 126.1 time sec 1590939210 usec 70380
src frame 127.0 time sec 1590939210 usec 70442
    Interpolator time 44695 usec
    getNextFrame 127.1 time 11021 usec
add frame 127.1 time sec 1590939210 usec 127876
src frame 128.0 time sec 1590939210 usec 127936
    Interpolator time 48824 usec
    getNextFrame 128.1 time 10777 usec
add frame 128.1 time sec 1590939210 usec 189278
src frame 129.0 time sec 1590939210 usec 189293
    Interpolator time 43088 usec
    getNextFrame 129.1 time 11093 usec
add frame 129.1 time sec 1590939210 usec 245291
src frame 130.0 time sec 1590939210 usec 245304
    Interpolator time 45508 usec
    getNextFrame 130.1 time 10835 usec
add frame 130.1 time sec 1590939210 usec 303446
src frame 131.0 time sec 1590939210 usec 303489
    Interpolator time 42974 usec
    getNextFrame 131.1 time 10772 usec
add frame 131.1 time sec 1590939210 usec 358997
src frame 132.0 time sec 1590939210 usec 359038
    Interpolator time 44838 usec
    getNextFrame 132.1 time 11131 usec
add frame 132.1 time sec 1590939210 usec 417074
src frame 133.0 time sec 1590939210 usec 417139
    Interpolator time 45527 usec
    getNextFrame 133.1 time 11166 usec
add frame 133.1 time sec 1590939210 usec 475614
src frame 134.0 time sec 1590939210 usec 475664
    Interpolator time 45273 usec
    getNextFrame 134.1 time 11389 usec
add frame 134.1 time sec 1590939210 usec 534329
src frame 135.0 time sec 1590939210 usec 534378
    Interpolator time 45428 usec
    getNextFrame 135.1 time 11455 usec
add frame 135.1 time sec 1590939210 usec 593126
src frame 136.0 time sec 1590939210 usec 593164
    Interpolator time 45304 usec
    getNextFrame 136.1 time 11209 usec
add frame 136.1 time sec 1590939210 usec 651557
src frame 137.0 time sec 1590939210 usec 651600
    Interpolator time 43478 usec
    getNextFrame 137.1 time 10684 usec
add frame 137.1 time sec 1590939210 usec 707516
src frame 138.0 time sec 1590939210 usec 707558
    Interpolator time 45318 usec
    getNextFrame 138.1 time 11257 usec
add frame 138.1 time sec 1590939210 usec 765878
src frame 139.0 time sec 1590939210 usec 765930
    Interpolator time 45755 usec
    getNextFrame 139.1 time 10953 usec
add frame 139.1 time sec 1590939210 usec 824399
src frame 140.0 time sec 1590939210 usec 824524
    Interpolator time 44307 usec
    getNextFrame 140.1 time 10673 usec
add frame 140.1 time sec 1590939210 usec 881274
src frame 141.0 time sec 1590939210 usec 881376
    Interpolator time 46037 usec
    getNextFrame 141.1 time 11048 usec
add frame 141.1 time sec 1590939210 usec 940293
src frame 142.0 time sec 1590939210 usec 940358
    Interpolator time 45948 usec
    getNextFrame 142.1 time 11006 usec
add frame 142.1 time sec 1590939210 usec 999113
src frame 143.0 time sec 1590939210 usec 999215
    Interpolator time 45514 usec
    getNextFrame 143.1 time 10744 usec
add frame 143.1 time sec 1590939211 usec 57209
src frame 144.0 time sec 1590939211 usec 57306
    Interpolator time 46053 usec
    getNextFrame 144.1 time 11092 usec
add frame 144.1 time sec 1590939211 usec 116302
src frame 145.0 time sec 1590939211 usec 116368
    Interpolator time 46640 usec
    getNextFrame 145.1 time 10771 usec
add frame 145.1 time sec 1590939211 usec 175541
src frame 146.0 time sec 1590939211 usec 175552
    Interpolator time 46829 usec
    getNextFrame 146.1 time 10902 usec
add frame 146.1 time sec 1590939211 usec 236136
src frame 147.0 time sec 1590939211 usec 236150
    Interpolator time 44107 usec
    getNextFrame 147.1 time 11075 usec
add frame 147.1 time sec 1590939211 usec 294278
src frame 148.0 time sec 1590939211 usec 294309
    Interpolator time 45441 usec
    getNextFrame 148.1 time 10965 usec
add frame 148.1 time sec 1590939211 usec 353541
src frame 149.0 time sec 1590939211 usec 353552
    Interpolator time 42396 usec
    getNextFrame 149.1 time 10596 usec
add frame 149.1 time sec 1590939211 usec 409362
src frame 150.0 time sec 1590939211 usec 409374
    Interpolator time 45418 usec
    getNextFrame 150.1 time 11255 usec
add frame 150.1 time sec 1590939211 usec 469258
src frame 151.0 time sec 1590939211 usec 469284
    Interpolator time 45483 usec
    getNextFrame 151.1 time 11614 usec
add frame 151.1 time sec 1590939211 usec 529350
src frame 152.0 time sec 1590939211 usec 529361
    Interpolator time 45486 usec
    getNextFrame 152.1 time 10749 usec
add frame 152.1 time sec 1590939211 usec 588493
src frame 153.0 time sec 1590939211 usec 588504
    Interpolator time 43500 usec
    getNextFrame 153.1 time 11137 usec
add frame 153.1 time sec 1590939211 usec 645933
src frame 154.0 time sec 1590939211 usec 645945
    Interpolator time 44014 usec
    getNextFrame 154.1 time 11011 usec
add frame 154.1 time sec 1590939211 usec 703709
src frame 155.0 time sec 1590939211 usec 703720
    Interpolator time 43104 usec
    getNextFrame 155.1 time 11034 usec
add frame 155.1 time sec 1590939211 usec 760644
src frame 156.0 time sec 1590939211 usec 760657
    Interpolator time 44469 usec
    getNextFrame 156.1 time 11104 usec
add frame 156.1 time sec 1590939211 usec 819130
src frame 157.0 time sec 1590939211 usec 819139
    Interpolator time 45628 usec
    getNextFrame 157.1 time 10892 usec
add frame 157.1 time sec 1590939211 usec 878462
src frame 158.0 time sec 1590939211 usec 878472
    Interpolator time 46463 usec
    getNextFrame 158.1 time 10668 usec
add frame 158.1 time sec 1590939211 usec 938769
src frame 159.0 time sec 1590939211 usec 938783
    Interpolator time 43350 usec
    getNextFrame 159.1 time 11000 usec
add frame 159.1 time sec 1590939211 usec 995913
src frame 160.0 time sec 1590939211 usec 995923
    Interpolator time 47540 usec
    getNextFrame 160.1 time 10780 usec
add frame 160.1 time sec 1590939212 usec 57070
src frame 161.0 time sec 1590939212 usec 57079
    Interpolator time 45180 usec
    getNextFrame 161.1 time 10992 usec
add frame 161.1 time sec 1590939212 usec 116055
src frame 162.0 time sec 1590939212 usec 116066
    Interpolator time 45273 usec
    getNextFrame 162.1 time 11172 usec
add frame 162.1 time sec 1590939212 usec 175350
src frame 163.0 time sec 1590939212 usec 175360
    Interpolator time 47215 usec
    getNextFrame 163.1 time 10781 usec
add frame 163.1 time sec 1590939212 usec 236440
src frame 164.0 time sec 1590939212 usec 236454
    Interpolator time 47867 usec
    getNextFrame 164.1 time 11052 usec
add frame 164.1 time sec 1590939212 usec 298274
src frame 165.0 time sec 1590939212 usec 298286
    Interpolator time 44203 usec
    getNextFrame 165.1 time 10869 usec
add frame 165.1 time sec 1590939212 usec 356126
src frame 166.0 time sec 1590939212 usec 356138
    Interpolator time 44469 usec
    getNextFrame 166.1 time 10913 usec
add frame 166.1 time sec 1590939212 usec 414321
src frame 167.0 time sec 1590939212 usec 414332
    Interpolator time 45347 usec
    getNextFrame 167.1 time 10972 usec
add frame 167.1 time sec 1590939212 usec 473393
src frame 168.0 time sec 1590939212 usec 473424
    Interpolator time 44614 usec
    getNextFrame 168.1 time 11249 usec
add frame 168.1 time sec 1590939212 usec 532120
src frame 169.0 time sec 1590939212 usec 532130
    Interpolator time 46431 usec
    getNextFrame 169.1 time 11637 usec
add frame 169.1 time sec 1590939212 usec 593025
src frame 170.0 time sec 1590939212 usec 593036
    Interpolator time 45269 usec
    getNextFrame 170.1 time 11399 usec
add frame 170.1 time sec 1590939212 usec 652879
src frame 171.0 time sec 1590939212 usec 652892
    Interpolator time 43070 usec
    getNextFrame 171.1 time 10657 usec
add frame 171.1 time sec 1590939212 usec 709388
src frame 172.0 time sec 1590939212 usec 709400
    Interpolator time 45769 usec
    getNextFrame 172.1 time 11195 usec
add frame 172.1 time sec 1590939212 usec 769439
src frame 173.0 time sec 1590939212 usec 769463
    Interpolator time 44828 usec
    getNextFrame 173.1 time 11462 usec
add frame 173.1 time sec 1590939212 usec 828560
src frame 174.0 time sec 1590939212 usec 828571
    Interpolator time 47463 usec
    getNextFrame 174.1 time 10855 usec
add frame 174.1 time sec 1590939212 usec 889731
src frame 175.0 time sec 1590939212 usec 889744
    Interpolator time 47931 usec
    getNextFrame 175.1 time 11887 usec
add frame 175.1 time sec 1590939212 usec 952425
src frame 176.0 time sec 1590939212 usec 952435
    Interpolator time 44897 usec
    getNextFrame 176.1 time 11385 usec
add frame 176.1 time sec 1590939213 usec 11462
src frame 177.0 time sec 1590939213 usec 11504
    Interpolator time 45448 usec
    getNextFrame 177.1 time 10908 usec
add frame 177.1 time sec 1590939213 usec 69780
src frame 178.0 time sec 1590939213 usec 69828
    Interpolator time 47360 usec
    getNextFrame 178.1 time 11178 usec
add frame 178.1 time sec 1590939213 usec 130121
src frame 179.0 time sec 1590939213 usec 130181
    Interpolator time 50475 usec
    getNextFrame 179.1 time 10931 usec
add frame 179.1 time sec 1590939213 usec 193303
src frame 180.0 time sec 1590939213 usec 193363
    Interpolator time 45382 usec
    getNextFrame 180.1 time 11233 usec
add frame 180.1 time sec 1590939213 usec 252448
src frame 181.0 time sec 1590939213 usec 252495
    Interpolator time 43802 usec
    getNextFrame 181.1 time 10694 usec
add frame 181.1 time sec 1590939213 usec 308781
src frame 182.0 time sec 1590939213 usec 308822
    Interpolator time 45705 usec
    getNextFrame 182.1 time 11339 usec
add frame 182.1 time sec 1590939213 usec 367874
src frame 183.0 time sec 1590939213 usec 367941
    Interpolator time 45414 usec
    getNextFrame 183.1 time 11152 usec
add frame 183.1 time sec 1590939213 usec 426267
src frame 184.0 time sec 1590939213 usec 426326
    Interpolator time 44777 usec
    getNextFrame 184.1 time 11036 usec
add frame 184.1 time sec 1590939213 usec 484015
src frame 185.0 time sec 1590939213 usec 484078
    Interpolator time 46334 usec
    getNextFrame 185.1 time 11535 usec
add frame 185.1 time sec 1590939213 usec 543749
src frame 186.0 time sec 1590939213 usec 543792
    Interpolator time 44928 usec
    getNextFrame 186.1 time 11011 usec
add frame 186.1 time sec 1590939213 usec 601574
src frame 187.0 time sec 1590939213 usec 601635
    Interpolator time 45737 usec
    getNextFrame 187.1 time 10926 usec
add frame 187.1 time sec 1590939213 usec 660108
src frame 188.0 time sec 1590939213 usec 660174
    Interpolator time 45131 usec
    getNextFrame 188.1 time 11365 usec
add frame 188.1 time sec 1590939213 usec 718691
src frame 189.0 time sec 1590939213 usec 718756
    Interpolator time 46216 usec
    getNextFrame 189.1 time 11516 usec
add frame 189.1 time sec 1590939213 usec 778282
src frame 190.0 time sec 1590939213 usec 778345
    Interpolator time 44425 usec
    getNextFrame 190.1 time 10993 usec
add frame 190.1 time sec 1590939213 usec 835502
src frame 191.0 time sec 1590939213 usec 835564
    Interpolator time 44706 usec
    getNextFrame 191.1 time 10888 usec
add frame 191.1 time sec 1590939213 usec 893053
src frame 192.0 time sec 1590939213 usec 893100
    Interpolator time 45180 usec
    getNextFrame 192.1 time 11110 usec
add frame 192.1 time sec 1590939213 usec 951353
src frame 193.0 time sec 1590939213 usec 951397
    Interpolator time 43722 usec
    getNextFrame 193.1 time 10767 usec
add frame 193.1 time sec 1590939214 usec 7747
src frame 194.0 time sec 1590939214 usec 7794
    Interpolator time 44600 usec
    getNextFrame 194.1 time 10891 usec
add frame 194.1 time sec 1590939214 usec 65088
src frame 195.0 time sec 1590939214 usec 65141
    Interpolator time 45206 usec
    getNextFrame 195.1 time 11128 usec
add frame 195.1 time sec 1590939214 usec 123232
src frame 196.0 time sec 1590939214 usec 123292
    Interpolator time 44474 usec
    getNextFrame 196.1 time 11029 usec
add frame 196.1 time sec 1590939214 usec 180613
src frame 197.0 time sec 1590939214 usec 180677
    Interpolator time 46637 usec
    getNextFrame 197.1 time 11528 usec
add frame 197.1 time sec 1590939214 usec 240678
src frame 198.0 time sec 1590939214 usec 240720
    Interpolator time 42902 usec
    getNextFrame 198.1 time 10849 usec
add frame 198.1 time sec 1590939214 usec 296297
src frame 199.0 time sec 1590939214 usec 296339
    Interpolator time 44990 usec
    getNextFrame 199.1 time 11218 usec
add frame 199.1 time sec 1590939214 usec 354405
src frame 200.0 time sec 1590939214 usec 354446
    Interpolator time 42579 usec
    getNextFrame 200.1 time 10821 usec
add frame 200.1 time sec 1590939214 usec 409585
src frame 201.0 time sec 1590939214 usec 409627
    Interpolator time 44926 usec
    getNextFrame 201.1 time 11180 usec
add frame 201.1 time sec 1590939214 usec 467952
src frame 202.0 time sec 1590939214 usec 468013
    Interpolator time 45407 usec
    getNextFrame 202.1 time 11264 usec
add frame 202.1 time sec 1590939214 usec 526398
src frame 203.0 time sec 1590939214 usec 526461
    Interpolator time 46452 usec
    getNextFrame 203.1 time 10931 usec
add frame 203.1 time sec 1590939214 usec 585818
src frame 204.0 time sec 1590939214 usec 585871
    Interpolator time 44920 usec
    getNextFrame 204.1 time 11663 usec
add frame 204.1 time sec 1590939214 usec 644387
src frame 205.0 time sec 1590939214 usec 644429
    Interpolator time 44677 usec
    getNextFrame 205.1 time 10978 usec
add frame 205.1 time sec 1590939214 usec 701985
src frame 206.0 time sec 1590939214 usec 702055
    Interpolator time 43363 usec
    getNextFrame 206.1 time 10895 usec
add frame 206.1 time sec 1590939214 usec 758070
src frame 207.0 time sec 1590939214 usec 758127
    Interpolator time 44204 usec
    getNextFrame 207.1 time 11133 usec
add frame 207.1 time sec 1590939214 usec 815313
src frame 208.0 time sec 1590939214 usec 815393
    Interpolator time 44857 usec
    getNextFrame 208.1 time 11048 usec
add frame 208.1 time sec 1590939214 usec 873028
src frame 209.0 time sec 1590939214 usec 873090
    Interpolator time 44017 usec
    getNextFrame 209.1 time 11253 usec
add frame 209.1 time sec 1590939214 usec 930148
src frame 210.0 time sec 1590939214 usec 930211
    Interpolator time 46970 usec
    getNextFrame 210.1 time 10727 usec
add frame 210.1 time sec 1590939214 usec 989660
src frame 211.0 time sec 1590939214 usec 989704
    Interpolator time 46350 usec
    getNextFrame 211.1 time 11061 usec
add frame 211.1 time sec 1590939215 usec 48996
src frame 212.0 time sec 1590939215 usec 49035
    Interpolator time 44163 usec
    getNextFrame 212.1 time 10806 usec
add frame 212.1 time sec 1590939215 usec 105825
src frame 213.0 time sec 1590939215 usec 105887
    Interpolator time 43767 usec
    getNextFrame 213.1 time 11272 usec
add frame 213.1 time sec 1590939215 usec 162730
src frame 214.0 time sec 1590939215 usec 162783
    Interpolator time 45072 usec
    getNextFrame 214.1 time 11282 usec
add frame 214.1 time sec 1590939215 usec 220834
src frame 215.0 time sec 1590939215 usec 220897
    Interpolator time 45282 usec
    getNextFrame 215.1 time 11198 usec
add frame 215.1 time sec 1590939215 usec 279271
src frame 216.0 time sec 1590939215 usec 279321
    Interpolator time 45545 usec
    getNextFrame 216.1 time 11315 usec
add frame 216.1 time sec 1590939215 usec 337961
src frame 217.0 time sec 1590939215 usec 338009
    Interpolator time 43787 usec
    getNextFrame 217.1 time 10861 usec
add frame 217.1 time sec 1590939215 usec 394410
src frame 218.0 time sec 1590939215 usec 394424
    Interpolator time 47360 usec
    getNextFrame 218.1 time 10883 usec
add frame 218.1 time sec 1590939215 usec 454460
src frame 219.0 time sec 1590939215 usec 454473
    Interpolator time 44636 usec
    getNextFrame 219.1 time 11130 usec
add frame 219.1 time sec 1590939215 usec 511955
src frame 220.0 time sec 1590939215 usec 511967
    Interpolator time 44549 usec
    getNextFrame 220.1 time 11006 usec
add frame 220.1 time sec 1590939215 usec 569223
src frame 221.0 time sec 1590939215 usec 569282
    Interpolator time 46574 usec
    getNextFrame 221.1 time 11657 usec
add frame 221.1 time sec 1590939215 usec 629318
src frame 222.0 time sec 1590939215 usec 629360
    Interpolator time 45827 usec
    getNextFrame 222.1 time 10863 usec
add frame 222.1 time sec 1590939215 usec 687975
src frame 223.0 time sec 1590939215 usec 688025
    Interpolator time 43063 usec
    getNextFrame 223.1 time 10944 usec
add frame 223.1 time sec 1590939215 usec 743903
src frame 224.0 time sec 1590939215 usec 743945
    Interpolator time 44573 usec
    getNextFrame 224.1 time 11033 usec
add frame 224.1 time sec 1590939215 usec 801442
src frame 225.0 time sec 1590939215 usec 801487
    Interpolator time 45304 usec
    getNextFrame 225.1 time 10925 usec
add frame 225.1 time sec 1590939215 usec 859520
src frame 226.0 time sec 1590939215 usec 859580
    Interpolator time 43947 usec
    getNextFrame 226.1 time 11192 usec
add frame 226.1 time sec 1590939215 usec 916645
src frame 227.0 time sec 1590939215 usec 916698
    Interpolator time 45005 usec
    getNextFrame 227.1 time 11268 usec
add frame 227.1 time sec 1590939215 usec 974746
src frame 228.0 time sec 1590939215 usec 974808
    Interpolator time 44123 usec
    getNextFrame 228.1 time 11281 usec
add frame 228.1 time sec 1590939216 usec 31948
src frame 229.0 time sec 1590939216 usec 32012
    Interpolator time 46392 usec
    getNextFrame 229.1 time 10786 usec
add frame 229.1 time sec 1590939216 usec 90929
src frame 230.0 time sec 1590939216 usec 90985
    Interpolator time 42695 usec
    getNextFrame 230.1 time 11036 usec
add frame 230.1 time sec 1590939216 usec 146450
src frame 231.0 time sec 1590939216 usec 146508
    Interpolator time 44384 usec
    getNextFrame 231.1 time 11014 usec
add frame 231.1 time sec 1590939216 usec 203682
src frame 232.0 time sec 1590939216 usec 203724
    Interpolator time 43137 usec
    getNextFrame 232.1 time 10916 usec
add frame 232.1 time sec 1590939216 usec 259526
src frame 233.0 time sec 1590939216 usec 259585
    Interpolator time 45413 usec
    getNextFrame 233.1 time 11190 usec
add frame 233.1 time sec 1590939216 usec 318158
src frame 234.0 time sec 1590939216 usec 318221
    Interpolator time 46741 usec
    getNextFrame 234.1 time 10718 usec
add frame 234.1 time sec 1590939216 usec 377414
src frame 235.0 time sec 1590939216 usec 377463
    Interpolator time 44694 usec
    getNextFrame 235.1 time 11345 usec
add frame 235.1 time sec 1590939216 usec 435402
src frame 236.0 time sec 1590939216 usec 435451
    Interpolator time 44593 usec
    getNextFrame 236.1 time 10765 usec
add frame 236.1 time sec 1590939216 usec 492686
src frame 237.0 time sec 1590939216 usec 492729
    Interpolator time 45854 usec
    getNextFrame 237.1 time 10962 usec
add frame 237.1 time sec 1590939216 usec 551487
src frame 238.0 time sec 1590939216 usec 551534
    Interpolator time 45822 usec
    getNextFrame 238.1 time 10780 usec
add frame 238.1 time sec 1590939216 usec 609902
src frame 239.0 time sec 1590939216 usec 609915
    Interpolator time 46007 usec
    getNextFrame 239.1 time 11206 usec
add frame 239.1 time sec 1590939216 usec 669318
src frame 240.0 time sec 1590939216 usec 669379
    Interpolator time 46275 usec
    getNextFrame 240.1 time 10948 usec
add frame 240.1 time sec 1590939216 usec 728368
src frame 241.0 time sec 1590939216 usec 728431
    Interpolator time 45732 usec
    getNextFrame 241.1 time 11448 usec
add frame 241.1 time sec 1590939216 usec 787435
src frame 242.0 time sec 1590939216 usec 787493
    Interpolator time 45678 usec
    getNextFrame 242.1 time 10971 usec
add frame 242.1 time sec 1590939216 usec 846058
src frame 243.0 time sec 1590939216 usec 846150
    Interpolator time 45004 usec
    getNextFrame 243.1 time 11310 usec
add frame 243.1 time sec 1590939216 usec 904269
src frame 244.0 time sec 1590939216 usec 904311
    Interpolator time 42811 usec
    getNextFrame 244.1 time 11208 usec
add frame 244.1 time sec 1590939216 usec 960115
src frame 245.0 time sec 1590939216 usec 960159
    Interpolator time 44310 usec
    getNextFrame 245.1 time 11795 usec
add frame 245.1 time sec 1590939217 usec 18306
src frame 246.0 time sec 1590939217 usec 18358
    Interpolator time 45875 usec
    getNextFrame 246.1 time 11134 usec
add frame 246.1 time sec 1590939217 usec 77179
src frame 247.0 time sec 1590939217 usec 77243
    Interpolator time 45724 usec
    getNextFrame 247.1 time 11069 usec
add frame 247.1 time sec 1590939217 usec 135897
src frame 248.0 time sec 1590939217 usec 135913
    Interpolator time 44411 usec
    getNextFrame 248.1 time 10835 usec
add frame 248.1 time sec 1590939217 usec 192954
src frame 249.0 time sec 1590939217 usec 193010
    Interpolator time 44881 usec
    getNextFrame 249.1 time 11893 usec
add frame 249.1 time sec 1590939217 usec 251713
src frame 250.0 time sec 1590939217 usec 251751
    Interpolator time 44448 usec
    getNextFrame 250.1 time 10967 usec
add frame 250.1 time sec 1590939217 usec 308906
src frame 251.0 time sec 1590939217 usec 308966
    Interpolator time 44480 usec
    getNextFrame 251.1 time 11359 usec
add frame 251.1 time sec 1590939217 usec 366653
src frame 252.0 time sec 1590939217 usec 366729
    Interpolator time 44803 usec
    getNextFrame 252.1 time 10867 usec
add frame 252.1 time sec 1590939217 usec 424222
src frame 253.0 time sec 1590939217 usec 424288
    Interpolator time 44728 usec
    getNextFrame 253.1 time 10832 usec
add frame 253.1 time sec 1590939217 usec 481758
src frame 254.0 time sec 1590939217 usec 481813
    Interpolator time 47244 usec
    getNextFrame 254.1 time 11609 usec
add frame 254.1 time sec 1590939217 usec 542494
src frame 255.0 time sec 1590939217 usec 542552
    Interpolator time 45788 usec
    getNextFrame 255.1 time 10893 usec
add frame 255.1 time sec 1590939217 usec 601156
src frame 256.0 time sec 1590939217 usec 601214
    Interpolator time 45016 usec
    getNextFrame 256.1 time 10898 usec
add frame 256.1 time sec 1590939217 usec 658977
src frame 257.0 time sec 1590939217 usec 659020
    Interpolator time 44213 usec
    getNextFrame 257.1 time 11264 usec
add frame 257.1 time sec 1590939217 usec 716583
src frame 258.0 time sec 1590939217 usec 716645
    Interpolator time 45689 usec
    getNextFrame 258.1 time 10559 usec
add frame 258.1 time sec 1590939217 usec 774769
src frame 259.0 time sec 1590939217 usec 774832
    Interpolator time 44609 usec
    getNextFrame 259.1 time 10975 usec
add frame 259.1 time sec 1590939217 usec 832173
src frame 260.0 time sec 1590939217 usec 832192
    Interpolator time 46922 usec
    getNextFrame 260.1 time 11159 usec
add frame 260.1 time sec 1590939217 usec 892053
src frame 261.0 time sec 1590939217 usec 892104
    Interpolator time 47147 usec
    getNextFrame 261.1 time 10985 usec
add frame 261.1 time sec 1590939217 usec 952102
src frame 262.0 time sec 1590939217 usec 952134
    Interpolator time 43381 usec
    getNextFrame 262.1 time 10863 usec
add frame 262.1 time sec 1590939218 usec 8168
src frame 263.0 time sec 1590939218 usec 8211
    Interpolator time 45293 usec
    getNextFrame 263.1 time 11026 usec
add frame 263.1 time sec 1590939218 usec 66297
src frame 264.0 time sec 1590939218 usec 66361
    Interpolator time 45223 usec
    getNextFrame 264.1 time 11125 usec
add frame 264.1 time sec 1590939218 usec 124422
src frame 265.0 time sec 1590939218 usec 124485
    Interpolator time 44964 usec
    getNextFrame 265.1 time 11458 usec
add frame 265.1 time sec 1590939218 usec 182726
src frame 266.0 time sec 1590939218 usec 182789
    Interpolator time 46171 usec
    getNextFrame 266.1 time 11074 usec
add frame 266.1 time sec 1590939218 usec 241838
src frame 267.0 time sec 1590939218 usec 241886
    Interpolator time 49354 usec
    getNextFrame 267.1 time 11001 usec
add frame 267.1 time sec 1590939218 usec 304056
src frame 268.0 time sec 1590939218 usec 304098
    Interpolator time 42897 usec
    getNextFrame 268.1 time 10852 usec
add frame 268.1 time sec 1590939218 usec 359602
src frame 269.0 time sec 1590939218 usec 359652
    Interpolator time 44580 usec
    getNextFrame 269.1 time 11036 usec
add frame 269.1 time sec 1590939218 usec 417299
src frame 270.0 time sec 1590939218 usec 417358
    Interpolator time 45300 usec
    getNextFrame 270.1 time 11166 usec
add frame 270.1 time sec 1590939218 usec 475617
src frame 271.0 time sec 1590939218 usec 475666
    Interpolator time 44861 usec
    getNextFrame 271.1 time 10845 usec
add frame 271.1 time sec 1590939218 usec 533078
src frame 272.0 time sec 1590939218 usec 533146
    Interpolator time 45659 usec
    getNextFrame 272.1 time 11432 usec
add frame 272.1 time sec 1590939218 usec 592053
src frame 273.0 time sec 1590939218 usec 592112
    Interpolator time 47392 usec
    getNextFrame 273.1 time 11101 usec
add frame 273.1 time sec 1590939218 usec 652530
src frame 274.0 time sec 1590939218 usec 652571
    Interpolator time 43843 usec
    getNextFrame 274.1 time 10783 usec
add frame 274.1 time sec 1590939218 usec 709058
src frame 275.0 time sec 1590939218 usec 709116
    Interpolator time 45045 usec
    getNextFrame 275.1 time 11309 usec
add frame 275.1 time sec 1590939218 usec 767502
src frame 276.0 time sec 1590939218 usec 767513
    Interpolator time 45205 usec
    getNextFrame 276.1 time 10633 usec
add frame 276.1 time sec 1590939218 usec 825047
src frame 277.0 time sec 1590939218 usec 825110
    Interpolator time 45459 usec
    getNextFrame 277.1 time 10771 usec
add frame 277.1 time sec 1590939218 usec 883376
src frame 278.0 time sec 1590939218 usec 883431
    Interpolator time 46484 usec
    getNextFrame 278.1 time 11452 usec
add frame 278.1 time sec 1590939218 usec 943205
src frame 279.0 time sec 1590939218 usec 943247
    Interpolator time 45491 usec
    getNextFrame 279.1 time 11133 usec
add frame 279.1 time sec 1590939219 usec 1720
src frame 280.0 time sec 1590939219 usec 1762
    Interpolator time 44581 usec
    getNextFrame 280.1 time 10959 usec
add frame 280.1 time sec 1590939219 usec 59132
src frame 281.0 time sec 1590939219 usec 59182
    Interpolator time 44032 usec
    getNextFrame 281.1 time 10992 usec
add frame 281.1 time sec 1590939219 usec 116144
src frame 282.0 time sec 1590939219 usec 116205
    Interpolator time 46749 usec
    getNextFrame 282.1 time 10796 usec
add frame 282.1 time sec 1590939219 usec 175485
src frame 283.0 time sec 1590939219 usec 175547
    Interpolator time 44760 usec
    getNextFrame 283.1 time 11405 usec
add frame 283.1 time sec 1590939219 usec 233444
src frame 284.0 time sec 1590939219 usec 233509
    Interpolator time 46847 usec
    getNextFrame 284.1 time 10995 usec
add frame 284.1 time sec 1590939219 usec 293200
src frame 285.0 time sec 1590939219 usec 293245
    Interpolator time 47859 usec
    getNextFrame 285.1 time 11057 usec
add frame 285.1 time sec 1590939219 usec 354124
src frame 286.0 time sec 1590939219 usec 354171
    Interpolator time 44174 usec
    getNextFrame 286.1 time 11181 usec
add frame 286.1 time sec 1590939219 usec 411293
src frame 287.0 time sec 1590939219 usec 411353
    Interpolator time 45395 usec
    getNextFrame 287.1 time 11080 usec
add frame 287.1 time sec 1590939219 usec 469554
src frame 288.0 time sec 1590939219 usec 469615
    Interpolator time 44974 usec
    getNextFrame 288.1 time 11071 usec
add frame 288.1 time sec 1590939219 usec 527459
src frame 289.0 time sec 1590939219 usec 527522
    Interpolator time 45604 usec
    getNextFrame 289.1 time 10870 usec
add frame 289.1 time sec 1590939219 usec 585983
src frame 290.0 time sec 1590939219 usec 586074
    Interpolator time 42396 usec
    getNextFrame 290.1 time 11065 usec
add frame 290.1 time sec 1590939219 usec 641423
src frame 291.0 time sec 1590939219 usec 641478
    Interpolator time 44653 usec
    getNextFrame 291.1 time 10965 usec
add frame 291.1 time sec 1590939219 usec 698943
src frame 292.0 time sec 1590939219 usec 698985
    Interpolator time 44269 usec
    getNextFrame 292.1 time 11068 usec
add frame 292.1 time sec 1590939219 usec 756114
src frame 293.0 time sec 1590939219 usec 756158
    Interpolator time 44093 usec
    getNextFrame 293.1 time 16807 usec
add frame 293.1 time sec 1590939219 usec 818797
src frame 294.0 time sec 1590939219 usec 818860
    Interpolator time 49125 usec
    getNextFrame 294.1 time 10793 usec
add frame 294.1 time sec 1590939219 usec 881627
src frame 295.0 time sec 1590939219 usec 881680
    Interpolator time 45885 usec
    getNextFrame 295.1 time 10888 usec
add frame 295.1 time sec 1590939219 usec 940741
src frame 296.0 time sec 1590939219 usec 940841
    Interpolator time 44446 usec
    getNextFrame 296.1 time 11025 usec
add frame 296.1 time sec 1590939219 usec 998178
src frame 297.0 time sec 1590939219 usec 998242
    Interpolator time 45022 usec
    getNextFrame 297.1 time 10880 usec
add frame 297.1 time sec 1590939220 usec 55878
src frame 298.0 time sec 1590939220 usec 55966
    Interpolator time 41918 usec
    getNextFrame 298.1 time 10977 usec
add frame 298.1 time sec 1590939220 usec 110628
src frame 299.0 time sec 1590939220 usec 110672
    Interpolator time 44421 usec
    getNextFrame 299.1 time 10721 usec
add frame 299.1 time sec 1590939220 usec 167573
src frame 300.0 time sec 1590939220 usec 167623
    Interpolator time 47077 usec
    getNextFrame 300.1 time 11214 usec
add frame 300.1 time sec 1590939220 usec 227669
src frame 301.0 time sec 1590939220 usec 227710
    Interpolator time 45774 usec
    getNextFrame 301.1 time 10728 usec
add frame 301.1 time sec 1590939220 usec 286141
src frame 302.0 time sec 1590939220 usec 286183
    Interpolator time 43391 usec
    getNextFrame 302.1 time 10827 usec
add frame 302.1 time sec 1590939220 usec 342200
src frame 303.0 time sec 1590939220 usec 342242
    Interpolator time 45588 usec
    getNextFrame 303.1 time 10822 usec
add frame 303.1 time sec 1590939220 usec 400674
src frame 304.0 time sec 1590939220 usec 400725
    Interpolator time 43828 usec
    getNextFrame 304.1 time 10721 usec
add frame 304.1 time sec 1590939220 usec 457072
src frame 305.0 time sec 1590939220 usec 457114
    Interpolator time 43888 usec
    getNextFrame 305.1 time 11019 usec
add frame 305.1 time sec 1590939220 usec 513813
src frame 306.0 time sec 1590939220 usec 513857
    Interpolator time 44771 usec
    getNextFrame 306.1 time 11130 usec
add frame 306.1 time sec 1590939220 usec 571648
src frame 307.0 time sec 1590939220 usec 571691
    Interpolator time 44509 usec
    getNextFrame 307.1 time 10421 usec
add frame 307.1 time sec 1590939220 usec 628588
src frame 308.0 time sec 1590939220 usec 628644
    Interpolator time 46043 usec
    getNextFrame 308.1 time 11140 usec
add frame 308.1 time sec 1590939220 usec 687837
src frame 309.0 time sec 1590939220 usec 687880
    Interpolator time 44965 usec
    getNextFrame 309.1 time 10697 usec
add frame 309.1 time sec 1590939220 usec 745319
src frame 310.0 time sec 1590939220 usec 745362
    Interpolator time 44922 usec
    getNextFrame 310.1 time 10660 usec
add frame 310.1 time sec 1590939220 usec 802762
src frame 311.0 time sec 1590939220 usec 802806
    Interpolator time 43788 usec
    getNextFrame 311.1 time 11015 usec
add frame 311.1 time sec 1590939220 usec 859352
src frame 312.0 time sec 1590939220 usec 859398
    Interpolator time 43467 usec
    getNextFrame 312.1 time 11217 usec
add frame 312.1 time sec 1590939220 usec 916157
src frame 313.0 time sec 1590939220 usec 916210
    Interpolator time 44717 usec
    getNextFrame 313.1 time 10422 usec
add frame 313.1 time sec 1590939220 usec 973086
src frame 314.0 time sec 1590939220 usec 973143
    Interpolator time 45540 usec
    getNextFrame 314.1 time 10658 usec
add frame 314.1 time sec 1590939221 usec 31139
src frame 315.0 time sec 1590939221 usec 31191
    Interpolator time 44230 usec
    getNextFrame 315.1 time 11085 usec
add frame 315.1 time sec 1590939221 usec 88215
src frame 316.0 time sec 1590939221 usec 88230
    Interpolator time 43895 usec
    getNextFrame 316.1 time 10975 usec
add frame 316.1 time sec 1590939221 usec 144858
src frame 317.0 time sec 1590939221 usec 144873
    Interpolator time 49806 usec
    getNextFrame 317.1 time 10798 usec
add frame 317.1 time sec 1590939221 usec 207299
src frame 318.0 time sec 1590939221 usec 207311
    Interpolator time 44254 usec
    getNextFrame 318.1 time 11195 usec
add frame 318.1 time sec 1590939221 usec 264490
src frame 319.0 time sec 1590939221 usec 264561
    Interpolator time 44859 usec
    getNextFrame 319.1 time 10761 usec
add frame 319.1 time sec 1590939221 usec 321967
src frame 320.0 time sec 1590939221 usec 322057
    Interpolator time 45371 usec
    getNextFrame 320.1 time 10790 usec
add frame 320.1 time sec 1590939221 usec 379945
src frame 321.0 time sec 1590939221 usec 380023
    Interpolator time 45368 usec
    getNextFrame 321.1 time 11345 usec
add frame 321.1 time sec 1590939221 usec 438499
src frame 322.0 time sec 1590939221 usec 438542
    Interpolator time 42682 usec
    getNextFrame 322.1 time 10865 usec
add frame 322.1 time sec 1590939221 usec 493847
src frame 323.0 time sec 1590939221 usec 493889
    Interpolator time 44227 usec
    getNextFrame 323.1 time 10767 usec
add frame 323.1 time sec 1590939221 usec 550642
src frame 324.0 time sec 1590939221 usec 550680
    Interpolator time 43502 usec
    getNextFrame 324.1 time 10534 usec
add frame 324.1 time sec 1590939221 usec 606451
src frame 325.0 time sec 1590939221 usec 606463
    Interpolator time 44652 usec
    getNextFrame 325.1 time 11144 usec
add frame 325.1 time sec 1590939221 usec 664132
src frame 326.0 time sec 1590939221 usec 664196
    Interpolator time 45145 usec
    getNextFrame 326.1 time 11258 usec
add frame 326.1 time sec 1590939221 usec 722317
src frame 327.0 time sec 1590939221 usec 722377
    Interpolator time 44712 usec
    getNextFrame 327.1 time 11126 usec
add frame 327.1 time sec 1590939221 usec 779953
src frame 328.0 time sec 1590939221 usec 780017
    Interpolator time 47522 usec
    getNextFrame 328.1 time 10997 usec
add frame 328.1 time sec 1590939221 usec 840310
src frame 329.0 time sec 1590939221 usec 840354
    Interpolator time 45050 usec
    getNextFrame 329.1 time 10989 usec
add frame 329.1 time sec 1590939221 usec 898201
src frame 330.0 time sec 1590939221 usec 898244
    Interpolator time 43809 usec
    getNextFrame 330.1 time 10734 usec
add frame 330.1 time sec 1590939221 usec 954571
src frame 331.0 time sec 1590939221 usec 954613
    Interpolator time 42859 usec
    getNextFrame 331.1 time 10945 usec
add frame 331.1 time sec 1590939222 usec 10157
src frame 332.0 time sec 1590939222 usec 10200
    Interpolator time 44774 usec
    getNextFrame 332.1 time 11164 usec
add frame 332.1 time sec 1590939222 usec 68209
src frame 333.0 time sec 1590939222 usec 68263
    Interpolator time 45735 usec
    getNextFrame 333.1 time 10698 usec
add frame 333.1 time sec 1590939222 usec 126384
src frame 334.0 time sec 1590939222 usec 126435
    Interpolator time 44623 usec
    getNextFrame 334.1 time 11238 usec
add frame 334.1 time sec 1590939222 usec 184240
src frame 335.0 time sec 1590939222 usec 184288
    Interpolator time 44984 usec
    getNextFrame 335.1 time 10605 usec
add frame 335.1 time sec 1590939222 usec 241855
src frame 336.0 time sec 1590939222 usec 241869
    Interpolator time 46507 usec
    getNextFrame 336.1 time 11190 usec
add frame 336.1 time sec 1590939222 usec 301353
src frame 337.0 time sec 1590939222 usec 301365
    Interpolator time 44918 usec
    getNextFrame 337.1 time 15566 usec
add frame 337.1 time sec 1590939222 usec 363602
src frame 338.0 time sec 1590939222 usec 363642
    Interpolator time 48922 usec
    getNextFrame 338.1 time 12111 usec
add frame 338.1 time sec 1590939222 usec 427467
src frame 339.0 time sec 1590939222 usec 427580
    Interpolator time 44555 usec
    getNextFrame 339.1 time 10856 usec
add frame 339.1 time sec 1590939222 usec 484837
src frame 340.0 time sec 1590939222 usec 484918
    Interpolator time 47221 usec
    getNextFrame 340.1 time 11442 usec
add frame 340.1 time sec 1590939222 usec 545604
src frame 341.0 time sec 1590939222 usec 545672
    Interpolator time 45800 usec
    getNextFrame 341.1 time 10808 usec
add frame 341.1 time sec 1590939222 usec 604045
src frame 342.0 time sec 1590939222 usec 604141
    Interpolator time 45742 usec
    getNextFrame 342.1 time 10951 usec
add frame 342.1 time sec 1590939222 usec 662599
src frame 343.0 time sec 1590939222 usec 662703
    Interpolator time 44733 usec
    getNextFrame 343.1 time 11410 usec
add frame 343.1 time sec 1590939222 usec 720586
src frame 344.0 time sec 1590939222 usec 720649
    Interpolator time 46569 usec
    getNextFrame 344.1 time 10978 usec
add frame 344.1 time sec 1590939222 usec 779975
src frame 345.0 time sec 1590939222 usec 780033
    Interpolator time 45208 usec
    getNextFrame 345.1 time 12002 usec
add frame 345.1 time sec 1590939222 usec 839062
src frame 346.0 time sec 1590939222 usec 839118
    Interpolator time 43877 usec
    getNextFrame 346.1 time 11919 usec
add frame 346.1 time sec 1590939222 usec 896747
src frame 347.0 time sec 1590939222 usec 896804
    Interpolator time 44627 usec
    getNextFrame 347.1 time 11066 usec
add frame 347.1 time sec 1590939222 usec 954621
src frame 348.0 time sec 1590939222 usec 954678
    Interpolator time 44167 usec
    getNextFrame 348.1 time 10918 usec
add frame 348.1 time sec 1590939223 usec 11497
src frame 349.0 time sec 1590939223 usec 11508
    Interpolator time 45442 usec
    getNextFrame 349.1 time 11315 usec
add frame 349.1 time sec 1590939223 usec 70116
src frame 350.0 time sec 1590939223 usec 70174
    Interpolator time 46371 usec
    getNextFrame 350.1 time 10837 usec
add frame 350.1 time sec 1590939223 usec 129152
src frame 351.0 time sec 1590939223 usec 129165
    Interpolator time 45764 usec
    getNextFrame 351.1 time 11767 usec
add frame 351.1 time sec 1590939223 usec 188565
src frame 352.0 time sec 1590939223 usec 188619
    Interpolator time 43070 usec
    getNextFrame 352.1 time 11057 usec
add frame 352.1 time sec 1590939223 usec 244568
src frame 353.0 time sec 1590939223 usec 244612
    Interpolator time 45333 usec
    getNextFrame 353.1 time 10986 usec
add frame 353.1 time sec 1590939223 usec 302743
src frame 354.0 time sec 1590939223 usec 302804
    Interpolator time 43505 usec
    getNextFrame 354.1 time 10949 usec
add frame 354.1 time sec 1590939223 usec 359016
src frame 355.0 time sec 1590939223 usec 359074
    Interpolator time 44335 usec
    getNextFrame 355.1 time 11482 usec
add frame 355.1 time sec 1590939223 usec 416879
src frame 356.0 time sec 1590939223 usec 416918
    Interpolator time 45406 usec
    getNextFrame 356.1 time 10918 usec
add frame 356.1 time sec 1590939223 usec 475023
src frame 357.0 time sec 1590939223 usec 475080
    Interpolator time 44767 usec
    getNextFrame 357.1 time 10902 usec
add frame 357.1 time sec 1590939223 usec 532566
src frame 358.0 time sec 1590939223 usec 532629
    Interpolator time 46387 usec
    getNextFrame 358.1 time 10950 usec
add frame 358.1 time sec 1590939223 usec 591760
src frame 359.0 time sec 1590939223 usec 591813
    Interpolator time 46596 usec
    getNextFrame 359.1 time 11070 usec
add frame 359.1 time sec 1590939223 usec 651426
src frame 360.0 time sec 1590939223 usec 651481
    Interpolator time 43976 usec
    getNextFrame 360.1 time 10942 usec
add frame 360.1 time sec 1590939223 usec 708137
src frame 361.0 time sec 1590939223 usec 708193
    Interpolator time 44505 usec
    getNextFrame 361.1 time 11204 usec
add frame 361.1 time sec 1590939223 usec 765915
src frame 362.0 time sec 1590939223 usec 765976
    Interpolator time 45427 usec
    getNextFrame 362.1 time 11259 usec
add frame 362.1 time sec 1590939223 usec 824442
src frame 363.0 time sec 1590939223 usec 824506
    Interpolator time 47953 usec
    getNextFrame 363.1 time 10789 usec
add frame 363.1 time sec 1590939223 usec 885100
src frame 364.0 time sec 1590939223 usec 885142
    Interpolator time 45758 usec
    getNextFrame 364.1 time 11730 usec
add frame 364.1 time sec 1590939223 usec 944529
src frame 365.0 time sec 1590939223 usec 944569
    Interpolator time 46135 usec
    getNextFrame 365.1 time 11051 usec
add frame 365.1 time sec 1590939224 usec 3546
src frame 366.0 time sec 1590939224 usec 3602
    Interpolator time 46855 usec
    getNextFrame 366.1 time 14655 usec
add frame 366.1 time sec 1590939224 usec 66897
src frame 367.0 time sec 1590939224 usec 66986
    Interpolator time 44871 usec
    getNextFrame 367.1 time 11039 usec
add frame 367.1 time sec 1590939224 usec 124773
src frame 368.0 time sec 1590939224 usec 124861
    Interpolator time 45317 usec
    getNextFrame 368.1 time 11123 usec
add frame 368.1 time sec 1590939224 usec 183107
src frame 369.0 time sec 1590939224 usec 183188
    Interpolator time 45568 usec
    getNextFrame 369.1 time 10822 usec
add frame 369.1 time sec 1590939224 usec 241358
src frame 370.0 time sec 1590939224 usec 241459
    Interpolator time 43852 usec
    getNextFrame 370.1 time 10853 usec
add frame 370.1 time sec 1590939224 usec 297963
src frame 371.0 time sec 1590939224 usec 298057
    Interpolator time 43640 usec
    getNextFrame 371.1 time 10928 usec
add frame 371.1 time sec 1590939224 usec 354425
src frame 372.0 time sec 1590939224 usec 354470
    Interpolator time 42771 usec
    getNextFrame 372.1 time 10628 usec
add frame 372.1 time sec 1590939224 usec 409617
src frame 373.0 time sec 1590939224 usec 409667
    Interpolator time 45076 usec
    getNextFrame 373.1 time 11083 usec
add frame 373.1 time sec 1590939224 usec 467944
src frame 374.0 time sec 1590939224 usec 467997
    Interpolator time 45761 usec
    getNextFrame 374.1 time 10932 usec
add frame 374.1 time sec 1590939224 usec 526397
src frame 375.0 time sec 1590939224 usec 526452
    Interpolator time 42928 usec
    getNextFrame 375.1 time 10828 usec
add frame 375.1 time sec 1590939224 usec 582115
src frame 376.0 time sec 1590939224 usec 582170
    Interpolator time 46867 usec
    getNextFrame 376.1 time 11040 usec
add frame 376.1 time sec 1590939224 usec 641904
src frame 377.0 time sec 1590939224 usec 641946
    Interpolator time 43955 usec
    getNextFrame 377.1 time 10967 usec
add frame 377.1 time sec 1590939224 usec 698684
src frame 378.0 time sec 1590939224 usec 698726
    Interpolator time 43885 usec
    getNextFrame 378.1 time 10809 usec
add frame 378.1 time sec 1590939224 usec 755202
src frame 379.0 time sec 1590939224 usec 755245
    Interpolator time 42325 usec
    getNextFrame 379.1 time 11363 usec
add frame 379.1 time sec 1590939224 usec 810701
src frame 380.0 time sec 1590939224 usec 810715
    Interpolator time 47382 usec
    getNextFrame 380.1 time 11181 usec
add frame 380.1 time sec 1590939224 usec 871134
src frame 381.0 time sec 1590939224 usec 871198
    Interpolator time 46447 usec
    getNextFrame 381.1 time 10956 usec
add frame 381.1 time sec 1590939224 usec 930364
src frame 382.0 time sec 1590939224 usec 930433
    Interpolator time 47206 usec
    getNextFrame 382.1 time 10957 usec
add frame 382.1 time sec 1590939224 usec 990616
src frame 383.0 time sec 1590939224 usec 990660
    Interpolator time 46621 usec
    getNextFrame 383.1 time 10886 usec
add frame 383.1 time sec 1590939225 usec 49906
src frame 384.0 time sec 1590939225 usec 49951
    Interpolator time 44088 usec
    getNextFrame 384.1 time 10848 usec
add frame 384.1 time sec 1590939225 usec 106761
src frame 385.0 time sec 1590939225 usec 106806
    Interpolator time 43093 usec
    getNextFrame 385.1 time 11244 usec
add frame 385.1 time sec 1590939225 usec 162874
src frame 386.0 time sec 1590939225 usec 162940
    Interpolator time 45187 usec
    getNextFrame 386.1 time 10741 usec
add frame 386.1 time sec 1590939225 usec 220782
src frame 387.0 time sec 1590939225 usec 220853
    Interpolator time 45486 usec
    getNextFrame 387.1 time 11227 usec
add frame 387.1 time sec 1590939225 usec 279348
src frame 388.0 time sec 1590939225 usec 279413
    Interpolator time 45341 usec
    getNextFrame 388.1 time 10980 usec
add frame 388.1 time sec 1590939225 usec 337459
src frame 389.0 time sec 1590939225 usec 337472
    Interpolator time 45352 usec
    getNextFrame 389.1 time 10950 usec
add frame 389.1 time sec 1590939225 usec 395595
src frame 390.0 time sec 1590939225 usec 395608
    Interpolator time 45424 usec
    getNextFrame 390.1 time 10835 usec
add frame 390.1 time sec 1590939225 usec 453675
src frame 391.0 time sec 1590939225 usec 453688
    Interpolator time 43973 usec
    getNextFrame 391.1 time 11716 usec
add frame 391.1 time sec 1590939225 usec 511182
src frame 392.0 time sec 1590939225 usec 511228
    Interpolator time 47577 usec
    getNextFrame 392.1 time 11242 usec
add frame 392.1 time sec 1590939225 usec 572017
src frame 393.0 time sec 1590939225 usec 572068
    Interpolator time 46424 usec
    getNextFrame 393.1 time 12009 usec
add frame 393.1 time sec 1590939225 usec 632405
src frame 394.0 time sec 1590939225 usec 632472
    Interpolator time 45294 usec
    getNextFrame 394.1 time 11682 usec
add frame 394.1 time sec 1590939225 usec 691438
src frame 395.0 time sec 1590939225 usec 691480
    Interpolator time 47544 usec
    getNextFrame 395.1 time 10922 usec
add frame 395.1 time sec 1590939225 usec 751932
src frame 396.0 time sec 1590939225 usec 751943
    Interpolator time 45174 usec
    getNextFrame 396.1 time 11269 usec
add frame 396.1 time sec 1590939225 usec 811226
src frame 397.0 time sec 1590939225 usec 811240
    Interpolator time 46878 usec
    getNextFrame 397.1 time 11171 usec
add frame 397.1 time sec 1590939225 usec 872387
src frame 398.0 time sec 1590939225 usec 872398
    Interpolator time 46394 usec
    getNextFrame 398.1 time 11398 usec
add frame 398.1 time sec 1590939225 usec 933586
src frame 399.0 time sec 1590939225 usec 933631
    Interpolator time 45359 usec
    getNextFrame 399.1 time 11185 usec
add frame 399.1 time sec 1590939225 usec 992086
src frame 400.0 time sec 1590939225 usec 992128
    Interpolator time 47130 usec
    getNextFrame 400.1 time 10887 usec
add frame 400.1 time sec 1590939226 usec 52086
src frame 401.0 time sec 1590939226 usec 52129
    Interpolator time 42894 usec
    getNextFrame 401.1 time 11049 usec
add frame 401.1 time sec 1590939226 usec 107911
src frame 402.0 time sec 1590939226 usec 107953
    Interpolator time 44938 usec
    getNextFrame 402.1 time 11874 usec
add frame 402.1 time sec 1590939226 usec 166625
src frame 403.0 time sec 1590939226 usec 166677
    Interpolator time 46335 usec
    getNextFrame 403.1 time 10752 usec
add frame 403.1 time sec 1590939226 usec 225469
src frame 404.0 time sec 1590939226 usec 225485
    Interpolator time 45069 usec
    getNextFrame 404.1 time 11002 usec
add frame 404.1 time sec 1590939226 usec 283538
src frame 405.0 time sec 1590939226 usec 283581
    Interpolator time 45525 usec
    getNextFrame 405.1 time 10937 usec
add frame 405.1 time sec 1590939226 usec 341864
src frame 406.0 time sec 1590939226 usec 341906
    Interpolator time 43490 usec
    getNextFrame 406.1 time 10869 usec
add frame 406.1 time sec 1590939226 usec 398168
src frame 407.0 time sec 1590939226 usec 398207
    Interpolator time 44491 usec
    getNextFrame 407.1 time 11241 usec
add frame 407.1 time sec 1590939226 usec 455688
src frame 408.0 time sec 1590939226 usec 455731
    Interpolator time 43249 usec
    getNextFrame 408.1 time 11247 usec
add frame 408.1 time sec 1590939226 usec 511981
src frame 409.0 time sec 1590939226 usec 512024
    Interpolator time 50427 usec
    getNextFrame 409.1 time 11273 usec
add frame 409.1 time sec 1590939226 usec 575518
src frame 410.0 time sec 1590939226 usec 575529
    Interpolator time 45347 usec
    getNextFrame 410.1 time 10771 usec
add frame 410.1 time sec 1590939226 usec 633332
src frame 411.0 time sec 1590939226 usec 633345
    Interpolator time 45210 usec
    getNextFrame 411.1 time 10812 usec
add frame 411.1 time sec 1590939226 usec 691209
src frame 412.0 time sec 1590939226 usec 691252
    Interpolator time 45374 usec
    getNextFrame 412.1 time 10849 usec
add frame 412.1 time sec 1590939226 usec 749244
src frame 413.0 time sec 1590939226 usec 749287
    Interpolator time 43284 usec
    getNextFrame 413.1 time 11033 usec
add frame 413.1 time sec 1590939226 usec 805398
src frame 414.0 time sec 1590939226 usec 805441
    Interpolator time 47429 usec
    getNextFrame 414.1 time 11067 usec
add frame 414.1 time sec 1590939226 usec 865782
src frame 415.0 time sec 1590939226 usec 865831
    Interpolator time 45615 usec
    getNextFrame 415.1 time 10965 usec
add frame 415.1 time sec 1590939226 usec 924748
src frame 416.0 time sec 1590939226 usec 924814
    Interpolator time 43927 usec
    getNextFrame 416.1 time 10158 usec
add frame 416.1 time sec 1590939226 usec 980650
src frame 417.0 time sec 1590939226 usec 980703
    Interpolator time 46160 usec
    getNextFrame 417.1 time 11725 usec
add frame 417.1 time sec 1590939227 usec 40407
src frame 418.0 time sec 1590939227 usec 40419
    Interpolator time 44230 usec
    getNextFrame 418.1 time 10881 usec
add frame 418.1 time sec 1590939227 usec 97310
src frame 419.0 time sec 1590939227 usec 97322
    Interpolator time 45527 usec
    getNextFrame 419.1 time 10850 usec
add frame 419.1 time sec 1590939227 usec 155609
src frame 420.0 time sec 1590939227 usec 155621
    Interpolator time 44003 usec
    getNextFrame 420.1 time 11490 usec
add frame 420.1 time sec 1590939227 usec 213084
src frame 421.0 time sec 1590939227 usec 213151
    Interpolator time 46369 usec
    getNextFrame 421.1 time 10837 usec
add frame 421.1 time sec 1590939227 usec 272169
src frame 422.0 time sec 1590939227 usec 272221
    Interpolator time 45268 usec
    getNextFrame 422.1 time 10724 usec
add frame 422.1 time sec 1590939227 usec 329960
src frame 423.0 time sec 1590939227 usec 330031
    Interpolator time 48019 usec
    getNextFrame 423.1 time 11357 usec
add frame 423.1 time sec 1590939227 usec 391532
src frame 424.0 time sec 1590939227 usec 391573
    Interpolator time 43379 usec
    getNextFrame 424.1 time 10807 usec
add frame 424.1 time sec 1590939227 usec 447556
src frame 425.0 time sec 1590939227 usec 447604
    Interpolator time 43381 usec
    getNextFrame 425.1 time 10853 usec
add frame 425.1 time sec 1590939227 usec 503577
src frame 426.0 time sec 1590939227 usec 503620
    Interpolator time 42384 usec
    getNextFrame 426.1 time 10829 usec
add frame 426.1 time sec 1590939227 usec 558576
src frame 427.0 time sec 1590939227 usec 558589
    Interpolator time 43782 usec
    getNextFrame 427.1 time 11274 usec
add frame 427.1 time sec 1590939227 usec 615541
src frame 428.0 time sec 1590939227 usec 615593
    Interpolator time 45659 usec
    getNextFrame 428.1 time 10591 usec
add frame 428.1 time sec 1590939227 usec 673574
src frame 429.0 time sec 1590939227 usec 673639
    Interpolator time 47197 usec
    getNextFrame 429.1 time 10662 usec
add frame 429.1 time sec 1590939227 usec 733283
src frame 430.0 time sec 1590939227 usec 733337
    Interpolator time 46401 usec
    getNextFrame 430.1 time 10952 usec
add frame 430.1 time sec 1590939227 usec 792610
src frame 431.0 time sec 1590939227 usec 792652
    Interpolator time 43504 usec
    getNextFrame 431.1 time 10847 usec
add frame 431.1 time sec 1590939227 usec 848835
src frame 432.0 time sec 1590939227 usec 848878
    Interpolator time 43242 usec
    getNextFrame 432.1 time 10780 usec
add frame 432.1 time sec 1590939227 usec 904630
src frame 433.0 time sec 1590939227 usec 904675
    Interpolator time 43381 usec
    getNextFrame 433.1 time 10964 usec
add frame 433.1 time sec 1590939227 usec 960831
src frame 434.0 time sec 1590939227 usec 960844
    Interpolator time 44964 usec
    getNextFrame 434.1 time 11027 usec
add frame 434.1 time sec 1590939228 usec 18804
src frame 435.0 time sec 1590939228 usec 18855
    Interpolator time 44822 usec
    getNextFrame 435.1 time 10577 usec
add frame 435.1 time sec 1590939228 usec 75948
src frame 436.0 time sec 1590939228 usec 76018
    Interpolator time 44884 usec
    getNextFrame 436.1 time 10621 usec
add frame 436.1 time sec 1590939228 usec 133379
src frame 437.0 time sec 1590939228 usec 133448
    Interpolator time 44161 usec
    getNextFrame 437.1 time 10603 usec
add frame 437.1 time sec 1590939228 usec 190108
src frame 438.0 time sec 1590939228 usec 190151
    Interpolator time 43347 usec
    getNextFrame 438.1 time 10927 usec
add frame 438.1 time sec 1590939228 usec 246222
src frame 439.0 time sec 1590939228 usec 246264
    Interpolator time 47978 usec
    getNextFrame 439.1 time 10850 usec
add frame 439.1 time sec 1590939228 usec 306832
src frame 440.0 time sec 1590939228 usec 306877
    Interpolator time 43220 usec
    getNextFrame 440.1 time 11456 usec
add frame 440.1 time sec 1590939228 usec 363442
src frame 441.0 time sec 1590939228 usec 363504
    Interpolator 