src frame 0.0 time sec 1590979649 usec 716655
    Interpolator time 315064 usec
    getNextFrame 0.1 time 8244 usec
add frame 0.1 time sec 1590979650 usec 100298
src frame 1.0 time sec 1590979650 usec 100388
    Interpolator time 101228 usec
    getNextFrame 1.1 time 8817 usec
add frame 1.1 time sec 1590979650 usec 211937
src frame 2.0 time sec 1590979650 usec 212020
    Interpolator time 105120 usec
    getNextFrame 2.1 time 8323 usec
add frame 2.1 time sec 1590979650 usec 326643
src frame 3.0 time sec 1590979650 usec 326680
    Interpolator time 101017 usec
    getNextFrame 3.1 time 13239 usec
add frame 3.1 time sec 1590979650 usec 442176
src frame 4.0 time sec 1590979650 usec 442231
    Interpolator time 97680 usec
    getNextFrame 4.1 time 9155 usec
add frame 4.1 time sec 1590979650 usec 550952
src frame 5.0 time sec 1590979650 usec 550966
    Interpolator time 97087 usec
    getNextFrame 5.1 time 8901 usec
add frame 5.1 time sec 1590979650 usec 658837
src frame 6.0 time sec 1590979650 usec 658880
    Interpolator time 101103 usec
    getNextFrame 6.1 time 8912 usec
add frame 6.1 time sec 1590979650 usec 770150
src frame 7.0 time sec 1590979650 usec 770191
    Interpolator time 99773 usec
    getNextFrame 7.1 time 8357 usec
add frame 7.1 time sec 1590979650 usec 879584
src frame 8.0 time sec 1590979650 usec 879688
    Interpolator time 94360 usec
    getNextFrame 8.1 time 14572 usec
add frame 8.1 time sec 1590979650 usec 989882
src frame 9.0 time sec 1590979650 usec 989978
    Interpolator time 98234 usec
    getNextFrame 9.1 time 12334 usec
add frame 9.1 time sec 1590979651 usec 101866
src frame 10.0 time sec 1590979651 usec 101962
    Interpolator time 93199 usec
    getNextFrame 10.1 time 9572 usec
add frame 10.1 time sec 1590979651 usec 206055
src frame 11.0 time sec 1590979651 usec 206073
    Interpolator time 94934 usec
    getNextFrame 11.1 time 13221 usec
add frame 11.1 time sec 1590979651 usec 315474
src frame 12.0 time sec 1590979651 usec 315527
    Interpolator time 95683 usec
    getNextFrame 12.1 time 8344 usec
add frame 12.1 time sec 1590979651 usec 421590
src frame 13.0 time sec 1590979651 usec 421690
    Interpolator time 91141 usec
    getNextFrame 13.1 time 8402 usec
add frame 13.1 time sec 1590979651 usec 522504
src frame 14.0 time sec 1590979651 usec 522604
    Interpolator time 99314 usec
    getNextFrame 14.1 time 8274 usec
add frame 14.1 time sec 1590979651 usec 631422
src frame 15.0 time sec 1590979651 usec 631437
    Interpolator time 93321 usec
    getNextFrame 15.1 time 8473 usec
add frame 15.1 time sec 1590979651 usec 734460
src frame 16.0 time sec 1590979651 usec 734472
    Interpolator time 93567 usec
    getNextFrame 16.1 time 9043 usec
add frame 16.1 time sec 1590979651 usec 838291
src frame 17.0 time sec 1590979651 usec 838305
    Interpolator time 92961 usec
    getNextFrame 17.1 time 8386 usec
add frame 17.1 time sec 1590979651 usec 941483
src frame 18.0 time sec 1590979651 usec 941542
    Interpolator time 93479 usec
    getNextFrame 18.1 time 8829 usec
add frame 18.1 time sec 1590979652 usec 45267
src frame 19.0 time sec 1590979652 usec 45299
    Interpolator time 99863 usec
    getNextFrame 19.1 time 8412 usec
add frame 19.1 time sec 1590979652 usec 154878
src frame 20.0 time sec 1590979652 usec 154953
    Interpolator time 98327 usec
    getNextFrame 20.1 time 9072 usec
add frame 20.1 time sec 1590979652 usec 263597
src frame 21.0 time sec 1590979652 usec 263691
    Interpolator time 93482 usec
    getNextFrame 21.1 time 8972 usec
add frame 21.1 time sec 1590979652 usec 367473
src frame 22.0 time sec 1590979652 usec 367515
    Interpolator time 91687 usec
    getNextFrame 22.1 time 8169 usec
add frame 22.1 time sec 1590979652 usec 468605
src frame 23.0 time sec 1590979652 usec 468665
    Interpolator time 90377 usec
    getNextFrame 23.1 time 8324 usec
add frame 23.1 time sec 1590979652 usec 568580
src frame 24.0 time sec 1590979652 usec 568631
    Interpolator time 93086 usec
    getNextFrame 24.1 time 8311 usec
add frame 24.1 time sec 1590979652 usec 671270
src frame 25.0 time sec 1590979652 usec 671329
    Interpolator time 98087 usec
    getNextFrame 25.1 time 9084 usec
add frame 25.1 time sec 1590979652 usec 779764
src frame 26.0 time sec 1590979652 usec 779781
    Interpolator time 101665 usec
    getNextFrame 26.1 time 9332 usec
add frame 26.1 time sec 1590979652 usec 892039
src frame 27.0 time sec 1590979652 usec 892097
    Interpolator time 92964 usec
    getNextFrame 27.1 time 9402 usec
add frame 27.1 time sec 1590979652 usec 995638
src frame 28.0 time sec 1590979652 usec 995692
    Interpolator time 95585 usec
    getNextFrame 28.1 time 9287 usec
add frame 28.1 time sec 1590979653 usec 101858
src frame 29.0 time sec 1590979653 usec 101875
    Interpolator time 94273 usec
    getNextFrame 29.1 time 8577 usec
add frame 29.1 time sec 1590979653 usec 206597
src frame 30.0 time sec 1590979653 usec 206638
    Interpolator time 95014 usec
    getNextFrame 30.1 time 8856 usec
add frame 30.1 time sec 1590979653 usec 312529
src frame 31.0 time sec 1590979653 usec 312574
    Interpolator time 94422 usec
    getNextFrame 31.1 time 9104 usec
add frame 31.1 time sec 1590979653 usec 417405
src frame 32.0 time sec 1590979653 usec 417459
    Interpolator time 93953 usec
    getNextFrame 32.1 time 8273 usec
add frame 32.1 time sec 1590979653 usec 520942
src frame 33.0 time sec 1590979653 usec 520996
    Interpolator time 93116 usec
    getNextFrame 33.1 time 8339 usec
add frame 33.1 time sec 1590979653 usec 623667
src frame 34.0 time sec 1590979653 usec 623772
    Interpolator time 93844 usec
    getNextFrame 34.1 time 8911 usec
add frame 34.1 time sec 1590979653 usec 727816
src frame 35.0 time sec 1590979653 usec 727828
    Interpolator time 99175 usec
    getNextFrame 35.1 time 9171 usec
add frame 35.1 time sec 1590979653 usec 838263
src frame 36.0 time sec 1590979653 usec 838278
    Interpolator time 93504 usec
    getNextFrame 36.1 time 8561 usec
add frame 36.1 time sec 1590979653 usec 942390
src frame 37.0 time sec 1590979653 usec 942403
    Interpolator time 100860 usec
    getNextFrame 37.1 time 8542 usec
add frame 37.1 time sec 1590979654 usec 53846
src frame 38.0 time sec 1590979654 usec 53860
    Interpolator time 97574 usec
    getNextFrame 38.1 time 8233 usec
add frame 38.1 time sec 1590979654 usec 161766
src frame 39.0 time sec 1590979654 usec 161777
    Interpolator time 95227 usec
    getNextFrame 39.1 time 8515 usec
add frame 39.1 time sec 1590979654 usec 267546
src frame 40.0 time sec 1590979654 usec 267557
    Interpolator time 96056 usec
    getNextFrame 40.1 time 8413 usec
add frame 40.1 time sec 1590979654 usec 374106
src frame 41.0 time sec 1590979654 usec 374117
    Interpolator time 95493 usec
    getNextFrame 41.1 time 8330 usec
add frame 41.1 time sec 1590979654 usec 480033
src frame 42.0 time sec 1590979654 usec 480043
    Interpolator time 94079 usec
    getNextFrame 42.1 time 9456 usec
add frame 42.1 time sec 1590979654 usec 585573
src frame 43.0 time sec 1590979654 usec 585584
    Interpolator time 98616 usec
    getNextFrame 43.1 time 8407 usec
add frame 43.1 time sec 1590979654 usec 694768
src frame 44.0 time sec 1590979654 usec 694780
    Interpolator time 95800 usec
    getNextFrame 44.1 time 8598 usec
add frame 44.1 time sec 1590979654 usec 801257
src frame 45.0 time sec 1590979654 usec 801271
    Interpolator time 87618 usec
    getNextFrame 45.1 time 8605 usec
add frame 45.1 time sec 1590979654 usec 899626
src frame 46.0 time sec 1590979654 usec 899637
    Interpolator time 92108 usec
    getNextFrame 46.1 time 8702 usec
add frame 46.1 time sec 1590979655 usec 2561
src frame 47.0 time sec 1590979655 usec 2575
    Interpolator time 90706 usec
    getNextFrame 47.1 time 8604 usec
add frame 47.1 time sec 1590979655 usec 104017
src frame 48.0 time sec 1590979655 usec 104029
    Interpolator time 83903 usec
    getNextFrame 48.1 time 8533 usec
add frame 48.1 time sec 1590979655 usec 198714
src frame 49.0 time sec 1590979655 usec 198729
    Interpolator time 94964 usec
    getNextFrame 49.1 time 8794 usec
add frame 49.1 time sec 1590979655 usec 304639
src frame 50.0 time sec 1590979655 usec 304650
    Interpolator time 88889 usec
    getNextFrame 50.1 time 9923 usec
add frame 50.1 time sec 1590979655 usec 405763
src frame 51.0 time sec 1590979655 usec 405803
    Interpolator time 94006 usec
    getNextFrame 51.1 time 9299 usec
add frame 51.1 time sec 1590979655 usec 510545
src frame 52.0 time sec 1590979655 usec 510644
    Interpolator time 88151 usec
    getNextFrame 52.1 time 8559 usec
add frame 52.1 time sec 1590979655 usec 608600
src frame 53.0 time sec 1590979655 usec 608695
    Interpolator time 88826 usec
    getNextFrame 53.1 time 8447 usec
add frame 53.1 time sec 1590979655 usec 707371
src frame 54.0 time sec 1590979655 usec 707415
    Interpolator time 94031 usec
    getNextFrame 54.1 time 8340 usec
add frame 54.1 time sec 1590979655 usec 811067
src frame 55.0 time sec 1590979655 usec 811152
    Interpolator time 91168 usec
    getNextFrame 55.1 time 9156 usec
add frame 55.1 time sec 1590979655 usec 912749
src frame 56.0 time sec 1590979655 usec 912834
    Interpolator time 90830 usec
    getNextFrame 56.1 time 8532 usec
add frame 56.1 time sec 1590979656 usec 13432
src frame 57.0 time sec 1590979656 usec 13479
    Interpolator time 92433 usec
    getNextFrame 57.1 time 9398 usec
add frame 57.1 time sec 1590979656 usec 116551
src frame 58.0 time sec 1590979656 usec 116631
    Interpolator time 95867 usec
    getNextFrame 58.1 time 8562 usec
add frame 58.1 time sec 1590979656 usec 222361
src frame 59.0 time sec 1590979656 usec 222375
    Interpolator time 102812 usec
    getNextFrame 59.1 time 7743 usec
add frame 59.1 time sec 1590979656 usec 334189
src frame 60.0 time sec 1590979656 usec 334240
    Interpolator time 96649 usec
    getNextFrame 60.1 time 8850 usec
add frame 60.1 time sec 1590979656 usec 440907
src frame 61.0 time sec 1590979656 usec 440953
    Interpolator time 89489 usec
    getNextFrame 61.1 time 8898 usec
add frame 61.1 time sec 1590979656 usec 540638
src frame 62.0 time sec 1590979656 usec 540703
    Interpolator time 93551 usec
    getNextFrame 62.1 time 10340 usec
add frame 62.1 time sec 1590979656 usec 645909
src frame 63.0 time sec 1590979656 usec 645925
    Interpolator time 97273 usec
    getNextFrame 63.1 time 8474 usec
add frame 63.1 time sec 1590979656 usec 752988
src frame 64.0 time sec 1590979656 usec 753000
    Interpolator time 96495 usec
    getNextFrame 64.1 time 8513 usec
add frame 64.1 time sec 1590979656 usec 859219
src frame 65.0 time sec 1590979656 usec 859233
    Interpolator time 91729 usec
    getNextFrame 65.1 time 8516 usec
add frame 65.1 time sec 1590979656 usec 960703
src frame 66.0 time sec 1590979656 usec 960747
    Interpolator time 90447 usec
    getNextFrame 66.1 time 8432 usec
add frame 66.1 time sec 1590979657 usec 60834
src frame 67.0 time sec 1590979657 usec 60878
    Interpolator time 92100 usec
    getNextFrame 67.1 time 8464 usec
add frame 67.1 time sec 1590979657 usec 162665
src frame 68.0 time sec 1590979657 usec 162711
    Interpolator time 100043 usec
    getNextFrame 68.1 time 8385 usec
add frame 68.1 time sec 1590979657 usec 272427
src frame 69.0 time sec 1590979657 usec 272480
    Interpolator time 96946 usec
    getNextFrame 69.1 time 8122 usec
add frame 69.1 time sec 1590979657 usec 378718
src frame 70.0 time sec 1590979657 usec 378779
    Interpolator time 88758 usec
    getNextFrame 70.1 time 8527 usec
add frame 70.1 time sec 1590979657 usec 477294
src frame 71.0 time sec 1590979657 usec 477342
    Interpolator time 90023 usec
    getNextFrame 71.1 time 8039 usec
add frame 71.1 time sec 1590979657 usec 576574
src frame 72.0 time sec 1590979657 usec 576629
    Interpolator time 93172 usec
    getNextFrame 72.1 time 8254 usec
add frame 72.1 time sec 1590979657 usec 679229
src frame 73.0 time sec 1590979657 usec 679281
    Interpolator time 90362 usec
    getNextFrame 73.1 time 8516 usec
add frame 73.1 time sec 1590979657 usec 779404
src frame 74.0 time sec 1590979657 usec 779454
    Interpolator time 96297 usec
    getNextFrame 74.1 time 8637 usec
add frame 74.1 time sec 1590979657 usec 885740
src frame 75.0 t