src frame 0.0 time sec 1590979575 usec 294833
    Interpolator time 3467447 usec
    getNextFrame 0.1 time 10766 usec
add frame 0.1 time sec 1590979578 usec 819097
src frame 1.0 time sec 1590979578 usec 819207
    Interpolator time 186530 usec
    getNextFrame 1.1 time 10429 usec
add frame 1.1 time sec 1590979579 usec 19626
src frame 2.0 time sec 1590979579 usec 19685
    Interpolator time 163710 usec
    getNextFrame 2.1 time 9752 usec
add frame 2.1 time sec 1590979579 usec 196623
src frame 3.0 time sec 1590979579 usec 196709
    Interpolator time 169474 usec
    getNextFrame 3.1 time 9790 usec
add frame 3.1 time sec 1590979579 usec 379464
src frame 4.0 time sec 1590979579 usec 379542
    Interpolator time 150881 usec
    getNextFrame 4.1 time 9799 usec
add frame 4.1 time sec 1590979579 usec 543852
src frame 5.0 time sec 1590979579 usec 543950
    Interpolator time 157501 usec
    getNextFrame 5.1 time 11336 usec
add frame 5.1 time sec 1590979579 usec 716292
src frame 6.0 time sec 1590979579 usec 716332
    Interpolator time 152509 usec
    getNextFrame 6.1 time 10159 usec
add frame 6.1 time sec 1590979579 usec 883024
src frame 7.0 time sec 1590979579 usec 883066
    Interpolator time 492993 usec
    getNextFrame 7.1 time 16963 usec
add frame 7.1 time sec 1590979580 usec 428615
src frame 8.0 time sec 1590979580 usec 428731
    Interpolator time 157471 usec
    getNextFrame 8.1 time 9684 usec
add frame 8.1 time sec 1590979580 usec 599175
src frame 9.0 time sec 1590979580 usec 599263
    Interpolator time 156472 usec
    getNextFrame 9.1 time 10133 usec
add frame 9.1 time sec 1590979580 usec 769400
src frame 10.0 time sec 1590979580 usec 769482
    Interpolator time 156469 usec
    getNextFrame 10.1 time 10125 usec
add frame 10.1 time sec 1590979580 usec 939346
src frame 11.0 time sec 1590979580 usec 939432
    Interpolator time 154226 usec
    getNextFrame 11.1 time 9720 usec
add frame 11.1 time sec 1590979581 usec 106897
src frame 12.0 time sec 1590979581 usec 106983
    Interpolator time 159942 usec
    getNextFrame 12.1 time 9322 usec
add frame 12.1 time sec 1590979581 usec 279667
src frame 13.0 time sec 1590979581 usec 279717
    Interpolator time 155057 usec
    getNextFrame 13.1 time 9850 usec
add frame 13.1 time sec 1590979581 usec 448224
src frame 14.0 time sec 1590979581 usec 448238
    Interpolator time 147808 usec
    getNextFrame 14.1 time 12273 usec
add frame 14.1 time sec 1590979581 usec 611600
src frame 15.0 time sec 1590979581 usec 611613
    Interpolator time 150206 usec
    getNextFrame 15.1 time 10454 usec
add frame 15.1 time sec 1590979581 usec 775976
src frame 16.0 time sec 1590979581 usec 776025
    Interpolator time 160650 usec
    getNextFrame 16.1 time 10274 usec
add frame 16.1 time sec 1590979581 usec 950561
src frame 17.0 time sec 1590979581 usec 950607
    Interpolator time 161052 usec
    getNextFrame 17.1 time 9884 usec
add frame 17.1 time sec 1590979582 usec 124992
src frame 18.0 time sec 1590979582 usec 125042
    Interpolator time 166609 usec
    getNextFrame 18.1 time 9941 usec
add frame 18.1 time sec 1590979582 usec 305150
src frame 19.0 time sec 1590979582 usec 305162
    Interpolator time 159700 usec
    getNextFrame 19.1 time 10439 usec
add frame 19.1 time sec 1590979582 usec 478643
src frame 20.0 time sec 1590979582 usec 478703
    Interpolator time 161494 usec
    getNextFrame 20.1 time 11202 usec
add frame 20.1 time sec 1590979582 usec 655770
src frame 21.0 time sec 1590979582 usec 655810
    Interpolator time 159786 usec
    getNextFrame 21.1 time 10701 usec
add frame 21.1 time sec 1590979582 usec 829949
src frame 22.0 time sec 1590979582 usec 830042
    Interpolator time 152879 usec
    getNextFrame 22.1 time 9551 usec
add frame 22.1 time sec 1590979582 usec 996460
src frame 23.0 time sec 1590979582 usec 996474
    Interpolator time 159904 usec
    getNextFrame 23.1 time 9536 usec
add frame 23.1 time sec 1590979583 usec 169224
src frame 24.0 time sec 1590979583 usec 169266
    Interpolator time 163833 usec
    getNextFrame 24.1 time 9606 usec
add frame 24.1 time sec 1590979583 usec 346185
src frame 25.0 time sec 1590979583 usec 346235
    Interpolator time 164899 usec
    getNextFrame 25.1 time 10667 usec
add frame 25.1 time sec 1590979583 usec 526120
src frame 26.0 time sec 1590979583 usec 526220
    Interpolator time 156882 usec
    getNextFrame 26.1 time 10285 usec
add frame 26.1 time sec 1590979583 usec 696934
src frame 27.0 time sec 1590979583 usec 697019
    Interpolator time 154631 usec
    getNextFrame 27.1 time 10268 usec
add frame 27.1 time sec 1590979583 usec 865801
src frame 28.0 time sec 1590979583 usec 865851
    Interpolator time 155366 usec
    getNextFrame 28.1 time 10780 usec
add frame 28.1 time sec 1590979584 usec 36383
src frame 29.0 time sec 1590979584 usec 36397
    Interpolator time 169842 usec
    getNextFrame 29.1 time 10100 usec
add frame 29.1 time sec 1590979584 usec 220023
src frame 30.0 time sec 1590979584 usec 220085
    Interpolator time 153587 usec
    getNextFrame 30.1 time 11267 usec
add frame 30.1 time sec 1590979584 usec 388365
src frame 31.0 time sec 1590979584 usec 388379
    Interpolator time 153740 usec
    getNextFrame 31.1 time 10879 usec
add frame 31.1 time sec 1590979584 usec 556462
src frame 32.0 time sec 1590979584 usec 556500
    Interpolator time 166931 usec
    getNextFrame 32.1 time 10640 usec
add frame 32.1 time sec 1590979584 usec 737938
src frame 33.0 time sec 1590979584 usec 737976
    Interpolator time 162482 usec
    getNextFrame 33.1 time 9894 usec
add frame 33.1 time sec 1590979584 usec 913981
src frame 34.0 time sec 1590979584 usec 914068
    Interpolator time 150246 usec
    getNextFrame 34.1 time 11050 usec
add frame 34.1 time sec 1590979585 usec 78694
src frame 35.0 time sec 1590979585 usec 78782
    Interpolator time 151800 usec
    getNextFrame 35.1 time 10766 usec
add frame 35.1 time sec 1590979585 usec 245124
src frame 36.0 time sec 1590979585 usec 245182
    Interpolator time 167068 usec
    getNextFrame 36.1 time 10293 usec
add frame 36.1 time sec 1590979585 usec 425890
src frame 37.0 time sec 1590979585 usec 425949
    Interpolator time 160911 usec
    getNextFrame 37.1 time 10047 usec
add frame 37.1 time sec 1590979585 usec 600361
src frame 38.0 time sec 1590979585 usec 600376
    Interpolator time 162666 usec
    getNextFrame 38.1 time 10312 usec
add frame 38.1 time sec 1590979585 usec 776669
src frame 39.0 time sec 1590979585 usec 776682
    Interpolator time 165518 usec
    getNextFrame 39.1 time 10147 usec
add frame 39.1 time sec 1590979585 usec 957326
src frame 40.0 time sec 1590979585 usec 957422
    Interpolator time 158086 usec
    getNextFrame 40.1 time 10108 usec
add frame 40.1 time sec 1590979586 usec 129162
src frame 41.0 time sec 1590979586 usec 129209
    Interpolator time 155083 usec
    getNextFrame 41.1 time 10098 usec
add frame 41.1 time sec 1590979586 usec 298075
src frame 42.0 time sec 1590979586 usec 298140
    Interpolator time 158325 usec
    getNextFrame 42.1 time 10252 usec
add frame 42.1 time sec 1590979586 usec 470111
src frame 43.0 time sec 1590979586 usec 470162
    Interpolator time 156182 usec
    getNextFrame 43.1 time 10100 usec
add frame 43.1 time sec 1590979586 usec 639908
src frame 44.0 time sec 1590979586 usec 640003
    Interpolator time 153431 usec
    getNextFrame 44.1 time 9933 usec
add frame 44.1 time sec 1590979586 usec 806941
src frame 45.0 time sec 1590979586 usec 807036
    Interpolator time 161284 usec
    getNextFrame 45.1 time 10111 usec
add frame 45.1 time sec 1590979586 usec 982193
src frame 46.0 time sec 1590979586 usec 982249
    Interpolator time 153578 usec
    getNextFrame 46.1 time 10200 usec
add frame 46.1 time sec 1590979587 usec 149441
src frame 47.0 time sec 1590979587 usec 149455
    Interpolator time 156820 usec
    getNextFrame 47.1 time 10464 usec
add frame 47.1 time sec 1590979587 usec 320433
src frame 48.0 time sec 1590979587 usec 320493
    Interpolator time 153522 usec
    getNextFrame 48.1 time 9931 usec
add frame 48.1 time sec 1590979587 usec 487841
src frame 49.0 time sec 1590979587 usec 487892
    Interpolator time 149689 usec
    getNextFrame 49.1 time 