gRemote log:
timestamp 2020-06-01 13:42:29:759887587
    cpu: client 0%; server %;
    mem: client 5132KB; server KB;
    transmit: 2094102345( 1G)    receive:2094102345( 1G)
timestamp 2020-06-01 13:42:30:827662052
    cpu: client 0%; server %;
    mem: client 5148KB; server KB;
    transmit: 0(0B)    receive:0(0B)
timestamp 2020-06-01 13:42:31:890670934
    cpu: client 0%; server %;
    mem: client 5156KB; server KB;
    transmit: 596(596B)    receive:596(596B)
timestamp 2020-06-01 13:42:32:960104175
    cpu: client 0%; server %;
    mem: client 5156KB; server KB;
    transmit: 0(0B)    receive:0(0B)
timestamp 2020-06-01 13:42:34:027539680
    cpu: client 0%; server %;
    mem: client 5156KB; server KB;
    transmit: 0(0B)    receive:0(0B)
timestamp 2020-06-01 13:42:35:089805638
    cpu: client 0%; server %;
    mem: client 5156KB; server KB;
    transmit: 0(0B)    receive:0(0B)
timestamp 2020-06-01 13:42:36:152440186
    cpu: client 0.1%; server 0%;
    mem: client 5156KB; server 183872KB;
    transmit: 0(0B)    receive:0(0B)
timestamp 2020-06-01 13:42:37:215628317
    cpu: client 0.1%; server 7%;
    mem: client 617300KB; server 364424KB;
    transmit: 1422423( 1M)    receive:1422423( 1M)
timestamp 2020-06-01 13:42:38:291122082
    cpu: client 44.1%; server 20.5%;
    mem: client 908600KB; server 367420KB;
    transmit: 182719( 178K)    receive:182719( 178K)
timestamp 2020-06-01 13:42:39:374384468
    cpu: client 61.4%; server 29.3%;
    mem: client 979180KB; server 368384KB;
    transmit: 726526( 709K)    receive:726526( 709K)
timestamp 2020-06-01 13:42:40:448401622
    cpu: client 73.4%; server 36.4%;
    mem: client 1038844KB; server 368384KB;
    transmit: 757502( 739K)    receive:757502( 739K)
timestamp 2020-06-01 13:42:41:526034911
    cpu: client 79.4%; server 40.5%;
    mem: client 1098508KB; server 368384KB;
    transmit: 814546( 795K)    receive:814546( 795K)
timestamp 2020-06-01 13:42:42:595740418
    cpu: client 84.4%; server 42.5%;
    mem: client 1155532KB; server 367876KB;
    transmit: 876923( 856K)    receive:876923( 856K)
timestamp 2020-06-01 13:42:43:664172322
    cpu: client 87%; server 43.8%;
    mem: client 1214404KB; server 367876KB;
    transmit: 721694( 704K)    receive:721694( 704K)
timestamp 2020-06-01 13:42:44:741015637
    cpu: client 89.6%; server 44.9%;
    mem: client 1273236KB; server 367876KB;
    transmit: 526867( 514K)    receive:526867( 514K)
timestamp 2020-06-01 13:42:45:810010822
    cpu: client 91.9%; server 46.4%;
    mem: client 1332108KB; server 367876KB;
    transmit: 542746( 530K)    receive:542746( 530K)
timestamp 2020-06-01 13:42:46:885277203
    cpu: client 93.1%; server 47.2%;
    mem: client 1389924KB; server 369400KB;
    transmit: 557272( 544K)    receive:557272( 544K)
timestamp 2020-06-01 13:42:47:961668235
    cpu: client 94%; server 47.7%;
    mem: client 1447740KB; server 369400KB;
    transmit: 539617( 526K)    receive:539617( 526K)
timestamp 2020-06-01 13:42:49:040197347
    cpu: client 95.8%; server 48.7%;
    mem: client 1506620KB; server 369400KB;
    transmit: 563329( 550K)    receive:563329( 550K)
timestamp 2020-06-01 13:42:50:113209064
    cpu: client 96.6%; server 49.6%;
    mem: client 1566284KB; server 369400KB;
    transmit: 549526( 536K)    receive:549526( 536K)
timestamp 2020-06-01 13:42:51:200475912
    cpu: client 97.7%; server 49.9%;
    mem: client 1624100KB; server 369400KB;
    transmit: 515226( 503K)    receive:515226( 503K)
timestamp 2020-06-01 13:42:52:280550058
    cpu: client 98.1%; server 50%;
    mem: client 1682708KB; server 369400KB;
    transmit: 563106( 549K)    receive:563106( 549K)
timestamp 2020-06-01 13:42:53:353384451
    cpu: client 92.6%; server 47.1%;
    mem: client 1739732KB; server 369400KB;
    transmit: 524202( 511K)    receive:524202( 511K)
timestamp 2020-06-01 13:42:54:419789893
    cpu: client 93%; server 47.5%;
    mem: client 1799396KB; server 369400KB;
    transmit: 561402( 548K)    receive:561402( 548K)
timestamp 2020-06-01 13:42:55:496989389
    cpu: client 93.7%; server 47.7%;
    mem: client 1856420KB; server 369400KB;
    transmit: 523138( 510K)    receive:523138( 510K)
timestamp 2020-06-01 13:42:56:567439695
    cpu: client 94.2%; server 48.2%;
    mem: client 1914236KB; server 369400KB;
    transmit: 525378( 513K)    receive:525378( 513K)
timestamp 2020-06-01 13:42:57:635409806
    cpu: client 95%; server 48.3%;
    mem: client 1973108KB; server 369400KB;
    transmit: 540541( 527K)    receive:540541( 527K)
timestamp 2020-06-01 13:42:58:719756325
    cpu: client 95.6%; server 48.6%;
    mem: client 2032772KB; server 369400KB;
    transmit: 534646( 522K)    receive:534646( 522K)
timestamp 2020-06-01 13:42:59:791015406
    cpu: client 95.9%; server 48.6%;
    mem: client 2089804KB; server 369400KB;
    transmit: 547992( 535K)    receive:547992( 535K)
timestamp 2020-06-01 13:43:00:858026327
    cpu: client 96%; server 48.7%;
    mem: client 2147620KB; server 369400KB;
    transmit: 524030( 511K)    receive:524030( 511K)
timestamp 2020-06-01 13:43:01:928144196
    cpu: client 96.3%; server 48.9%;
    mem: client 2206492KB; server 369400KB;
    transmit: 533401( 520K)    receive:533401( 520K)
timestamp 2020-06-01 13:43:02:995520330
    cpu: client 96.3%; server 48.8%;
    mem: client 2263516KB; server 369400KB;
    transmit: 523074( 510K)    receive:523074( 510K)
timestamp 2020-06-01 13:43:04:066134216
    cpu: client 96.7%; server 49.2%;
    mem: client 2323180KB; server 369400KB;
    transmit: 520174( 507K)    receive:520174( 507K)
timestamp 2020-06-01 13:43:05:137426841
    cpu: client 97%; server 49.3%;
    mem: client 2379940KB; server 369400KB;
    transmit: 539190( 526K)    receive:539190( 526K)
timestamp 2020-06-01 13:43:06:207540895
    cpu: client 97.1%; server 49.4%;
    mem: client 2439604KB; server 369400KB;
    transmit: 520649( 508K)    receive:520649( 508K)
timestamp 2020-06-01 13:43:07:284601574
    cpu: client 97.2%; server 49.4%;
    mem: client 2496628KB; server 369400KB;
    transmit: 546412( 533K)    receive:546412( 533K)
timestamp 2020-06-01 13:43:08:354200489
    cpu: client 94.2%; server 47.9%;
    mem: client 2553652KB; server 369400KB;
    transmit: 502769( 490K)    receive:502769( 490K)
timestamp 2020-06-01 13:43:09:419752136
    cpu: client 94.6%; server 48.2%;
    mem: client 2613324KB; server 369400KB;
    transmit: 515585( 503K)    receive:515585( 503K)
timestamp 2020-06-01 13:43:10:485441330
    cpu: client 94.8%; server 48.3%;
    mem: client 2670348KB; server 369400KB;
    transmit: 537632( 525K)    receive:537632( 525K)
timestamp 2020-06-01 13:43:11:558514370
    cpu: client 95%; server 48.3%;
    mem: client 2728164KB; server 369400KB;
    transmit: 528128( 515K)    receive:528128( 515K)
timestamp 2020-06-01 13:43:12:634610852
    cpu: client 95.2%; server 48.4%;
    mem: client 2787036KB; server 369400KB;
    transmit: 540173( 527K)    receive:540173( 527K)
timestamp 2020-06-01 13:43:13:705146863
    cpu: client 95.3%; server 48.5%;
    mem: client 2844852KB; server 369400KB;
    transmit: 516314( 504K)    receive:516314( 504K)
timestamp 2020-06-01 13:43:14:772860327
    cpu: client 95.5%; server 48.5%;
    mem: client 2903724KB; server 369400KB;
    transmit: 525546( 513K)    receive:525546( 513K)
timestamp 2020-06-01 13:43:15:846536150
    cpu: client 95.9%; server 48.6%;
    mem: client 2960484KB; server 369400KB;
    transmit: 534155( 521K)    receive:534155( 521K)
timestamp 2020-06-01 13:43:16:911681035
    cpu: client 96.2%; server 48.7%;
    mem: client 3018564KB; server 369400KB;
    transmit: 512297( 500K)    receive:512297( 500K)
timestamp 2020-06-01 13:43:17:979623989
    cpu: client 96.6%; server 48.7%;
    mem: client 3077172KB; server 369400KB;
    transmit: 538189( 525K)    receive:538189( 525K)
timestamp 2020-06-01 13:43:19:053717833
    cpu: client 96.7%; server 48.7%;
    mem: client 3134460KB; server 369400KB;
    transmit: 525197( 512K)    receive:525197( 512K)
timestamp 2020-06-01 13:43:20:122955016
    cpu: client 96.7%; server 48.7%;
    mem: client 3193868KB; server 369400KB;
    transmit: 492624( 481K)    receive:492624( 481K)
timestamp 2020-06-01 13:43:21:188325227
    cpu: client 97%; server 48.8%;
    mem: client 3250892KB; server 369400KB;
    transmit: 583593( 569K)    receive:583593( 569K)
timestamp 2020-06-01 13:43:22:257074869
    cpu: client 97%; server 48.8%;
    mem: client 3308708KB; server 369400KB;
    transmit: 596966( 582K)    receive:596966( 582K)
timestamp 2020-06-01 13:43:23:327402766
    cpu: client 95.2%; server 47.8%;
    mem: client 3367580KB; server 369400KB;
    transmit: 587810( 574K)    receive:587810( 574K)
timestamp 2020-06-01 13:43:24:396859401
    cpu: client 95.3%; server 47.9%;
    mem: client 3424604KB; server 369400KB;
    transmit: 633812( 618K)    receive:633812( 618K)
timestamp 2020-06-01 13:43:25:465704255
    cpu: client 95.4%; server 47.9%;
    mem: client 3484268KB; server 369400KB;
    transmit: 616725( 602K)    receive:616725( 602K)
timestamp 2020-06-01 13:43:26:537678115
    cpu: client 95.6%; server 48%;
    mem: client 3541028KB; server 369400KB;
    transmit: 635767( 620K)    receive:635767( 620K)
timestamp 2020-06-01 13:43:27:604122872
    cpu: client 95.7%; server 48%;
    mem: client 3599108KB; server 369400KB;
    transmit: 605839( 591K)    receive:605839( 591K)
timestamp 2020-06-01 13:43:28:680501027
    cpu: client 95.9%; server 48.1%;
    mem: client 3657716KB; server 369400KB;
    transmit: 628244( 613K)    receive:628244( 613K)
timestamp 2020-06-01 13:43:29:752659372
    cpu: client 96.1%; server 48.1%;
    mem: client 3715532KB; server 369400KB;
    transmit: 599151( 585K)    receive:599151( 585K)
timestamp 2020-06-01 13:43:30:823419598
    cpu: client 96.2%; server 48.3%;
    mem: client 3774404KB; server 369400KB;
    transmit: 623411( 608K)    receive:623411( 608K)
timestamp 2020-06-01 13:43:31:893388116
    cpu: client 96.4%; server 48.4%;
    mem: client 3831428KB; server 369400KB;
    transmit: 574933( 561K)    receive:574933( 561K)
timestamp 2020-06-01 13:43:32:959008226
    cpu: client 96.5%; server 48.4%;
    mem: client 3889244KB; server 369400KB;
    transmit: 580505( 566K)    receive:580505( 566K)
timestamp 2020-06-01 13:43:34:027959334
    cpu: client 96.6%; server 48.4%;
    mem: client 3946268KB; server 369400KB;
    transmit: 584184( 570K)    receive:584184( 570K)
timestamp 2020-06-01 13:43:35:101557607
    cpu: client 96.8%; server 48.5%;
    mem: client 4005140KB; server 369400KB;
    transmit: 627508( 612K)    receive:627508( 612K)
timestamp 2020-06-01 13:43:36:168186303
    cpu: client 96.9%; server 48.5%;
    mem: client 4064804KB; server 369400KB;
    transmit: 597788( 583K)    receive:597788( 583K)
timestamp 2020-06-01 13:43:37:239665079
    cpu: client 97.1%; server 48.6%;
    mem: client 4121564KB; server 369400KB;
    transmit: 618951( 604K)    receive:618951( 604K)
timestamp 2020-06-01 13:43:38:309830624
    cpu: client 95.7%; server 48.7%;
    mem: client 4179644KB; server 369400KB;
    transmit: 597899( 583K)    receive:597899( 583K)
timestamp 2020-06-01 13:43:39:381762938
    cpu: client 95.9%; server 48%;
    mem: client 4238252KB; server 369400KB;
    transmit: 611301( 596K)    receive:611301( 596K)
timestamp 2020-06-01 13:43:40:449921174
    cpu: client 96.1%; server 48.1%;
    mem: client 4296068KB; server 369400KB;
    transmit: 586863( 573K)    receive:586863( 573K)
timestamp 2020-06-01 13:43:41:522234787
    cpu: client 96%; server 48.1%;
    mem: client 4354940KB; server 369400KB;
    transmit: 594840( 580K)    receive:594840( 580K)
timestamp 2020-06-01 13:43:42:587431176
    cpu: client 96.2%; server 48.2%;
    mem: client 4411964KB; server 369400KB;
    transmit: 632784( 617K)    receive:632784( 617K)
timestamp 2020-06-01 13:43:43:654234253
    cpu: client 96.3%; server 48.2%;
    mem: client 4469780KB; server 369400KB;
    transmit: 600080( 586K)    receive:600080( 586K)
timestamp 2020-06-01 13:43:44:723092493
    cpu: client 96.4%; server 48.3%;
    mem: client 4528652KB; server 369400KB;
    transmit: 599413( 585K)    receive:599413( 585K)
timestamp 2020-06-01 13:43:45:787740780
    cpu: client 96.5%; server 48.4%;
    mem: client 4585676KB; server 369400KB;
    transmit: 637101( 622K)    receive:637101( 622K)
timestamp 2020-06-01 13:43:46:856743074
    cpu: client 96.6%; server 48.4%;
    mem: client 4644284KB; server 369400KB;
    transmit: 600534( 586K)    receive:600534( 586K)
timestamp 2020-06-01 13:43:47:931292292
    cpu: client 96.6%; server 48.4%;
    mem: client 4702100KB; server 369400KB;
    transmit: 640920( 625K)    receive:640920( 625K)
timestamp 2020-06-01 13:43:49:003823285
    cpu: client 96.7%; server 48.4%;
    mem: client 4759124KB; server 369400KB;
    transmit: 592973( 579K)    receive:592973( 579K)
timestamp 2020-06-01 13:43:50:073357482
    cpu: client 96.8%; server 48.5%;
    mem: client 4818788KB; server 369400KB;
    transmit: 616099( 601K)    receive:616099( 601K)
timestamp 2020-06-01 13:43:51:143031642
    cpu: client 96.9%; server 48.5%;
    mem: client 4875812KB; server 369400KB;
    transmit: 574083( 560K)    receive:574083( 560K)
timestamp 2020-06-01 13:43:52:211992931
    cpu: client 96.9%; server 48.5%;
    mem: client 4933628KB; server 369400KB;
    transmit: 696294( 679K)    receive:696294( 679K)
timestamp 2020-06-01 13:43:53:283383884
    cpu: client 96.8%; server 48.6%;
    mem: client 4992500KB; server 369400KB;
    transmit: 625306( 610K)    receive:625306( 610K)
timestamp 2020-06-01 13:43:54:354682016
    cpu: client 95.7%; server 48%;
    mem: client 5050316KB; server 369400KB;
    transmit: 615959( 601K)    receive:615959( 601K)
timestamp 2020-06-01 13:43:55:421618641
    cpu: client 95.8%; server %;
    mem: client 5196KB; server KB;
    transmit: 524338( 512K)    receive:524338( 512K)
timestamp 2020-06-01 13:43:56:495471795
    cpu: client 0.1%; server %;
    mem: client 5196KB; server KB;
    transmit: 312(312B)    receive:312(312B)
timestamp 2020-06-01 13:43:57:558875340
    cpu: client 0.1%; server %;
    mem: client 5196KB; server KB;
    transmit: 0(0B)    receive:0(0B)
timestamp 2020-06-01 13:43:58:621127662
    cpu: client 0.1%; server %;
    mem: client 5196KB; server KB;
    transmit: 0(0B)    receive:0(0B)
timestamp 2020-06-01 13:43:59:683473988
    cpu: client 0.1%; server %;
    mem: client 5196KB; server KB;
    transmit: 0(0B)    receive:0(0B)
