#Date       Time        gpu        pid  type    sm   mem   enc   dec   command
#YYYYMMDD   HH:MM:SS    Idx          #   C/G     %     %     %     %   name
 20200604   18:48:39      0       1497     G     0     0     0     0   Xorg           
 20200604   18:48:39      0       1608     G     0     0     0     0   gnome-shell    
 20200604   18:48:39      0       1823     G     0     0     0     0   Xorg           
 20200604   18:48:39      0       2214     G     0     0     0     0   gnome-shell    
 20200604   18:48:39      0       2835     G     0     0     0     0   electron-ssr --
 20200604   18:48:39      0       2901     G     0     0     0     0   code --type=gpu
 20200604   18:48:39      0       9759     G     0     0     0     0   firefox        
 20200604   18:48:39      0      18497     G     0     0     0     0   firefox        
 20200604   18:48:40      0       1497     G     0     0     0     0   Xorg           
 20200604   18:48:40      0       1608     G     0     0     0     0   gnome-shell    
 20200604   18:48:40      0       1823     G     3     0     0     0   Xorg           
 20200604   18:48:40      0       2214     G     0     0     0     0   gnome-shell    
 20200604   18:48:40      0       2835     G     0     0     0     0   electron-ssr --
 20200604   18:48:40      0       2901     G     0     0     0     0   code --type=gpu
 20200604   18:48:40      0       9759     G     0     0     0     0   firefox        
 20200604   18:48:40      0      18497     G     0     0     0     0   firefox        
 20200604   18:48:41      0       1497     G     0     0     0     0   Xorg           
 20200604   18:48:41      0       1608     G     0     0     0     0   gnome-shell    
 20200604   18:48:41      0       1823     G     3     0     0     0   Xorg           
 20200604   18:48:41      0       2214     G     0     0     0     0   gnome-shell    
 20200604   18:48:41      0       2835     G     0     0     0     0   electron-ssr --
 20200604   18:48:41      0       2901     G     0     0     0     0   code --type=gpu
 20200604   18:48:41      0       9759     G     0     0     0     0   firefox        
 20200604   18:48:41      0      18497     G     0     0     0     0   firefox        
 20200604   18:48:42      0       1497     G     0     0     0     0   Xorg           
 20200604   18:48:42      0       1608     G     0     0     0     0   gnome-shell    
 20200604   18:48:42      0       1823     G     0     0     0     0   Xorg           
 20200604   18:48:42      0       2214     G     0     0     0     0   gnome-shell    
 20200604   18:48:42      0       2835     G     0     0     0     0   electron-ssr --
 20200604   18:48:42      0       2901     G     0     0     0     0   code --type=gpu
 20200604   18:48:42      0       9759     G     0     0     0     0   firefox        
 20200604   18:48:42      0      18497     G     0     0     0     0   firefox        
 20200604   18:48:43      0       1497     G     0     0     0     0   Xorg           
 20200604   18:48:43      0       1608     G     0     0     0     0   gnome-shell    
 20200604   18:48:43      0       1823     G     0     0     0     0   Xorg           
 20200604   18:48:43      0       2214     G     0     0     0     0   gnome-shell    
 20200604   18:48:43      0       2835     G     0     0     0     0   electron-ssr --
 20200604   18:48:43      0       2901     G     0     0     0     0   code --type=gpu
 20200604   18:48:43      0       9759     G     0     0     0     0   firefox        
 20200604   18:48:43      0      18497     G     0     0     0     0   firefox        
 20200604   18:48:44      0       1497     G     0     0     0     0   Xorg           
 20200604   18:48:44      0       1608     G     0     0     0     0   gnome-shell    
 20200604   18:48:44      0       1823     G     0     0     0     0   Xorg           
 20200604   18:48:44      0       2214     G     0     0     0     0   gnome-shell    
#Date       Time        gpu        pid  type    sm   mem   enc   dec   command
#YYYYMMDD   HH:MM:SS    Idx          #   C/G     %     %     %     %   name
 20200604   18:48:44      0       2835     G     0     0     0     0   electron-ssr --
 20200604   18:48:44      0       2901     G     0     0     0     0   code --type=gpu
 20200604   18:48:44      0       9759     G     0     0     0     0   firefox        
 20200604   18:48:44      0      18497     G     0     0     0     0   firefox        
 20200604   18:48:45      0       1497     G     0     0     0     0   Xorg           
 20200604   18:48:45      0       1608     G     0     0     0     0   gnome-shell    
 20200604   18:48:45      0       1823     G     0     0     0     0   Xorg           
 20200604   18:48:45      0       2214     G     0     0     0     0   gnome-shell    
 20200604   18:48:45      0       2835     G     0     0     0     0   electron-ssr --
 20200604   18:48:45      0       2901     G     0     0     0     0   code --type=gpu
 20200604   18:48:45      0       9759     G     0     0     0     0   firefox        
 20200604   18:48:45      0      18497     G     0     0     0     0   firefox        
 20200604   18:48:46      0       1497     G     0     0     0     0   Xorg           
 20200604   18:48:46      0       1608     G     0     0     0     0   gnome-shell    
 20200604   18:48:46      0       1823     G     1     0     0     0   Xorg           
 20200604   18:48:46      0       2214     G     0     0     0     0   gnome-shell    
 20200604   18:48:46      0       2835     G     0     0     0     0   electron-ssr --
 20200604   18:48:46      0       2901     G     0     0     0     0   code --type=gpu
 20200604   18:48:46      0       9759     G     0     0     0     0   firefox        
 20200604   18:48:46      0      18497     G     0     0     0     0   firefox        
 20200604   18:48:47      0       1497     G     0     0     0     0   Xorg           
 20200604   18:48:47      0       1608     G     0     0     0     0   gnome-shell    
 20200604   18:48:47      0       1823     G     1     0     0     0   Xorg           
 20200604   18:48:47      0       2214     G     0     0     0     0   gnome-shell    
 20200604   18:48:47      0       2835     G     0     0     0     0   electron-ssr --
 20200604   18:48:47      0       2901     G     0     0     0     0   code --type=gpu
 20200604   18:48:47      0       9759     G     0     0     0     0   firefox        
 20200604   18:48:47      0      18497     G     0     0     0     0   firefox        
 20200604   18:48:48      0       1497     G     0     0     0     0   Xorg           
 20200604   18:48:48      0       1608     G     0     0     0     0   gnome-shell    
 20200604   18:48:48      0       1823     G     0     0     0     0   Xorg           
 20200604   18:48:48      0       2214     G     0     0     0     0   gnome-shell    
 20200604   18:48:48      0       2835     G     0     0     0     0   electron-ssr --
 20200604   18:48:48      0       2901     G     0     0     0     0   code --type=gpu
 20200604   18:48:48      0       9759     G     0     0     0     0   firefox        
 20200604   18:48:48      0      18497     G     0     0     0     0   firefox        
 20200604   18:48:49      0       1497     G     0     0     0     0   Xorg           
 20200604   18:48:49      0       1608     G     0     0     0     0   gnome-shell    
 20200604   18:48:49      0       1823     G     0     0     0     0   Xorg           
 20200604   18:48:49      0       2214     G     0     0     0     0   gnome-shell    
 20200604   18:48:49      0       2835     G     0     0     0     0   electron-ssr --
 20200604   18:48:49      0       2901     G     0     0     0     0   code --type=gpu
 20200604   18:48:49      0       9759     G     0     0     0     0   firefox        
 20200604   18:48:49      0      18497     G     0     0     0     0   firefox        
#Date       Time        gpu        pid  type    sm   mem   enc   dec   command
#YYYYMMDD   HH:MM:SS    Idx          #   C/G     %     %     %     %   name
 20200604   18:48:50      0       1497     G     0     0     0     0   Xorg           
 20200604   18:48:50      0       1608     G     0     0     0     0   gnome-shell    
 20200604   18:48:50      0       1823     G     0     0     0     0   Xorg           
 20200604   18:48:50      0       2214     G     0     0     0     0   gnome-shell    
 20200604   18:48:50      0       2835     G     0     0     0     0   electron-ssr --
 20200604   18:48:50      0       2901     G     0     0     0     0   code --type=gpu
 20200604   18:48:50      0       9759     G     0     0     0     0   firefox        
 20200604   18:48:50      0      18497     G     0     0     0     0   firefox        
 20200604   18:48:51      0       1497     G     0     0     0     0   Xorg           
 20200604   18:48:51      0       1608     G     0     0     0     0   gnome-shell    
 20200604   18:48:51      0       1823     G     4     0     0     0   Xorg           
 20200604   18:48:51      0       2214     G     0     0     0     0   gnome-shell    
 20200604   18:48:51      0       2835     G     0     0     0     0   electron-ssr --
 20200604   18:48:51      0       2901     G     0     0     0     0   code --type=gpu
 20200604   18:48:51      0       9759     G     0     0     0     0   firefox        
 20200604   18:48:51      0      18497     G     0     0     0     0   firefox        
 20200604   18:48:51      0      21796     G     0     0     0     0   surfgrid       
 20200604   18:48:51      0      21798     G     0     0     0     0   cgl-render     
 20200604   18:48:52      0       1497     G     0     0     0     0   Xorg           
 20200604   18:48:52      0       1608     G     0     0     0     0   gnome-shell    
 20200604   18:48:52      0       1823     G    15     3     0     0   Xorg           
 20200604   18:48:52      0       2214     G     5     1     0     0   gnome-shell    
 20200604   18:48:52      0       2835     G     0     0     0     0   electron-ssr --
 20200604   18:48:52      0       2901     G     0     0     0     0   code --type=gpu
 20200604   18:48:52      0       9759     G     0     0     0     0   firefox        
 20200604   18:48:52      0      18497     G     0     0     0     0   firefox        
 20200604   18:48:52      0      21796   C+G     2     0     0     0   surfgrid       
 20200604   18:48:52      0      21798     G     0     0     0     0   cgl-render     
 20200604   18:48:53      0       1497     G     0     0     0     0   Xorg           
 20200604   18:48:53      0       1608     G     0     0     0     0   gnome-shell    
 20200604   18:48:53      0       1823     G    16     4     0     0   Xorg           
 20200604   18:48:53      0       2214     G     4     1     0     0   gnome-shell    
 20200604   18:48:53      0       2835     G     0     0     0     0   electron-ssr --
 20200604   18:48:53      0       2901     G     0     0     0     0   code --type=gpu
 20200604   18:48:53      0       9759     G     0     0     0     0   firefox        
 20200604   18:48:53      0      18497     G     0     0     0     0   firefox        
 20200604   18:48:53      0      21796   C+G    15     4     0     0   surfgrid       
 20200604   18:48:53      0      21798     G     0     0     0     0   cgl-render     
 20200604   18:48:54      0       1497     G     0     0     0     0   Xorg           
 20200604   18:48:54      0       1608     G     0     0     0     0   gnome-shell    
 20200604   18:48:54      0       1823     G    17     5     0     0   Xorg           
 20200604   18:48:54      0       2214     G     0     0     0     0   gnome-shell    
 20200604   18:48:54      0       2835     G     0     0     0     0   electron-ssr --
 20200604   18:48:54      0       2901     G     0     0     0     0   code --type=gpu
#Date       Time        gpu        pid  type    sm   mem   enc   dec   command
#YYYYMMDD   HH:MM:SS    Idx          #   C/G     %     %     %     %   name
 20200604   18:48:54      0       9759     G     0     0     0     0   firefox        
 20200604   18:48:54      0      18497     G     0     0     0     0   firefox        
 20200604   18:48:54      0      21796   C+G    15     5     0     0   surfgrid       
 20200604   18:48:54      0      21798     G     0     0     0     0   cgl-render     
 20200604   18:48:55      0       1497     G     0     0     0     0   Xorg           
 20200604   18:48:55      0       1608     G     0     0     0     0   gnome-shell    
 20200604   18:48:55      0       1823     G    17     5     0     0   Xorg           
 20200604   18:48:55      0       2214     G     3     1     0     0   gnome-shell    
 20200604   18:48:55      0       2835     G     0     0     0     0   electron-ssr --
 20200604   18:48:55      0       2901     G     0     0     0     0   code --type=gpu
 20200604   18:48:55      0       9759     G     0     0     0     0   firefox        
 20200604   18:48:55      0      18497     G     0     0     0     0   firefox        
 20200604   18:48:55      0      21796   C+G    15     5     0     0   surfgrid       
 20200604   18:48:55      0      21798     G     0     0     0     0   cgl-render     
 20200604   18:48:56      0       1497     G     0     0     0     0   Xorg           
 20200604   18:48:56      0       1608     G     0     0     0     0   gnome-shell    
 20200604   18:48:56      0       1823     G    21     6     0     0   Xorg           
 20200604   18:48:56      0       2214     G     0     0     0     0   gnome-shell    
 20200604   18:48:56      0       2835     G     0     0     0     0   electron-ssr --
 20200604   18:48:56      0       2901     G     0     0     0     0   code --type=gpu
 20200604   18:48:56      0       9759     G     0     0     0     0   firefox        
 20200604   18:48:56      0      18497     G     0     0     0     0   firefox        
 20200604   18:48:56      0      21796   C+G    12     4     0     0   surfgrid       
 20200604   18:48:56      0      21798     G     4     1     0     0   cgl-render     
 20200604   18:48:57      0       1497     G     0     0     0     0   Xorg           
 20200604   18:48:57      0       1608     G     0     0     0     0   gnome-shell    
 20200604   18:48:57      0       1823     G    25     7     0     0   Xorg           
 20200604   18:48:57      0       2214     G     0     0     0     0   gnome-shell    
 20200604   18:48:57      0       2835     G     0     0     0     0   electron-ssr --
 20200604   18:48:57      0       2901     G     0     0     0     0   code --type=gpu
 20200604   18:48:57      0       9759     G     0     0     0     0   firefox        
 20200604   18:48:57      0      18497     G     0     0     0     0   firefox        
 20200604   18:48:57      0      21796   C+G    10     3     0     0   surfgrid       
 20200604   18:48:57      0      21798     G     0     0     0     0   cgl-render     
 20200604   18:48:58      0       1497     G     0     0     0     0   Xorg           
 20200604   18:48:58      0       1608     G     0     0     0     0   gnome-shell    
 20200604   18:48:58      0       1823     G    18     6     0     0   Xorg           
 20200604   18:48:58      0       2214     G     0     0     0     0   gnome-shell    
 20200604   18:48:58      0       2835     G     0     0     0     0   electron-ssr --
 20200604   18:48:58      0       2901     G     0     0     0     0   code --type=gpu
 20200604   18:48:58      0       9759     G     0     0     0     0   firefox        
 20200604   18:48:58      0      18497     G     0     0     0     0   firefox        
 20200604   18:48:58      0      21796   C+G    12     4     0     0   surfgrid       
 20200604   18:48:58      0      21798     G     0     0     0     0   cgl-render     
#Date       Time        gpu        pid  type    sm   mem   enc   dec   command
#YYYYMMDD   HH:MM:SS    Idx          #   C/G     %     %     %     %   name
 20200604   18:48:59      0       1497     G     0     0     0     0   Xorg           
 20200604   18:48:59      0       1608     G     0     0     0     0   gnome-shell    
 20200604   18:48:59      0       1823     G    27     8     0     0   Xorg           
 20200604   18:48:59      0       2214     G     0     0     0     0   gnome-shell    
 20200604   18:48:59      0       2835     G     0     0     0     0   electron-ssr --
 20200604   18:48:59      0       2901     G     0     0     0     0   code --type=gpu
 20200604   18:48:59      0       9759     G     0     0     0     0   firefox        
 20200604   18:48:59      0      18497     G     0     0     0     0   firefox        
 20200604   18:48:59      0      21796   C+G     6     2     0     0   surfgrid       
 20200604   18:48:59      0      21798     G     0     0     0     0   cgl-render     
 20200604   18:49:00      0       1497     G     0     0     0     0   Xorg           
 20200604   18:49:00      0       1608     G     0     0     0     0   gnome-shell    
 20200604   18:49:00      0       1823     G    23     7     0     0   Xorg           
 20200604   18:49:00      0       2214     G     0     0     0     0   gnome-shell    
 20200604   18:49:00      0       2835     G     0     0     0     0   electron-ssr --
 20200604   18:49:00      0       2901     G     0     0     0     0   code --type=gpu
 20200604   18:49:00      0       9759     G     0     0     0     0   firefox        
 20200604   18:49:00      0      18497     G     0     0     0     0   firefox        
 20200604   18:49:00      0      21796   C+G    10     3     0     0   surfgrid       
 20200604   18:49:00      0      21798     G     0     0     0     0   cgl-render     
 20200604   18:49:01      0       1497     G     0     0     0     0   Xorg           
 20200604   18:49:01      0       1608     G     0     0     0     0   gnome-shell    
 20200604   18:49:01      0       1823     G    22     7     0     0   Xorg           
 20200604   18:49:01      0       2214     G     3     1     0     0   gnome-shell    
 20200604   18:49:01      0       2835     G     0     0     0     0   electron-ssr --
 20200604   18:49:01      0       2901     G     0     0     0     0   code --type=gpu
 20200604   18:49:01      0       9759     G     0     0     0     0   firefox        
 20200604   18:49:01      0      18497     G     0     0     0     0   firefox        
 20200604   18:49:01      0      21796   C+G     3     1     0     0   surfgrid       
 20200604   18:49:01      0      21798     G     4     1     0     0   cgl-render     
 20200604   18:49:02      0       1497     G     0     0     0     0   Xorg           
 20200604   18:49:02      0       1608     G     0     0     0     0   gnome-shell    
 20200604   18:49:02      0       1823     G    17     5     0     0   Xorg           
 20200604   18:49:02      0       2214     G     0     0     0     0   gnome-shell    
 20200604   18:49:02      0       2835     G     0     0     0     0   electron-ssr --
 20200604   18:49:02      0       2901     G     2     0     0     0   code --type=gpu
 20200604   18:49:02      0       9759     G     0     0     0     0   firefox        
 20200604   18:49:02      0      18497     G     0     0     0     0   firefox        
 20200604   18:49:02      0      21796   C+G    10     3     0     0   surfgrid       
 20200604   18:49:02      0      21798     G     4     1     0     0   cgl-render     
 20200604   18:49:03      0       1497     G     0     0     0     0   Xorg           
 20200604   18:49:03      0       1608     G     0     0     0     0   gnome-shell    
 20200604   18:49:03      0       1823     G    16     5     0     0   Xorg           
 20200604   18:49:03      0       2214     G     0     0     0     0   gnome-shell    
#Date       Time        gpu        pid  type    sm   mem   enc   dec   command
#YYYYMMDD   HH:MM:SS    Idx          #   C/G     %     %     %     %   name
 20200604   18:49:03      0       2835     G     0     0     0     0   electron-ssr --
 20200604   18:49:03      0       2901     G     2     0     0     0   code --type=gpu
 20200604   18:49:03      0       9759     G     0     0     0     0   firefox        
 20200604   18:49:03      0      18497     G     0     0     0     0   firefox        
 20200604   18:49:03      0      21796   C+G    11     3     0     0   surfgrid       
 20200604   18:49:03      0      21798     G     0     0     0     0   cgl-render     
 20200604   18:49:04      0       1497     G     0     0     0     0   Xorg           
 20200604   18:49:04      0       1608     G     0     0     0     0   gnome-shell    
 20200604   18:49:04      0       1823     G    17     5     0     0   Xorg           
 20200604   18:49:04      0       2214     G     0     0     0     0   gnome-shell    
 20200604   18:49:04      0       2835     G     0     0     0     0   electron-ssr --
 20200604   18:49:04      0       2901     G     0     0     0     0   code --type=gpu
 20200604   18:49:04      0       9759     G     0     0     0     0   firefox        
 20200604   18:49:04      0      18497     G     0     0     0     0   firefox        
 20200604   18:49:04      0      21796   C+G    11     3     0     0   surfgrid       
 20200604   18:49:04      0      21798     G     0     0     0     0   cgl-render     
 20200604   18:49:05      0       1497     G     0     0     0     0   Xorg           
 20200604   18:49:05      0       1608     G     0     0     0     0   gnome-shell    
 20200604   18:49:05      0       1823     G    14     4     0     0   Xorg           
 20200604   18:49:05      0       2214     G     0     0     0     0   gnome-shell    
 20200604   18:49:05      0       2835     G     0     0     0     0   electron-ssr --
 20200604   18:49:05      0       2901     G     0     0     0     0   code --type=gpu
 20200604   18:49:05      0       9759     G     0     0     0     0   firefox        
 20200604   18:49:05      0      18497     G     0     0     0     0   firefox        
 20200604   18:49:05      0      21796   C+G     9     3     0     0   surfgrid       
 20200604   18:49:05      0      21798     G     5     2     0     0   cgl-render     
 20200604   18:49:06      0       1497     G     0     0     0     0   Xorg           
 20200604   18:49:06      0       1608     G     0     0     0     0   gnome-shell    
 20200604   18:49:06      0       1823     G     8     2     0     0   Xorg           
 20200604   18:49:06      0       2214     G     0     0     0     0   gnome-shell    
 20200604   18:49:06      0       2835     G     0     0     0     0   electron-ssr --
 20200604   18:49:06      0       2901     G     0     0     0     0   code --type=gpu
 20200604   18:49:06      0       9759     G     0     0     0     0   firefox        
 20200604   18:49:06      0      18497     G     0     0     0     0   firefox        
 20200604   18:49:06      0      21796   C+G    12     4     0     0   surfgrid       
 20200604   18:49:06      0      21798     G     8     2     0     0   cgl-render     
 20200604   18:49:07      0       1497     G     0     0     0     0   Xorg           
 20200604   18:49:07      0       1608     G     0     0     0     0   gnome-shell    
 20200604   18:49:07      0       1823     G    11     4     0     0   Xorg           
 20200604   18:49:07      0       2214     G     0     0     0     0   gnome-shell    
 20200604   18:49:07      0       2835     G     0     0     0     0   electron-ssr --
 20200604   18:49:07      0       2901     G     0     0     0     0   code --type=gpu
 20200604   18:49:07      0       9759     G     0     0     0     0   firefox        
 20200604   18:49:07      0      18497     G     0     0     0     0   firefox        
#Date       Time        gpu        pid  type    sm   mem   enc   dec   command
#YYYYMMDD   HH:MM:SS    Idx          #   C/G     %     %     %     %   name
 20200604   18:49:07      0      21796   C+G    11     4     0     0   surfgrid       
 20200604   18:49:07      0      21798     G     5     1     0     0   cgl-render     
 20200604   18:49:08      0       1497     G     0     0     0     0   Xorg           
 20200604   18:49:08      0       1608     G     0     0     0     0   gnome-shell    
 20200604   18:49:08      0       1823     G    14     4     0     0   Xorg           
 20200604   18:49:08      0       2214     G     0     0     0     0   gnome-shell    
 20200604   18:49:08      0       2835     G     0     0     0     0   electron-ssr --
 20200604   18:49:08      0       2901     G     0     0     0     0   code --type=gpu
 20200604   18:49:08      0       9759     G     0     0     0     0   firefox        
 20200604   18:49:08      0      18497     G     0     0     0     0   firefox        
 20200604   18:49:08      0      21796   C+G    14     4     0     0   surfgrid       
 20200604   18:49:08      0      21798     G     0     0     0     0   cgl-render     
 20200604   18:49:09      0       1497     G     0     0     0     0   Xorg           
 20200604   18:49:09      0       1608     G     0     0     0     0   gnome-shell    
 20200604   18:49:09      0       1823     G    12     4     0     0   Xorg           
 20200604   18:49:09      0       2214     G     0     0     0     0   gnome-shell    
 20200604   18:49:09      0       2835     G     0     0     0     0   electron-ssr --
 20200604   18:49:09      0       2901     G     0     0     0     0   code --type=gpu
 20200604   18:49:09      0       9759     G     0     0     0     0   firefox        
 20200604   18:49:09      0      18497     G     0     0     0     0   firefox        
 20200604   18:49:09      0      21796   C+G    13     4     0     0   surfgrid       
 20200604   18:49:09      0      21798     G     2     0     0     0   cgl-render     
 20200604   18:49:10      0       1497     G     0     0     0     0   Xorg           
 20200604   18:49:10      0       1608     G     0     0     0     0   gnome-shell    
 20200604   18:49:10      0       1823     G     9     3     0     0   Xorg           
 20200604   18:49:10      0       2214     G     0     0     0     0   gnome-shell    
 20200604   18:49:10      0       2835     G     0     0     0     0   electron-ssr --
 20200604   18:49:10      0       2901     G     2     0     0     0   code --type=gpu
 20200604   18:49:10      0       9759     G     0     0     0     0   firefox        
 20200604   18:49:10      0      18497     G     0     0     0     0   firefox        
 20200604   18:49:10      0      21796   C+G    11     4     0     0   surfgrid       
 20200604   18:49:10      0      21798     G     5     1     0     0   cgl-render     
 20200604   18:49:11      0       1497     G     0     0     0     0   Xorg           
 20200604   18:49:11      0       1608     G     0     0     0     0   gnome-shell    
 20200604   18:49:11      0       1823     G    16     5     0     0   Xorg           
 20200604   18:49:11      0       2214     G     3     1     0     0   gnome-shell    
 20200604   18:49:11      0       2835     G     0     0     0     0   electron-ssr --
 20200604   18:49:11      0       2901     G     0     0     0     0   code --type=gpu
 20200604   18:49:11      0       9759     G     0     0     0     0   firefox        
 20200604   18:49:11      0      18497     G     0     0     0     0   firefox        
 20200604   18:49:11      0      21796   C+G    10     3     0     0   surfgrid       
 20200604   18:49:11      0      21798     G     2     0     0     0   cgl-render     
 20200604   18:49:12      0       1497     G     0     0     0     0   Xorg           
 20200604   18:49:12      0       1608     G     0     0     0     0   gnome-shell    
#Date       Time        gpu        pid  type    sm   mem   enc   dec   command
#YYYYMMDD   HH:MM:SS    Idx          #   C/G     %     %     %     %   name
 20200604   18:49:12      0       1823     G    25     7     0     0   Xorg           
 20200604   18:49:12      0       2214     G     8     2     0     0   gnome-shell    
 20200604   18:49:12      0       2835     G     0     0     0     0   electron-ssr --
 20200604   18:49:12      0       2901     G     0     0     0     0   code --type=gpu
 20200604   18:49:12      0       9759     G     0     0     0     0   firefox        
 20200604   18:49:12      0      18497     G     0     0     0     0   firefox        
 20200604   18:49:12      0      21796   C+G     7     2     0     0   surfgrid       
 20200604   18:49:12      0      21798     G     0     0     0     0   cgl-render     
 20200604   18:49:13      0       1497     G     0     0     0     0   Xorg           
 20200604   18:49:13      0       1608     G     0     0     0     0   gnome-shell    
 20200604   18:49:13      0       1823     G    14     4     0     0   Xorg           
 20200604   18:49:13      0       2214     G     7     2     0     0   gnome-shell    
 20200604   18:49:13      0       2835     G     0     0     0     0   electron-ssr --
 20200604   18:49:13      0       2901     G     0     0     0     0   code --type=gpu
 20200604   18:49:13      0       9759     G     0     0     0     0   firefox        
 20200604   18:49:13      0      18497     G     0     0     0     0   firefox        
 20200604   18:49:13      0      21796   C+G    16     5     0     0   surfgrid       
 20200604   18:49:13      0      21798     G     0     0     0     0   cgl-render     
 20200604   18:49:14      0       1497     G     0     0     0     0   Xorg           
 20200604   18:49:14      0       1608     G     0     0     0     0   gnome-shell    
 20200604   18:49:14      0       1823     G    10     3     0     0   Xorg           
 20200604   18:49:14      0       2214     G     2     0     0     0   gnome-shell    
 20200604   18:49:14      0       2835     G     0     0     0     0   electron-ssr --
 20200604   18:49:14      0       2901     G     0     0     0     0   code --type=gpu
 20200604   18:49:14      0       9759     G     0     0     0     0   firefox        
 20200604   18:49:14      0      18497     G     0     0     0     0   firefox        
 20200604   18:49:14      0      21796   C+G    19     6     0     0   surfgrid       
 20200604   18:49:14      0      21798     G     0     0     0     0   cgl-render     
 20200604   18:49:15      0       1497     G     0     0     0     0   Xorg           
 20200604   18:49:15      0       1608     G     0     0     0     0   gnome-shell    
 20200604   18:49:15      0       1823     G    14     5     0     0   Xorg           
 20200604   18:49:15      0       2214     G     0     0     0     0   gnome-shell    
 20200604   18:49:15      0       2835     G     0     0     0     0   electron-ssr --
 20200604   18:49:15      0       2901     G     0     0     0     0   code --type=gpu
 20200604   18:49:15      0       9759     G     0     0     0     0   firefox        
 20200604   18:49:15      0      18497     G     0     0     0     0   firefox        
 20200604   18:49:15      0      21796   C+G    14     5     0     0   surfgrid       
 20200604   18:49:15      0      21798     G     0     0     0     0   cgl-render     
 20200604   18:49:16      0       1497     G     0     0     0     0   Xorg           
 20200604   18:49:16      0       1608     G     0     0     0     0   gnome-shell    
 20200604   18:49:16      0       1823     G    14     5     0     0   Xorg           
 20200604   18:49:16      0       2214     G     0     0     0     0   gnome-shell    
 20200604   18:49:16      0       2835     G     0     0     0     0   electron-ssr --
 20200604   18:49:16      0       2901     G     0     0     0     0   code --type=gpu
#Date       Time        gpu        pid  type    sm   mem   enc   dec   command
#YYYYMMDD   HH:MM:SS    Idx          #   C/G     %     %     %     %   name
 20200604   18:49:16      0       9759     G     0     0     0     0   firefox        
 20200604   18:49:16      0      18497     G     0     0     0     0   firefox        
 20200604   18:49:16      0      21796   C+G    11     4     0     0   surfgrid       
 20200604   18:49:16      0      21798     G     2     0     0     0   cgl-render     
 20200604   18:49:17      0       1497     G     0     0     0     0   Xorg           
 20200604   18:49:17      0       1608     G     0     0     0     0   gnome-shell    
 20200604   18:49:17      0       1823     G    15     5     0     0   Xorg           
 20200604   18:49:17      0       2214     G     0     0     0     0   gnome-shell    
 20200604   18:49:17      0       2835     G     0     0     0     0   electron-ssr --
 20200604   18:49:17      0       2901     G     0     0     0     0   code --type=gpu
 20200604   18:49:17      0       9759     G     0     0     0     0   firefox        
 20200604   18:49:17      0      18497     G     0     0     0     0   firefox        
 20200604   18:49:17      0      21796   C+G    11     4     0     0   surfgrid       
 20200604   18:49:17      0      21798     G     2     0     0     0   cgl-render     
 20200604   18:49:18      0       1497     G     0     0     0     0   Xorg           
 20200604   18:49:18      0       1608     G     0     0     0     0   gnome-shell    
 20200604   18:49:18      0       1823     G    13     4     0     0   Xorg           
 20200604   18:49:18      0       2214     G     0     0     0     0   gnome-shell    
 20200604   18:49:18      0       2835     G     0     0     0     0   electron-ssr --
 20200604   18:49:18      0       2901     G     2     0     0     0   code --type=gpu
 20200604   18:49:18      0       9759     G     0     0     0     0   firefox        
 20200604   18:49:18      0      18497     G     0     0     0     0   firefox        
 20200604   18:49:18      0      21796   C+G    14     4     0     0   surfgrid       
 20200604   18:49:18      0      21798     G     0     0     0     0   cgl-render     
 20200604   18:49:19      0       1497     G     0     0     0     0   Xorg           
 20200604   18:49:19      0       1608     G     0     0     0     0   gnome-shell    
 20200604   18:49:19      0       1823     G    13     4     0     0   Xorg           
 20200604   18:49:19      0       2214     G     2     1     0     0   gnome-shell    
 20200604   18:49:19      0       2835     G     0     0     0     0   electron-ssr --
 20200604   18:49:19      0       2901     G     2     0     0     0   code --type=gpu
 20200604   18:49:19      0       9759     G     0     0     0     0   firefox        
 20200604   18:49:19      0      18497     G     0     0     0     0   firefox        
 20200604   18:49:19      0      21796   C+G    11     3     0     0   surfgrid       
 20200604   18:49:19      0      21798     G     0     0     0     0   cgl-render     
 20200604   18:49:20      0       1497     G     0     0     0     0   Xorg           
 20200604   18:49:20      0       1608     G     0     0     0     0   gnome-shell    
 20200604   18:49:20      0       1823     G    11     3     0     0   Xorg           
 20200604   18:49:20      0       2214     G     5     1     0     0   gnome-shell    
 20200604   18:49:20      0       2835     G     0     0     0     0   electron-ssr --
 20200604   18:49:20      0       2901     G     0     0     0     0   code --type=gpu
 20200604   18:49:20      0       9759     G     0     0     0     0   firefox        
 20200604   18:49:20      0      18497     G     0     0     0     0   firefox        
 20200604   18:49:20      0      21796   C+G    10     3     0     0   surfgrid       
 20200604   18:49:20      0      21798     G     2     0     0     0   cgl-render     
#Date       Time        gpu        pid  type    sm   mem   enc   dec   command
#YYYYMMDD   HH:MM:SS    Idx          #   C/G     %     %     %     %   name
 20200604   18:49:21      0       1497     G     0     0     0     0   Xorg           
 20200604   18:49:21      0       1608     G     0     0     0     0   gnome-shell    
 20200604   18:49:21      0       1823     G    10     3     0     0   Xorg           
 20200604   18:49:21      0       2214     G     2     0     0     0   gnome-shell    
 20200604   18:49:21      0       2835     G     0     0     0     0   electron-ssr --
 20200604   18:49:21      0       2901     G     0     0     0     0   code --type=gpu
 20200604   18:49:21      0       9759     G     0     0     0     0   firefox        
 20200604   18:49:21      0      18497     G     0     0     0     0   firefox        
 20200604   18:49:21      0      21796   C+G    11     3     0     0   surfgrid       
 20200604   18:49:21      0      21798     G     8     2     0     0   cgl-render     
 20200604   18:49:22      0       1497     G     0     0     0     0   Xorg           
 20200604   18:49:22      0       1608     G     0     0     0     0   gnome-shell    
 20200604   18:49:22      0       1823     G    10     3     0     0   Xorg           
 20200604   18:49:22      0       2214     G     3     1     0     0   gnome-shell    
 20200604   18:49:22      0       2835     G     0     0     0     0   electron-ssr --
 20200604   18:49:22      0       2901     G     0     0     0     0   code --type=gpu
 20200604   18:49:22      0       9759     G     0     0     0     0   firefox        
 20200604   18:49:22      0      18497     G     0     0     0     0   firefox        
 20200604   18:49:22      0      21796   C+G    14     4     0     0   surfgrid       
 20200604   18:49:22      0      21798     G     5     1     0     0   cgl-render     
 20200604   18:49:23      0       1497     G     0     0     0     0   Xorg           
 20200604   18:49:23      0       1608     G     0     0     0     0   gnome-shell    
 20200604   18:49:23      0       1823     G    16     5     0     0   Xorg           
 20200604   18:49:23      0       2214     G     3     1     0     0   gnome-shell    
 20200604   18:49:23      0       2835     G     0     0     0     0   electron-ssr --
 20200604   18:49:23      0       2901     G     0     0     0     0   code --type=gpu
 20200604   18:49:23      0       9759     G     0     0     0     0   firefox        
 20200604   18:49:23      0      18497     G     0     0     0     0   firefox        
 20200604   18:49:23      0      21796   C+G    12     4     0     0   surfgrid       
 20200604   18:49:23      0      21798     G     0     0     0     0   cgl-render     
 20200604   18:49:24      0       1497     G     0     0     0     0   Xorg           
 20200604   18:49:24      0       1608     G     0     0     0     0   gnome-shell    
 20200604   18:49:24      0       1823     G    21     6     0     0   Xorg           
 20200604   18:49:24      0       2214     G     0     0     0     0   gnome-shell    
 20200604   18:49:24      0       2835     G     0     0     0     0   electron-ssr --
 20200604   18:49:24      0       2901     G     0     0     0     0   code --type=gpu
 20200604   18:49:24      0       9759     G     0     0     0     0   firefox        
 20200604   18:49:24      0      18497     G     0     0     0     0   firefox        
 20200604   18:49:24      0      21796   C+G    14     4     0     0   surfgrid       
 20200604   18:49:24      0      21798     G     0     0     0     0   cgl-render     
 20200604   18:49:25      0       1497     G     0     0     0     0   Xorg           
 20200604   18:49:25      0       1608     G     0     0     0     0   gnome-shell    
 20200604   18:49:25      0       1823     G    16     4     0     0   Xorg           
 20200604   18:49:25      0       2214     G     7     2     0     0   gnome-shell    
#Date       Time        gpu        pid  type    sm   mem   enc   dec   command
#YYYYMMDD   HH:MM:SS    Idx          #   C/G     %     %     %     %   name
 20200604   18:49:25      0       2835     G     0     0     0     0   electron-ssr --
 20200604   18:49:25      0       2901     G     0     0     0     0   code --type=gpu
 20200604   18:49:25      0       9759     G     0     0     0     0   firefox        
 20200604   18:49:25      0      18497     G     0     0     0     0   firefox        
 20200604   18:49:25      0      21796   C+G    15     4     0     0   surfgrid       
 20200604   18:49:25      0      21798     G     0     0     0     0   cgl-render     
 20200604   18:49:27      0       1497     G     0     0     0     0   Xorg           
 20200604   18:49:27      0       1608     G     0     0     0     0   gnome-shell    
 20200604   18:49:27      0       1823     G    10     3     0     0   Xorg           
 20200604   18:49:27      0       2214     G     7     2     0     0   gnome-shell    
 20200604   18:49:27      0       2835     G     0     0     0     0   electron-ssr --
 20200604   18:49:27      0       2901     G     0     0     0     0   code --type=gpu
 20200604   18:49:27      0       9759     G     0     0     0     0   firefox        
 20200604   18:49:27      0      18497     G     0     0     0     0   firefox        
 20200604   18:49:27      0      21796   C+G    13     4     0     0   surfgrid       
 20200604   18:49:27      0      21798     G     5     1     0     0   cgl-render     
 20200604   18:49:28      0       1497     G     0     0     0     0   Xorg           
 20200604   18:49:28      0       1608     G     0     0     0     0   gnome-shell    
 20200604   18:49:28      0       1823     G    14     4     0     0   Xorg           
 20200604   18:49:28      0       2214     G     0     0     0     0   gnome-shell    
 20200604   18:49:28      0       2835     G     0     0     0     0   electron-ssr --
 20200604   18:49:28      0       2901     G     5     2     0     0   code --type=gpu
 20200604   18:49:28      0       9759     G     0     0     0     0   firefox        
 20200604   18:49:28      0      18497     G     0     0     0     0   firefox        
 20200604   18:49:28      0      21796   C+G     5     2     0     0   surfgrid       
 20200604   18:49:28      0      21798     G     4     1     0     0   cgl-render     
 20200604   18:49:29      0       1497     G     0     0     0     0   Xorg           
 20200604   18:49:29      0       1608     G     0     0     0     0   gnome-shell    
 20200604   18:49:29      0       1823     G    25     7     0     0   Xorg           
 20200604   18:49:29      0       2214     G     5     1     0     0   gnome-shell    
 20200604   18:49:29      0       2835     G     0     0     0     0   electron-ssr --
 20200604   18:49:29      0       2901     G     0     0     0     0   code --type=gpu
 20200604   18:49:29      0       9759     G     0     0     0     0   firefox        
 20200604   18:49:29      0      18497     G     0     0     0     0   firefox        
 20200604   18:49:29      0      21796   C+G     5     1     0     0   surfgrid       
 20200604   18:49:29      0      21798     G     0     0     0     0   cgl-render     
 20200604   18:49:30      0       1497     G     0     0     0     0   Xorg           
 20200604   18:49:30      0       1608     G     0     0     0     0   gnome-shell    
 20200604   18:49:30      0       1823     G     9     3     0     0   Xorg           
 20200604   18:49:30      0       2214     G     0     0     0     0   gnome-shell    
 20200604   18:49:30      0       2835     G     0     0     0     0   electron-ssr --
 20200604   18:49:30      0       2901     G     4     1     0     0   code --type=gpu
 20200604   18:49:30      0       9759     G     0     0     0     0   firefox        
 20200604   18:49:30      0      18497     G     0     0     0     0   firefox        
#Date       Time        gpu        pid  type    sm   mem   enc   dec   command
#YYYYMMDD   HH:MM:SS    Idx          #   C/G     %     %     %     %   name
 20200604   18:49:30      0      21796   C+G    15     5     0     0   surfgrid       
 20200604   18:49:30      0      21798     G     0     0     0     0   cgl-render     
 20200604   18:49:31      0       1497     G     0     0     0     0   Xorg           
 20200604   18:49:31      0       1608     G     0     0     0     0   gnome-shell    
 20200604   18:49:31      0       1823     G    11     4     0     0   Xorg           
 20200604   18:49:31      0       2214     G     0     0     0     0   gnome-shell    
 20200604   18:49:31      0       2835     G     0     0     0     0   electron-ssr --
 20200604   18:49:31      0       2901     G     0     0     0     0   code --type=gpu
 20200604   18:49:31      0       9759     G     0     0     0     0   firefox        
 20200604   18:49:31      0      18497     G     0     0     0     0   firefox        
 20200604   18:49:31      0      21796   C+G    13     4     0     0   surfgrid       
 20200604   18:49:31      0      21798     G     4     1     0     0   cgl-render     
 20200604   18:49:32      0       1497     G     0     0     0     0   Xorg           
 20200604   18:49:32      0       1608     G     0     0     0     0   gnome-shell    
 20200604   18:49:32      0       1823     G     7     2     0     0   Xorg           
 20200604   18:49:32      0       2214     G     0     0     0     0   gnome-shell    
 20200604   18:49:32      0       2835     G     0     0     0     0   electron-ssr --
 20200604   18:49:32      0       2901     G     0     0     0     0   code --type=gpu
 20200604   18:49:32      0       9759     G     0     0     0     0   firefox        
 20200604   18:49:32      0      18497     G     0     0     0     0   firefox        
 20200604   18:49:32      0      21796   C+G    18     6     0     0   surfgrid       
 20200604   18:49:32      0      21798     G     4     1     0     0   cgl-render     
 20200604   18:49:33      0       1497     G     0     0     0     0   Xorg           
 20200604   18:49:33      0       1608     G     0     0     0     0   gnome-shell    
 20200604   18:49:33      0       1823     G     7     2     0     0   Xorg           
 20200604   18:49:33      0       2214     G     0     0     0     0   gnome-shell    
 20200604   18:49:33      0       2835     G     0     0     0     0   electron-ssr --
 20200604   18:49:33      0       2901     G     0     0     0     0   code --type=gpu
 20200604   18:49:33      0       9759     G     0     0     0     0   firefox        
 20200604   18:49:33      0      18497     G     0     0     0     0   firefox        
 20200604   18:49:33      0      21796   C+G    18     6     0     0   surfgrid       
 20200604   18:49:33      0      21798     G     3     1     0     0   cgl-render     
 20200604   18:49:34      0       1497     G     0     0     0     0   Xorg           
 20200604   18:49:34      0       1608     G     0     0     0     0   gnome-shell    
 20200604   18:49:34      0       1823     G     4     1     0     0   Xorg           
 20200604   18:49:34      0       2214     G     0     0     0     0   gnome-shell    
 20200604   18:49:34      0       2835     G     0     0     0     0   electron-ssr --
 20200604   18:49:34      0       2901     G     4     1     0     0   code --type=gpu
 20200604   18:49:34      0       9759     G     0     0     0     0   firefox        
 20200604   18:49:34      0      18497     G     0     0     0     0   firefox        
 20200604   18:49:34      0      21796   C+G    22     7     0     0   surfgrid       
 20200604   18:49:34      0      21798     G     0     0     0     0   cgl-render     
 20200604   18:49:35      0       1497     G     0     0     0     0   Xorg           
 20200604   18:49:35      0       1608     G     0     0     0     0   gnome-shell    
#Date       Time        gpu        pid  type    sm   mem   enc   dec   command
#YYYYMMDD   HH:MM:SS    Idx          #   C/G     %     %     %     %   name
 20200604   18:49:35      0       1823     G    16     5     0     0   Xorg           
 20200604   18:49:35      0       2214     G     0     0     0     0   gnome-shell    
 20200604   18:49:35      0       2835     G     0     0     0     0   electron-ssr --
 20200604   18:49:35      0       2901     G     0     0     0     0   code --type=gpu
 20200604   18:49:35      0       9759     G     0     0     0     0   firefox        
 20200604   18:49:35      0      18497     G     0     0     0     0   firefox        
 20200604   18:49:35      0      21796   C+G    13     4     0     0   surfgrid       
 20200604   18:49:35      0      21798     G     0     0     0     0   cgl-render     
 20200604   18:49:36      0       1497     G     0     0     0     0   Xorg           
 20200604   18:49:36      0       1608     G     0     0     0     0   gnome-shell    
 20200604   18:49:36      0       1823     G    16     5     0     0   Xorg           
 20200604   18:49:36      0       2214     G     0     0     0     0   gnome-shell    
 20200604   18:49:36      0       2835     G     0     0     0     0   electron-ssr --
 20200604   18:49:36      0       2901     G     0     0     0     0   code --type=gpu
 20200604   18:49:36      0       9759     G     0     0     0     0   firefox        
 20200604   18:49:36      0      18497     G     0     0     0     0   firefox        
 20200604   18:49:36      0      21796   C+G     9     3     0     0   surfgrid       
 20200604   18:49:36      0      21798     G     4     1     0     0   cgl-render     
 20200604   18:49:37      0       1497     G     0     0     0     0   Xorg           
 20200604   18:49:37      0       1608     G     0     0     0     0   gnome-shell    
 20200604   18:49:37      0       1823     G    11     3     0     0   Xorg           
 20200604   18:49:37      0       2214     G     0     0     0     0   gnome-shell    
 20200604   18:49:37      0       2835     G     0     0     0     0   electron-ssr --
 20200604   18:49:37      0       2901     G     0     0     0     0   code --type=gpu
 20200604   18:49:37      0       9759     G     0     0     0     0   firefox        
 20200604   18:49:37      0      18497     G     0     0     0     0   firefox        
 20200604   18:49:37      0      21796   C+G     9     3     0     0   surfgrid       
 20200604   18:49:37      0      21798     G     7     2     0     0   cgl-render     
 20200604   18:49:38      0       1497     G     0     0     0     0   Xorg           
 20200604   18:49:38      0       1608     G     0     0     0     0   gnome-shell    
 20200604   18:49:38      0       1823     G    11     3     0     0   Xorg           
 20200604   18:49:38      0       2214     G     0     0     0     0   gnome-shell    
 20200604   18:49:38      0       2835     G     0     0     0     0   electron-ssr --
 20200604   18:49:38      0       2901     G     0     0     0     0   code --type=gpu
 20200604   18:49:38      0       9759     G     0     0     0     0   firefox        
 20200604   18:49:38      0      18497     G     0     0     0     0   firefox        
 20200604   18:49:38      0      21796   C+G    13     4     0     0   surfgrid       
 20200604   18:49:38      0      21798     G     3     1     0     0   cgl-render     
 20200604   18:49:39      0       1497     G     0     0     0     0   Xorg           
 20200604   18:49:39      0       1608     G     0     0     0     0   gnome-shell    
 20200604   18:49:39      0       1823     G    12     4     0     0   Xorg           
 20200604   18:49:39      0       2214     G     0     0     0     0   gnome-shell    
 20200604   18:49:39      0       2835     G     0     0     0     0   electron-ssr --
 20200604   18:49:39      0       2901     G     4     1     0     0   code --type=gpu
#Date       Time        gpu        pid  type    sm   mem   enc   dec   command
#YYYYMMDD   HH:MM:SS    Idx          #   C/G     %     %     %     %   name
 20200604   18:49:39      0       9759     G     0     0     0     0   firefox        
 20200604   18:49:39      0      18497     G     0     0     0     0   firefox        
 20200604   18:49:39      0      21796   C+G    13     4     0     0   surfgrid       
 20200604   18:49:39      0      21798     G     0     0     0     0   cgl-render     
 20200604   18:49:40      0       1497     G     0     0     0     0   Xorg           
 20200604   18:49:40      0       1608     G     0     0     0     0   gnome-shell    
 20200604   18:49:40      0       1823     G    13     4     0     0   Xorg           
 20200604   18:49:40      0       2214     G     0     0     0     0   gnome-shell    
 20200604   18:49:40      0       2835     G     0     0     0     0   electron-ssr --
 20200604   18:49:40      0       2901     G     4     1     0     0   code --type=gpu
 20200604   18:49:40      0       9759     G     0     0     0     0   firefox        
 20200604   18:49:40      0      18497     G     0     0     0     0   firefox        
 20200604   18:49:40      0      21796   C+G    12     4     0     0   surfgrid       
 20200604   18:49:40      0      21798     G     0     0     0     0   cgl-render     
 20200604   18:49:41      0       1497     G     0     0     0     0   Xorg           
 20200604   18:49:41      0       1608     G     0     0     0     0   gnome-shell    
 20200604   18:49:41      0       1823     G    17     5     0     0   Xorg           
 20200604   18:49:41      0       2214     G     0     0     0     0   gnome-shell    
 20200604   18:49:41      0       2835     G     0     0     0     0   electron-ssr --
 20200604   18:49:41      0       2901     G     0     0     0     0   code --type=gpu
 20200604   18:49:41      0       9759     G     0     0     0     0   firefox        
 20200604   18:49:41      0      18497     G     0     0     0     0   firefox        
 20200604   18:49:41      0      21796   C+G     9     3     0     0   surfgrid       
 20200604   18:49:41      0      21798     G     4     1     0     0   cgl-render     
 20200604   18:49:42      0       1497     G     0     0     0     0   Xorg           
 20200604   18:49:42      0       1608     G     0     0     0     0   gnome-shell    
 20200604   18:49:42      0       1823     G    15     5     0     0   Xorg           
 20200604   18:49:42      0       2214     G     0     0     0     0   gnome-shell    
 20200604   18:49:42      0       2835     G     0     0     0     0   electron-ssr --
 20200604   18:49:42      0       2901     G     0     0     0     0   code --type=gpu
 20200604   18:49:42      0       9759     G     0     0     0     0   firefox        
 20200604   18:49:42      0      18497     G     0     0     0     0   firefox        
 20200604   18:49:42      0      21796   C+G    13     4     0     0   surfgrid       
 20200604   18:49:42      0      21798     G     0     0     0     0   cgl-render     
 20200604   18:49:43      0       1497     G     0     0     0     0   Xorg           
 20200604   18:49:43      0       1608     G     0     0     0     0   gnome-shell    
 20200604   18:49:43      0       1823     G    12     4     0     0   Xorg           
 20200604   18:49:43      0       2214     G     0     0     0     0   gnome-shell    
 20200604   18:49:43      0       2835     G     0     0     0     0   electron-ssr --
 20200604   18:49:43      0       2901     G     0     0     0     0   code --type=gpu
 20200604   18:49:43      0       9759     G     0     0     0     0   firefox        
 20200604   18:49:43      0      18497     G     0     0     0     0   firefox        
 20200604   18:49:43      0      21796   C+G    13     4     0     0   surfgrid       
 20200604   18:49:43      0      21798     G     3     1     0     0   cgl-render     
#Date       Time        gpu        pid  type    sm   mem   enc   dec   command
#YYYYMMDD   HH:MM:SS    Idx          #   C/G     %     %     %     %   name
 20200604   18:49:44      0       1497     G     0     0     0     0   Xorg           
 20200604   18:49:44      0       1608     G     0     0     0     0   gnome-shell    
 20200604   18:49:44      0       1823     G     7     2     0     0   Xorg           
 20200604   18:49:44      0       2214     G     0     0     0     0   gnome-shell    
 20200604   18:49:44      0       2835     G     0     0     0     0   electron-ssr --
 20200604   18:49:44      0       2901     G     0     0     0     0   code --type=gpu
 20200604   18:49:44      0       9759     G     0     0     0     0   firefox        
 20200604   18:49:44      0      18497     G     0     0     0     0   firefox        
 20200604   18:49:44      0      21796   C+G    17     6     0     0   surfgrid       
 20200604   18:49:44      0      21798     G     4     1     0     0   cgl-render     
 20200604   18:49:45      0       1497     G     0     0     0     0   Xorg           
 20200604   18:49:45      0       1608     G     0     0     0     0   gnome-shell    
 20200604   18:49:45      0       1823     G     8     2     0     0   Xorg           
 20200604   18:49:45      0       2214     G     5     1     0     0   gnome-shell    
 20200604   18:49:45      0       2835     G     0     0     0     0   electron-ssr --
 20200604   18:49:45      0       2901     G     0     0     0     0   code --type=gpu
 20200604   18:49:45      0       9759     G     0     0     0     0   firefox        
 20200604   18:49:45      0      18497     G     0     0     0     0   firefox        
 20200604   18:49:45      0      21796   C+G    16     5     0     0   surfgrid       
 20200604   18:49:45      0      21798     G     0     0     0     0   cgl-render     
 20200604   18:49:46      0       1497     G     0     0     0     0   Xorg           
 20200604   18:49:46      0       1608     G     0     0     0     0   gnome-shell    
 20200604   18:49:46      0       1823     G    12     4     0     0   Xorg           
 20200604   18:49:46      0       2214     G     0     0     0     0   gnome-shell    
 20200604   18:49:46      0       2835     G     0     0     0     0   electron-ssr --
 20200604   18:49:46      0       2901     G     0     0     0     0   code --type=gpu
 20200604   18:49:46      0       9759     G     0     0     0     0   firefox        
 20200604   18:49:46      0      18497     G     0     0     0     0   firefox        
 20200604   18:49:46      0      21796   C+G    17     6     0     0   surfgrid       
 20200604   18:49:46      0      21798     G     0     0     0     0   cgl-render     
 20200604   18:49:47      0       1497     G     0     0     0     0   Xorg           
 20200604   18:49:47      0       1608     G     0     0     0     0   gnome-shell    
 20200604   18:49:47      0       1823     G    12     4     0     0   Xorg           
 20200604   18:49:47      0       2214     G     0     0     0     0   gnome-shell    
 20200604   18:49:47      0       2835     G     0     0     0     0   electron-ssr --
 20200604   18:49:47      0       2901     G     0     0     0     0   code --type=gpu
 20200604   18:49:47      0       9759     G     0     0     0     0   firefox        
 20200604   18:49:47      0      18497     G     0     0     0     0   firefox        
 20200604   18:49:47      0      21796   C+G    14     5     0     0   surfgrid       
 20200604   18:49:47      0      21798     G     4     1     0     0   cgl-render     
 20200604   18:49:48      0       1497     G     0     0     0     0   Xorg           
 20200604   18:49:48      0       1608     G     0     0     0     0   gnome-shell    
 20200604   18:49:48      0       1823     G    11     3     0     0   Xorg           
 20200604   18:49:48      0       2214     G     0     0     0     0   gnome-shell    
#Date       Time        gpu        pid  type    sm   mem   enc   dec   command
#YYYYMMDD   HH:MM:SS    Idx          #   C/G     %     %     %     %   name
 20200604   18:49:48      0       2835     G     0     0     0     0   electron-ssr --
 20200604   18:49:48      0       2901     G     0     0     0     0   code --type=gpu
 20200604   18:49:48      0       9759     G     0     0     0     0   firefox        
 20200604   18:49:48      0      18497     G     0     0     0     0   firefox        
 20200604   18:49:48      0      21796   C+G    14     5     0     0   surfgrid       
 20200604   18:49:48      0      21798     G     4     1     0     0   cgl-render     
 20200604   18:49:49      0       1497     G     0     0     0     0   Xorg           
 20200604   18:49:49      0       1608     G     0     0     0     0   gnome-shell    
 20200604   18:49:49      0       1823     G    11     3     0     0   Xorg           
 20200604   18:49:49      0       2214     G     0     0     0     0   gnome-shell    
 20200604   18:49:49      0       2835     G     0     0     0     0   electron-ssr --
 20200604   18:49:49      0       2901     G     0     0     0     0   code --type=gpu
 20200604   18:49:49      0       9759     G     0     0     0     0   firefox        
 20200604   18:49:49      0      18497     G     0     0     0     0   firefox        
 20200604   18:49:49      0      21796   C+G    19     6     0     0   surfgrid       
 20200604   18:49:49      0      21798     G     0     0     0     0   cgl-render     
 20200604   18:49:50      0       1497     G     0     0     0     0   Xorg           
 20200604   18:49:50      0       1608     G     0     0     0     0   gnome-shell    
 20200604   18:49:50      0       1823     G     7     2     0     0   Xorg           
 20200604   18:49:50      0       2214     G     0     0     0     0   gnome-shell    
 20200604   18:49:50      0       2835     G     0     0     0     0   electron-ssr --
 20200604   18:49:50      0       2901     G     0     0     0     0   code --type=gpu
 20200604   18:49:50      0       9759     G     0     0     0     0   firefox        
 20200604   18:49:50      0      18497     G     0     0     0     0   firefox        
 20200604   18:49:50      0      21796   C+G    22     7     0     0   surfgrid       
 20200604   18:49:50      0      21798     G     0     0     0     0   cgl-render     
 20200604   18:49:51      0       1497     G     0     0     0     0   Xorg           
 20200604   18:49:51      0       1608     G     0     0     0     0   gnome-shell    
 20200604   18:49:51      0       1823     G    13     4     0     0   Xorg           
 20200604   18:49:51      0       2214     G     0     0     0     0   gnome-shell    
 20200604   18:49:51      0       2835     G     0     0     0     0   electron-ssr --
 20200604   18:49:51      0       2901     G     0     0     0     0   code --type=gpu
 20200604   18:49:51      0       9759     G     0     0     0     0   firefox        
 20200604   18:49:51      0      18497     G     0     0     0     0   firefox        
 20200604   18:49:51      0      21796   C+G    15     5     0     0   surfgrid       
 20200604   18:49:51      0      21798     G     0     0     0     0   cgl-render     
 20200604   18:49:52      0       1497     G     0     0     0     0   Xorg           
 20200604   18:49:52      0       1608     G     0     0     0     0   gnome-shell    
 20200604   18:49:52      0       1823     G    12     4     0     0   Xorg           
 20200604   18:49:52      0       2214     G     0     0     0     0   gnome-shell    
 20200604   18:49:52      0       2835     G     0     0     0     0   electron-ssr --
 20200604   18:49:52      0       2901     G     3     1     0     0   code --type=gpu
 20200604   18:49:52      0       9759     G     0     0     0     0   firefox        
 20200604   18:49:52      0      18497     G     0     0     0     0   firefox        
#Date       Time        gpu        pid  type    sm   mem   enc   dec   command
#YYYYMMDD   HH:MM:SS    Idx          #   C/G     %     %     %     %   name
 20200604   18:49:52      0      21796   C+G     8     2     0     0   surfgrid       
 20200604   18:49:52      0      21798     G     4     1     0     0   cgl-render     
 20200604   18:49:53      0       1497     G     0     0     0     0   Xorg           
 20200604   18:49:53      0       1608     G     0     0     0     0   gnome-shell    
 20200604   18:49:53      0       1823     G    13     4     0     0   Xorg           
 20200604   18:49:53      0       2214     G     0     0     0     0   gnome-shell    
 20200604   18:49:53      0       2835     G     0     0     0     0   electron-ssr --
 20200604   18:49:53      0       2901     G     0     0     0     0   code --type=gpu
 20200604   18:49:53      0       9759     G     0     0     0     0   firefox        
 20200604   18:49:53      0      18497     G     0     0     0     0   firefox        
 20200604   18:49:53      0      21796   C+G     8     3     0     0   surfgrid       
 20200604   18:49:53      0      21798     G     7     2     0     0   cgl-render     
 20200604   18:49:54      0       1497     G     0     0     0     0   Xorg           
 20200604   18:49:54      0       1608     G     0     0     0     0   gnome-shell    
 20200604   18:49:54      0       1823     G    10     3     0     0   Xorg           
 20200604   18:49:54      0       2214     G     0     0     0     0   gnome-shell    
 20200604   18:49:54      0       2835     G     0     0     0     0   electron-ssr --
 20200604   18:49:54      0       2901     G     0     0     0     0   code --type=gpu
 20200604   18:49:54      0       9759     G     0     0     0     0   firefox        
 20200604   18:49:54      0      18497     G     0     0     0     0   firefox        
 20200604   18:49:54      0      21796   C+G     8     2     0     0   surfgrid       
 20200604   18:49:54      0      21798     G    10     3     0     0   cgl-render     
 20200604   18:49:55      0       1497     G     0     0     0     0   Xorg           
 20200604   18:49:55      0       1608     G     0     0     0     0   gnome-shell    
 20200604   18:49:55      0       1823     G    11     3     0     0   Xorg           
 20200604   18:49:55      0       2214     G     0     0     0     0   gnome-shell    
 20200604   18:49:55      0       2835     G     0     0     0     0   electron-ssr --
 20200604   18:49:55      0       2901     G     0     0     0     0   code --type=gpu
 20200604   18:49:55      0       9759     G     0     0     0     0   firefox        
 20200604   18:49:55      0      18497     G     0     0     0     0   firefox        
 20200604   18:49:55      0      21796   C+G    15     5     0     0   surfgrid       
 20200604   18:49:55      0      21798     G     3     1     0     0   cgl-render     
 20200604   18:49:56      0       1497     G     0     0     0     0   Xorg           
 20200604   18:49:56      0       1608     G     0     0     0     0   gnome-shell    
 20200604   18:49:56      0       1823     G    18     6     0     0   Xorg           
 20200604   18:49:56      0       2214     G     0     0     0     0   gnome-shell    
 20200604   18:49:56      0       2835     G     0     0     0     0   electron-ssr --
 20200604   18:49:56      0       2901     G     0     0     0     0   code --type=gpu
 20200604   18:49:56      0       9759     G     0     0     0     0   firefox        
 20200604   18:49:56      0      18497     G     0     0     0     0   firefox        
 20200604   18:49:56      0      21796   C+G    11     3     0     0   surfgrid       
 20200604   18:49:56      0      21798     G     0     0     0     0   cgl-render     
 20200604   18:49:57      0       1497     G     0     0     0     0   Xorg           
 20200604   18:49:57      0       1608     G     0     0     0     0   gnome-shell    
#Date       Time        gpu        pid  type    sm   mem   enc   dec   command
#YYYYMMDD   HH:MM:SS    Idx          #   C/G     %     %     %     %   name
 20200604   18:49:57      0       1823     G    14     4     0     0   Xorg           
 20200604   18:49:57      0       2214     G     0     0     0     0   gnome-shell    
 20200604   18:49:57      0       2835     G     0     0     0     0   electron-ssr --
 20200604   18:49:57      0       2901     G     0     0     0     0   code --type=gpu
 20200604   18:49:57      0       9759     G     0     0     0     0   firefox        
 20200604   18:49:57      0      18497     G     0     0     0     0   firefox        
 20200604   18:49:57      0      21796   C+G    15     5     0     0   surfgrid       
 20200604   18:49:57      0      21798     G     0     0     0     0   cgl-render     
 20200604   18:49:58      0       1497     G     0     0     0     0   Xorg           
 20200604   18:49:58      0       1608     G     0     0     0     0   gnome-shell    
 20200604   18:49:58      0       1823     G    14     4     0     0   Xorg           
 20200604   18:49:58      0       2214     G     0     0     0     0   gnome-shell    
 20200604   18:49:58      0       2835     G     0     0     0     0   electron-ssr --
 20200604   18:49:58      0       2901     G     0     0     0     0   code --type=gpu
 20200604   18:49:58      0       9759     G     0     0     0     0   firefox        
 20200604   18:49:58      0      18497     G     0     0     0     0   firefox        
 20200604   18:49:58      0      21796   C+G    12     4     0     0   surfgrid       
 20200604   18:49:58      0      21798     G     3     1     0     0   cgl-render     
 20200604   18:49:59      0       1497     G     0     0     0     0   Xorg           
 20200604   18:49:59      0       1608     G     0     0     0     0   gnome-shell    
 20200604   18:49:59      0       1823     G    14     5     0     0   Xorg           
 20200604   18:49:59      0       2214     G     0     0     0     0   gnome-shell    
 20200604   18:49:59      0       2835     G     0     0     0     0   electron-ssr --
 20200604   18:49:59      0       2901     G     0     0     0     0   code --type=gpu
 20200604   18:49:59      0       9759     G     0     0     0     0   firefox        
 20200604   18:49:59      0      18497     G     0     0     0     0   firefox        
 20200604   18:49:59      0      21796   C+G     8     2     0     0   surfgrid       
 20200604   18:49:59      0      21798     G     7     2     0     0   cgl-render     
 20200604   18:50:00      0       1497     G     0     0     0     0   Xorg           
 20200604   18:50:00      0       1608     G     0     0     0     0   gnome-shell    
 20200604   18:50:00      0       1823     G     6     2     0     0   Xorg           
 20200604   18:50:00      0       2214     G     0     0     0     0   gnome-shell    
 20200604   18:50:00      0       2835     G     0     0     0     0   electron-ssr --
 20200604   18:50:00      0       2901     G     0     0     0     0   code --type=gpu
 20200604   18:50:00      0       9759     G     0     0     0     0   firefox        
 20200604   18:50:00      0      18497     G     0     0     0     0   firefox        
 20200604   18:50:00      0      21796   C+G    19     6     0     0   surfgrid       
 20200604   18:50:00      0      21798     G     3     1     0     0   cgl-render     
 20200604   18:50:01      0       1497     G     0     0     0     0   Xorg           
 20200604   18:50:01      0       1608     G     0     0     0     0   gnome-shell    
 20200604   18:50:01      0       1823     G     5     1     0     0   Xorg           
 20200604   18:50:01      0       2214     G     5     1     0     0   gnome-shell    
 20200604   18:50:01      0       2835     G     0     0     0     0   electron-ssr --
 20200604   18:50:01      0       2901     G     0     0     0     0   code --type=gpu
#Date       Time        gpu        pid  type    sm   mem   enc   dec   command
#YYYYMMDD   HH:MM:SS    Idx          #   C/G     %     %     %     %   name
 20200604   18:50:01      0       9759     G     0     0     0     0   firefox        
 20200604   18:50:01      0      18497     G     0     0     0     0   firefox        
 20200604   18:50:02      0       1497     G     0     0     0     0   Xorg           
 20200604   18:50:02      0       1608     G     0     0     0     0   gnome-shell    
 20200604   18:50:02      0       1823     G     3     1     0     0   Xorg           
 20200604   18:50:02      0       2214     G     1     0     0     0   gnome-shell    
 20200604   18:50:02      0       2835     G     0     0     0     0   electron-ssr --
 20200604   18:50:02      0       2901     G     0     0     0     0   code --type=gpu
 20200604   18:50:02      0       9759     G     0     0     0     0   firefox        
 20200604   18:50:02      0      18497     G     0     0     0     0   firefox        
