src frame 0.0 time sec 1590134081 usec 864626
    Interpolator time 250646 usec
    getNextFrame 0.1 time 7727 usec
add frame 0.1 time sec 1590134082 usec 168412
src frame 1.0 time sec 1590134082 usec 168451
    Interpolator time 21947 usec
    getNextFrame 1.1 time 7546 usec
add frame 1.1 time sec 1590134082 usec 199848
src frame 2.0 time sec 1590134082 usec 199890
    Interpolator time 22596 usec
    getNextFrame 2.1 time 7369 usec
add frame 2.1 time sec 1590134082 usec 231713
src frame 3.0 time sec 1590134082 usec 231757
    Interpolator time 23122 usec
    getNextFrame 3.1 time 7928 usec
add frame 3.1 time sec 1590134082 usec 264721
src frame 4.0 time sec 1590134082 usec 264737
    Interpolator time 22588 usec
    getNextFrame 4.1 time 8753 usec
add frame 4.1 time sec 1590134082 usec 298013
src frame 5.0 time sec 1590134082 usec 298055
    Interpolator time 22056 usec
    getNextFrame 5.1 time 7307 usec
add frame 5.1 time sec 1590134082 usec 329966
src frame 6.0 time sec 1590134082 usec 330064
    Interpolator time 20364 usec
    getNextFrame 6.1 time 8316 usec
add frame 6.1 time sec 1590134082 usec 360694
src frame 7.0 time sec 1590134082 usec 360763
    Interpolator time 21743 usec
    getNextFrame 7.1 time 7603 usec
add frame 7.1 time sec 1590134082 usec 392004
src frame 8.0 time sec 1590134082 usec 392097
    Interpolator time 21591 usec
    getNextFrame 8.1 time 8200 usec
add frame 8.1 time sec 1590134082 usec 423819
src frame 9.0 time sec 1590134082 usec 423833
    Interpolator time 20060 usec
    getNextFrame 9.1 time 8616 usec
add frame 9.1 time sec 1590134082 usec 454508
src frame 10.0 time sec 1590134082 usec 454554
    Interpolator time 21604 usec
    getNextFrame 10.1 time 8031 usec
add frame 10.1 time sec 1590134082 usec 486462
src frame 11.0 time sec 1590134082 usec 486476
    Interpolator time 19174 usec
    getNextFrame 11.1 time 7709 usec
add frame 11.1 time sec 1590134082 usec 515341
src frame 12.0 time sec 1590134082 usec 515382
    Interpolator time 19500 usec
    getNextFrame 12.1 time 7693 usec
add frame 12.1 time sec 1590134082 usec 544515
src frame 13.0 time sec 1590134082 usec 544529
    Interpolator time 19860 usec
    getNextFrame 13.1 time 7676 usec
add frame 13.1 time sec 1590134082 usec 576339
src frame 14.0 time sec 1590134082 usec 576353
    Interpolator time 19690 usec
    getNextFrame 14.1 time 7593 usec
add frame 14.1 time sec 1590134082 usec 629465
src frame 15.0 time sec 1590134082 usec 629565
    Interpolator time 17419 usec
    getNextFrame 15.1 time 7841 usec
add frame 15.1 time sec 1590134082 usec 674058
src frame 16.0 time sec 1590134082 usec 674158
    Interpolator time 17441 usec
    getNextFrame 16.1 time 7741 usec
add frame 16.1 time sec 1590134082 usec 723503
src frame 17.0 time sec 1590134082 usec 723592
    Interpolator time 16359 usec
    getNextFrame 17.1 time 8222 usec
add frame 17.1 time sec 1590134082 usec 772854
src frame 18.0 time sec 1590134082 usec 772919
    Interpolator time 16629 usec
    getNextFrame 18.1 time 7479 usec
add frame 18.1 time sec 1590134082 usec 822044
src frame 19.0 time sec 1590134082 usec 822174
    Interpolator time 16678 usec
    getNextFrame 19.1 time 7586 usec
add frame 19.1 time sec 1590134082 usec 872802
src frame 20.0 time sec 1590134082 usec 872845
    Interpolator time 17735 usec
    getNextFrame 20.1 time 7686 usec
add frame 20.1 time sec 1590134082 usec 923736
src frame 21.0 time sec 1590134082 usec 923778
    Interpolator time 20147 usec
    getNextFrame 21.1 time 7594 usec
add frame 21.1 time sec 1590134082 usec 975984
src frame 22.0 time sec 1590134082 usec 976069
    Interpolator time 17278 usec
    getNextFrame 22.1 time 7899 usec
add frame 22.1 time sec 1590134083 usec 23973
src frame 23.0 time sec 1590134083 usec 24015
    Interpolator time 16677 usec
    getNextFrame 23.1 time 8527 usec
add frame 23.1 time sec 1590134083 usec 74019
src frame 24.0 time sec 1590134083 usec 74031
    Interpolator time 15166 usec
    getNextFrame 24.1 time 7419 usec
add frame 24.1 time sec 1590134083 usec 118102
src frame 25.0 time sec 1590134083 usec 118115
    Interpolator time 16800 usec
    getNextFrame 25.1 time 7400 usec
add frame 25.1 time sec 1590134083 usec 168582
src frame 26.0 time sec 1590134083 usec 168597
    Interpolator time 16173 usec
    getNextFrame 26.1 time 8843 usec
add frame 26.1 time sec 1590134083 usec 222107
src frame 27.0 time sec 1590134083 usec 222177
    Interpolator time 16881 usec
    getNextFrame 27.1 time 7834 usec
add frame 27.1 time sec 1590134083 usec 270203
src frame 28.0 time sec 1590134083 usec 270218
    Interpolator time 16856 usec
    getNextFrame 28.1 time 7510 usec
add frame 28.1 time sec 1590134083 usec 319455
src frame 29.0 time sec 1590134083 usec 319469
    Interpolator time 16200 usec
    getNextFrame 29.1 time 7452 usec
add frame 29.1 time sec 1590134083 usec 369010
src frame 30.0 time sec 1590134083 usec 369026
    Interpolator time 16764 usec
    getNextFrame 30.1 time 7734 usec
add frame 30.1 time sec 1590134083 usec 421006
src frame 31.0 time sec 1590134083 usec 421021
    Interpolator time 16700 usec
    getNextFrame 31.1 time 7512 usec
add frame 31.1 time sec 1590134083 usec 470015
src frame 32.0 time sec 1590134083 usec 470028
    Interpolator time 16650 usec
    getNextFrame 32.1 time 8232 usec
add frame 32.1 time sec 1590134083 usec 528367
src frame 33.0 time sec 1590134083 usec 528441
    Interpolator time 16064 usec
    getNextFrame 33.1 time 7703 usec
add frame 33.1 time sec 1590134083 usec 568696
src frame 34.0 time sec 1590134083 usec 568761
    Interpolator time 16293 usec
    getNextFrame 34.1 time 7584 usec
add frame 34.1 time sec 1590134083 usec 619226
src frame 35.0 time sec 1590134083 usec 619237
    Interpolator time 17734 usec
    getNextFrame 35.1 time 7481 usec
add frame 35.1 time sec 1590134083 usec 670015
src frame 36.0 time sec 1590134083 usec 670104
    Interpolator time 16340 usec
    getNextFrame 36.1 time 7552 usec
add frame 36.1 time sec 1590134083 usec 720293
src frame 37.0 time sec 1590134083 usec 720388
    Interpolator time 17559 usec
    getNextFrame 37.1 time 7399 usec
add frame 37.1 time sec 1590134083 usec 770016
src frame 38.0 time sec 1590134083 usec 770096
    Interpolator time 16192 usec
    getNextFrame 38.1 time 7268 usec
add frame 38.1 time sec 1590134083 usec 818816
src frame 39.0 time sec 1590134083 usec 818890
    Interpolator time 15766 usec
    getNextFrame 39.1 time 7473 usec
add frame 39.1 time sec 1590134083 usec 868811
src frame 40.0 time sec 1590134083 usec 868890
    Interpolator time 17532 usec
    getNextFrame 40.1 time 7761 usec
add frame 40.1 time sec 1590134083 usec 919702
src frame 41.0 time sec 1590134083 usec 919714
    Interpolator time 16977 usec
    getNextFrame 41.1 time 8221 usec
add frame 41.1 time sec 1590134083 usec 971323
src frame 42.0 time sec 1590134083 usec 971407
    Interpolator time 18190 usec
    getNextFrame 42.1 time 7738 usec
add frame 42.1 time sec 1590134084 usec 21394
src frame 43.0 time sec 1590134084 usec 21455
    Interpolator time 17897 usec
    getNextFrame 43.1 time 7123 usec
add frame 43.1 time sec 1590134084 usec 70558
src frame 44.0 time sec 1590134084 usec 70634
    Interpolator time 15094 usec
    getNextFrame 44.1 time 7370 usec
add frame 44.1 time sec 1590134084 usec 117030
src frame 45.0 time sec 1590134084 usec 117111
    Interpolator time 16838 usec
    getNextFrame 45.1 time 6969 usec
add frame 45.1 time sec 1590134084 usec 168114
src frame 46.0 time sec 1590134084 usec 168207
    Interpolator time 15451 usec
    getNextFrame 46.1 time 8193 usec
add frame 46.1 time sec 1590134084 usec 219502
src frame 47.0 time sec 1590134084 usec 219609
    Interpolator time 15737 usec
    getNextFrame 47.1 time 7810 usec
add frame 47.1 time sec 1590134084 usec 267601
src frame 48.0 time sec 1590134084 usec 267686
    Interpolator time 15865 usec
    getNextFrame 48.1 time 7835 usec
add frame 48.1 time sec 1590134084 usec 317884
src frame 49.0 time sec 1590134084 usec 317923
    Interpolator time 16905 usec
    getNextFrame 49.1 time 7412 usec
add frame 49.1 time sec 1590134084 usec 368514
src frame 50.0 time sec 1590134084 usec 368601
    Interpolator time 16001 usec
    getNextFrame 50.1 time 7557 usec
add frame 50.1 time sec 1590134084 usec 418355
src frame 51.0 time sec 1590134084 usec 418432
    Interpolator time 15521 usec
    getNextFrame 51.1 time 7398 usec
add frame 51.1 time sec 1590134084 usec 469794
src frame 52.0 time sec 1590134084 usec 469806
    Interpolator time 15960 usec
    getNextFrame 52.1 time 7960 usec
add frame 52.1 time sec 1590134084 usec 518558
src frame 53.0 time sec 1590134084 usec 518572
    Interpolator time 15625 usec
    getNextFrame 53.1 time 8747 usec
add frame 53.1 time sec 1590134084 usec 569929
src frame 54.0 time sec 1590134084 usec 570011
    Interpolator time 15987 usec
    getNextFrame 54.1 time 7344 usec
add frame 54.1 time sec 1590134084 usec 618566
src frame 55.0 time sec 1590134084 usec 618641
    Interpolator time 15036 usec
    getNextFrame 55.1 time 7388 usec
add frame 55.1 time sec 1590134084 usec 666192
src frame 56.0 time sec 1590134084 usec 666284
    Interpolator time 15849 usec
    getNextFrame 56.1 time 7413 usec
add frame 56.1 time sec 1590134084 usec 717704
src frame 57.0 time sec 1590134084 usec 717770
    Interpolator time 16084 usec
    getNextFrame 57.1 time 7160 usec
add frame 57.1 time sec 1590134084 usec 767004
src frame 58.0 time sec 1590134084 usec 767048
    Interpolator time 15641 usec
    getNextFrame 58.1 time 7288 usec
add frame 58.1 time sec 1590134084 usec 817498
src frame 59.0 time sec 1590134084 usec 817573
    Interpolator time 15752 usec
    getNextFrame 59.1 time 7129 usec
add frame 59.1 time sec 1590134084 usec 867345
src frame 60.0 time sec 1590134084 usec 867423
    Interpolator time 15660 usec
    getNextFrame 60.1 time 7484 usec
add frame 60.1 time sec 1590134084 usec 916888
src frame 61.0 time sec 1590134084 usec 916973
    Interpolator time 17410 usec
    getNextFrame 61.1 time 7267 usec
add frame 61.1 time sec 1590134084 usec 969627
src frame 62.0 time sec 1590134084 usec 969702
    Interpolator time 15658 usec
    getNextFrame 62.1 time 7451 usec
add frame 62.1 time sec 1590134085 usec 18869
src frame 63.0 time sec 1590134085 usec 18929
    Interpolator time 15252 usec
    getNextFrame 63.1 time 7268 usec
add frame 63.1 time sec 1590134085 usec 67234
src frame 64.0 time sec 1590134085 usec 67310
    Interpolator time 15419 usec
    getNextFrame 64.1 time 7456 usec
add frame 64.1 time sec 1590134085 usec 117342
src frame 65.0 time sec 1590134085 usec 117419
    Interpolator time 17795 usec
    getNextFrame 65.1 time 7540 usec
add frame 65.1 time sec 1590134085 usec 169345
src frame 66.0 time sec 1590134085 usec 169410
    Interpolator time 16933 usec
    getNextFrame 66.1 time 7630 usec
add frame 66.1 time sec 1590134085 usec 218881
src frame 67.0 time sec 1590134085 usec 218952
    Interpolator time 15922 usec
    getNextFrame 67.1 time 7267 usec
add frame 67.1 time sec 1590134085 usec 266861
src frame 68.0 time sec 1590134085 usec 266925
    Interpolator time 16186 usec
    getNextFrame 68.1 time 7351 usec
add frame 68.1 time sec 1590134085 usec 317225
src frame 69.0 time sec 1590134085 usec 317313
    Interpolator time 15592 usec
    getNextFrame 69.1 time 7271 usec
add frame 69.1 time sec 1590134085 usec 367438
src frame 70.0 time sec 1590134085 usec 367450
    Interpolator time 16164 usec
    getNextFrame 70.1 time 7341 usec
add frame 70.1 time sec 1590134085 usec 417912
src frame 71.0 time sec 1590134085 usec 417925
    Interpolator time 16288 usec
    getNextFrame 71.1 time 7373 usec
add frame 71.1 time sec 1590134085 usec 469316
src frame 72.0 time sec 1590134085 usec 469329
    Interpolator time 15837 usec
    getNextFrame 72.1 time 7757 usec
add frame 72.1 time sec 1590134085 usec 517419
src frame 73.0 time sec 1590134085 usec 517432
    Interpolator time 16246 usec
    getNextFrame 73.1 time 7556 usec
add frame 73.1 time sec 1590134085 usec 567931
src frame 74.0 time sec 1590134085 usec 567945
    Interpolator time 17036 usec
    getNextFrame 74.1 time 9430 usec
add frame 74.1 time sec 1590134085 usec 622687
src frame 75.0 time sec 15901