src frame 0.0 time sec 1590975642 usec 935848
    Interpolator time 36718 usec
    getNextFrame 0.1 time 7932 usec
add frame 0.1 time sec 1590975643 usec 4836
src frame 1.0 time sec 1590975643 usec 4916
    Interpolator time 35714 usec
    getNextFrame 1.1 time 7511 usec
add frame 1.1 time sec 1590975643 usec 54037
src frame 2.0 time sec 1590975643 usec 54114
    Interpolator time 35043 usec
    getNextFrame 2.1 time 7869 usec
add frame 2.1 time sec 1590975643 usec 103913
src frame 3.0 time sec 1590975643 usec 103996
    Interpolator time 38409 usec
    getNextFrame 3.1 time 7485 usec
add frame 3.1 time sec 1590975643 usec 156838
src frame 4.0 time sec 1590975643 usec 156922
    Interpolator time 36521 usec
    getNextFrame 4.1 time 7389 usec
add frame 4.1 time sec 1590975643 usec 205329
src frame 5.0 time sec 1590975643 usec 205413
    Interpolator time 37908 usec
    getNextFrame 5.1 time 7427 usec
add frame 5.1 time sec 1590975643 usec 257232
src frame 6.0 time sec 1590975643 usec 257312
    Interpolator time 38232 usec
    getNextFrame 6.1 time 7304 usec
add frame 6.1 time sec 1590975643 usec 306512
src frame 7.0 time sec 1590975643 usec 306597
    Interpolator time 36056 usec
    getNextFrame 7.1 time 7331 usec
add frame 7.1 time sec 1590975643 usec 354340
src frame 8.0 time sec 1590975643 usec 354427
    Interpolator time 33808 usec
    getNextFrame 8.1 time 7336 usec
add frame 8.1 time sec 1590975643 usec 406564
src frame 9.0 time sec 1590975643 usec 406644
    Interpolator time 34566 usec
    getNextFrame 9.1 time 7401 usec
add frame 9.1 time sec 1590975643 usec 453250
src frame 10.0 time sec 1590975643 usec 453329
    Interpolator time 33948 usec
    getNextFrame 10.1 time 7438 usec
add frame 10.1 time sec 1590975643 usec 502776
src frame 11.0 time sec 1590975643 usec 502791
    Interpolator time 36043 usec
    getNextFrame 11.1 time 7416 usec
add frame 11.1 time sec 1590975643 usec 554757
src frame 12.0 time sec 1590975643 usec 554769
    Interpolator time 40211 usec
    getNextFrame 12.1 time 7253 usec
add frame 12.1 time sec 1590975643 usec 605095
src frame 13.0 time sec 1590975643 usec 605109
    Interpolator time 38450 usec
    getNextFrame 13.1 time 7355 usec
add frame 13.1 time sec 1590975643 usec 653887
src frame 14.0 time sec 1590975643 usec 653901
    Interpolator time 37537 usec
    getNextFrame 14.1 time 7386 usec
add frame 14.1 time sec 1590975643 usec 701714
src frame 15.0 time sec 1590975643 usec 701800
    Interpolator time 37869 usec
    getNextFrame 15.1 time 7213 usec
add frame 15.1 time sec 1590975643 usec 748757
src frame 16.0 time sec 1590975643 usec 748861
    Interpolator time 37356 usec
    getNextFrame 16.1 time 7617 usec
add frame 16.1 time sec 1590975643 usec 795943
src frame 17.0 time sec 1590975643 usec 796036
    Interpolator time 36131 usec
    getNextFrame 17.1 time 7445 usec
add frame 17.1 time sec 1590975643 usec 841509
src frame 18.0 time sec 1590975643 usec 841555
    Interpolator time 36215 usec
    getNextFrame 18.1 time 7763 usec
add frame 18.1 time sec 1590975643 usec 887375
src frame 19.0 time sec 1590975643 usec 887418
    Interpolator time 34937 usec
    getNextFrame 19.1 time 7325 usec
add frame 19.1 time sec 1590975643 usec 931672
src frame 20.0 time sec 1590975643 usec 931721
    Interpolator time 35596 usec
    getNextFrame 20.1 time 7356 usec
add frame 20.1 time sec 1590975643 usec 979549
src frame 21.0 time sec 1590975643 usec 979593
    Interpolator time 35360 usec
    getNextFrame 21.1 time 7385 usec
add frame 21.1 time sec 1590975644 usec 29614
src frame 22.0 time sec 1590975644 usec 29712
    Interpolator time 34161 usec
    getNextFrame 22.1 time 7412 usec
add frame 22.1 time sec 1590975644 usec 77505
src frame 23.0 time sec 1590975644 usec 77596
    Interpolator time 34195 usec
    getNextFrame 23.1 time 7337 usec
add frame 23.1 time sec 1590975644 usec 127702
src frame 24.0 time sec 1590975644 usec 127800
    Interpolator time 33523 usec
    getNextFrame 24.1 time 7331 usec
add frame 24.1 time sec 1590975644 usec 177138
src frame 25.0 time sec 1590975644 usec 177234
    Interpolator time 34254 usec
    getNextFrame 25.1 time 7445 usec
add frame 25.1 time sec 1590975644 usec 228721
src frame 26.0 time sec 1590975644 usec 228812
    Interpolator time 43155 usec
    getNextFrame 26.1 time 7915 usec
add frame 26.1 time sec 1590975644 usec 290936
src frame 27.0 time sec 1590975644 usec 291023
    Interpolator time 37212 usec
    getNextFrame 27.1 time 8419 usec
add frame 27.1 time sec 1590975644 usec 338558
src frame 28.0 time sec 1590975644 usec 338596
    Interpolator time 36256 usec
    getNextFrame 28.1 time 7334 usec
add frame 28.1 time sec 1590975644 usec 384076
src frame 29.0 time sec 1590975644 usec 384161
    Interpolator time 35278 usec
    getNextFrame 29.1 time 7403 usec
add frame 29.1 time sec 1590975644 usec 429497
src frame 30.0 time sec 1590975644 usec 429575
    Interpolator time 35431 usec
    getNextFrame 30.1 time 7384 usec
add frame 30.1 time sec 1590975644 usec 479454
src frame 31.0 time sec 1590975644 usec 479543
    Interpolator time 35153 usec
    getNextFrame 31.1 time 12347 usec
add frame 31.1 time sec 1590975644 usec 533830
src frame 32.0 time sec 1590975644 usec 533870
    Interpolator time 33887 usec
    getNextFrame 32.1 time 7315 usec
add frame 32.1 time sec 1590975644 usec 581936
src frame 33.0 time sec 1590975644 usec 582006
    Interpolator time 36060 usec
    getNextFrame 33.1 time 7481 usec
add frame 33.1 time sec 1590975644 usec 628424
src frame 34.0 time sec 1590975644 usec 628502
    Interpolator time 34067 usec
    getNextFrame 34.1 time 7335 usec
add frame 34.1 time sec 1590975644 usec 677584
src frame 35.0 time sec 1590975644 usec 677678
    Interpolator time 34855 usec
    getNextFrame 35.1 time 7354 usec
add frame 35.1 time sec 1590975644 usec 726169
src frame 36.0 time sec 1590975644 usec 726264
    Interpolator time 34948 usec
    getNextFrame 36.1 time 7526 usec
add frame 36.1 time sec 1590975644 usec 776369
src frame 37.0 time sec 1590975644 usec 776385
    Interpolator time 34802 usec
    getNextFrame 37.1 time 7780 usec
add frame 37.1 time sec 1590975644 usec 825686
src frame 38.0 time sec 1590975644 usec 825781
    Interpolator time 36668 usec
    getNextFrame 38.1 time 7711 usec
add frame 38.1 time sec 1590975644 usec 878606
src frame 39.0 time sec 1590975644 usec 878636
    Interpolator time 35834 usec
    getNextFrame 39.1 time 12943 usec
add frame 39.1 time sec 1590975644 usec 933372
src frame 40.0 time sec 1590975644 usec 933414
    Interpolator time 37048 usec
    getNextFrame 40.1 time 13184 usec
add frame 40.1 time sec 1590975644 usec 991129
src frame 41.0 time sec 1590975644 usec 991163
    Interpolator time 40791 usec
    getNextFrame 41.1 time 10899 usec
add frame 41.1 time sec 1590975645 usec 45592
src frame 42.0 time sec 1590975645 usec 45606
    Interpolator time 38047 usec
    getNextFrame 42.1 time 7835 usec
add frame 42.1 time sec 1590975645 usec 94571
src frame 43.0 time sec 1590975645 usec 94655
    Interpolator time 36772 usec
    getNextFrame 43.1 time 8075 usec
add frame 43.1 time sec 1590975645 usec 141475
src frame 44.0 time sec 1590975645 usec 141583
    Interpolator time 37313 usec
    getNextFrame 44.1 time 7658 usec
add frame 44.1 time sec 1590975645 usec 188504
src frame 45.0 time sec 1590975645 usec 188597
    Interpolator time 38786 usec
    getNextFrame 45.1 time 8023 usec
add frame 45.1 time sec 1590975645 usec 237355
src frame 46.0 time sec 1590975645 usec 237452
    Interpolator time 38522 usec
    getNextFrame 46.1 time 7970 usec
add frame 46.1 time sec 1590975645 usec 285962
src frame 47.0 time sec 1590975645 usec 285999
    Interpolator time 36493 usec
    getNextFrame 47.1 time 7830 usec
add frame 47.1 time sec 1590975645 usec 332223
src frame 48.0 time sec 1590975645 usec 332237
    Interpolator time 37149 usec
    getNextFrame 48.1 time 7328 usec
add frame 48.1 time sec 1590975645 usec 380158
src frame 49.0 time sec 1590975645 usec 380201
    Interpolator time 36972 usec
    getNextFrame 49.1 time 7656 usec
add frame 49.1 time sec 1590975645 usec 429835
src frame 50.0 time sec 1590975645 usec 429880
    Interpolator time 40687 usec
    getNextFrame 50.1 time 7940 usec
add frame 50.1 time sec 1590975645 usec 483606
src frame 51.0 time sec 1590975645 usec 483646
    Interpolator time 39549 usec
    getNextFrame 51.1 time 7869 usec
add frame 51.1 time sec 1590975645 usec 533096
src frame 52.0 time sec 1590975645 usec 533170
    Interpolator time 38133 usec
    getNextFrame 52.1 time 7570 usec
add frame 52.1 time sec 1590975645 usec 580907
src frame 53.0 time sec 1590975645 usec 580948
    Interpolator time 37177 usec
    getNextFrame 53.1 time 7596 usec
add frame 53.1 time sec 1590975645 usec 627877
src frame 54.0 time sec 1590975645 usec 627963
    Interpolator time 35643 usec
    getNextFrame 54.1 time 7335 usec
add frame 54.1 time sec 1590975645 usec 675911
src frame 55.0 time sec 1590975645 usec 675996
    Interpolator time 35476 usec
    getNextFrame 55.1 time 7457 usec
add frame 55.1 time sec 1590975645 usec 725422
src frame 56.0 time sec 1590975645 usec 725497
    Interpolator time 35567 usec
    getNextFrame 56.1 time 7313 usec
add frame 56.1 time sec 1590975645 usec 777151
src frame 57.0 time sec 1590975645 usec 777230
    Interpolator time 35952 usec
    getNextFrame 57.1 time 7353 usec
add frame 57.1 time sec 1590975645 usec 825969
src frame 58.0 time sec 1590975645 usec 826051
    Interpolator time 35479 usec
    getNextFrame 58.1 time 7290 usec
add frame 58.1 time sec 1590975645 usec 875038
src frame 59.0 time sec 1590975645 usec 875133
    Interpolator time 36297 usec
    getNextFrame 59.1 time 7411 usec
add frame 59.1 time sec 1590975645 usec 925909
src frame 60.0 time sec 1590975645 usec 925992
    Interpolator time 34960 usec
    getNextFrame 60.1 time 7503 usec
add frame 60.1 time sec 1590975645 usec 974777
src frame 61.0 time sec 1590975645 usec 974856
    Interpolator time 37018 usec
    getNextFrame 61.1 time 7635 usec
add frame 61.1 time sec 1590975646 usec 32075
src frame 62.0 time sec 1590975646 usec 32159
    Interpolator time 36099 usec
    getNextFrame 62.1 time 7197 usec
add frame 62.1 time sec 1590975646 usec 81536
src frame 63.0 time sec 1590975646 usec 81549
    Interpolator time 34802 usec
    getNextFrame 63.1 time 7768 usec
add frame 63.1 time sec 1590975646 usec 129583
src frame 64.0 time sec 1590975646 usec 129598
    Interpolator time 38087 usec
    getNextFrame 64.1 time 7818 usec
add frame 64.1 time sec 1590975646 usec 180042
src frame 65.0 time sec 1590975646 usec 180053
    Interpolator time 38443 usec
    getNextFrame 65.1 time 7711 usec
add frame 65.1 time sec 1590975646 usec 230901
src frame 66.0 time sec 1590975646 usec 230912
    Interpolator time 35586 usec
    getNextFrame 66.1 time 7299 usec
add frame 66.1 time sec 1590975646 usec 277720
src frame 67.0 time sec 1590975646 usec 277733
    Interpolator time 35783 usec
    getNextFrame 67.1 time 7446 usec
add frame 67.1 time sec 1590975646 usec 326432
src frame 68.0 time sec 1590975646 usec 326510
    Interpolator time 35049 usec
    getNextFrame 68.1 time 7341 usec
add frame 68.1 time sec 1590975646 usec 378942
src frame 69.0 time sec 1590975646 usec 378955
    Interpolator time 35356 usec
    getNextFrame 69.1 time 7866 usec
add frame 69.1 time sec 1590975646 usec 426932
src frame 70.0 time sec 1590975646 usec 426944
    Interpolator time 35311 usec
    getNextFrame 70.1 time 7750 usec
add frame 70.1 time sec 1590975646 usec 476930
src frame 71.0 time sec 1590975646 usec 476946
    Interpolator time 34682 usec
    getNextFrame 71.1 time 7541 usec
add frame 71.1 time sec 1590975646 usec 525887
src frame 72.0 time sec 1590975646 usec 525978
    Interpolator time 35585 usec
    getNextFrame 72.1 time 7373 usec
add frame 72.1 time sec 1590975646 usec 575846
src frame 73.0 time sec 1590975646 usec 575933
    Interpolator time 34944 usec
    getNextFrame 73.1 time 7947 usec
add frame 73.1 time sec 1590975646 usec 625867
src frame 74.0 time sec 1590975646 usec 625960
    Interpolator time 34644 usec
    getNextFrame 74.1 time 7434 usec
add frame 74.1 time sec 1590975646 usec 674253
src frame 75.0 time sec 1590975646 usec 674351
    Interpolator time 36053 usec
    getNextFrame 75.1 time 8510 usec
add frame 75.1 time sec 1590975646 usec 730934
src frame 76.0 time sec 1590975646 usec 730966
    Interpolator time 41879 usec
    getNextFrame 76.1 time 8813 usec
add frame 76.1 time sec 1590975646 usec 786651
src frame 77.0 time sec 1590975646 usec 786665
    Interpolator time 38720 usec
    getNextFrame 77.1 time 7557 usec
add frame 77.1 time sec 1590975646 usec 835874
src frame 78.0 time sec 1590975646 usec 835952
    Interpolator time 35841 usec
    getNextFrame 78.1 time 7477 usec
add frame 78.1 time sec 1590975646 usec 881120
src frame 79.0 time sec 1590975646 usec 881135
    Interpolator time 34809 usec
    getNextFrame 79.1 time 7366 usec
add frame 79.1 time sec 1590975646 usec 925585
src frame 80.0 time sec 1590975646 usec 925670
    Interpolator time 34951 usec
    getNextFrame 80.1 time 7487 usec
add frame 80.1 time sec 1590975646 usec 975656
src frame 81.0 time sec 1590975646 usec 975702
    Interpolator time 35499 usec
    getNextFrame 81.1 time 7974 usec
add frame 81.1 time sec 1590975647 usec 30417
src frame 82.0 time sec 1590975647 usec 30494
    Interpolator time 34354 usec
    getNextFrame 82.1 time 7342 usec
add frame 82.1 time sec 1590975647 usec 76252
src frame 83.0 time sec 1590975647 usec 76330
    Interpolator time 34000 usec
    getNextFrame 83.1 time 7391 usec
add frame 83.1 time sec 1590975647 usec 125708
src frame 84.0 time sec 1590975647 usec 125793
    Interpolator time 33744 usec
    getNextFrame 84.1 time 7349 usec
add frame 84.1 time sec 1590975647 usec 173428
src frame 85.0 time sec 1590975647 usec 173521
    Interpolator time 33811 usec
    getNextFrame 85.1 time 7300 usec
add frame 85.1 time sec 1590975647 usec 223133
src frame 86.0 time sec 1590975647 usec 223228
    Interpolator time 36589 usec
    getNextFrame 86.1 time 7304 usec
add frame 86.1 time sec 1590975647 usec 277064
src frame 87.0 time sec 1590975647 usec 277079
    Interpolator time 34738 usec
    getNextFrame 87.1 time 7429 usec
add frame 87.1 time sec 1590975647 usec 326100
src frame 88.0 time sec 1590975647 usec 326112
    Interpolator time 34852 usec
    getNextFrame 88.1 time 7595 usec
add frame 88.1 time sec 1590975647 usec 376342
src frame 89.0 time sec 1590975647 usec 376356
    Interpolator time 35184 usec
    getNextFrame 89.1 time 7684 usec
add frame 89.1 time sec 1590975647 usec 426559
src frame 90.0 time sec 1590975647 usec 426573
    Interpolator time 33757 usec
    getNextFrame 90.1 time 7820 usec
add frame 90.1 time sec 1590975647 usec 476646
src frame 91.0 time sec 1590975647 usec 476658
    Interpolator time 33915 usec
    getNextFrame 91.1 time 7358 usec
add frame 91.1 time sec 1590975647 usec 525686
src frame 92.0 time sec 1590975647 usec 525700
    Interpolator time 35009 usec
    getNextFrame 92.1 time 7283 usec
add frame 92.1 time sec 1590975647 usec 575345
src frame 93.0 time sec 1590975647 usec 575358
    Interpolator time 34645 usec
    getNextFrame 93.1 time 7300 usec
add frame 93.1 time sec 1590975647 usec 624477
src frame 94.0 time sec 1590975647 usec 624496
    Interpolator time 34287 usec
    getNextFrame 94.1 time 7246 usec
add frame 94.1 time sec 1590975647 usec 676381
src frame 95.0 time sec 1590975647 usec 676466
    Interpolator time 33742 usec
    getNextFrame 95.1 time 7539 usec
add frame 95.1 time sec 1590975647 usec 724393
src frame 96.0 time sec 1590975647 usec 724478
    Interpolator time 33895 usec
    getNextFrame 96.1 time 7479 usec
add frame 96.1 time sec 1590975647 usec 774398
src frame 97.0 time sec 1590975647 usec 774417
    Interpolator time 34116 usec
    getNextFrame 97.1 time 7470 usec
add frame 97.1 time sec 1590975647 usec 823988
src frame 98.0 time sec 1590975647 usec 824072
    Interpolator time 33522 usec
    getNextFrame 98.1 time 7283 usec
add frame 98.1 time sec 1590975647 usec 874305
src frame 99.0 time sec 1590975647 usec 874399
    Interpolator time 34118 usec
    getNextFrame 99.1 time 7266 usec
add frame 99.1 time sec 1590975647 usec 923671
src frame 100.0 time sec 1590975647 usec 923721
    Interpolator time 34622 usec
    getNextFrame 100.1 time 7410 usec
add frame 100.1 time sec 1590975647 usec 974403
src frame 101.0 time sec 1590975647 usec 974447
    Interpolator time 37860 usec
    getNextFrame 101.1 time 7508 usec
add frame 101.1 time sec 1590975648 usec 29294
src frame 102.0 time sec 1590975648 usec 29387
    Interpolator time 34995 usec
    getNextFrame 102.1 time 7790 usec
add frame 102.1 time sec 1590975648 usec 77727
src frame 103.0 time sec 1590975648 usec 77816
    Interpolator time 34605 usec
    getNextFrame 103.1 time 8007 usec
add frame 103.1 time sec 1590975648 usec 126186
src frame 104.0 time sec 1590975648 usec 126273
    Interpolator time 33966 usec
    getNextFrame 104.1 time 7402 usec
add frame 104.1 time sec 1590975648 usec 173992
src frame 105.0 time sec 1590975648 usec 174077
    Interpolator time 34357 usec
    getNextFrame 105.1 time 7487 usec
add frame 105.1 time sec 1590975648 usec 224557
src frame 106.0 time sec 1590975648 usec 224646
    Interpolator time 33907 usec
    getNextFrame 106.1 time 7398 usec
add frame 106.1 time sec 1590975648 usec 274158
src frame 107.0 time sec 1590975648 usec 274242
    Interpolator time 33823 usec
    getNextFrame 107.1 time 7318 usec
add frame 107.1 time sec 1590975648 usec 323962
src frame 108.0 time sec 1590975648 usec 324046
    Interpolator time 34119 usec
    getNextFrame 108.1 time 7277 usec
add frame 108.1 time sec 1590975648 usec 374102
src frame 109.0 time sec 1590975648 usec 374196
    Interpolator time 35117 usec
    getNextFrame 109.1 time 7367 usec
add frame 109.1 time sec 1590975648 usec 425156
src frame 110.0 time sec 1590975648 usec 425241
    Interpolator time 33483 usec
    getNextFrame 110.1 time 7302 usec
add frame 110.1 time sec 1590975648 usec 473984
src frame 111.0 time sec 1590975648 usec 474084
    Interpolator time 34254 usec
    getNextFrame 111.1 time 7331 usec
add frame 111.1 time sec 1590975648 usec 524204
src frame 112.0 time sec 1590975648 usec 524282
    Interpolator time 34370 usec
    getNextFrame 112.1 time 7286 usec
add frame 112.1 time sec 1590975648 usec 573938
src frame 113.0 time sec 1590975648 usec 574033
    Interpolator time 34212 usec
    getNextFrame 113.1 time 7470 usec
add frame 113.1 time sec 1590975648 usec 624288
src frame 114.0 time sec 1590975648 usec 624303
    Interpolator time 34012 usec
    getNextFrame 114.1 time 7493 usec
add frame 114.1 time sec 1590975648 usec 674444
src frame 115.0 time sec 1590975648 usec 674458
    Interpolator time 33784 usec
    getNextFrame 115.1 time 7607 usec
add frame 115.1 time sec 1590975648 usec 724067
src frame 116.0 time sec 1590975648 usec 724079
    Interpolator time 33820 usec
    getNextFrame 116.1 time 7552 usec
add frame 116.1 time sec 1590975648 usec 773805
src frame 117.0 time sec 1590975648 usec 773819
    Interpolator time 34318 usec
    getNextFrame 117.1 time 7635 usec
add frame 117.1 time sec 1590975648 usec 824264
src frame 118.0 time sec 1590975648 usec 824277
    Interpolator time 33948 usec
    getNextFrame 118.1 time 7312 usec
add frame 118.1 time sec 1590975648 usec 874082
src frame 119.0 time sec 1590975648 usec 874173
    Interpolator time 34539 usec
    getNextFrame 119.1 time 7341 usec
add frame 119.1 time sec 1590975648 usec 924546
src frame 120.0 time sec 1590975648 usec 924632
    Interpolator time 34603 usec
    getNextFrame 120.1 time 7419 usec
add frame 120.1 time sec 1590975648 usec 974499
src frame 121.0 time sec 1590975648 usec 974592
    Interpolator time 35524 usec
    getNextFrame 121.1 time 7381 usec
add frame 121.1 time sec 1590975649 usec 25804
src frame 122.0 time sec 1590975649 usec 25893
    Interpolator time 35077 usec
    getNextFrame 122.1 time 7727 usec
add frame 122.1 time sec 1590975649 usec 74235
src frame 123.0 time sec 1590975649 usec 74319
    Interpolator time 35008 usec
    getNextFrame 123.1 time 7499 usec
add frame 123.1 time sec 1590975649 usec 125521
src frame 124.0 time sec 1590975649 usec 125534
    Interpolator time 34217 usec
    getNextFrame 124.1 time 7496 usec
add frame 124.1 time sec 1590975649 usec 174811
src frame 125.0 time sec 1590975649 usec 174854
    Interpolator time 34046 usec
    getNextFrame 125.1 time 7780 usec
add frame 125.1 time sec 1590975649 usec 225156
src frame 126.0 time sec 1590975649 usec 225232
    Interpolator time 35967 usec
    getNextFrame 126.1 time 7837 usec
add frame 126.1 time sec 1590975649 usec 277021
src frame 127.0 time sec 1590975649 usec 277109
    Interpolator time 35425 usec
    getNextFrame 127.1 time 12822 usec
add frame 127.1 time sec 1590975649 usec 332043
src frame 128.0 time sec 1590975649 usec 332095
    Interpolator time 34287 usec
    getNextFrame 128.1 time 7266 usec
add frame 128.1 time sec 1590975649 usec 380779
src frame 129.0 time sec 1590975649 usec 380791
    Interpolator time 34152 usec
    getNextFrame 129.1 time 7416 usec
add frame 129.1 time sec 1590975649 usec 429189
src frame 130.0 time sec 1590975649 usec 429201
    Interpolator time 34676 usec
    getNextFrame 130.1 time 7305 usec
add frame 130.1 time sec 1590975649 usec 475948
src frame 131.0 time sec 1590975649 usec 476034
    Interpolator time 34455 usec
    getNextFrame 131.1 time 7289 usec
add frame 131.1 time sec 1590975649 usec 526482
src frame 132.0 time sec 1590975649 usec 526559
    Interpolator time 34114 usec
    getNextFrame 132.1 time 7319 usec
add frame 132.1 time sec 1590975649 usec 573801
src frame 133.0 time sec 1590975649 usec 573895
    Interpolator time 36529 usec
    getNextFrame 133.1 time 7318 usec
add frame 133.1 time sec 1590975649 usec 625487
src frame 134.0 time sec 1590975649 usec 625500
    Interpolator time 33811 usec
    getNextFrame 134.1 time 7280 usec
add frame 134.1 time sec 1590975649 usec 673728
src frame 135.0 time sec 1590975649 usec 673741
    Interpolator time 37128 usec
    getNextFrame 135.1 time 12963 usec
add frame 135.1 time sec 1590975649 usec 735059
src frame 136.0 time sec 1590975649 usec 735076
    Interpolator time 37012 usec
    getNextFrame 136.1 time 7423 usec
add frame 136.1 time sec 1590975649 usec 784877
src frame 137.0 time sec 1590975649 usec 784969
    Interpolator time 36831 usec
    getNextFrame 137.1 time 7754 usec
add frame 137.1 time sec 1590975649 usec 831506
src frame 138.0 time sec 1590975649 usec 831599
    Interpolator time 35706 usec
    getNextFrame 138.1 time 7318 usec
add frame 138.1 time sec 1590975649 usec 876991
src frame 139.0 time sec 1590975649 usec 877086
    Interpolator time 37326 usec
    getNextFrame 139.1 time 12911 usec
add frame 139.1 time sec 1590975649 usec 933181
src frame 140.0 time sec 1590975649 usec 933221
    Interpolator time 36573 usec
    getNextFrame 140.1 time 12443 usec
add frame 140.1 time sec 1590975649 usec 988553
src frame 141.0 time sec 1590975649 usec 988639
    Interpolator time 36952 usec
    getNextFrame 141.1 time 8039 usec
add frame 141.1 time sec 1590975650 usec 36575
src frame 142.0 time sec 1590975650 usec 36663
    Interpolator time 36072 usec
    getNextFrame 142.1 time 7634 usec
add frame 142.1 time sec 1590975650 usec 82277
src frame 143.0 time sec 1590975650 usec 82378
    Interpolator time 36078 usec
    getNextFrame 143.1 time 7712 usec
add frame 143.1 time sec 1590975650 usec 128073
src frame 144.0 time sec 1590975650 usec 128090
    Interpolator time 35576 usec
    getNextFrame 144.1 time 7604 usec
add frame 144.1 time sec 1590975650 usec 178070
src frame 145.0 time sec 1590975650 usec 178086
    Interpolator time 36549 usec
    getNextFrame 145.1 time 7961 usec
add frame 145.1 time sec 1590975650 usec 230742
src frame 146.0 time sec 1590975650 usec 230761
    Interpolator time 32797 usec
    getNextFrame 146.1 time 7234 usec
add frame 146.1 time sec 1590975650 usec 276100
src frame 147.0 time sec 1590975650 usec 276186
    Interpolator time 35389 usec
    getNextFrame 147.1 time 7153 usec
add frame 147.1 time sec 1590975650 usec 325828
src frame 148.0 time sec 1590975650 usec 325880
    Interpolator time 32032 usec
    getNextFrame 148.1 time 7523 usec
add frame 148.1 time sec 1590975650 usec 373931
src frame 149.0 time sec 1590975650 usec 374015
    Interpolator time 31486 usec
    getNextFrame 149.1 time 8074 usec
add frame 149.1 time sec 1590975650 usec 421472
src frame 150.0 time sec 1590975650 usec 421521
    Interpolator time 31119 usec
    getNextFrame 150.1 time 7665 usec
add frame 150.1 time sec 1590975650 usec 470190
src frame 151.0 time sec 1590975650 usec 470288
    Interpolator time 31520 usec
    getNextFrame 151.1 time 7573 usec
add frame 151.1 time sec 1590975650 usec 522492
src frame 152.0 time sec 1590975650 usec 522576
    Interpolator time 32872 usec
    getNextFrame 152.1 time 7465 usec
add frame 152.1 time sec 1590975650 usec 571037
src frame 153.0 time sec 1590975650 usec 571087
    Interpolator time 34187 usec
    getNextFrame 153.1 time 7476 usec
add frame 153.1 time sec 1590975650 usec 622343
src frame 154.0 time sec 1590975650 usec 622429
    Interpolator time 30152 usec
    getNextFrame 154.1 time 7500 usec
add frame 154.1 time sec 1590975650 usec 668266
src frame 155.0 time sec 1590975650 usec 668285
    Interpolator time 32540 usec
    getNextFrame 155.1 time 7469 usec
add frame 155.1 time sec 1590975650 usec 725329
src frame 156.0 time sec 1590975650 usec 725397
    Interpolator time 32876 usec
    getNextFrame 156.1 time 7425 usec
add frame 156.1 time sec 1590975650 usec 773698
src frame 157.0 time sec 1590975650 usec 773805
    Interpolator time 32599 usec
    getNextFrame 157.1 time 7438 usec
add frame 157.1 time sec 1590975650 usec 823645
src frame 158.0 time sec 1590975650 usec 823702
    Interpolator time 30475 usec
    getNextFrame 158.1 time 7503 usec
add frame 158.1 time sec 1590975650 usec 869543
src frame 159.0 time sec 1590975650 usec 869627
    Interpolator time 33956 usec
    getNextFrame 159.1 time 7172 usec
add frame 159.1 time sec 1590975650 usec 922156
src frame 160.0 time sec 1590975650 usec 922243
    Interpolator time 30244 usec
    getNextFrame 160.1 time 7794 usec
add frame 160.1 time sec 1590975650 usec 968942
src frame 161.0 time sec 1590975650 usec 968954
    Interpolator time 32284 usec
    getNextFrame 161.1 time 7420 usec
add frame 161.1 time sec 1590975651 usec 22006
src frame 162.0 time sec 1590975651 usec 22017
    Interpolator time 32405 usec
    getNextFrame 162.1 time 7908 usec
add frame 162.1 time sec 1590975651 usec 73043
src frame 163.0 time sec 1590975651 usec 73057
    Interpolator time 31676 usec
    getNextFrame 163.1 time 7441 usec
add frame 163.1 time sec 1590975651 usec 121559
src frame 164.0 time sec 1590975651 usec 121572
    Interpolator time 32667 usec
    getNextFrame 164.1 time 7973 usec
add frame 164.1 time sec 1590975651 usec 172679
src frame 165.0 time sec 1590975651 usec 172690
    Interpolator time 32463 usec
    getNextFrame 165.1 time 7550 usec
add frame 165.1 time sec 1590975651 usec 221905
src frame 166.0 time sec 1590975651 usec 221919
    Interpolator time 31511 usec
    getNextFrame 166.1 time 7233 usec
add frame 166.1 time sec 1590975651 usec 271168
src frame 167.0 time sec 1590975651 usec 271181
    Interpolator time 34760 usec
    getNextFrame 167.1 time 7096 usec
add frame 167.1 time sec 1590975651 usec 323674
src frame 168.0 time sec 1590975651 usec 323686
    Interpolator time 31150 usec
    getNextFrame 168.1 time 7710 usec
add frame 168.1 time sec 1590975651 usec 371277
src frame 169.0 time sec 1590975651 usec 371290
    Interpolator time 33810 usec
    getNextFrame 169.1 time 7782 usec
add frame 169.1 time sec 1590975651 usec 423165
src frame 170.0 time sec 1590975651 usec 423178
    Interpolator time 32126 usec
    getNextFrame 170.1 time 8072 usec
add frame 170.1 time sec 1590975651 usec 471741
src frame 171.0 time sec 1590975651 usec 471754
    Interpolator time 31260 usec
    getNextFrame 171.1 time 7179 usec
add frame 171.1 time sec 1590975651 usec 520331
src frame 172.0 time sec 1590975651 usec 520343
    Interpolator time 31149 usec
    getNextFrame 172.1 time 7310 usec
add frame 172.1 time sec 1590975651 usec 569839
src frame 173.0 time sec 1590975651 usec 569851
    Interpolator time 33758 usec
    getNextFrame 173.1 time 7170 usec
add frame 173.1 time sec 1590975651 usec 622901
src frame 174.0 time sec 1590975651 usec 622929
    Interpolator time 30939 usec
    getNextFrame 174.1 time 7268 usec
add frame 174.1 time sec 1590975651 usec 670448
src frame 175.0 time sec 1590975651 usec 670462
    Interpolator time 35332 usec
    getNextFrame 175.1 time 7446 usec
add frame 175.1 time sec 1590975651 usec 724834
src frame 176.0 time sec 1590975651 usec 724927
    Interpolator time 32471 usec
    getNextFrame 176.1 time 7739 usec
add frame 176.1 time sec 1590975651 usec 771866
src frame 177.0 time sec 1590975651 usec 771879
    Interpolator time 32781 usec
    getNextFrame 177.1 time 7664 usec
add frame 177.1 time sec 1590975651 usec 821512
src frame 178.0 time sec 1590975651 usec 821575
    Interpolator time 31346 usec
    getNextFrame 178.1 time 7426 usec
add frame 178.1 time sec 1590975651 usec 870548
src frame 179.0 time sec 1590975651 usec 870647
    Interpolator time 32456 usec
    getNextFrame 179.1 time 7167 usec
add frame 179.1 time sec 1590975651 usec 921238
src frame 180.0 time sec 1590975651 usec 921325
    Interpolator time 30461 usec
    getNextFrame 180.1 time 7321 usec
add frame 180.1 time sec 1590975651 usec 968614
src frame 181.0 time sec 1590975651 usec 968698
    Interpolator time 30633 usec
    getNextFrame 181.1 time 7342 usec
add frame 181.1 time sec 1590975652 usec 18678
src frame 182.0 time sec 1590975652 usec 18762
    Interpolator time 30054 usec
    getNextFrame 182.1 time 7480 usec
add frame 182.1 time sec 1590975652 usec 68790
src frame 183.0 time sec 1590975652 usec 68868
    Interpolator time 31410 usec
    getNextFrame 183.1 time 7225 usec
add frame 183.1 time sec 1590975652 usec 119224
src frame 184.0 time sec 1590975652 usec 119310
    Interpolator time 29986 usec
    getNextFrame 184.1 time 7439 usec
add frame 184.1 time sec 1590975652 usec 168478
src frame 185.0 time sec 1590975652 usec 168564
    Interpolator time 32978 usec
    getNextFrame 185.1 time 7478 usec
add frame 185.1 time sec 1590975652 usec 222015
src frame 186.0 time sec 1590975652 usec 222100
    Interpolator time 30874 usec
    getNextFrame 186.1 time 7317 usec
add frame 186.1 time sec 1590975652 usec 270501
src frame 187.0 time sec 1590975652 usec 270599
    Interpolator time 33688 usec
    getNextFrame 187.1 time 7184 usec
add frame 187.1 time sec 1590975652 usec 322661
src frame 188.0 time sec 1590975652 usec 322745
    Interpolator time 32427 usec
    getNextFrame 188.1 time 7776 usec
add frame 188.1 time sec 1590975652 usec 372115
src frame 189.0 time sec 1590975652 usec 372216
    Interpolator time 33965 usec
    getNextFrame 189.1 time 7541 usec
add frame 189.1 time sec 1590975652 usec 422723
src frame 190.0 time sec 1590975652 usec 422809
    Interpolator time 32581 usec
    getNextFrame 190.1 time 7537 usec
add frame 190.1 time sec 1590975652 usec 471522
src frame 191.0 time sec 1590975652 usec 471577
    Interpolator time 30562 usec
    getNextFrame 191.1 time 7569 usec
add frame 191.1 time sec 1590975652 usec 523999
src frame 192.0 time sec 1590975652 usec 524092
    Interpolator time 31080 usec
    getNextFrame 192.1 time 7269 usec
add frame 192.1 time sec 1590975652 usec 570798
src frame 193.0 time sec 1590975652 usec 570889
    Interpolator time 30683 usec
    getNextFrame 193.1 time 7410 usec
add frame 193.1 time sec 1590975652 usec 619922
src frame 194.0 time sec 1590975652 usec 620021
    Interpolator time 30926 usec
    getNextFrame 194.1 time 7519 usec
add frame 194.1 time sec 1590975652 usec 669281
src frame 195.0 time sec 1590975652 usec 669371
    Interpolator time 31660 usec
    getNextFrame 195.1 time 7637 usec
add frame 195.1 time sec 1590975652 usec 721097
src frame 196.0 time sec 1590975652 usec 721181
    Interpolator time 30635 usec
    getNextFrame 196.1 time 7675 usec
add frame 196.1 time sec 1590975652 usec 769279
src frame 197.0 time sec 1590975652 usec 769377
    Interpolator time 30858 usec
    getNextFrame 197.1 time 7378 usec
add frame 197.1 time sec 1590975652 usec 818921
src frame 198.0 time sec 1590975652 usec 819005
    Interpolator time 31728 usec
    getNextFrame 198.1 time 8598 usec
add frame 198.1 time sec 1590975652 usec 871296
src frame 199.0 time sec 1590975652 usec 871340
    Interpolator time 31178 usec
    getNextFrame 199.1 time 7857 usec
add frame 199.1 time sec 1590975652 usec 919822
src frame 200.0 time sec 1590975652 usec 919913
    Interpolator time 48589 usec
    getNextFrame 200.1 time 9767 usec
add frame 200.1 time sec 1590975652 usec 992813
src frame 201.0 time sec 1590975652 usec 992900
    Interpolator time 39271 usec
    getNextFrame 201.1 time 10094 usec
add frame 201.1 time sec 1590975653 usec 44490
src frame 202.0 time sec 1590975653 usec 44569
    Interpolator time 38728 usec
    getNextFrame 202.1 time 9714 usec
add frame 202.1 time sec 1590975653 usec 94802
src frame 203.0 time sec 1590975653 usec 94900
    Interpolator time 41211 usec
    getNextFrame 203.1 time 8352 usec
add frame 203.1 time sec 1590975653 usec 146329
src frame 204.0 time sec 1590975653 usec 146434
    Interpolator time 39725 usec
    getNextFrame 204.1 time 7642 usec
add frame 204.1 time sec 1590975653 usec 195763
src frame 205.0 time sec 1590975653 usec 195775
    Interpolator time 34432 usec
    getNextFrame 205.1 time 7417 usec
add frame 205.1 time sec 1590975653 usec 240446
src frame 206.0 time sec 1590975653 usec 240460
    Interpolator time 35159 usec
    getNextFrame 206.1 time 7447 usec
add frame 206.1 time sec 1590975653 usec 285829
src frame 207.0 time sec 1590975653 usec 285840
    Interpolator time 32816 usec
    getNextFrame 207.1 time 7170 usec
add frame 207.1 time sec 1590975653 usec 328507
src frame 208.0 time sec 1590975653 usec 328590
    Interpolator time 31182 usec
    getNextFrame 208.1 time 7373 usec
add frame 208.1 time sec 1590975653 usec 371411
src frame 209.0 time sec 1590975653 usec 371425
    Interpolator time 31288 usec
    getNextFrame 209.1 time 7666 usec
add frame 209.1 time sec 1590975653 usec 424353
src frame 210.0 time sec 1590975653 usec 424418
    Interpolator time 31470 usec
    getNextFrame 210.1 time 7473 usec
add frame 210.1 time sec 1590975653 usec 474144
src frame 211.0 time sec 1590975653 usec 474157
    Interpolator time 31150 usec
    getNextFrame 211.1 time 7678 usec
add frame 211.1 time sec 1590975653 usec 521053
src frame 212.0 time sec 1590975653 usec 521136
    Interpolator time 31237 usec
    getNextFrame 212.1 time 7290 usec
add frame 212.1 time sec 1590975653 usec 569786
src frame 213.0 time sec 1590975653 usec 569871
    Interpolator time 31231 usec
    getNextFrame 213.1 time 7208 usec
add frame 213.1 time sec 1590975653 usec 619508
src frame 214.0 time sec 1590975653 usec 619589
    Interpolator time 31253 usec
    getNextFrame 214.1 time 7367 usec
add frame 214.1 time sec 1590975653 usec 669370
src frame 215.0 time sec 1590975653 usec 669457
    Interpolator time 30987 usec
    getNextFrame 215.1 time 7075 usec
add frame 215.1 time sec 1590975653 usec 719224
src frame 216.0 time sec 1590975653 usec 719316
    Interpolator time 30568 usec
    getNextFrame 216.1 time 7534 usec
add frame 216.1 time sec 1590975653 usec 768776
src frame 217.0 time sec 1590975653 usec 768856
    Interpolator time 30825 usec
    getNextFrame 217.1 time 7487 usec
add frame 217.1 time sec 1590975653 usec 818896
src frame 218.0 time sec 1590975653 usec 818979
    Interpolator time 30710 usec
    getNextFrame 218.1 time 7654 usec
add frame 218.1 time sec 1590975653 usec 868983
src frame 219.0 time sec 1590975653 usec 869075
    Interpolator time 34303 usec
    getNextFrame 219.1 time 7719 usec
add frame 219.1 time sec 1590975653 usec 922721
src frame 220.0 time sec 1590975653 usec 922740
    Interpolator time 32072 usec
    getNextFrame 220.1 time 7350 usec
add frame 220.1 time sec 1590975653 usec 970715
src frame 221.0 time sec 1590975653 usec 970801
    Interpolator time 32163 usec
    getNextFrame 221.1 time 7673 usec
add frame 221.1 time sec 1590975654 usec 21001
src frame 222.0 time sec 1590975654 usec 21127
    Interpolator time 31980 usec
    getNextFrame 222.1 time 7391 usec
add frame 222.1 time sec 1590975654 usec 71415
src frame 223.0 time sec 1590975654 usec 71456
    Interpolator time 31847 usec
    getNextFrame 223.1 time 8144 usec
add frame 223.1 time sec 1590975654 usec 122187
src frame 224.0 time sec 1590975654 usec 122271
    Interpolator time 32008 usec
    getNextFrame 224.1 time 7623 usec
add frame 224.1 time sec 1590975654 usec 171615
src frame 225.0 time sec 1590975654 usec 171652
    Interpolator time 32457 usec
    getNextFrame 225.1 time 7632 usec
add frame 225.1 time sec 1590975654 usec 220955
src frame 226.0 time sec 1590975654 usec 221054
    Interpolator time 31565 usec
    getNextFrame 226.1 time 7538 usec
add frame 226.1 time sec 1590975654 usec 270444
src frame 227.0 time sec 1590975654 usec 270544
    Interpolator time 30456 usec
    getNextFrame 227.1 time 7427 usec
add frame 227.1 time sec 1590975654 usec 319898
src frame 228.0 time sec 1590975654 usec 320012
    Interpolator time 30182 usec
    getNextFrame 228.1 time 7310 usec
add frame 228.1 time sec 1590975654 usec 369067
src frame 229.0 time sec 1590975654 usec 369142
    Interpolator time 30346 usec
    getNextFrame 229.1 time 7202 usec
add frame 229.1 time sec 1590975654 usec 418382
src frame 230.0 time sec 1590975654 usec 418394
    Interpolator time 32306 usec
    getNextFrame 230.1 time 7196 usec
add frame 230.1 time sec 1590975654 usec 469793
src frame 231.0 time sec 1590975654 usec 469806
    Interpolator time 29818 usec
    getNextFrame 231.1 time 7189 usec
add frame 231.1 time sec 1590975654 usec 517644
src frame 232.0 time sec 1590975654 usec 517655
    Interpolator time 29789 usec
    getNextFrame 232.1 time 7188 usec
add frame 232.1 time sec 1590975654 usec 566881
src frame 233.0 time sec 1590975654 usec 566893
    Interpolator time 31441 usec
    getNextFrame 233.1 time 7183 usec
add frame 233.1 time sec 1590975654 usec 618425
src frame 234.0 time sec 1590975654 usec 618437
    Interpolator time 32543 usec
    getNextFrame 234.1 time 7189 usec
add frame 234.1 time sec 1590975654 usec 671315
src frame 235.0 time sec 1590975654 usec 671327
    Interpolator time 31599 usec
    getNextFrame 235.1 time 7130 usec
add frame 235.1 time sec 1590975654 usec 720465
src frame 236.0 time sec 1590975654 usec 720478
    Interpolator time 32323 usec
    getNextFrame 236.1 time 7354 usec
add frame 236.1 time sec 1590975654 usec 770607
src frame 237.0 time sec 1590975654 usec 770621
    Interpolator time 30691 usec
    getNextFrame 237.1 time 7520 usec
add frame 237.1 time sec 1590975654 usec 819361
src frame 238.0 time sec 1590975654 usec 819373
    Interpolator time 30482 usec
    getNextFrame 238.1 time 7678 usec
add frame 238.1 time sec 1590975654 usec 868985
src frame 239.0 time sec 1590975654 usec 869001
    Interpolator time 33892 usec
    getNextFrame 239.1 time 7644 usec
add frame 239.1 time sec 1590975654 usec 922674
src frame 240.0 time sec 1590975654 usec 922687
    Interpolator time 31206 usec
    getNextFrame 240.1 time 7290 usec
add frame 240.1 time sec 1590975654 usec 969470
src frame 241.0 time sec 1590975654 usec 969483
    Interpolator time 32485 usec
    getNextFrame 241.1 time 7218 usec
add frame 241.1 time sec 1590975655 usec 20983
src frame 242.0 time sec 1590975655 usec 20995
    Interpolator time 30709 usec
    getNextFrame 242.1 time 7406 usec
add frame 242.1 time sec 1590975655 usec 69631
src frame 243.0 time sec 1590975655 usec 69645
    Interpolator time 30171 usec
    getNextFrame 243.1 time 7511 usec
add frame 243.1 time sec 1590975655 usec 119329
src frame 244.0 time sec 1590975655 usec 119417
    Interpolator time 33374 usec
    getNextFrame 244.1 time 7233 usec
add frame 244.1 time sec 1590975655 usec 172097
src frame 245.0 time sec 1590975655 usec 172185
    Interpolator time 33489 usec
    getNextFrame 245.1 time 7567 usec
add frame 245.1 time sec 1590975655 usec 222059
src frame 246.0 time sec 1590975655 usec 222147
    Interpolator time 31597 usec
    getNextFrame 246.1 time 7546 usec
add frame 246.1 time sec 1590975655 usec 270396
src frame 247.0 time sec 1590975655 usec 270482
    Interpolator time 35130 usec
    getNextFrame 247.1 time 8056 usec
add frame 247.1 time sec 1590975655 usec 324497
src frame 248.0 time sec 1590975655 usec 324597
    Interpolator time 31552 usec
    getNextFrame 248.1 time 7160 usec
add frame 248.1 time sec 1590975655 usec 370237
src frame 249.0 time sec 1590975655 usec 370278
    Interpolator time 36989 usec
    getNextFrame 249.1 time 7436 usec
add frame 249.1 time sec 1590975655 usec 427722
src frame 250.0 time sec 1590975655 usec 427833
    Interpolator time 31826 usec
    getNextFrame 250.1 time 7208 usec
add frame 250.1 time sec 1590975655 usec 472230
src frame 251.0 time sec 1590975655 usec 472307
    Interpolator time 32193 usec
    getNextFrame 251.1 time 7522 usec
add frame 251.1 time sec 1590975655 usec 521568
src frame 252.0 time sec 1590975655 usec 521586
    Interpolator time 30092 usec
    getNextFrame 252.1 time 7440 usec
add frame 252.1 time sec 1590975655 usec 572920
src frame 253.0 time sec 1590975655 usec 572935
    Interpolator time 30825 usec
    getNextFrame 253.1 time 12091 usec
add frame 253.1 time sec 1590975655 usec 627264
src frame 254.0 time sec 1590975655 usec 627315
    Interpolator time 31096 usec
    getNextFrame 254.1 time 12048 usec
add frame 254.1 time sec 1590975655 usec 679929
src frame 255.0 time sec 1590975655 usec 679980
    Interpolator time 31558 usec
    getNextFrame 255.1 time 12188 usec
add frame 255.1 time sec 1590975655 usec 731276
src frame 256.0 time sec 1590975655 usec 731329
    Interpolator time 33036 usec
    getNextFrame 256.1 time 12474 usec
add frame 256.1 time sec 1590975655 usec 783573
src frame 257.0 time sec 1590975655 usec 783629
    Interpolator time 34385 usec
    getNextFrame 257.1 time 12477 usec
add frame 257.1 time sec 1590975655 usec 835851
src frame 258.0 time sec 1590975655 usec 835906
    Interpolator time 34005 usec
    getNextFrame 258.1 time 13675 usec
add frame 258.1 time sec 1590975655 usec 887824
src frame 259.0 time sec 1590975655 usec 887834
    Interpolator time 34477 usec
    getNextFrame 259.1 time 7814 usec
add frame 259.1 time sec 1590975655 usec 934966
src frame 260.0 time sec 1590975655 usec 934979
    Interpolator time 34169 usec
    getNextFrame 260.1 time 7369 usec
add frame 260.1 time sec 1590975655 usec 979488
src frame 261.0 time sec 1590975655 usec 979500
    Interpolator time 33551 usec
    getNextFrame 261.1 time 7618 usec
add frame 261.1 time sec 1590975656 usec 24993
src frame 262.0 time sec 1590975656 usec 25035
    Interpolator time 31945 usec
    getNextFrame 262.1 time 7254 usec
add frame 262.1 time sec 1590975656 usec 71616
src frame 263.0 time sec 1590975656 usec 71658
    Interpolator time 32139 usec
    getNextFrame 263.1 time 7181 usec
add frame 263.1 time sec 1590975656 usec 121830
src frame 264.0 time sec 1590975656 usec 121917
    Interpolator time 33876 usec
    getNextFrame 264.1 time 8123 usec
add frame 264.1 time sec 1590975656 usec 173085
src frame 265.0 time sec 1590975656 usec 173170
    Interpolator time 31670 usec
    getNextFrame 265.1 time 7706 usec
add frame 265.1 time sec 1590975656 usec 221549
src frame 266.0 time sec 1590975656 usec 221592
    Interpolator time 33194 usec
    getNextFrame 266.1 time 7564 usec
add frame 266.1 time sec 1590975656 usec 272192
src frame 267.0 time sec 1590975656 usec 272277
    Interpolator time 31755 usec
    getNextFrame 267.1 time 7283 usec
add frame 267.1 time sec 1590975656 usec 320500
src frame 268.0 time sec 1590975656 usec 320596
    Interpolator time 31697 usec
    getNextFrame 268.1 time 7446 usec
add frame 268.1 time sec 1590975656 usec 371134
src frame 269.0 time sec 1590975656 usec 371231
    Interpolator time 33259 usec
    getNextFrame 269.1 time 7478 usec
add frame 269.1 time sec 1590975656 usec 422553
src frame 270.0 time sec 1590975656 usec 422652
    Interpolator time 30988 usec
    getNextFrame 270.1 time 7195 usec
add frame 270.1 time sec 1590975656 usec 470067
src frame 271.0 time sec 1590975656 usec 470151
    Interpolator time 32254 usec
    getNextFrame 271.1 time 7353 usec
add frame 271.1 time sec 1590975656 usec 521664
src frame 272.0 time sec 1590975656 usec 521756
    Interpolator time 32055 usec
    getNextFrame 272.1 time 7509 usec
add frame 272.1 time sec 1590975656 usec 570544
src frame 273.0 time sec 1590975656 usec 570628
    Interpolator time 34559 usec
    getNextFrame 273.1 time 7454 usec
add frame 273.1 time sec 1590975656 usec 628063
src frame 274.0 time sec 1590975656 usec 628155
    Interpolator time 32152 usec
    getNextFrame 274.1 time 7106 usec
add frame 274.1 time sec 1590975656 usec 671487
src frame 275.0 time sec 1590975656 usec 671530
    Interpolator time 30949 usec
    getNextFrame 275.1 time 7241 usec
add frame 275.1 time sec 1590975656 usec 719309
src frame 276.0 time sec 1590975656 usec 719396
    Interpolator time 31842 usec
    getNextFrame 276.1 time 7278 usec
add frame 276.1 time sec 1590975656 usec 770380
src frame 277.0 time sec 1590975656 usec 770473
    Interpolator time 30445 usec
    getNextFrame 277.1 time 7456 usec
add frame 277.1 time sec 1590975656 usec 818732
src frame 278.0 time sec 1590975656 usec 818831
    Interpolator time 30427 usec
    getNextFrame 278.1 time 7438 usec
add frame 278.1 time sec 1590975656 usec 868502
src frame 279.0 time sec 1590975656 usec 868588
    Interpolator time 33133 usec
    getNextFrame 279.1 time 7453 usec
add frame 279.1 time sec 1590975656 usec 921177
src frame 280.0 time sec 1590975656 usec 921273
    Interpolator time 30736 usec
    getNextFrame 280.1 time 7392 usec
add frame 280.1 time sec 1590975656 usec 969009
src frame 281.0 time sec 1590975656 usec 969022
    Interpolator time 31810 usec
    getNextFrame 281.1 time 7367 usec
add frame 281.1 time sec 1590975657 usec 20303
src frame 282.0 time sec 1590975657 usec 20402
    Interpolator time 30597 usec
    getNextFrame 282.1 time 7371 usec
add frame 282.1 time sec 1590975657 usec 68728
src frame 283.0 time sec 1590975657 usec 68814
    Interpolator time 30687 usec
    getNextFrame 283.1 time 8135 usec
add frame 283.1 time sec 1590975657 usec 120152
src frame 284.0 time sec 1590975657 usec 120253
    Interpolator time 34319 usec
    getNextFrame 284.1 time 7376 usec
add frame 284.1 time sec 1590975657 usec 172947
src frame 285.0 time sec 1590975657 usec 173033
    Interpolator time 33240 usec
    getNextFrame 285.1 time 7841 usec
add frame 285.1 time sec 1590975657 usec 222695
src frame 286.0 time sec 1590975657 usec 222772
    Interpolator time 33178 usec
    getNextFrame 286.1 time 7614 usec
add frame 286.1 time sec 1590975657 usec 271987
src frame 287.0 time sec 1590975657 usec 272073
    Interpolator time 31913 usec
    getNextFrame 287.1 time 7287 usec
add frame 287.1 time sec 1590975657 usec 321158
src frame 288.0 time sec 1590975657 usec 321257
    Interpolator time 31745 usec
    getNextFrame 288.1 time 7319 usec
add frame 288.1 time sec 1590975657 usec 370605
src frame 289.0 time sec 1590975657 usec 370690
    Interpolator time 33586 usec
    getNextFrame 289.1 time 7159 usec
add frame 289.1 time sec 1590975657 usec 422306
src frame 290.0 time sec 1590975657 usec 422394
    Interpolator time 30713 usec
    getNextFrame 290.1 time 7596 usec
add frame 290.1 time sec 1590975657 usec 469437
src frame 291.0 time sec 1590975657 usec 469451
    Interpolator time 33002 usec
    getNextFrame 291.1 time 7375 usec
add frame 291.1 time sec 1590975657 usec 521897
src frame 292.0 time sec 1590975657 usec 521909
    Interpolator time 30618 usec
    getNextFrame 292.1 time 7643 usec
add frame 292.1 time sec 1590975657 usec 569121
src frame 293.0 time sec 1590975657 usec 569134
    Interpolator time 32811 usec
    getNextFrame 293.1 time 7485 usec
add frame 293.1 time sec 1590975657 usec 621678
src frame 294.0 time sec 1590975657 usec 621692
    Interpolator time 33072 usec
    getNextFrame 294.1 time 7137 usec
add frame 294.1 time sec 1590975657 usec 671413
src frame 295.0 time sec 1590975657 usec 671426
    Interpolator time 31566 usec
    getNextFrame 295.1 time 7341 usec
add frame 295.1 time sec 1590975657 usec 720008
src frame 296.0 time sec 1590975657 usec 720020
    Interpolator time 31607 usec
    getNextFrame 296.1 time 7200 usec
add frame 296.1 time sec 1590975657 usec 770590
src frame 297.0 time sec 1590975657 usec 770653
    Interpolator time 30737 usec
    getNextFrame 297.1 time 7651 usec
add frame 297.1 time sec 1590975657 usec 819920
src frame 298.0 time sec 1590975657 usec 820023
    Interpolator time 35750 usec
    getNextFrame 298.1 time 7447 usec
add frame 298.1 time sec 1590975657 usec 879455
src frame 299.0 time sec 1590975657 usec 879550
    Interpolator time 32340 usec
    getNextFrame 299.1 time 7445 usec
add frame 299.1 time sec 1590975657 usec 923025
src frame 300.0 time sec 1590975657 usec 923109
    Interpolator time 32846 usec
    getNextFrame 300.1 time 7339 usec
add frame 300.1 time sec 1590975657 usec 971889
src frame 301.0 time sec 1590975657 usec 971990
    Interpolator time 31515 usec
    getNextFrame 301.1 time 7312 usec
add frame 301.1 time sec 1590975658 usec 19999
src frame 302.0 time sec 1590975658 usec 20084
    Interpolator time 30082 usec
    getNextFrame 302.1 time 7361 usec
add frame 302.1 time sec 1590975658 usec 68147
src frame 303.0 time sec 1590975658 usec 68234
    Interpolator time 30324 usec
    getNextFrame 303.1 time 7470 usec
add frame 303.1 time sec 1590975658 usec 118613
src frame 304.0 time sec 1590975658 usec 118706
    Interpolator time 31594 usec
    getNextFrame 304.1 time 7260 usec
add frame 304.1 time sec 1590975658 usec 169534
src frame 305.0 time sec 1590975658 usec 169615
    Interpolator time 31963 usec
    getNextFrame 305.1 time 7863 usec
add frame 305.1 time sec 1590975658 usec 220551
src frame 306.0 time sec 1590975658 usec 220639
    Interpolator time 30150 usec
    getNextFrame 306.1 time 7278 usec
add frame 306.1 time sec 1590975658 usec 269728
src frame 307.0 time sec 1590975658 usec 269814
    Interpolator time 30070 usec
    getNextFrame 307.1 time 7189 usec
add frame 307.1 time sec 1590975658 usec 318399
src frame 308.0 time sec 1590975658 usec 318485
    Interpolator time 31469 usec
    getNextFrame 308.1 time 7227 usec
add frame 308.1 time sec 1590975658 usec 369889
src frame 309.0 time sec 1590975658 usec 369975
    Interpolator time 30580 usec
    getNextFrame 309.1 time 7127 usec
add frame 309.1 time sec 1590975658 usec 418923
src frame 310.0 time sec 1590975658 usec 419006
    Interpolator time 33131 usec
    getNextFrame 310.1 time 7301 usec
add frame 310.1 time sec 1590975658 usec 472135
src frame 311.0 time sec 1590975658 usec 472233
    Interpolator time 31327 usec
    getNextFrame 311.1 time 7151 usec
add frame 311.1 time sec 1590975658 usec 522605
src frame 312.0 time sec 1590975658 usec 522623
    Interpolator time 30546 usec
    getNextFrame 312.1 time 7628 usec
add frame 312.1 time sec 1590975658 usec 572915
src frame 313.0 time sec 1590975658 usec 572999
    Interpolator time 30647 usec
    getNextFrame 313.1 time 7457 usec
add frame 313.1 time sec 1590975658 usec 619770
src frame 314.0 time sec 1590975658 usec 619781
    Interpolator time 30789 usec
    getNextFrame 314.1 time 7458 usec
add frame 314.1 time sec 1590975658 usec 669032
src frame 315.0 time sec 1590975658 usec 669123
    Interpolator time 32069 usec
    getNextFrame 315.1 time 7456 usec
add frame 315.1 time sec 1590975658 usec 720890
src frame 316.0 time sec 1590975658 usec 720986
    Interpolator time 31700 usec
    getNextFrame 316.1 time 7302 usec
add frame 316.1 time sec 1590975658 usec 770524
src frame 317.0 time sec 1590975658 usec 770610
    Interpolator time 33235 usec
    getNextFrame 317.1 time 7167 usec
add frame 317.1 time sec 1590975658 usec 821898
src frame 318.0 time sec 1590975658 usec 821975
    Interpolator time 34629 usec
    getNextFrame 318.1 time 7368 usec
add frame 318.1 time sec 1590975658 usec 873565
src frame 319.0 time sec 1590975658 usec 873651
    Interpolator time 32311 usec
    getNextFrame 319.1 time 7605 usec
add frame 319.1 time sec 1590975658 usec 921106
src frame 320.0 time sec 1590975658 usec 921193
    Interpolator time 31177 usec
    getNextFrame 320.1 time 7560 usec
add frame 320.1 time sec 1590975658 usec 969638
src frame 321.0 time sec 1590975658 usec 969737
    Interpolator time 31493 usec
    getNextFrame 321.1 time 7645 usec
add frame 321.1 time sec 1590975659 usec 20810
src frame 322.0 time sec 1590975659 usec 20828
    Interpolator time 34243 usec
    getNextFrame 322.1 time 7460 usec
add frame 322.1 time sec 1590975659 usec 73373
src frame 323.0 time sec 1590975659 usec 73390
    Interpolator time 32788 usec
    getNextFrame 323.1 time 7169 usec
add frame 323.1 time sec 1590975659 usec 122086
src frame 324.0 time sec 1590975659 usec 122098
    Interpolator time 31496 usec
    getNextFrame 324.1 time 7225 usec
add frame 324.1 time sec 1590975659 usec 170029
src frame 325.0 time sec 1590975659 usec 170115
    Interpolator time 32159 usec
    getNextFrame 325.1 time 7103 usec
add frame 325.1 time sec 1590975659 usec 219708
src frame 326.0 time sec 1590975659 usec 219831
    Interpolator time 30376 usec
    getNextFrame 326.1 time 7436 usec
add frame 326.1 time sec 1590975659 usec 268650
src frame 327.0 time sec 1590975659 usec 268741
    Interpolator time 30834 usec
    getNextFrame 327.1 time 7450 usec
add frame 327.1 time sec 1590975659 usec 319085
src frame 328.0 time sec 1590975659 usec 319176
    Interpolator time 30090 usec
    getNextFrame 328.1 time 7452 usec
add frame 328.1 time sec 1590975659 usec 368381
src frame 329.0 time sec 1590975659 usec 368486
    Interpolator time 30206 usec
    getNextFrame 329.1 time 7437 usec
add frame 329.1 time sec 1590975659 usec 418480
src frame 330.0 time sec 1590975659 usec 418577
    Interpolator time 30091 usec
    getNextFrame 330.1 time 7397 usec
add frame 330.1 time sec 1590975659 usec 468123
src frame 331.0 time sec 1590975659 usec 468211
    Interpolator time 32131 usec
    getNextFrame 331.1 time 7393 usec
add frame 331.1 time sec 1590975659 usec 520341
src frame 332.0 time sec 1590975659 usec 520436
    Interpolator time 32194 usec
    getNextFrame 332.1 time 7254 usec
add frame 332.1 time sec 1590975659 usec 570626
src frame 333.0 time sec 1590975659 usec 570713
    Interpolator time 32143 usec
    getNextFrame 333.1 time 7644 usec
add frame 333.1 time sec 1590975659 usec 620646
src frame 334.0 time sec 1590975659 usec 620730
    Interpolator time 31155 usec
    getNextFrame 334.1 time 7656 usec
add frame 334.1 time sec 1590975659 usec 669296
src frame 335.0 time sec 1590975659 usec 669375
    Interpolator time 30953 usec
    getNextFrame 335.1 time 7914 usec
add frame 335.1 time sec 1590975659 usec 719619
src frame 336.0 time sec 1590975659 usec 719631
    Interpolator time 32299 usec
    getNextFrame 336.1 time 7173 usec
add frame 336.1 time sec 1590975659 usec 771079
src frame 337.0 time sec 1590975659 usec 771169
    Interpolator time 30852 usec
    getNextFrame 337.1 time 7252 usec
add frame 337.1 time sec 1590975659 usec 818864
src frame 338.0 time sec 1590975659 usec 818952
    Interpolator time 31126 usec
    getNextFrame 338.1 time 7531 usec
add frame 338.1 time sec 1590975659 usec 869955
src frame 339.0 time sec 1590975659 usec 870053
    Interpolator time 32615 usec
    getNextFrame 339.1 time 7273 usec
add frame 339.1 time sec 1590975659 usec 920944
src frame 340.0 time sec 1590975659 usec 921027
    Interpolator time 32229 usec
    getNextFrame 340.1 time 7505 usec
add frame 340.1 time sec 1590975659 usec 970588
src frame 341.0 time sec 1590975659 usec 970674
    Interpolator time 33382 usec
    getNextFrame 341.1 time 7694 usec
add frame 341.1 time sec 1590975660 usec 21992
src frame 342.0 time sec 1590975660 usec 22007
    Interpolator time 30730 usec
    getNextFrame 342.1 time 7924 usec
add frame 342.1 time sec 1590975660 usec 70406
src frame 343.0 time sec 1590975660 usec 70507
    Interpolator time 33269 usec
    getNextFrame 343.1 time 7905 usec
add frame 343.1 time sec 1590975660 usec 122516
src frame 344.0 time sec 1590975660 usec 122611
    Interpolator time 31503 usec
    getNextFrame 344.1 time 7236 usec
add frame 344.1 time sec 1590975660 usec 170919
src frame 345.0 time sec 1590975660 usec 171016
    Interpolator time 32247 usec
    getNextFrame 345.1 time 7309 usec