src frame 0.0 time sec 1590978564 usec 993156
    Interpolator time 2321477 usec
    getNextFrame 0.1 time 10606 usec
add frame 0.1 time sec 1590978567 usec 379228
src frame 1.0 time sec 1590978567 usec 379325
    Interpolator time 1704380 usec
    getNextFrame 1.1 time 10018 usec
add frame 1.1 time sec 1590978569 usec 95526
src frame 2.0 time sec 1590978569 usec 95564
    Interpolator time 1665917 usec
    getNextFrame 2.1 time 10350 usec
add frame 2.1 time sec 1590978570 usec 773885
src frame 3.0 time sec 1590978570 usec 773964
    Interpolator time 1724656 usec
    getNextFrame 3.1 time 10489 usec
add frame 3.1 time sec 1590978572 usec 510817
src frame 4.0 time sec 1590978572 usec 510903
    Interpolator time 1646272 usec
    getNextFrame 4.1 time 9928 usec
add frame 4.1 time sec 1590978574 usec 168952
src frame 5.0 time sec 1590978574 usec 169036
    Interpolator time 1618014 usec
    getNextFrame 5.1 time 10002 usec
add frame 5.1 time sec 1590978575 usec 799051
src frame 6.0 time sec 1590978575 usec 799152
    Interpolator time 1603599 usec
    getNextFrame 6.1 time 9967 usec
add frame 6.1 time sec 1590978577 usec 414533
src frame 7.0 time sec 1590978577 usec 414611
    Interpolator time 1607916 usec
    getNextFrame 7.1 time 10626 usec
add frame 7.1 time sec 1590978579 usec 35070
src frame 8.0 time sec 1590978579 usec 35150
    Interpolator time 1545509 usec
    getNextFrame 8.1 time 9979 usec
add frame 8.1 time sec 1590978580 usec 592638
src frame 9.0 time sec 1590978580 usec 592699
    Interpolator time 1462941 usec
    getNextFrame 9.1 time 9631 usec
add frame 9.1 time sec 1590978582 usec 66974
src frame 10.0 time sec 1590978582 usec 67033
    Interpolator time 1462307 usec
    getNextFrame 10.1 time 9906 usec
add frame 10.1 time sec 1590978583 usec 540978
src frame 11.0 time sec 1590978583 usec 541041
    Interpolator time 1477818 usec
    getNextFrame 11.1 time 10033 usec
add frame 11.1 time sec 1590978585 usec 30648
src frame 12.0 time sec 1590978585 usec 30706
    Interpolator time 1479441 usec
    getNextFrame 12.1 time 10066 usec
add frame 12.1 time sec 1590978586 usec 521989
src frame 13.0 time sec 1590978586 usec 522005
    Interpolator time 1471754 usec
    getNextFrame 13.1 time 10048 usec
add frame 13.1 time sec 1590978588 usec 5638
src frame 14.0 time sec 1590978588 usec 5689
    Interpolator time 1458469 usec
    getNextFrame 14.1 time 9727 usec
add frame 14.1 time sec 1590978589 usec 475711
src frame 15.0 time sec 1590978589 usec 475782
    Interpolator time 1464141 usec
    getNextFrame 15.1 time 10019 usec
add frame 15.1 time sec 1590978590 usec 951730
src frame 16.0 time sec 1590978590 usec 951789
    Interpolator time 1472902 usec
    getNextFrame 16.1 time 9831 usec
add frame 16.1 time sec 1590978592 usec 436263
src frame 17.0 time sec 1590978592 usec 436325
    Interpolator time 1477827 usec
    getNextFrame 17.1 time 10235 usec
add frame 17.1 time sec 1590978593 usec 926143
src frame 18.0 time sec 1590978593 usec 926207
    Interpolator time 1485182 usec
    getNextFrame 18.1 time 10147 usec
add frame 18.1 time sec 1590978595 usec 423399
src frame 19.0 time sec 1590978595 usec 423461
    Interpolator time 1469707 usec
    getNextFrame 19.1 time 10200 usec
add frame 19.1 time sec 1590978596 usec 905191
src frame 20.0 time sec 1590978596 usec 905251
    Interpolator time 1468315 usec
    getNextFrame 20.1 time 10023 usec
add frame 20.1 time sec 1590978598 usec 385395
src frame 21.0 time sec 1590978598 usec 385457
    Interpolator time 1471660 usec
    getNextFrame 21.1 time 10183 usec
add frame 21.1 time sec 1590978599 usec 869100
src frame 22.0 time sec 1590978599 usec 869156
    Interpolator time 1485598 usec
    getNextFrame 22.1 time 10328 usec
add frame 22.1 time sec 1590978601 usec 366835
src frame 23.0 time sec 1590978601 usec 366896
    Interpolator time 1844165 usec
    getNextFrame 23.1 time 16787 usec
add frame 23.1 time sec 1590978603 usec 310012
src frame 24.0 time sec 1590978603 usec 310027
    Interpolator time 1629535 usec
    getNextFrame 24.1 time 10686 usec
add frame 24.1 ti