src frame 0.0 time sec 1590977733 usec 997858
    Interpolator time 987232 usec
    getNextFrame 0.1 time 8382 usec
add frame 0.1 time sec 1590977735 usec 62971
src frame 1.0 time sec 1590977735 usec 63061
    Interpolator time 908998 usec
    getNextFrame 1.1 time 7975 usec
add frame 1.1 time sec 1590977735 usec 981290
src frame 2.0 time sec 1590977735 usec 981390
    Interpolator time 911340 usec
    getNextFrame 2.1 time 8184 usec
add frame 2.1 time sec 1590977736 usec 902061
src frame 3.0 time sec 1590977736 usec 902140
    Interpolator time 943341 usec
    getNextFrame 3.1 time 8013 usec
add frame 3.1 time sec 1590977737 usec 854856
src frame 4.0 time sec 1590977737 usec 854892
    Interpolator time 958725 usec
    getNextFrame 4.1 time 7995 usec
add frame 4.1 time sec 1590977738 usec 822862
src frame 5.0 time sec 1590977738 usec 822948
    Interpolator time 943996 usec
    getNextFrame 5.1 time 7892 usec
add frame 5.1 time sec 1590977739 usec 776056
src frame 6.0 time sec 1590977739 usec 776100
    Interpolator time 917259 usec
    getNextFrame 6.1 time 11408 usec
add frame 6.1 time sec 1590977740 usec 705936
src frame 7.0 time sec 1590977740 usec 706022
    Interpolator time 924019 usec
    getNextFrame 7.1 time 8291 usec
add frame 7.1 time sec 1590977741 usec 639547
src frame 8.0 time sec 1590977741 usec 639603
    Interpolator time 952037 usec
    getNextFrame 8.1 time 8589 usec
add frame 8.1 time sec 1590977742 usec 601513
src frame 9.0 time sec 1590977742 usec 601603
    Interpolator time 943227 usec
    getNextFrame 9.1 time 8038 usec
add frame 9.1 time sec 1590977743 usec 554148
src frame 10.0 time sec 1590977743 usec 554244
    Interpolator time 921213 usec
    getNextFrame 10.1 time 8386 usec
add frame 10.1 time sec 1590977744 usec 485067
src frame 11.0 time sec 1590977744 usec 485084
    Interpolator time 951562 usec
    getNextFrame 11.1 time 8010 usec
add frame 11.1 time sec 1590977745 usec 446451
src frame 12.0 time sec 1590977745 usec 446522
    Interpolator time 909568 usec
    getNextFrame 12.1 time 8065 usec
add frame 12.1 time sec 1590977746 usec 365376
src frame 13.0 time sec 1590977746 usec 365446
    Interpolator time 904741 usec
    getNextFrame 13.1 time 9062 usec
add frame 13.1 time sec 1590977747 usec 280472
src frame 14.0 time sec 1590977747 usec 280521
    Interpolator time 890604 usec
    getNextFrame 14.1 time 7762 usec
add frame 14.1 time sec 1590977748 usec 180055
src frame 15.0 time sec 1590977748 usec 180071
    Interpolator time 940856 usec
    getNextFrame 15.1 time 7684 usec
add frame 15.1 time sec 1590977749 usec 129833
src frame 16.0 time sec 1590977749 usec 129844
    Interpolator time 938632 usec
    getNextFrame 16.1 time 7864 usec
add frame 16.1 time sec 1590977750 usec 78256
src frame 17.0 time sec 1590977750 usec 78312
    Interpolator time 929600 usec
    getNextFrame 17.1 time 9111 usec
add frame 17.1 time sec 1590977751 usec 18316
src frame 18.0 time sec 1590977751 usec 18330
    Interpolator time 931692 usec
    getNextFrame 18.1 time 7978 usec
add frame 18.1 time sec 1590977751 usec 960165
src frame 19.0 time sec 1590977751 usec 960218
    Interpolator time 810883 usec
    getNextFrame 19.1 time 8083 usec
add frame 19.1 time sec 1590977752 usec 780310
src frame 20.0 time sec 1590977752 usec 780353
    Interpolator time 815127 usec
    getNextFrame 20.1 time 8245 usec
add frame 20.1 time sec 1590977753 usec 604887
src frame 21.0 time sec 1590977753 usec 604903
    Interpolator time 841050 usec
    getNextFrame 21.1 time 8084 usec
add frame 21.1 time sec 1590977754 usec 455361
src frame 22.0 time sec 1590977754 usec 455374
    Interpolator time 815893 usec
    getNextFrame 22.1 time 9708 usec
add frame 22.1 time sec 1590977755 usec 282192
src frame 23.0 time sec 1590977755 usec 282230
    Interpolator time 813203 usec
    getNextFrame 23.1 time 7725 usec
add frame 23.1 time sec 1590977756 usec 105078
src frame 24.0 time sec 1590977756 usec 105120
    Interpolator time 819057 usec
    getNextFrame 24.1 time 7932 usec
add frame 24.1 time sec 1590977756 usec 933326
src fr