src frame 0.0 time sec 1590980000 usec 123862
    Interpolator time 490309 usec
    getNextFrame 0.1 time 8486 usec
add frame 0.1 time sec 1590980000 usec 669332
src frame 1.0 time sec 1590980000 usec 669343
    Interpolator time 276633 usec
    getNextFrame 1.1 time 8458 usec
add frame 1.1 time sec 1590980000 usec 956748
src frame 2.0 time sec 1590980000 usec 956759
    Interpolator time 308559 usec
    getNextFrame 2.1 time 7729 usec
add frame 2.1 time sec 1590980001 usec 275476
src frame 3.0 time sec 1590980001 usec 275490
    Interpolator time 256654 usec
    getNextFrame 3.1 time 7794 usec
add frame 3.1 time sec 1590980001 usec 542181
src frame 4.0 time sec 1590980001 usec 542261
    Interpolator time 266521 usec
    getNextFrame 4.1 time 12508 usec
add frame 4.1 time sec 1590980001 usec 822710
src frame 5.0 time sec 1590980001 usec 822749
    Interpolator time 255250 usec
    getNextFrame 5.1 time 7899 usec
add frame 5.1 time sec 1590980002 usec 87990
src frame 6.0 time sec 1590980002 usec 88035
    Interpolator time 281334 usec
    getNextFrame 6.1 time 7994 usec
add frame 6.1 time sec 1590980002 usec 378761
src frame 7.0 time sec 1590980002 usec 378811
    Interpolator time 234839 usec
    getNextFrame 7.1 time 8345 usec
add frame 7.1 time sec 1590980002 usec 623465
src frame 8.0 time sec 1590980002 usec 623517
    Interpolator time 252057 usec
    getNextFrame 8.1 time 7946 usec
add frame 8.1 time sec 1590980002 usec 884943
src frame 9.0 time sec 1590980002 usec 885003
    Interpolator time 255488 usec
    getNextFrame 9.1 time 7887 usec
add frame 9.1 time sec 1590980003 usec 149767
src frame 10.0 time sec 1590980003 usec 149823
    Interpolator time 259428 usec
    getNextFrame 10.1 time 8124 usec
add frame 10.1 time sec 1590980003 usec 418791
src frame 11.0 time sec 1590980003 usec 418849
    Interpolator time 262438 usec
    getNextFrame 11.1 time 7915 usec
add frame 11.1 time sec 1590980003 usec 690593
src frame 12.0 time sec 1590980003 usec 690651
    Interpolator time 265977 usec
    getNextFrame 12.1 time 8083 usec
add frame 12.1 time sec 1590980003 usec 966200
src frame 13.0 time sec 1590980003 usec 966253
    Interpolator time 256486 usec
    getNextFrame 13.1 time 7958 usec
add frame 13.1 time sec 1590980004 usec 232107
src frame 14.0 time sec 1590980004 usec 232165
    Interpolator time 238454 usec
    getNextFrame 14.1 time 8143 usec
add frame 14.1 time sec 1590980004 usec 480207
src frame 15.0 time sec 1590980004 usec 480261
    Interpolator time 256886 usec
    getNextFrame 15.1 time 8849 usec
add frame 15.1 time sec 1590980004 usec 747325
src frame 16.0 time sec 1590980004 usec 747339
    Interpolator time 272942 usec
    getNextFrame 16.1 time 8506 usec
add frame 16.1 time sec 1590980005 usec 30193
src frame 17.0 time sec 1590980005 usec 30207
    Interpolator time 292803 usec
    getNextFrame 17.1 time 8356 usec
add frame 17.1 time sec 1590980005 usec 332915
src frame 18.0 time sec 1590980005 usec 332967
    Interpolator time 274886 usec
    getNextFrame 18.1 time 8460 usec
add frame 18.1 time sec 1590980005 usec 617807
src frame 19.0 time sec 1590980005 usec 617861
    Interpolator time 285006 usec
    getNextFrame 19.1 time 8342 usec
add frame 19.1 time sec 1590980005 usec 912608
src frame 20.0 time sec 1590980005 usec 912664
    Interpolator time 254238 usec
    getNextFrame 20.1 time 8265 usec
add frame 20.1 time sec 1590980006 usec 176701
src frame 21.0 time sec 1590980006 usec 176758
    Interpolator time 264582 usec
    getNextFrame 21.1 time 8141 usec
add frame 21.1 time sec 1590980006 usec 450929
src frame 22.0 time sec 1590980006 usec 450985
    Interpolator time 241043 usec
    getNextFrame 22.1 time 8207 usec
add frame 22.1 time sec 1590980006 usec 701699
src frame 23.0 time sec 1590980006 usec 701715
    Interpolator time 239480 usec
    getNextFrame 23.1 time 8150 usec
add frame 23.1 time sec 1590980006 usec 950762
src frame 24.0 time sec 1590980006 usec 950777
    Interpolator time 310754 usec
    getNextFrame 24.1 time 8612 usec
add frame 24.1 time sec 1590980007 usec 271625
src 