src frame 0.0 time sec 1590975588 usec 271006
    Interpolator time 27701 usec
    getNextFrame 0.1 time 8740 usec
add frame 0.1 time sec 1590975588 usec 352933
src frame 1.0 time sec 1590975588 usec 353008
    Interpolator time 26653 usec
    getNextFrame 1.1 time 8101 usec
add frame 1.1 time sec 1590975588 usec 401469
src frame 2.0 time sec 1590975588 usec 401548
    Interpolator time 29169 usec
    getNextFrame 2.1 time 8722 usec
add frame 2.1 time sec 1590975588 usec 454982
src frame 3.0 time sec 1590975588 usec 455072
    Interpolator time 31132 usec
    getNextFrame 3.1 time 8130 usec
add frame 3.1 time sec 1590975588 usec 506856
src frame 4.0 time sec 1590975588 usec 506955
    Interpolator time 32074 usec
    getNextFrame 4.1 time 7937 usec
add frame 4.1 time sec 1590975588 usec 558855
src frame 5.0 time sec 1590975588 usec 558943
    Interpolator time 33494 usec
    getNextFrame 5.1 time 8044 usec
add frame 5.1 time sec 1590975588 usec 602056
src frame 6.0 time sec 1590975588 usec 602076
    Interpolator time 31379 usec
    getNextFrame 6.1 time 8201 usec
add frame 6.1 time sec 1590975588 usec 650859
src frame 7.0 time sec 1590975588 usec 650875
    Interpolator time 30984 usec
    getNextFrame 7.1 time 8674 usec
add frame 7.1 time sec 1590975588 usec 701586
src frame 8.0 time sec 1590975588 usec 701665
    Interpolator time 30565 usec
    getNextFrame 8.1 time 8050 usec
add frame 8.1 time sec 1590975588 usec 750709
src frame 9.0 time sec 1590975588 usec 750788
    Interpolator time 29749 usec
    getNextFrame 9.1 time 8152 usec
add frame 9.1 time sec 1590975588 usec 801463
src frame 10.0 time sec 1590975588 usec 801542
    Interpolator time 32442 usec
    getNextFrame 10.1 time 8025 usec
add frame 10.1 time sec 1590975588 usec 849825
src frame 11.0 time sec 1590975588 usec 849911
    Interpolator time 32257 usec
    getNextFrame 11.1 time 8082 usec
add frame 11.1 time sec 1590975588 usec 898861
src frame 12.0 time sec 1590975588 usec 898958
    Interpolator time 32566 usec
    getNextFrame 12.1 time 8096 usec
add frame 12.1 time sec 1590975588 usec 948622
src frame 13.0 time sec 1590975588 usec 948715
    Interpolator time 32446 usec
    getNextFrame 13.1 time 8384 usec
add frame 13.1 time sec 1590975588 usec 999302
src frame 14.0 time sec 1590975588 usec 999317
    Interpolator time 32233 usec
    getNextFrame 14.1 time 7940 usec
add frame 14.1 time sec 1590975589 usec 48633
src frame 15.0 time sec 1590975589 usec 48731
    Interpolator time 34223 usec
    getNextFrame 15.1 time 8134 usec
add frame 15.1 time sec 1590975589 usec 101441
src frame 16.0 time sec 1590975589 usec 101538
    Interpolator time 32406 usec
    getNextFrame 16.1 time 8251 usec
add frame 16.1 time sec 1590975589 usec 146911
src frame 17.0 time sec 1590975589 usec 146999
    Interpolator time 32265 usec
    getNextFrame 17.1 time 8650 usec
add frame 17.1 time sec 1590975589 usec 198558
src frame 18.0 time sec 1590975589 usec 198651
    Interpolator time 29044 usec
    getNextFrame 18.1 time 8819 usec
add frame 18.1 time sec 1590975589 usec 245166
src frame 19.0 time sec 1590975589 usec 245261
    Interpolator time 31121 usec
    getNextFrame 19.1 time 8935 usec
add frame 19.1 time sec 1590975589 usec 296080
src frame 20.0 time sec 1590975589 usec 296165
    Interpolator time 29356 usec
    getNextFrame 20.1 time 8979 usec
add frame 20.1 time sec 1590975589 usec 344043
src frame 21.0 time sec 1590975589 usec 344126
    Interpolator time 30884 usec
    getNextFrame 21.1 time 8925 usec
add frame 21.1 time sec 1590975589 usec 400213
src frame 22.0 time sec 1590975589 usec 400291
    Interpolator time 36721 usec
    getNextFrame 22.1 time 8599 usec
add frame 22.1 time sec 1590975589 usec 454241
src frame 23.0 time sec 1590975589 usec 454319
    Interpolator time 30726 usec
    getNextFrame 23.1 time 8861 usec
add frame 23.1 time sec 1590975589 usec 497797
src frame 24.0 time sec 1590975589 usec 497888
    Interpolator time 30852 usec
    getNextFrame 24.1 time 8572 usec
add frame 24.1 time sec 1590975589 usec 545994
src frame 25.0 time sec 1590975589 usec 546091
    Interpolator time 30395 usec
    getNextFrame 25.1 time 8611 usec
add frame 25.1 time sec 1590975589 usec 586800
src frame 26.0 time sec 1590975589 usec 586895
    Interpolator time 34160 usec
    getNextFrame 26.1 time 11487 usec
add frame 26.1 time sec 1590975589 usec 639844
src frame 27.0 time sec 1590975589 usec 639856
    Interpolator time 33019 usec
    getNextFrame 27.1 time 8707 usec
add frame 27.1 time sec 1590975589 usec 689478
src frame 28.0 time sec 1590975589 usec 689572
    Interpolator time 30808 usec
    getNextFrame 28.1 time 8961 usec
add frame 28.1 time sec 1590975589 usec 734155
src frame 29.0 time sec 1590975589 usec 734244
    Interpolator time 33493 usec
    getNextFrame 29.1 time 8628 usec
add frame 29.1 time sec 1590975589 usec 786350
src frame 30.0 time sec 1590975589 usec 786370
    Interpolator time 32123 usec
    getNextFrame 30.1 time 8445 usec
add frame 30.1 time sec 1590975589 usec 839041
src frame 31.0 time sec 1590975589 usec 839129
    Interpolator time 32651 usec
    getNextFrame 31.1 time 8983 usec
add frame 31.1 time sec 1590975589 usec 891357
src frame 32.0 time sec 1590975589 usec 891447
    Interpolator time 32700 usec
    getNextFrame 32.1 time 8992 usec
add frame 32.1 time sec 1590975589 usec 941259
src frame 33.0 time sec 1590975589 usec 941357
    Interpolator time 35271 usec
    getNextFrame 33.1 time 8734 usec
add frame 33.1 time sec 1590975589 usec 989092
src frame 34.0 time sec 1590975589 usec 989188
    Interpolator time 29736 usec
    getNextFrame 34.1 time 8933 usec
add frame 34.1 time sec 1590975590 usec 32144
src frame 35.0 time sec 1590975590 usec 32239
    Interpolator time 29413 usec
    getNextFrame 35.1 time 9100 usec
add frame 35.1 time sec 1590975590 usec 81770
src frame 36.0 time sec 1590975590 usec 81859
    Interpolator time 30209 usec
    getNextFrame 36.1 time 8843 usec
add frame 36.1 time sec 1590975590 usec 131317
src frame 37.0 time sec 1590975590 usec 131404
    Interpolator time 30188 usec
    getNextFrame 37.1 time 8942 usec
add frame 37.1 time sec 1590975590 usec 181659
src frame 38.0 time sec 1590975590 usec 181671
    Interpolator time 28998 usec
    getNextFrame 38.1 time 8884 usec
add frame 38.1 time sec 1590975590 usec 231595
src frame 39.0 time sec 1590975590 usec 231610
    Interpolator time 30022 usec
    getNextFrame 39.1 time 8633 usec
add frame 39.1 time sec 1590975590 usec 282432
src frame 40.0 time sec 1590975590 usec 282446
    Interpolator time 33024 usec
    getNextFrame 40.1 time 8531 usec
add frame 40.1 time sec 1590975590 usec 336157
src frame 41.0 time sec 1590975590 usec 336174
    Interpolator time 33332 usec
    getNextFrame 41.1 time 8649 usec
add frame 41.1 time sec 1590975590 usec 386878
src frame 42.0 time sec 1590975590 usec 386891
    Interpolator time 30667 usec
    getNextFrame 42.1 time 9559 usec
add frame 42.1 time sec 1590975590 usec 435649
src frame 43.0 time sec 1590975590 usec 435660
    Interpolator time 31194 usec
    getNextFrame 43.1 time 9143 usec
add frame 43.1 time sec 1590975590 usec 485722
src frame 44.0 time sec 1590975590 usec 485831
    Interpolator time 32508 usec
    getNextFrame 44.1 time 9068 usec
add frame 44.1 time sec 1590975590 usec 536445
src frame 45.0 time sec 1590975590 usec 536533
    Interpolator time 31697 usec
    getNextFrame 45.1 time 8466 usec
add frame 45.1 time sec 1590975590 usec 578185
src frame 46.0 time sec 1590975590 usec 578279
    Interpolator time 31086 usec
    getNextFrame 46.1 time 10652 usec
add frame 46.1 time sec 1590975590 usec 624877
src frame 47.0 time sec 1590975590 usec 624942
    Interpolator time 34221 usec
    getNextFrame 47.1 time 9030 usec
add frame 47.1 time sec 1590975590 usec 676881
src frame 48.0 time sec 1590975590 usec 676978
    Interpolator time 29661 usec
    getNextFrame 48.1 time 8957 usec
add frame 48.1 time sec 1590975590 usec 721316
src frame 49.0 time sec 1590975590 usec 721411
    Interpolator time 31646 usec
    getNextFrame 49.1 time 9281 usec
add frame 49.1 time sec 1590975590 usec 772364
src frame 50.0 time sec 1590975590 usec 772380
    Interpolator time 30955 usec
    getNextFrame 50.1 time 8644 usec
add frame 50.1 time sec 1590975590 usec 822973
src frame 51.0 time sec 1590975590 usec 823066
    Interpolator time 33820 usec
    getNextFrame 51.1 time 8737 usec
add frame 51.1 time sec 1590975590 usec 879469
src frame 52.0 time sec 1590975590 usec 879569
    Interpolator time 31431 usec
    getNextFrame 52.1 time 8722 usec
add frame 52.1 time sec 1590975590 usec 923161
src frame 53.0 time sec 1590975590 usec 923248
    Interpolator time 29467 usec
    getNextFrame 53.1 time 8652 usec
add frame 53.1 time sec 1590975590 usec 970251
src frame 54.0 time sec 1590975590 usec 970347
    Interpolator time 30879 usec
    getNextFrame 54.1 time 9266 usec
add frame 54.1 time sec 1590975591 usec 21666
src frame 55.0 time sec 1590975591 usec 21753
    Interpolator time 28956 usec
    getNextFrame 55.1 time 8612 usec
add frame 55.1 time sec 1590975591 usec 70211
src frame 56.0 time sec 1590975591 usec 70292
    Interpolator time 30196 usec
    getNextFrame 56.1 time 8635 usec
add frame 56.1 time sec 1590975591 usec 120821
src frame 57.0 time sec 1590975591 usec 120840
    Interpolator time 30322 usec
    getNextFrame 57.1 time 8501 usec
add frame 57.1 time sec 1590975591 usec 170739
src frame 58.0 time sec 1590975591 usec 170782
    Interpolator time 32292 usec
    getNextFrame 58.1 time 8371 usec
add frame 58.1 time sec 1590975591 usec 228297
src frame 59.0 time sec 1590975591 usec 228394
    Interpolator time 32029 usec
    getNextFrame 59.1 time 8601 usec
add frame 59.1 time sec 1590975591 usec 282167
src frame 60.0 time sec 1590975591 usec 282188
    Interpolator time 32501 usec
    getNextFrame 60.1 time 8813 usec
add frame 60.1 time sec 1590975591 usec 325648
src frame 61.0 time sec 1590975591 usec 325723
    Interpolator time 34729 usec
    getNextFrame 61.1 time 8839 usec
add frame 61.1 time sec 1590975591 usec 377080
src frame 62.0 time sec 1590975591 usec 377095
    Interpolator time 33754 usec
    getNextFrame 62.1 time 8987 usec
add frame 62.1 time sec 1590975591 usec 424922
src frame 63.0 time sec 1590975591 usec 424998
    Interpolator time 33010 usec
    getNextFrame 63.1 time 8653 usec
add frame 63.1 time sec 1590975591 usec 476805
src frame 64.0 time sec 1590975591 usec 476888
    Interpolator time 30637 usec
    getNextFrame 64.1 time 8794 usec
add frame 64.1 time sec 1590975591 usec 522855
src frame 65.0 time sec 1590975591 usec 522948
    Interpolator time 31260 usec
    getNextFrame 65.1 time 8310 usec
add frame 65.1 time sec 1590975591 usec 567463
src frame 66.0 time sec 1590975591 usec 567478
    Interpolator time 31024 usec
    getNextFrame 66.1 time 8642 usec
add frame 66.1 time sec 1590975591 usec 616129
src frame 67.0 time sec 1590975591 usec 616143
    Interpolator time 32082 usec
    getNextFrame 67.1 time 8815 usec
add frame 67.1 time sec 1590975591 usec 668046
src frame 68.0 time sec 1590975591 usec 668059
    Interpolator time 31077 usec
    getNextFrame 68.1 time 8848 usec
add frame 68.1 time sec 1590975591 usec 716929
src frame 69.0 time sec 1590975591 usec 716943
    Interpolator time 33143 usec
    getNextFrame 69.1 time 9293 usec
add frame 69.1 time sec 1590975591 usec 769874
src frame 70.0 time sec 1590975591 usec 769886
    Interpolator time 29865 usec
    getNextFrame 70.1 time 8354 usec
add frame 70.1 time sec 1590975591 usec 820755
src frame 71.0 time sec 1590975591 usec 820766
    Interpolator time 31314 usec
    getNextFrame 71.1 time 9004 usec
add frame 71.1 time sec 1590975591 usec 869200
src frame 72.0 time sec 1590975591 usec 869215
    Interpolator time 33047 usec
    getNextFrame 72.1 time 8587 usec
add frame 72.1 time sec 1590975591 usec 920070
src frame 73.0 time sec 1590975591 usec 920083
    Interpolator time 30882 usec
    getNextFrame 73.1 time 8539 usec
add frame 73.1 time sec 1590975591 usec 967622
src frame 74.0 time sec 1590975591 usec 967636
    Interpolator time 31134 usec
    getNextFrame 74.1 time 8573 usec
add frame 74.1 time sec 1590975592 usec 18690
src frame 75.0 time sec 1590975592 usec 18703
    Interpolator time 30490 usec
    getNextFrame 75.1 time 8720 usec
add frame 75.1 time sec 1590975592 usec 68918
src frame 76.0 time sec 1590975592 usec 68933
    Interpolator time 33123 usec
    getNextFrame 76.1 time 8339 usec
add frame 76.1 time sec 1590975592 usec 123503
src frame 77.0 time sec 1590975592 usec 123516
    Interpolator time 31448 usec
    getNextFrame 77.1 time 14517 usec
add frame 77.1 time sec 1590975592 usec 175506
src frame 78.0 time sec 1590975592 usec 175526
    Interpolator time 31325 usec
    getNextFrame 78.1 time 14345 usec
add frame 78.1 time sec 1590975592 usec 229924
src frame 79.0 time sec 1590975592 usec 229966
    Interpolator time 33516 usec
    getNextFrame 79.1 time 8892 usec
add frame 79.1 time sec 1590975592 usec 277901
src frame 80.0 time sec 1590975592 usec 277921
    Interpolator time 32694 usec
    getNextFrame 80.1 time 8658 usec
add frame 80.1 time sec 1590975592 usec 321686
src frame 81.0 time sec 1590975592 usec 321706
    Interpolator time 32336 usec
    getNextFrame 81.1 time 8794 usec
add frame 81.1 time sec 1590975592 usec 372254
src frame 82.0 time sec 1590975592 usec 372332
    Interpolator time 32093 usec
    getNextFrame 82.1 time 8444 usec
add frame 82.1 time sec 1590975592 usec 422005
src frame 83.0 time sec 1590975592 usec 422081
    Interpolator time 30277 usec
    getNextFrame 83.1 time 8729 usec
add frame 83.1 time sec 1590975592 usec 469406
src frame 84.0 time sec 1590975592 usec 469482
    Interpolator time 31727 usec
    getNextFrame 84.1 time 8531 usec
add frame 84.1 time sec 1590975592 usec 519192
src frame 85.0 time sec 1590975592 usec 519282
    Interpolator time 31960 usec
    getNextFrame 85.1 time 8427 usec
add frame 85.1 time sec 1590975592 usec 566069
src frame 86.0 time sec 1590975592 usec 566156
    Interpolator time 34305 usec
    getNextFrame 86.1 time 8705 usec
add frame 86.1 time sec 1590975592 usec 619602
src frame 87.0 time sec 1590975592 usec 619645
    Interpolator time 33135 usec
    getNextFrame 87.1 time 9131 usec
add frame 87.1 time sec 1590975592 usec 669488
src frame 88.0 time sec 1590975592 usec 669569
    Interpolator time 31542 usec
    getNextFrame 88.1 time 8964 usec
add frame 88.1 time sec 1590975592 usec 718285
src frame 89.0 time sec 1590975592 usec 718371
    Interpolator time 32360 usec
    getNextFrame 89.1 time 8770 usec
add frame 89.1 time sec 1590975592 usec 768078
src frame 90.0 time sec 1590975592 usec 768094
    Interpolator time 32866 usec
    getNextFrame 90.1 time 8673 usec
add frame 90.1 time sec 1590975592 usec 817584
src frame 91.0 time sec 1590975592 usec 817669
    Interpolator time 31530 usec
    getNextFrame 91.1 time 8785 usec
add frame 91.1 time sec 1590975592 usec 866292
src frame 92.0 time sec 1590975592 usec 866307
    Interpolator time 30243 usec
    getNextFrame 92.1 time 8581 usec
add frame 92.1 time sec 1590975592 usec 915096
src frame 93.0 time sec 1590975592 usec 915195
    Interpolator time 31724 usec
    getNextFrame 93.1 time 8972 usec
add frame 93.1 time sec 1590975592 usec 965748
src frame 94.0 time sec 1590975592 usec 965847
    Interpolator time 34036 usec
    getNextFrame 94.1 time 8756 usec
add frame 94.1 time sec 1590975593 usec 19545
src frame 95.0 time sec 1590975593 usec 19589
    Interpolator time 32676 usec
    getNextFrame 95.1 time 8952 usec
add frame 95.1 time sec 1590975593 usec 69027
src frame 96.0 time sec 1590975593 usec 69104
    Interpolator time 33941 usec
    getNextFrame 96.1 time 8618 usec
add frame 96.1 time sec 1590975593 usec 122910
src frame 97.0 time sec 1590975593 usec 122988
    Interpolator time 34011 usec
    getNextFrame 97.1 time 9345 usec
add frame 97.1 time sec 1590975593 usec 171433
src frame 98.0 time sec 1590975593 usec 171525
    Interpolator time 33486 usec
    getNextFrame 98.1 time 8762 usec
add frame 98.1 time sec 1590975593 usec 218629
src frame 99.0 time sec 1590975593 usec 218670
    Interpolator time 31405 usec
    getNextFrame 99.1 time 8427 usec
add frame 99.1 time sec 1590975593 usec 266570
src frame 100.0 time sec 1590975593 usec 266678
    Interpolator time 31618 usec
    getNextFrame 100.1 time 8148 usec
add frame 100.1 time sec 1590975593 usec 315711
src frame 101.0 time sec 1590975593 usec 315725
    Interpolator time 34374 usec
    getNextFrame 101.1 time 14437 usec
add frame 101.1 time sec 1590975593 usec 375865
src frame 102.0 time sec 1590975593 usec 375906
    Interpolator time 33515 usec
    getNextFrame 102.1 time 13925 usec
add frame 102.1 time sec 1590975593 usec 430692
src frame 103.0 time sec 1590975593 usec 430773
    Interpolator time 31938 usec
    getNextFrame 103.1 time 8718 usec
add frame 103.1 time sec 1590975593 usec 475750
src frame 104.0 time sec 1590975593 usec 475847
    Interpolator time 32099 usec
    getNextFrame 104.1 time 8293 usec
add frame 104.1 time sec 1590975593 usec 518331
src frame 105.0 time sec 1590975593 usec 518421
    Interpolator time 32231 usec
    getNextFrame 105.1 time 8264 usec
add frame 105.1 time sec 1590975593 usec 566269
src frame 106.0 time sec 1590975593 usec 566355
    Interpolator time 30851 usec
    getNextFrame 106.1 time 8547 usec
add frame 106.1 time sec 1590975593 usec 615863
src frame 107.0 time sec 1590975593 usec 615950
    Interpolator time 32341 usec
    getNextFrame 107.1 time 8445 usec
add frame 107.1 time sec 1590975593 usec 666051
src frame 108.0 time sec 1590975593 usec 666139
    Interpolator time 29683 usec
    getNextFrame 108.1 time 8247 usec
add frame 108.1 time sec 1590975593 usec 713020
src frame 109.0 time sec 1590975593 usec 713110
    Interpolator time 29511 usec
    getNextFrame 109.1 time 8258 usec
add frame 109.1 time sec 1590975593 usec 762872
src frame 110.0 time sec 1590975593 usec 762960
    Interpolator time 29901 usec
    getNextFrame 110.1 time 8613 usec
add frame 110.1 time sec 1590975593 usec 813595
src frame 111.0 time sec 1590975593 usec 813681
    Interpolator time 31738 usec
    getNextFrame 111.1 time 8422 usec
add frame 111.1 time sec 1590975593 usec 866159
src frame 112.0 time sec 1590975593 usec 866255
    Interpolator time 31158 usec
    getNextFrame 112.1 time 8637 usec
add frame 112.1 time sec 1590975593 usec 916576
src frame 113.0 time sec 1590975593 usec 916661
    Interpolator time 31301 usec
    getNextFrame 113.1 time 8546 usec
add frame 113.1 time sec 1590975593 usec 966121
src frame 114.0 time sec 1590975593 usec 966136
    Interpolator time 30675 usec
    getNextFrame 114.1 time 8672 usec
add frame 114.1 time sec 1590975594 usec 16312
src frame 115.0 time sec 1590975594 usec 16325
    Interpolator time 30521 usec
    getNextFrame 115.1 time 8904 usec
add frame 115.1 time sec 1590975594 usec 66219
src frame 116.0 time sec 1590975594 usec 66231
    Interpolator time 33981 usec
    getNextFrame 116.1 time 8857 usec
add frame 116.1 time sec 1590975594 usec 119585
src frame 117.0 time sec 1590975594 usec 119598
    Interpolator time 31517 usec
    getNextFrame 117.1 time 8201 usec
add frame 117.1 time sec 1590975594 usec 167073
src frame 118.0 time sec 1590975594 usec 167165
    Interpolator time 34445 usec
    getNextFrame 118.1 time 8531 usec
add frame 118.1 time sec 1590975594 usec 220662
src frame 119.0 time sec 1590975594 usec 220746
    Interpolator time 32054 usec
    getNextFrame 119.1 time 8475 usec
add frame 119.1 time sec 1590975594 usec 268359
src frame 120.0 time sec 1590975594 usec 268371
    Interpolator time 31622 usec
    getNextFrame 120.1 time 8106 usec
add frame 120.1 time sec 1590975594 usec 318667
src frame 121.0 time sec 1590975594 usec 318680
    Interpolator time 33422 usec
    getNextFrame 121.1 time 8779 usec
add frame 121.1 time sec 1590975594 usec 369785
src frame 122.0 time sec 1590975594 usec 369870
    Interpolator time 35027 usec
    getNextFrame 122.1 time 8526 usec
add frame 122.1 time sec 1590975594 usec 421062
src frame 123.0 time sec 1590975594 usec 421150
    Interpolator time 32847 usec
    getNextFrame 123.1 time 8763 usec
add frame 123.1 time sec 1590975594 usec 468748
src frame 124.0 time sec 1590975594 usec 468763
    Interpolator time 36408 usec
    getNextFrame 124.1 time 9499 usec
add frame 124.1 time sec 1590975594 usec 523542
src frame 125.0 time sec 1590975594 usec 523558
    Interpolator time 32623 usec
    getNextFrame 125.1 time 8292 usec
add frame 125.1 time sec 1590975594 usec 572318
src frame 126.0 time sec 1590975594 usec 572336
    Interpolator time 34036 usec
    getNextFrame 126.1 time 8168 usec
add frame 126.1 time sec 1590975594 usec 623041
src frame 127.0 time sec 1590975594 usec 623116
    Interpolator time 33941 usec
    getNextFrame 127.1 time 8227 usec
add frame 127.1 time sec 1590975594 usec 672548
src frame 128.0 time sec 1590975594 usec 672561
    Interpolator time 40196 usec
    getNextFrame 128.1 time 8342 usec
add frame 128.1 time sec 1590975594 usec 727571
src frame 129.0 time sec 1590975594 usec 727584
    Interpolator time 33980 usec
    getNextFrame 129.1 time 8465 usec
add frame 129.1 time sec 1590975594 usec 771557
src frame 130.0 time sec 1590975594 usec 771571
    Interpolator time 32527 usec
    getNextFrame 130.1 time 8371 usec
add frame 130.1 time sec 1590975594 usec 818691
src frame 131.0 time sec 1590975594 usec 818776
    Interpolator time 33827 usec
    getNextFrame 131.1 time 8463 usec
add frame 131.1 time sec 1590975594 usec 868896
src frame 132.0 time sec 1590975594 usec 868940
    Interpolator time 26739 usec
    getNextFrame 132.1 time 8144 usec
add frame 132.1 time sec 1590975594 usec 911805
src frame 133.0 time sec 1590975594 usec 911905
    Interpolator time 27201 usec
    getNextFrame 133.1 time 8259 usec
add frame 133.1 time sec 1590975594 usec 960902
src frame 134.0 time sec 1590975594 usec 960996
    Interpolator time 28521 usec
    getNextFrame 134.1 time 8362 usec
add frame 134.1 time sec 1590975595 usec 12700
src frame 135.0 time sec 1590975595 usec 12797
    Interpolator time 27291 usec
    getNextFrame 135.1 time 8484 usec
add frame 135.1 time sec 1590975595 usec 61896
src frame 136.0 time sec 1590975595 usec 61994
    Interpolator time 32625 usec
    getNextFrame 136.1 time 8301 usec
add frame 136.1 time sec 1590975595 usec 117096
src frame 137.0 time sec 1590975595 usec 117188
    Interpolator time 29539 usec
    getNextFrame 137.1 time 8354 usec
add frame 137.1 time sec 1590975595 usec 166031
src frame 138.0 time sec 1590975595 usec 166111
    Interpolator time 27472 usec
    getNextFrame 138.1 time 8381 usec
add frame 138.1 time sec 1590975595 usec 213244
src frame 139.0 time sec 1590975595 usec 213340
    Interpolator time 27055 usec
    getNextFrame 139.1 time 8403 usec
add frame 139.1 time sec 1590975595 usec 262386
src frame 140.0 time sec 1590975595 usec 262482
    Interpolator time 27955 usec
    getNextFrame 140.1 time 8537 usec
add frame 140.1 time sec 1590975595 usec 313345
src frame 141.0 time sec 1590975595 usec 313358
    Interpolator time 27402 usec
    getNextFrame 141.1 time 8383 usec
add frame 141.1 time sec 1590975595 usec 362299
src frame 142.0 time sec 1590975595 usec 362312
    Interpolator time 27843 usec
    getNextFrame 142.1 time 8124 usec
add frame 142.1 time sec 1590975595 usec 412252
src frame 143.0 time sec 1590975595 usec 412264
    Interpolator time 27728 usec
    getNextFrame 143.1 time 8159 usec
add frame 143.1 time sec 1590975595 usec 461680
src frame 144.0 time sec 1590975595 usec 461692
    Interpolator time 30232 usec
    getNextFrame 144.1 time 8082 usec
add frame 144.1 time sec 1590975595 usec 514447
src frame 145.0 time sec 1590975595 usec 514460
    Interpolator time 27160 usec
    getNextFrame 145.1 time 8569 usec
add frame 145.1 time sec 1590975595 usec 561319
src frame 146.0 time sec 1590975595 usec 561332
    Interpolator time 28628 usec
    getNextFrame 146.1 time 8434 usec
add frame 146.1 time sec 1590975595 usec 612694
src frame 147.0 time sec 1590975595 usec 612706
    Interpolator time 27506 usec
    getNextFrame 147.1 time 8526 usec
add frame 147.1 time sec 1590975595 usec 662202
src frame 148.0 time sec 1590975595 usec 662213
    Interpolator time 27423 usec
    getNextFrame 148.1 time 8156 usec
add frame 148.1 time sec 1590975595 usec 711515
src frame 149.0 time sec 1590975595 usec 711531
    Interpolator time 28366 usec
    getNextFrame 149.1 time 9132 usec
add frame 149.1 time sec 1590975595 usec 763248
src frame 150.0 time sec 1590975595 usec 763290
    Interpolator time 32107 usec
    getNextFrame 150.1 time 8409 usec
add frame 150.1 time sec 1590975595 usec 817596
src frame 151.0 time sec 1590975595 usec 817680
    Interpolator time 30375 usec
    getNextFrame 151.1 time 8156 usec
add frame 151.1 time sec 1590975595 usec 865740
src frame 152.0 time sec 1590975595 usec 865820
    Interpolator time 31264 usec
    getNextFrame 152.1 time 7908 usec
add frame 152.1 time sec 1590975595 usec 916185
src frame 153.0 time sec 1590975595 usec 916268
    Interpolator time 27018 usec
    getNextFrame 153.1 time 8993 usec
add frame 153.1 time sec 1590975595 usec 963130
src frame 154.0 time sec 1590975595 usec 963229
    Interpolator time 28157 usec
    getNextFrame 154.1 time 8950 usec
add frame 154.1 time sec 1590975596 usec 13550
src frame 155.0 time sec 1590975596 usec 13649
    Interpolator time 27143 usec
    getNextFrame 155.1 time 8857 usec
add frame 155.1 time sec 1590975596 usec 62566
src frame 156.0 time sec 1590975596 usec 62652
    Interpolator time 27221 usec
    getNextFrame 156.1 time 7997 usec
add frame 156.1 time sec 1590975596 usec 110516
src frame 157.0 time sec 1590975596 usec 110613
    Interpolator time 26716 usec
    getNextFrame 157.1 time 8016 usec
add frame 157.1 time sec 1590975596 usec 160270
src frame 158.0 time sec 1590975596 usec 160353
    Interpolator time 29323 usec
    getNextFrame 158.1 time 10072 usec
add frame 158.1 time sec 1590975596 usec 214518
src frame 159.0 time sec 1590975596 usec 214617
    Interpolator time 28634 usec
    getNextFrame 159.1 time 8410 usec
add frame 159.1 time sec 1590975596 usec 262737
src frame 160.0 time sec 1590975596 usec 262840
    Interpolator time 28768 usec
    getNextFrame 160.1 time 8317 usec
add frame 160.1 time sec 1590975596 usec 314391
src frame 161.0 time sec 1590975596 usec 314493
    Interpolator time 27586 usec
    getNextFrame 161.1 time 8503 usec
add frame 161.1 time sec 1590975596 usec 363073
src frame 162.0 time sec 1590975596 usec 363158
    Interpolator time 27828 usec
    getNextFrame 162.1 time 8614 usec
add frame 162.1 time sec 1590975596 usec 413140
src frame 163.0 time sec 1590975596 usec 413239
    Interpolator time 27310 usec
    getNextFrame 163.1 time 8492 usec
add frame 163.1 time sec 1590975596 usec 462548
src frame 164.0 time sec 1590975596 usec 462617
    Interpolator time 29031 usec
    getNextFrame 164.1 time 8431 usec
add frame 164.1 time sec 1590975596 usec 514203
src frame 165.0 time sec 1590975596 usec 514294
    Interpolator time 27876 usec
    getNextFrame 165.1 time 8332 usec
add frame 165.1 time sec 1590975596 usec 562581
src frame 166.0 time sec 1590975596 usec 562673
    Interpolator time 28564 usec
    getNextFrame 166.1 time 8090 usec
add frame 166.1 time sec 1590975596 usec 613470
src frame 167.0 time sec 1590975596 usec 613569
    Interpolator time 29374 usec
    getNextFrame 167.1 time 8064 usec
add frame 167.1 time sec 1590975596 usec 663465
src frame 168.0 time sec 1590975596 usec 663550
    Interpolator time 27066 usec
    getNextFrame 168.1 time 8580 usec
add frame 168.1 time sec 1590975596 usec 712693
src frame 169.0 time sec 1590975596 usec 712793
    Interpolator time 27413 usec
    getNextFrame 169.1 time 8546 usec
add frame 169.1 time sec 1590975596 usec 763139
src frame 170.0 time sec 1590975596 usec 763237
    Interpolator time 31516 usec
    getNextFrame 170.1 time 8382 usec
add frame 170.1 time sec 1590975596 usec 817208
src frame 171.0 time sec 1590975596 usec 817309
    Interpolator time 27321 usec
    getNextFrame 171.1 time 9030 usec
add frame 171.1 time sec 1590975596 usec 863732
src frame 172.0 time sec 1590975596 usec 863813
    Interpolator time 31703 usec
    getNextFrame 172.1 time 8323 usec
add frame 172.1 time sec 1590975596 usec 916548
src frame 173.0 time sec 1590975596 usec 916636
    Interpolator time 27760 usec
    getNextFrame 173.1 time 8614 usec
add frame 173.1 time sec 1590975596 usec 963473
src frame 174.0 time sec 1590975596 usec 963518
    Interpolator time 31511 usec
    getNextFrame 174.1 time 9165 usec
add frame 174.1 time sec 1590975597 usec 17448
src frame 175.0 time sec 1590975597 usec 17488
    Interpolator time 33472 usec
    getNextFrame 175.1 time 8025 usec
add frame 175.1 time sec 1590975597 usec 69879
src frame 176.0 time sec 1590975597 usec 69963
    Interpolator time 29958 usec
    getNextFrame 176.1 time 8518 usec
add frame 176.1 time sec 1590975597 usec 116568
src frame 177.0 time sec 1590975597 usec 116653
    Interpolator time 29202 usec
    getNextFrame 177.1 time 8554 usec
add frame 177.1 time sec 1590975597 usec 165409
src frame 178.0 time sec 1590975597 usec 165507
    Interpolator time 27674 usec
    getNextFrame 178.1 time 9030 usec
add frame 178.1 time sec 1590975597 usec 214029
src frame 179.0 time sec 1590975597 usec 214123
    Interpolator time 30459 usec
    getNextFrame 179.1 time 8280 usec
add frame 179.1 time sec 1590975597 usec 265907
src frame 180.0 time sec 1590975597 usec 266014
    Interpolator time 30811 usec
    getNextFrame 180.1 time 8118 usec
add frame 180.1 time sec 1590975597 usec 316631
src frame 181.0 time sec 1590975597 usec 316710
    Interpolator time 26979 usec
    getNextFrame 181.1 time 8131 usec
add frame 181.1 time sec 1590975597 usec 361808
src frame 182.0 time sec 1590975597 usec 361907
    Interpolator time 27560 usec
    getNextFrame 182.1 time 8017 usec
add frame 182.1 time sec 1590975597 usec 411474
src frame 183.0 time sec 1590975597 usec 411566
    Interpolator time 27024 usec
    getNextFrame 183.1 time 8207 usec
add frame 183.1 time sec 1590975597 usec 460918
src frame 184.0 time sec 1590975597 usec 461025
    Interpolator time 27123 usec
    getNextFrame 184.1 time 8052 usec
add frame 184.1 time sec 1590975597 usec 510748
src frame 185.0 time sec 1590975597 usec 510832
    Interpolator time 31086 usec
    getNextFrame 185.1 time 8038 usec
add frame 185.1 time sec 1590975597 usec 565940
src frame 186.0 time sec 1590975597 usec 566029
    Interpolator time 28798 usec
    getNextFrame 186.1 time 8038 usec
add frame 186.1 time sec 1590975597 usec 613779
src frame 187.0 time sec 1590975597 usec 613863
    Interpolator time 27703 usec
    getNextFrame 187.1 time 8503 usec
add frame 187.1 time sec 1590975597 usec 662762
src frame 188.0 time sec 1590975597 usec 662849
    Interpolator time 27482 usec
    getNextFrame 188.1 time 8439 usec
add frame 188.1 time sec 1590975597 usec 712700
src frame 189.0 time sec 1590975597 usec 712799
    Interpolator time 27762 usec
    getNextFrame 189.1 time 8632 usec
add frame 189.1 time sec 1590975597 usec 763037
src frame 190.0 time sec 1590975597 usec 763136
    Interpolator time 27840 usec
    getNextFrame 190.1 time 8480 usec
add frame 190.1 time sec 1590975597 usec 813179
src frame 191.0 time sec 1590975597 usec 813277
    Interpolator time 28277 usec
    getNextFrame 191.1 time 8172 usec
add frame 191.1 time sec 1590975597 usec 862939
src frame 192.0 time sec 1590975597 usec 863033
    Interpolator time 28242 usec
    getNextFrame 192.1 time 8048 usec
add frame 192.1 time sec 1590975597 usec 912259
src frame 193.0 time sec 1590975597 usec 912347
    Interpolator time 28346 usec
    getNextFrame 193.1 time 8166 usec
add frame 193.1 time sec 1590975597 usec 962493
src frame 194.0 time sec 1590975597 usec 962596
    Interpolator time 30565 usec
    getNextFrame 194.1 time 8007 usec
add frame 194.1 time sec 1590975598 usec 15087
src frame 195.0 time sec 1590975598 usec 15179
    Interpolator time 28143 usec
    getNextFrame 195.1 time 8465 usec
add frame 195.1 time sec 1590975598 usec 63466
src frame 196.0 time sec 1590975598 usec 63566
    Interpolator time 28349 usec
    getNextFrame 196.1 time 8325 usec
add frame 196.1 time sec 1590975598 usec 114393
src frame 197.0 time sec 1590975598 usec 114498
    Interpolator time 27722 usec
    getNextFrame 197.1 time 8474 usec
add frame 197.1 time sec 1590975598 usec 163260
src frame 198.0 time sec 1590975598 usec 163358
    Interpolator time 29890 usec
    getNextFrame 198.1 time 8525 usec
add frame 198.1 time sec 1590975598 usec 215991
src frame 199.0 time sec 1590975598 usec 216075
    Interpolator time 29901 usec
    getNextFrame 199.1 time 8764 usec
add frame 199.1 time sec 1590975598 usec 266851
src frame 200.0 time sec 1590975598 usec 266948
    Interpolator time 29950 usec
    getNextFrame 200.1 time 8421 usec
add frame 200.1 time sec 1590975598 usec 322693
src frame 201.0 time sec 1590975598 usec 322777
    Interpolator time 31352 usec
    getNextFrame 201.1 time 8314 usec
add frame 201.1 time sec 1590975598 usec 369134
src frame 202.0 time sec 1590975598 usec 369233
    Interpolator time 33591 usec
    getNextFrame 202.1 time 8297 usec
add frame 202.1 time sec 1590975598 usec 421324
src frame 203.0 time sec 1590975598 usec 421412
    Interpolator time 27363 usec
    getNextFrame 203.1 time 8457 usec
add frame 203.1 time sec 1590975598 usec 463430
src frame 204.0 time sec 1590975598 usec 463462
    Interpolator time 28395 usec
    getNextFrame 204.1 time 9104 usec
add frame 204.1 time sec 1590975598 usec 515583
src frame 205.0 time sec 1590975598 usec 515626
    Interpolator time 28206 usec
    getNextFrame 205.1 time 8342 usec
add frame 205.1 time sec 1590975598 usec 563176
src frame 206.0 time sec 1590975598 usec 563260
    Interpolator time 27929 usec
    getNextFrame 206.1 time 8168 usec
add frame 206.1 time sec 1590975598 usec 612462
src frame 207.0 time sec 1590975598 usec 612559
    Interpolator time 27788 usec
    getNextFrame 207.1 time 8512 usec
add frame 207.1 time sec 1590975598 usec 662509
src frame 208.0 time sec 1590975598 usec 662599
    Interpolator time 27954 usec
    getNextFrame 208.1 time 8058 usec
add frame 208.1 time sec 1590975598 usec 712190
src frame 209.0 time sec 1590975598 usec 712277
    Interpolator time 27469 usec
    getNextFrame 209.1 time 8241 usec
add frame 209.1 time sec 1590975598 usec 761582
src frame 210.0 time sec 1590975598 usec 761710
    Interpolator time 31300 usec
    getNextFrame 210.1 time 7978 usec
add frame 210.1 time sec 1590975598 usec 816503
src frame 211.0 time sec 1590975598 usec 816592
    Interpolator time 30900 usec
    getNextFrame 211.1 time 8023 usec
add frame 211.1 time sec 1590975598 usec 865880
src frame 212.0 time sec 1590975598 usec 865967
    Interpolator time 27647 usec
    getNextFrame 212.1 time 8600 usec
add frame 212.1 time sec 1590975598 usec 913053
src frame 213.0 time sec 1590975598 usec 913140
    Interpolator time 27631 usec
    getNextFrame 213.1 time 8628 usec
add frame 213.1 time sec 1590975598 usec 963048
src frame 214.0 time sec 1590975598 usec 963142
    Interpolator time 30421 usec
    getNextFrame 214.1 time 8560 usec
add frame 214.1 time sec 1590975599 usec 17011
src frame 215.0 time sec 1590975599 usec 17097
    Interpolator time 29209 usec
    getNextFrame 215.1 time 8853 usec
add frame 215.1 time sec 1590975599 usec 66344
src frame 216.0 time sec 1590975599 usec 66428
    Interpolator time 30198 usec
    getNextFrame 216.1 time 8397 usec
add frame 216.1 time sec 1590975599 usec 116647
src frame 217.0 time sec 1590975599 usec 116733
    Interpolator time 28740 usec
    getNextFrame 217.1 time 8234 usec
add frame 217.1 time sec 1590975599 usec 164108
src frame 218.0 time sec 1590975599 usec 164125
    Interpolator time 28989 usec
    getNextFrame 218.1 time 7949 usec
add frame 218.1 time sec 1590975599 usec 217680
src frame 219.0 time sec 1590975599 usec 217778
    Interpolator time 29812 usec
    getNextFrame 219.1 time 8579 usec
add frame 219.1 time sec 1590975599 usec 266334
src frame 220.0 time sec 1590975599 usec 266422
    Interpolator time 29207 usec
    getNextFrame 220.1 time 8166 usec
add frame 220.1 time sec 1590975599 usec 315581
src frame 221.0 time sec 1590975599 usec 315631
    Interpolator time 30147 usec
    getNextFrame 221.1 time 8683 usec
add frame 221.1 time sec 1590975599 usec 366165
src frame 222.0 time sec 1590975599 usec 366263
    Interpolator time 31351 usec
    getNextFrame 222.1 time 8531 usec
add frame 222.1 time sec 1590975599 usec 417255
src frame 223.0 time sec 1590975599 usec 417300
    Interpolator time 27580 usec
    getNextFrame 223.1 time 8316 usec
add frame 223.1 time sec 1590975599 usec 463423
src frame 224.0 time sec 1590975599 usec 463442
    Interpolator time 31093 usec
    getNextFrame 224.1 time 14070 usec
add frame 224.1 time sec 1590975599 usec 523105
src frame 225.0 time sec 1590975599 usec 523144
    Interpolator time 29424 usec
    getNextFrame 225.1 time 14109 usec
add frame 225.1 time sec 1590975599 usec 576141
src frame 226.0 time sec 1590975599 usec 576195
    Interpolator time 29018 usec
    getNextFrame 226.1 time 13328 usec
add frame 226.1 time sec 1590975599 usec 626451
src frame 227.0 time sec 1590975599 usec 626492
    Interpolator time 29167 usec
    getNextFrame 227.1 time 13677 usec
add frame 227.1 time sec 1590975599 usec 676676
src frame 228.0 time sec 1590975599 usec 676719
    Interpolator time 29069 usec
    getNextFrame 228.1 time 12480 usec
add frame 228.1 time sec 1590975599 usec 725610
src frame 229.0 time sec 1590975599 usec 725693
    Interpolator time 29276 usec
    getNextFrame 229.1 time 8374 usec
add frame 229.1 time sec 1590975599 usec 770545
src frame 230.0 time sec 1590975599 usec 770633
    Interpolator time 30784 usec
    getNextFrame 230.1 time 8279 usec
add frame 230.1 time sec 1590975599 usec 817314
src frame 231.0 time sec 1590975599 usec 817398
    Interpolator time 27136 usec
    getNextFrame 231.1 time 8220 usec
add frame 231.1 time sec 1590975599 usec 862602
src frame 232.0 time sec 1590975599 usec 862689
    Interpolator time 27449 usec
    getNextFrame 232.1 time 8096 usec
add frame 232.1 time sec 1590975599 usec 911651
src frame 233.0 time sec 1590975599 usec 911757
    Interpolator time 27052 usec
    getNextFrame 233.1 time 8005 usec
add frame 233.1 time sec 1590975599 usec 960762
src frame 234.0 time sec 1590975599 usec 960862
    Interpolator time 28968 usec
    getNextFrame 234.1 time 8049 usec
add frame 234.1 time sec 1590975600 usec 14778
src frame 235.0 time sec 1590975600 usec 14874
    Interpolator time 29313 usec
    getNextFrame 235.1 time 8072 usec
add frame 235.1 time sec 1590975600 usec 68706
src frame 236.0 time sec 1590975600 usec 68793
    Interpolator time 30939 usec
    getNextFrame 236.1 time 8431 usec
add frame 236.1 time sec 1590975600 usec 117499
src frame 237.0 time sec 1590975600 usec 117597
    Interpolator time 27567 usec
    getNextFrame 237.1 time 9155 usec
add frame 237.1 time sec 1590975600 usec 163957
src frame 238.0 time sec 1590975600 usec 164033
    Interpolator time 32032 usec
    getNextFrame 238.1 time 8378 usec
add frame 238.1 time sec 1590975600 usec 217671
src frame 239.0 time sec 1590975600 usec 217758
    Interpolator time 29098 usec
    getNextFrame 239.1 time 8120 usec
add frame 239.1 time sec 1590975600 usec 264660
src frame 240.0 time sec 1590975600 usec 264763
    Interpolator time 32491 usec
    getNextFrame 240.1 time 8389 usec
add frame 240.1 time sec 1590975600 usec 322418
src frame 241.0 time sec 1590975600 usec 322508
    Interpolator time 30174 usec
    getNextFrame 241.1 time 8090 usec
add frame 241.1 time sec 1590975600 usec 365970
src frame 242.0 time sec 1590975600 usec 366053
    Interpolator time 27138 usec
    getNextFrame 242.1 time 8492 usec
add frame 242.1 time sec 1590975600 usec 413263
src frame 243.0 time sec 1590975600 usec 413362
    Interpolator time 27858 usec
    getNextFrame 243.1 time 8679 usec
add frame 243.1 time sec 1590975600 usec 463489
src frame 244.0 time sec 1590975600 usec 463564
    Interpolator time 30640 usec
    getNextFrame 244.1 time 8370 usec
add frame 244.1 time sec 1590975600 usec 516759
src frame 245.0 time sec 1590975600 usec 516777
    Interpolator time 27571 usec
    getNextFrame 245.1 time 8053 usec
add frame 245.1 time sec 1590975600 usec 562487
src frame 246.0 time sec 1590975600 usec 562571
    Interpolator time 28113 usec
    getNextFrame 246.1 time 8240 usec
add frame 246.1 time sec 1590975600 usec 613284
src frame 247.0 time sec 1590975600 usec 613368
    Interpolator time 29229 usec
    getNextFrame 247.1 time 8334 usec
add frame 247.1 time sec 1590975600 usec 664078
src frame 248.0 time sec 1590975600 usec 664160
    Interpolator time 28794 usec
    getNextFrame 248.1 time 8738 usec
add frame 248.1 time sec 1590975600 usec 714296
src frame 249.0 time sec 1590975600 usec 714393
    Interpolator time 47719 usec
    getNextFrame 249.1 time 8512 usec
add frame 249.1 time sec 1590975600 usec 784512
src frame 250.0 time sec 1590975600 usec 784589
    Interpolator time 31265 usec
    getNextFrame 250.1 time 9114 usec
add frame 250.1 time sec 1590975600 usec 826506
src frame 251.0 time sec 1590975600 usec 826543
    Interpolator time 31548 usec
    getNextFrame 251.1 time 8257 usec
add frame 251.1 time sec 1590975600 usec 868513
src frame 252.0 time sec 1590975600 usec 868596
    Interpolator time 27145 usec
    getNextFrame 252.1 time 8602 usec
add frame 252.1 time sec 1590975600 usec 913479
src frame 253.0 time sec 1590975600 usec 913567
    Interpolator time 27864 usec
    getNextFrame 253.1 time 8761 usec
add frame 253.1 time sec 1590975600 usec 963717
src frame 254.0 time sec 1590975600 usec 963811
    Interpolator time 29967 usec
    getNextFrame 254.1 time 8258 usec
add frame 254.1 time sec 1590975601 usec 15495
src frame 255.0 time sec 1590975601 usec 15565
    Interpolator time 27597 usec
    getNextFrame 255.1 time 8366 usec
add frame 255.1 time sec 1590975601 usec 62885
src frame 256.0 time sec 1590975601 usec 62971
    Interpolator time 27883 usec
    getNextFrame 256.1 time 8236 usec
add frame 256.1 time sec 1590975601 usec 112777
src frame 257.0 time sec 1590975601 usec 112864
    Interpolator time 27809 usec
    getNextFrame 257.1 time 8149 usec
add frame 257.1 time sec 1590975601 usec 162195
src frame 258.0 time sec 1590975601 usec 162284
    Interpolator time 27258 usec
    getNextFrame 258.1 time 8821 usec
add frame 258.1 time sec 1590975601 usec 212303
src frame 259.0 time sec 1590975601 usec 212397
    Interpolator time 28231 usec
    getNextFrame 259.1 time 8177 usec
add frame 259.1 time sec 1590975601 usec 263202
src frame 260.0 time sec 1590975601 usec 263268
    Interpolator time 30440 usec
    getNextFrame 260.1 time 8129 usec
add frame 260.1 time sec 1590975601 usec 315528
src frame 261.0 time sec 1590975601 usec 315576
    Interpolator time 31692 usec
    getNextFrame 261.1 time 8299 usec
add frame 261.1 time sec 1590975601 usec 367626
src frame 262.0 time sec 1590975601 usec 367658
    Interpolator time 29831 usec
    getNextFrame 262.1 time 8056 usec
add frame 262.1 time sec 1590975601 usec 416151
src frame 263.0 time sec 1590975601 usec 416248
    Interpolator time 27249 usec
    getNextFrame 263.1 time 8657 usec
add frame 263.1 time sec 1590975601 usec 463190
src frame 264.0 time sec 1590975601 usec 463289
    Interpolator time 30839 usec
    getNextFrame 264.1 time 8057 usec
add frame 264.1 time sec 1590975601 usec 516965
src frame 265.0 time sec 1590975601 usec 517063
    Interpolator time 27406 usec
    getNextFrame 265.1 time 8465 usec
add frame 265.1 time sec 1590975601 usec 563204
src frame 266.0 time sec 1590975601 usec 563216
    Interpolator time 27482 usec
    getNextFrame 266.1 time 8170 usec
add frame 266.1 time sec 1590975601 usec 612228
src frame 267.0 time sec 1590975601 usec 612243
    Interpolator time 28123 usec
    getNextFrame 267.1 time 8024 usec
add frame 267.1 time sec 1590975601 usec 662306
src frame 268.0 time sec 1590975601 usec 662318
    Interpolator time 31368 usec
    getNextFrame 268.1 time 8126 usec
add frame 268.1 time sec 1590975601 usec 715632
src frame 269.0 time sec 1590975601 usec 715642
    Interpolator time 30677 usec
    getNextFrame 269.1 time 8004 usec
add frame 269.1 time sec 1590975601 usec 765699
src frame 270.0 time sec 1590975601 usec 765713
    Interpolator time 27563 usec
    getNextFrame 270.1 time 8458 usec
add frame 270.1 time sec 1590975601 usec 812897
src frame 271.0 time sec 1590975601 usec 812910
    Interpolator time 27426 usec
    getNextFrame 271.1 time 8684 usec
add frame 271.1 time sec 1590975601 usec 862831
src frame 272.0 time sec 1590975601 usec 862841
    Interpolator time 30892 usec
    getNextFrame 272.1 time 8832 usec
add frame 272.1 time sec 1590975601 usec 917232
src frame 273.0 time sec 1590975601 usec 917244
    Interpolator time 31779 usec
    getNextFrame 273.1 time 8138 usec
add frame 273.1 time sec 1590975601 usec 975193
src frame 274.0 time sec 1590975601 usec 975204
    Interpolator time 31396 usec
    getNextFrame 274.1 time 8349 usec
add frame 274.1 time sec 1590975602 usec 19417
src frame 275.0 time sec 1590975602 usec 19429
    Interpolator time 31068 usec
    getNextFrame 275.1 time 8035 usec
add frame 275.1 time sec 1590975602 usec 66966
src frame 276.0 time sec 1590975602 usec 66977
    Interpolator time 26835 usec
    getNextFrame 276.1 time 8029 usec
add frame 276.1 time sec 1590975602 usec 112144
src frame 277.0 time sec 1590975602 usec 112158
    Interpolator time 26944 usec
    getNextFrame 277.1 time 7946 usec
add frame 277.1 time sec 1590975602 usec 162148
src frame 278.0 time sec 1590975602 usec 162164
    Interpolator time 27300 usec
    getNextFrame 278.1 time 7932 usec
add frame 278.1 time sec 1590975602 usec 211932
src frame 279.0 time sec 1590975602 usec 211945
    Interpolator time 27131 usec
    getNextFrame 279.1 time 7984 usec
add frame 279.1 time sec 1590975602 usec 260926
src frame 280.0 time sec 1590975602 usec 260940
    Interpolator time 26662 usec
    getNextFrame 280.1 time 7965 usec
add frame 280.1 time sec 1590975602 usec 310146
src frame 281.0 time sec 1590975602 usec 310160
    Interpolator time 28995 usec
    getNextFrame 281.1 time 8209 usec
add frame 281.1 time sec 1590975602 usec 362545
src frame 282.0 time sec 1590975602 usec 362558
    Interpolator time 27630 usec
    getNextFrame 282.1 time 8126 usec
add frame 282.1 time sec 1590975602 usec 411898
src frame 283.0 time sec 1590975602 usec 411912
    Interpolator time 27916 usec
    getNextFrame 283.1 time 8802 usec
add frame 283.1 time sec 1590975602 usec 464029
src frame 284.0 time sec 1590975602 usec 464042
    Interpolator time 28708 usec
    getNextFrame 284.1 time 8588 usec
add frame 284.1 time sec 1590975602 usec 514975
src frame 285.0 time sec 1590975602 usec 514989
    Interpolator time 27676 usec
    getNextFrame 285.1 time 8653 usec
add frame 285.1 time sec 1590975602 usec 563259
src frame 286.0 time sec 1590975602 usec 563271
    Interpolator time 27026 usec
    getNextFrame 286.1 time 7998 usec
add frame 286.1 time sec 1590975602 usec 611694
src frame 287.0 time sec 1590975602 usec 611735
    Interpolator time 27788 usec
    getNextFrame 287.1 time 8409 usec
add frame 287.1 time sec 1590975602 usec 662231
src frame 288.0 time sec 1590975602 usec 662243
    Interpolator time 28227 usec
    getNextFrame 288.1 time 8061 usec
add frame 288.1 time sec 1590975602 usec 712811
src frame 289.0 time sec 1590975602 usec 712824
    Interpolator time 28677 usec
    getNextFrame 289.1 time 8393 usec
add frame 289.1 time sec 1590975602 usec 763638
src frame 290.0 time sec 1590975602 usec 763648
    Interpolator time 28506 usec
    getNextFrame 290.1 time 8045 usec
add frame 290.1 time sec 1590975602 usec 815321
src frame 291.0 time sec 1590975602 usec 815334
    Interpolator time 27350 usec
    getNextFrame 291.1 time 8655 usec
add frame 291.1 time sec 1590975602 usec 863011
src frame 292.0 time sec 1590975602 usec 863023
    Interpolator time 27337 usec
    getNextFrame 292.1 time 8603 usec
add frame 292.1 time sec 1590975602 usec 912843
src frame 293.0 time sec 1590975602 usec 912857
    Interpolator time 28026 usec
    getNextFrame 293.1 time 8779 usec
add frame 293.1 time sec 1590975602 usec 963868
src frame 294.0 time sec 1590975602 usec 963879
    Interpolator time 30470 usec
    getNextFrame 294.1 time 8194 usec
add frame 294.1 time sec 1590975603 usec 15883
src frame 295.0 time sec 1590975603 usec 15897
    Interpolator time 27426 usec
    getNextFrame 295.1 time 8204 usec
add frame 295.1 time sec 1590975603 usec 62177
src frame 296.0 time sec 1590975603 usec 62191
    Interpolator time 27875 usec
    getNextFrame 296.1 time 7886 usec
add frame 296.1 time sec 1590975603 usec 112017
src frame 297.0 time sec 1590975603 usec 112033
    Interpolator time 27405 usec
    getNextFrame 297.1 time 8627 usec
add frame 297.1 time sec 1590975603 usec 162673
src frame 298.0 time sec 1590975603 usec 162687
    Interpolator time 36221 usec
    getNextFrame 298.1 time 7943 usec
add frame 298.1 time sec 1590975603 usec 222041
src frame 299.0 time sec 1590975603 usec 222053
    Interpolator time 31274 usec
    getNextFrame 299.1 time 8443 usec
add frame 299.1 time sec 1590975603 usec 269182
src frame 300.0 time sec 1590975603 usec 269200
    Interpolator time 28154 usec
    getNextFrame 300.1 time 8289 usec
add frame 300.1 time sec 1590975603 usec 317872
src frame 301.0 time sec 1590975603 usec 317980
    Interpolator time 31393 usec
    getNextFrame 301.1 time 8417 usec
add frame 301.1 time sec 1590975603 usec 367395
src frame 302.0 time sec 1590975603 usec 367490
    Interpolator time 30292 usec
    getNextFrame 302.1 time 8053 usec
add frame 302.1 time sec 1590975603 usec 415996
src frame 303.0 time sec 1590975603 usec 416085
    Interpolator time 27036 usec
    getNextFrame 303.1 time 9017 usec
add frame 303.1 time sec 1590975603 usec 463087
src frame 304.0 time sec 1590975603 usec 463186
    Interpolator time 27549 usec
    getNextFrame 304.1 time 8913 usec
add frame 304.1 time sec 1590975603 usec 512099
src frame 305.0 time sec 1590975603 usec 512189
    Interpolator time 27209 usec
    getNextFrame 305.1 time 8763 usec
add frame 305.1 time sec 1590975603 usec 561696
src frame 306.0 time sec 1590975603 usec 561797
    Interpolator time 27113 usec
    getNextFrame 306.1 time 8890 usec
add frame 306.1 time sec 1590975603 usec 612157
src frame 307.0 time sec 1590975603 usec 612248
    Interpolator time 28450 usec
    getNextFrame 307.1 time 9123 usec
add frame 307.1 time sec 1590975603 usec 663120
src frame 308.0 time sec 1590975603 usec 663207
    Interpolator time 28589 usec
    getNextFrame 308.1 time 8347 usec
add frame 308.1 time sec 1590975603 usec 713923
src frame 309.0 time sec 1590975603 usec 714021
    Interpolator time 28347 usec
    getNextFrame 309.1 time 7960 usec
add frame 309.1 time sec 1590975603 usec 762747
src frame 310.0 time sec 1590975603 usec 762848
    Interpolator time 27106 usec
    getNextFrame 310.1 time 8447 usec
add frame 310.1 time sec 1590975603 usec 811595
src frame 311.0 time sec 1590975603 usec 811690
    Interpolator time 27248 usec
    getNextFrame 311.1 time 8338 usec
add frame 311.1 time sec 1590975603 usec 861843
src frame 312.0 time sec 1590975603 usec 861928
    Interpolator time 27399 usec
    getNextFrame 312.1 time 8612 usec
add frame 312.1 time sec 1590975603 usec 912769
src frame 313.0 time sec 1590975603 usec 912860
    Interpolator time 27709 usec
    getNextFrame 313.1 time 8434 usec
add frame 313.1 time sec 1590975603 usec 962749
src frame 314.0 time sec 1590975603 usec 962834
    Interpolator time 27600 usec
    getNextFrame 314.1 time 9270 usec
add frame 314.1 time sec 1590975604 usec 13422
src frame 315.0 time sec 1590975604 usec 13501
    Interpolator time 30776 usec
    getNextFrame 315.1 time 8322 usec
add frame 315.1 time sec 1590975604 usec 65678
src frame 316.0 time sec 1590975604 usec 65692
    Interpolator time 29505 usec
    getNextFrame 316.1 time 8002 usec
add frame 316.1 time sec 1590975604 usec 114463
src frame 317.0 time sec 1590975604 usec 114551
    Interpolator time 28169 usec
    getNextFrame 317.1 time 8796 usec
add frame 317.1 time sec 1590975604 usec 163613
src frame 318.0 time sec 1590975604 usec 163653
    Interpolator time 28105 usec
    getNextFrame 318.1 time 8215 usec
add frame 318.1 time sec 1590975604 usec 213011
src frame 319.0 time sec 1590975604 usec 213122
    Interpolator time 27551 usec
    getNextFrame 319.1 time 8382 usec
add frame 319.1 time sec 1590975604 usec 262548
src frame 320.0 time sec 1590975604 usec 262625
    Interpolator time 27343 usec
    getNextFrame 320.1 time 8399 usec
add frame 320.1 time sec 1590975604 usec 312995
src frame 321.0 time sec 1590975604 usec 313042
    Interpolator time 30223 usec
    getNextFrame 321.1 time 9067 usec
add frame 321.1 time sec 1590975604 usec 367283
src frame 322.0 time sec 1590975604 usec 367296
    Interpolator time 32006 usec
    getNextFrame 322.1 time 8852 usec
add frame 322.1 time sec 1590975604 usec 420338
src frame 323.0 time sec 1590975604 usec 420349
    Interpolator time 32021 usec
    getNextFrame 323.1 time 8357 usec
add frame 323.1 time sec 1590975604 usec 469363
src frame 324.0 time sec 1590975604 usec 469377
    Interpolator time 26574 usec
    getNextFrame 324.1 time 8050 usec
add frame 324.1 time sec 1590975604 usec 512886
src frame 325.0 time sec 1590975604 usec 512901
    Interpolator time 26830 usec
    getNextFrame 325.1 time 8052 usec
add frame 325.1 time sec 1590975604 usec 560398
src frame 326.0 time sec 1590975604 usec 560413
    Interpolator time 27239 usec
    getNextFrame 326.1 time 8038 usec
add frame 326.1 time sec 1590975604 usec 611625
src frame 327.0 time sec 1590975604 usec 611641
    Interpolator time 31038 usec
    getNextFrame 327.1 time 7984 usec
add frame 327.1 time sec 1590975604 usec 665097
src frame 328.0 time sec 1590975604 usec 665109
    Interpolator time 26663 usec
    getNextFrame 328.1 time 7981 usec
add frame 328.1 time sec 1590975604 usec 711369
src frame 329.0 time sec 1590975604 usec 711384
    Interpolator time 27181 usec
    getNextFrame 329.1 time 8295 usec
add frame 329.1 time sec 1590975604 usec 762174
src frame 330.0 time sec 1590975604 usec 762188
    Interpolator time 26662 usec
    getNextFrame 330.1 time 8805 usec
add frame 330.1 time sec 1590975604 usec 811674
src frame 331.0 time sec 1590975604 usec 811688
    Interpolator time 26972 usec
    getNextFrame 331.1 time 8630 usec
add frame 331.1 time sec 1590975604 usec 860868
src frame 332.0 time sec 1590975604 usec 860880
    Interpolator time 32284 usec
    getNextFrame 332.1 time 7909 usec
add frame 332.1 time sec 1590975604 usec 917222
src frame 333.0 time sec 1590975604 usec 917234
    Interpolator time 27681 usec
    getNextFrame 333.1 time 8955 usec
add frame 333.1 time sec 1590975604 usec 964166
src frame 334.0 time sec 1590975604 usec 964177
    Interpolator time 27638 usec
    getNextFrame 334.1 time 8298 usec
add frame 334.1 time sec 1590975605 usec 12334
src frame 335.0 time sec 1590975605 usec 12345
    Interpolator time 27512 usec
    getNextFrame 335.1 time 7986 usec
add frame 335.1 time sec 1590975605 usec 61574
src frame 336.0 time sec 1590975605 usec 61587
    Interpolator time 28955 usec
    getNextFrame 336.1 time 7967 usec
add frame 336.1 time sec 1590975605 usec 112946
src frame 337.0 time sec 1590975605 usec 112959
    Interpolator time 30032 usec
    getNextFrame 337.1 time 8027 usec
add frame 337.1 time sec 1590975605 usec 164552
src frame 338.0 time sec 1590975605 usec 164565
    Interpolator time 28954 usec
    getNextFrame 338.1 time 8123 usec
add frame 338.1 time sec 1590975605 usec 213776
src frame 339.0 time sec 1590975605 usec 213790
    Interpolator time 27448 usec
    getNextFrame 339.1 time 8499 usec
add frame 339.1 time sec 1590975605 usec 262413
src frame 340.0 time sec 1590975605 usec 262426
    Interpolator time 26837 usec
    getNextFrame 340.1 time 8475 usec
add frame 340.1 time sec 1590975605 usec 312271
src frame 341.0 time sec 1590975605 usec 312284
    Interpolator time 28037 usec
    getNextFrame 341.1 time 8502 usec
add frame 341.1 time sec 1590975605 usec 362977
src frame 342.0 time sec 1590975605 usec 362989
    Interpolator time 31811 usec
    getNextFrame 342.1 time 9198 usec
add frame 342.1 time sec 1590975605 usec 418527
src frame 343.0 time sec 1590975605 usec 418615
    Interpolator time 29720 usec
    getNextFrame 343.1 time 8353 usec
add frame 343.1 time sec 1590975605 usec 467453
src frame 344.0 time sec 1590975605 usec 467539
    Interpolator time 28280 usec
    getNextFrame 344.1 time 7929 usec
add frame 344.1 time sec 1590975605 usec 515287
src frame 345.0 time sec 1590975605 usec 515370
    Interpolator time 29813 usec
    getNextFrame 345.1 time 8172 usec
add frame 345.1 time sec 1590975605 usec 564880
src frame 346.0 time sec 1590975605 usec 564974
    Interpolator time 27015 usec
    getNextFrame 346.1 time 8356 usec
add frame 346.1 time sec 1590975605 usec 612406
src frame 347.0 time sec 1590975605 usec 612493
    Interpolator time 33035 usec
    getNextFrame 347.1 time 13923 usec
add frame 347.1 time sec 1590975605 usec 674321
src frame 348.0 time sec 1590975605 usec 674366
    Interpolator time 30142 usec
    getNextFrame 348.1 time 13017 usec
add frame 348.1 time sec 1590975605 usec 726872
src frame 349.0 time sec 1590975605 usec 726913
    Interpolator time 32588 usec
    getNextFrame 349.1 time 13204 usec
add frame 349.1 time sec 1590975605 usec 780026
src frame 350.0 time sec 1590975605 usec 780065
    Interpolator time 28666 usec
    getNextFrame 350.1 time 13898 usec
add frame 350.1 time sec 1590975605 usec 827684
src frame 351.0 time sec 1590975605 usec 827765
    Interpolator time 29632 usec
    getNextFrame 351.1 time 13640 usec
add frame 351.1 time sec 1590975605 usec 877947
src frame 352.0 time sec 1590975605 usec 877987
    Interpolator time 28727 usec
    getNextFrame 352.1 time 8999 usec
add frame 352.1 time sec 1590975605 usec 922441
src frame 353.0 time sec 1590975605 usec 922538
    Interpolator time 28924 usec
    getNextFrame 353.1 time 8089 usec
add frame 353.1 time sec 1590975605 usec 966627
src frame 354.0 time sec 1590975605 usec 966687
    Interpolator time 26450 usec
    getNextFrame 354.1 time 8070 usec
add frame 354.1 time sec 1590975606 usec 12131
src frame 355.0 time sec 1590975606 usec 12230
    Interpolator time 26903 usec
    getNextFrame 355.1 time 8070 usec
add frame 355.1 time sec 1590975606 usec 62523
src frame 356.0 time sec 1590975606 usec 62620
    Interpolator time 27351 usec
    getNextFrame 356.1 time 7947 usec
add frame 356.1 time sec 1590975606 usec 111146
src frame 357.0 time sec 1590975606 usec 111246
    Interpolator time 31509 usec
    getNextFrame 357.1 time 7937 usec
add frame 357.1 time sec 1590975606 usec 165929
src frame 358.0 time sec 1590975606 usec 165973
    Interpolator time 30697 usec
    getNextFrame 358.1 time 7747 usec
add frame 358.1 time sec 1590975606 usec 215690
src frame 359.0 time sec 1590975606 usec 215818
    Interpolator time 27083 usec
    getNextFrame 359.1 time 8479 usec
add frame 359.1 time sec 1590975606 usec 262201
src frame 360.0 time sec 1590975606 usec 262287
    Interpolator time 26790 usec
    getNextFrame 360.1 time 8336 usec
add frame 360.1 time sec 1590975606 usec 312523
src frame 361.0 time sec 1590975606 usec 312623
    Interpolator time 30789 usec
    getNextFrame 361.1 time 8545 usec
add frame 361.1 time sec 1590975606 usec 366748
src frame 362.0 time sec 1590975606 usec 366789
    Interpolator time 31337 usec
    getNextFrame 362.1 time 8547 usec
add frame 362.1 time sec 1590975606 usec 418267
src frame 363.0 time sec 1590975606 usec 418284
    Interpolator time 31278 usec
    getNextFrame 363.1 time 8374 usec
add frame 363.1 time sec 1590975606 usec 467980
src frame 364.0 time sec 1590975606 usec 467996
    Interpolator time 32635 usec
    getNextFrame 364.1 time 8475 usec
add frame 364.1 time sec 1590975606 usec 520603
src frame 365.0 time sec 1590975606 usec 520617
    Interpolator time 30130 usec
    getNextFrame 365.1 time 7940 usec
add frame 365.1 time sec 1590975606 usec 566500
src frame 366.0 time sec 1590975606 usec 566585
    Interpolator time 27870 usec
    getNextFrame 366.1 time 8759 usec
add frame 366.1 time sec 1590975606 usec 614347
src frame 367.0 time sec 1590975606 usec 614435
    Interpolator time 30849 usec
    getNextFrame 367.1 time 8064 usec
add frame 367.1 time sec 1590975606 usec 668264
src frame 368.0 time sec 1590975606 usec 668352
    Interpolator time 28321 usec
    getNextFrame 368.1 time 8504 usec
add frame 368.1 time sec 1590975606 usec 715587
src frame 369.0 time sec 1590975606 usec 715688
    Interpolator time 29223 usec
    getNextFrame 369.1 time 8241 usec
add frame 369.1 time sec 1590975606 usec 765522
src frame 370.0 time sec 1590975606 usec 765607
    Interpolator time 28848 usec
    getNextFrame 370.1 time 8201 usec
add frame 370.1 time sec 1590975606 usec 816371
src frame 371.0 time sec 1590975606 usec 816488
    Interpolator time 30391 usec
    getNextFrame 371.1 time 8507 usec
add frame 371.1 time sec 1590975606 usec 871735
src frame 372.0 time sec 1590975606 usec 871791
    Interpolator time 29260 usec
    getNextFrame 372.1 time 8185 usec
add frame 372.1 time sec 1590975606 usec 917696
src frame 373.0 time sec 1590975606 usec 917785
    Interpolator time 28414 usec
    getNextFrame 373.1 time 8286 usec
add frame 373.1 time sec 1590975606 usec 965721
src frame 374.0 time sec 1590975606 usec 965820
    Interpolator time 26943 usec
    getNextFrame 374.1 time 8292 usec
add frame 374.1 time sec 1590975607 usec 12956
src frame 375.0 time sec 1590975607 usec 13051
    Interpolator time 28920 usec
    getNextFrame 375.1 time 8209 usec
add frame 375.1 time sec 1590975607 usec 64994
src frame 376.0 time sec 1590975607 usec 65078
    Interpolator time 30655 usec
    getNextFrame 376.1 time 7993 usec
add frame 376.1 time sec 1590975607 usec 116438
src frame 377.0 time sec 1590975607 usec 116536
    Interpolator time 27566 usec
    getNextFrame 377.1 time 8039 usec
add frame 377.1 time sec 1590975607 usec 162721
src frame 378.0 time sec 1590975607 usec 162805
    Interpolator time 27320 usec
    getNextFrame 378.1 time 8005 usec
add frame 378.1 time sec 1590975607 usec 212308
src frame 379.0 time sec 1590975607 usec 212399
    Interpolator time 27634 usec
    getNextFrame 379.1 time 8287 usec
add frame 379.1 time sec 1590975607 usec 262431
src frame 380.0 time sec 1590975607 usec 262517
    Interpolator time 27013 usec
    getNextFrame 380.1 time 8013 usec
add frame 380.1 time sec 1590975607 usec 312168
src frame 381.0 time sec 1590975607 usec 312269
    Interpolator time 28336 usec
    getNextFrame 381.1 time 8592 usec
add frame 381.1 time sec 1590975607 usec 365012
src frame 382.0 time sec 1590975607 usec 365028
    Interpolator time 30922 usec
    getNextFrame 382.1 time 8554 usec
add frame 382.1 time sec 1590975607 usec 417926
src frame 383.0 time sec 1590975607 usec 418014
    Interpolator time 30288 usec
    getNextFrame 383.1 time 9129 usec
add frame 383.1 time sec 1590975607 usec 469398
src frame 384.0 time sec 1590975607 usec 469493
    Interpolator time 33233 usec
    getNextFrame 384.1 time 8278 usec
add frame 384.1 time sec 1590975607 usec 521167
src frame 385.0 time sec 1590975607 usec 521185
    Interpolator time 29251 usec
    getNextFrame 385.1 time 8238 usec
add frame 385.1 time sec 1590975607 usec 565458
src frame 386.0 time sec 1590975607 usec 565553
    Interpolator time 29265 usec
    getNextFrame 386.1 time 8970 usec
add frame 386.1 time sec 1590975607 usec 616306
src frame 387.0 time sec 1590975607 usec 616390
    Interpolator time 30665 usec
    getNextFrame 387.1 time 8196 usec
add frame 387.1 time sec 1590975607 usec 668061
src frame 388.0 time sec 1590975607 usec 668148
    Interpolator time 29905 usec
    getNextFrame 388.1 time 8778 usec
add frame 388.1 time sec 1590975607 usec 717455
src frame 389.0 time sec 1590975607 usec 717532
    Interpolator time 27857 usec
    getNextFrame 389.1 time 8069 usec
add frame 389.1 time sec 1590975607 usec 764023
src frame 390.0 time sec 1590975607 usec 764108
    Interpolator time 28181 usec
    getNextFrame 390.1 time 8234 usec
add frame 390.1 time sec 1590975607 usec 815179
src frame 391.0 time sec 1590975607 usec 815267
    Interpolator time 31254 usec
    getNextFrame 391.1 time 8298 usec
add frame 391.1 time sec 1590975607 usec 868057
src frame 392.0 time sec 1590975607 usec 868153
    Interpolator time 28684 usec
    getNextFrame 392.1 time 8689 usec
add frame 392.1 time sec 1590975607 usec 915986
src frame 393.0 time sec 1590975607 usec 916079
    Interpolator time 28118 usec
    getNextFrame 393.1 time 9307 usec
add frame 393.1 time sec 1590975607 usec 965625
src frame 394.0 time sec 1590975607 usec 965669
    Interpolator time 32166 usec
    getNextFrame 394.1 time 8793 usec
add frame 394.1 time sec 1590975608 usec 21034
src frame 395.0 time sec 1590975608 usec 21130
    Interpolator time 29158 usec
    getNextFrame 395.1 time 8921 usec
add frame 395.1 time sec 1590975608 usec 67942
src frame 396.0 time sec 1590975608 usec 67953
    Interpolator time 32680 usec
    getNextFrame 396.1 time 8873 usec
add frame 396.1 time sec 1590975608 usec 120445
src frame 397.0 time sec 1590975608 usec 120457
    Interpolator time 30523 usec
    getNextFrame 397.1 time 7918 usec
add frame 397.1 time sec 1590975608 usec 167914
src frame 398.0 time sec 1590975608 usec 167925
    Interpolator time 31356 usec
    getNextFrame 398.1 time 7949 usec
add frame 398.1 time sec 1590975608 usec 218239
src frame 399.0 time sec 1590975608 usec 218252
    Interpolator time 28271 usec
    getNextFrame 399.1 time 8116 usec
add frame 399.1 time sec 1590975608 usec 265126
src frame 400.0 time sec 1590975608 usec 265139
    Interpolator time 29722 usec
    getNextFrame 400.1 time 8266 usec
add frame 400.1 time sec 1590975608 usec 322247
src frame 401.0 time sec 1590975608 usec 322342
    Interpolator time 28144 usec
    getNextFrame 401.1 time 8592 usec
add frame 401.1 time sec 1590975608 usec 365981
src frame 402.0 time sec 1590975608 usec 366037
    Interpolator time 27640 usec
    getNextFrame 402.1 time 8325 usec
add frame 402.1 time sec 1590975608 usec 413940
src frame 403.0 time sec 1590975608 usec 414036
    Interpolator time 29712 usec
    getNextFrame 403.1 time 8398 usec
add frame 403.1 time sec 1590975608 usec 466203
src frame 404.0 time sec 1590975608 usec 466295
    Interpolator time 28705 usec
    getNextFrame 404.1 time 8316 usec
add frame 404.1 time sec 1590975608 usec 515387
src frame 405.0 time sec 1590975608 usec 515475
    Interpolator time 27635 usec
    getNextFrame 405.1 time 8320 usec
add frame 405.1 time sec 1590975608 usec 564446
src frame 406.0 time sec 1590975608 usec 564542
    Interpolator time 32092 usec
    getNextFrame 406.1 time 8181 usec
add frame 406.1 time sec 1590975608 usec 622853
src frame 407.0 time sec 1590975608 usec 622956
    Interpolator time 30238 usec
    getNextFrame 407.1 time 8466 usec
add frame 407.1 time sec 1590975608 usec 668042
src frame 408.0 time sec 1590975608 usec 668136
    Interpolator time 31015 usec
    getNextFrame 408.1 time 8602 usec
add frame 408.1 time sec 1590975608 usec 718163
src frame 409.0 time sec 1590975608 usec 718177
    Interpolator time 29541 usec
    getNextFrame 409.1 time 8430 usec
add frame 409.1 time sec 1590975608 usec 766371
src frame 410.0 time sec 1590975608 usec 766470
    Interpolator time 29612 usec
    getNextFrame 410.1 time 8033 usec
add frame 410.1 time sec 1590975608 usec 816015
src frame 411.0 time sec 1590975608 usec 816099
    Interpolator time 28802 usec
    getNextFrame 411.1 time 8148 usec
add frame 411.1 time sec 1590975608 usec 866000
src frame 412.0 time sec 1590975608 usec 866087
    Interpolator time 29132 usec
    getNextFrame 412.1 time 8277 usec
add frame 412.1 time sec 1590975608 usec 916936
src frame 413.0 time sec 1590975608 usec 917033
    Interpolator time 30077 usec
    getNextFrame 413.1 time 8556 usec
add frame 413.1 time sec 1590975608 usec 966269
src frame 414.0 time sec 1590975608 usec 966283
    Interpolator time 29510 usec
    getNextFrame 414.1 time 8387 usec
add frame 414.1 time sec 1590975609 usec 16554
src frame 415.0 time sec 1590975609 usec 16567
    Interpolator time 36532 usec
    getNextFrame 415.1 time 8749 usec
add frame 415.1 time sec 1590975609 usec 73708
src frame 416.0 time sec 1590975609 usec 73721
    Interpolator time 32744 usec
    getNextFrame 416.1 time 7955 usec
add frame 416.1 time sec 1590975609 usec 120877
src frame 417.0 time sec 1590975609 usec 120975
    Interpolator time 33130 usec
    getNextFrame 417.1 time 8238 usec
add frame 417.1 time sec 1590975609 usec 171106
src frame 418.0 time sec 1590975609 usec 171117
    Interpolator time 30757 usec
    getNextFrame 418.1 time 8200 usec
add frame 418.1 time sec 1590975609 usec 219245
src frame 419.0 time sec 1590975609 usec 219258
    Interpolator time 33944 usec
    getNextFrame 419.1 time 8897 usec
add frame 419.1 time sec 1590975609 usec 272085
src frame 420.0 time sec 1590975609 usec 272168
    Interpolator time 32150 usec
    getNextFrame 420.1 time 8716 usec
add frame 420.1 time sec 1590975609 usec 320546
src frame 421.0 time sec 1590975609 usec 320562
    Interpolator time 30636 usec
    getNextFrame 421.1 time 8293 usec
add frame 421.1 time sec 1590975609 usec 371855
src frame 422.0 time sec 1590975609 usec 371871
    Interpolator time 31588 usec
    getNextFrame 422.1 time 8155 usec
add frame 422.1 time sec 1590975609 usec 419995
src frame 423.0 time sec 1590975609 usec 420083
    Interpolator time 31722 usec
    getNextFrame 423.1 time 8238 usec
add frame 423.1 time sec 1590975609 usec 470581
src frame 424.0 time sec 1590975609 usec 470658
    Interpolator time 30462 usec
    getNextFrame 424.1 time 8170 usec
add frame 424.1 time sec 1590975609 usec 518608
src frame 425.0 time sec 1590975609 usec 518620
    Interpolator time 29757 usec
    getNextFrame 425.1 time 8407 usec
add frame 425.1 time sec 1590975609 usec 569316
src frame 426.0 time sec 1590975609 usec 569327
    Interpolator time 28201 usec
    getNextFrame 426.1 time 8107 usec
add frame 426.1 time sec 1590975609 usec 615269
src frame 427.0 time sec 1590975609 usec 615283
    Interpolator time 31671 usec
    getNextFrame 427.1 time 7956 usec
add frame 427.1 time sec 1590975609 usec 667258
src frame 428.0 time sec 1590975609 usec 667272
    Interpolator time 38370 usec
    getNextFrame 428.1 time 7924 usec
add frame 428.1 time sec 1590975609 usec 725296
src frame 429.0 time sec 1590975609 usec 725310
    Interpolator time 31345 usec
    getNextFrame 429.1 time 8260 usec
add frame 429.1 time sec 1590975609 usec 768267
src frame 430.0 time sec 1590975609 usec 768278
    Interpolator time 27698 usec
    getNextFrame 430.1 time 8093 usec
add frame 430.1 time sec 1590975609 usec 814930
src frame 431.0 time sec 1590975609 usec 814944
    Interpolator time 37263 usec
    getNextFrame 431.1 time 8657 usec
add frame 431.1 time sec 1590975609 usec 873848
src frame 432.0 time sec 1590975609 usec 873862
    Interpolator time 30830 usec
    getNextFrame 432.1 time 8033 usec
add frame 432.1 time sec 1590975609 usec 917465
src frame 433.0 time sec 1590975609 usec 917578
    Interpolator time 30529 usec
    getNextFrame 433.1 time 9092 usec
add frame 433.1 time sec 1590975609 usec 969731
src frame 434.0 time sec 1590975609 usec 969826
    Interpolator time 30608 usec
    getNextFrame 434.1 time 8969 usec
add frame 434.1 time sec 1590975610 usec 18503
src frame 435.0 time sec 1590975610 usec 18518
    Interpolator time 30931 usec
    getNextFrame 435.1 time 8793 usec
add frame 435.1 time sec 1590975610 usec 69128
src frame 436.0 time sec 1590975610 usec 69140
    Interpolator time 34019 usec
    getNextFrame 436.1 time 8138 usec
add frame 436.1 time sec 1590975610 usec 120511
src frame 437.0 time sec 1590975610 usec 120524
    Interpolator time 31105 usec
    getNextFrame 437.1 time 8242 usec
add frame 437.1 time sec 1590975610 usec 168354
src frame 438.0 time sec 1590975610 usec 168442
    Interpolator time 32248 usec
    getNextFrame 438.1 time 7981 usec
add frame 438.1 time sec 1590975610 usec 222421
src frame 439.0 time sec 1590975610 usec 222508
    Interpolator time 30553 usec
    getNextFrame 439.1 time 8833 usec
add frame 439.1 time sec 1590975610 usec 268462
src frame 440.0 time sec 1590975610 usec 268473
    Interpolator time 28802 usec
    getNextFrame 440.1 time 8285 usec
add frame 440.1 time sec 1590975610 usec 315502
src frame 441.0 time sec 1590975610 usec 315577
    Interpolator time 31028 usec
    getNextFrame 441.1 time 8351 usec
add frame 441.1 time sec 1590975610 usec 368147
src frame 442.0 time sec 1590975610 usec 368214
    Interpolator time 30364 usec
    getNextFrame 442.1 time 8275 usec
add frame 442.1 time sec 1590975610 usec 417763
src frame 443.0 time sec 1590975610 usec 417780
    Interpolator time 31769 usec
    getNextFrame 443.1 time 8826 usec
add frame 443.1 time sec 15