gRemote log:
timestamp 2020-06-01 13:29:08:624400928
    cpu: client 0%; server %;
    mem: client 5124KB; server KB;
    transmit: 1932967040( 1G)    receive:1932967040( 1G)
timestamp 2020-06-01 13:29:09:690327450
    cpu: client 0%; server %;
    mem: client 5140KB; server KB;
    transmit: 0(0B)    receive:0(0B)
timestamp 2020-06-01 13:29:10:763735302
    cpu: client 0%; server %;
    mem: client 5148KB; server KB;
    transmit: 0(0B)    receive:0(0B)
timestamp 2020-06-01 13:29:11:830122085
    cpu: client 0%; server %;
    mem: client 5148KB; server KB;
    transmit: 0(0B)    receive:0(0B)
timestamp 2020-06-01 13:29:12:900394318
    cpu: client 0%; server %;
    mem: client 5148KB; server KB;
    transmit: 0(0B)    receive:0(0B)
timestamp 2020-06-01 13:29:13:967972247
    cpu: client 0%; server %;
    mem: client 5148KB; server KB;
    transmit: 0(0B)    receive:0(0B)
timestamp 2020-06-01 13:29:15:033667006
    cpu: client 0%; server %;
    mem: client 5148KB; server KB;
    transmit: 0(0B)    receive:0(0B)
timestamp 2020-06-01 13:29:16:104089855
    cpu: client 0.1%; server %;
    mem: client 5148KB; server KB;
    transmit: 0(0B)    receive:0(0B)
timestamp 2020-06-01 13:29:17:171918238
    cpu: client 0.1%; server 0%;
    mem: client 5156KB; server 183944KB;
    transmit: 0(0B)    receive:0(0B)
timestamp 2020-06-01 13:29:18:240530219
    cpu: client 0.1%; server 6%;
    mem: client 616880KB; server 354508KB;
    transmit: 1418802( 1M)    receive:1418802( 1M)
timestamp 2020-06-01 13:29:19:315674871
    cpu: client 13%; server 12%;
    mem: client 732408KB; server 366600KB;
    transmit: 19658( 19K)    receive:19658( 19K)
timestamp 2020-06-01 13:29:20:397238117
    cpu: client 43.4%; server 20.8%;
    mem: client 948508KB; server 366600KB;
    transmit: 198232( 193K)    receive:198232( 193K)
timestamp 2020-06-01 13:29:21:475316827
    cpu: client 51.3%; server 27.4%;
    mem: client 986524KB; server 368148KB;
    transmit: 201173( 196K)    receive:201173( 196K)
timestamp 2020-06-01 13:29:22:550725723
    cpu: client 56.7%; server 30.6%;
    mem: client 1026388KB; server 368148KB;
    transmit: 202504( 197K)    receive:202504( 197K)
timestamp 2020-06-01 13:29:23:619967559
    cpu: client 58.9%; server 32.3%;
    mem: client 1065988KB; server 368148KB;
    transmit: 210004( 205K)    receive:210004( 205K)
timestamp 2020-06-01 13:29:24:694457629
    cpu: client 60.7%; server 33.8%;
    mem: client 1104004KB; server 368148KB;
    transmit: 210263( 205K)    receive:210263( 205K)
timestamp 2020-06-01 13:29:25:773265068
    cpu: client 62%; server 34.9%;
    mem: client 1143076KB; server 368148KB;
    transmit: 216182( 211K)    receive:216182( 211K)
timestamp 2020-06-01 13:29:26:839768799
    cpu: client 62.9%; server 36.1%;
    mem: client 1181884KB; server 368148KB;
    transmit: 214357( 209K)    receive:214357( 209K)
timestamp 2020-06-01 13:29:27:916715854
    cpu: client 63.9%; server 36.9%;
    mem: client 1219908KB; server 368148KB;
    transmit: 218128( 213K)    receive:218128( 213K)
timestamp 2020-06-01 13:29:28:982337856
    cpu: client 64.4%; server 37.6%;
    mem: client 1260564KB; server 368148KB;
    transmit: 213305( 208K)    receive:213305( 208K)
timestamp 2020-06-01 13:29:30:049849952
    cpu: client 64.9%; server 38.2%;
    mem: client 1298580KB; server 368148KB;
    transmit: 219350( 214K)    receive:219350( 214K)
timestamp 2020-06-01 13:29:31:116845442
    cpu: client 65.2%; server 38.7%;
    mem: client 1336332KB; server 368148KB;
    transmit: 224926( 219K)    receive:224926( 219K)
timestamp 2020-06-01 13:29:32:184434439
    cpu: client 65.8%; server 39.3%;
    mem: client 1376196KB; server 368148KB;
    transmit: 219075( 213K)    receive:219075( 213K)
timestamp 2020-06-01 13:29:33:248444566
    cpu: client 66.1%; server 39.7%;
    mem: client 1414212KB; server 368148KB;
    transmit: 223470( 218K)    receive:223470( 218K)
timestamp 2020-06-01 13:29:34:313692093
    cpu: client 62.3%; server 39.9%;
    mem: client 1452228KB; server 368148KB;
    transmit: 228001( 222K)    receive:228001( 222K)
timestamp 2020-06-01 13:29:35:379292108
    cpu: client 62.8%; server 38%;
    mem: client 1492092KB; server 368148KB;
    transmit: 222753( 217K)    receive:222753( 217K)
timestamp 2020-06-01 13:29:36:448923189
    cpu: client 63.2%; server 38.4%;
    mem: client 1529844KB; server 368148KB;
    transmit: 225141( 219K)    receive:225141( 219K)
timestamp 2020-06-01 13:29:37:515385819
    cpu: client 63.6%; server 38.6%;
    mem: client 1567860KB; server 368148KB;
    transmit: 224122( 218K)    receive:224122( 218K)
timestamp 2020-06-01 13:29:38:581292268
    cpu: client 63.9%; server 38.9%;
    mem: client 1607732KB; server 368148KB;
    transmit: 217018( 211K)    receive:217018( 211K)
timestamp 2020-06-01 13:29:39:651163193
    cpu: client 64.1%; server 39.2%;
    mem: client 1645748KB; server 368148KB;
    transmit: 222673( 217K)    receive:222673( 217K)
timestamp 2020-06-01 13:29:40:719373728
    cpu: client 64.5%; server 39.5%;
    mem: client 1683764KB; server 368148KB;
    transmit: 233579( 228K)    receive:233579( 228K)
timestamp 2020-06-01 13:29:41:783548962
    cpu: client 64.8%; server 39.8%;
    mem: client 1723628KB; server 368148KB;
    transmit: 226879( 221K)    receive:226879( 221K)
timestamp 2020-06-01 13:29:42:848183818
    cpu: client 65%; server 40%;
    mem: client 1761380KB; server 368148KB;
    transmit: 233234( 227K)    receive:233234( 227K)
timestamp 2020-06-01 13:29:43:913199999
    cpu: client 65.4%; server 40.1%;
    mem: client 1799396KB; server 368148KB;
    transmit: 234676( 229K)    receive:234676( 229K)
timestamp 2020-06-01 13:29:44:980204811
    cpu: client 65.4%; server 40.3%;
    mem: client 1839260KB; server 368148KB;
    transmit: 225910( 220K)    receive:225910( 220K)
timestamp 2020-06-01 13:29:46:047405224
    cpu: client 65.6%; server 40.5%;
    mem: client 1877276KB; server 368148KB;
    transmit: 227218( 221K)    receive:227218( 221K)
timestamp 2020-06-01 13:29:47:112827873
    cpu: client 65.7%; server 40.6%;
    mem: client 1915292KB; server 368148KB;
    transmit: 227247( 221K)    receive:227247( 221K)
timestamp 2020-06-01 13:29:48:177861070
    cpu: client 65.8%; server 40.7%;
    mem: client 1954892KB; server 368148KB;
    transmit: 216170( 211K)    receive:216170( 211K)
timestamp 2020-06-01 13:29:49:244198513
    cpu: client 66.1%; server 40.8%;
    mem: client 1992916KB; server 368148KB;
    transmit: 215480( 210K)    receive:215480( 210K)
timestamp 2020-06-01 13:29:50:312151926
    cpu: client 64.1%; server 40.8%;
    mem: client 2030932KB; server 368148KB;
    transmit: 214563( 209K)    receive:214563( 209K)
timestamp 2020-06-01 13:29:51:377504920
    cpu: client 64.2%; server 39.7%;
    mem: client 2070796KB; server 368148KB;
    transmit: 208547( 203K)    receive:208547( 203K)
timestamp 2020-06-01 13:29:52:447073481
    cpu: client 64.5%; server 39.7%;
    mem: client 2108812KB; server 368148KB;
    transmit: 210513( 205K)    receive:210513( 205K)
timestamp 2020-06-01 13:29:53:513396010
    cpu: client 64.6%; server 39.7%;
    mem: client 2146828KB; server 368148KB;
    transmit: 216253( 211K)    receive:216253( 211K)
timestamp 2020-06-01 13:29:54:578842457
    cpu: client 64.8%; server 39.8%;
    mem: client 2186428KB; server 368148KB;
    transmit: 213099( 208K)    receive:213099( 208K)
timestamp 2020-06-01 13:29:55:647468612
    cpu: client 64.9%; server 39.9%;
    mem: client 2224444KB; server 368148KB;
    transmit: 219774( 214K)    receive:219774( 214K)
timestamp 2020-06-01 13:29:56:717226150
    cpu: client 65.1%; server 39.9%;
    mem: client 2262460KB; server 368148KB;
    transmit: 225649( 220K)    receive:225649( 220K)
timestamp 2020-06-01 13:29:57:783248661
    cpu: client 65.4%; server 40%;
    mem: client 2302324KB; server 368148KB;
    transmit: 218842( 213K)    receive:218842( 213K)
timestamp 2020-06-01 13:29:58:853559020
    cpu: client 65.5%; server 40.1%;
    mem: client 2340340KB; server 368148KB;
    transmit: 223596( 218K)    receive:223596( 218K)
timestamp 2020-06-01 13:29:59:919441235
    cpu: client 65.4%; server 40.1%;
    mem: client 2379156KB; server 368148KB;
    transmit: 226673( 221K)    receive:226673( 221K)
timestamp 2020-06-01 13:30:00:991698819
    cpu: client 65.6%; server 40.1%;
    mem: client 2417964KB; server 368148KB;
    transmit: 218806( 213K)    receive:218806( 213K)
timestamp 2020-06-01 13:30:02:056805603
    cpu: client 65.9%; server 40.2%;
    mem: client 2455980KB; server 368148KB;
    transmit: 222537( 217K)    receive:222537( 217K)
timestamp 2020-06-01 13:30:03:122184623
    cpu: client 66.1%; server 40.2%;
    mem: client 2494788KB; server 368148KB;
    transmit: 225939( 220K)    receive:225939( 220K)
timestamp 2020-06-01 13:30:04:193665389
    cpu: client 66.3%; server 40.2%;
    mem: client 2533860KB; server 368148KB;
    transmit: 219335( 214K)    receive:219335( 214K)
timestamp 2020-06-01 13:30:05:266720531
    cpu: client 66.3%; server 40.3%;
    mem: client 2571612KB; server 368148KB;
    transmit: 221718( 216K)    receive:221718( 216K)
timestamp 2020-06-01 13:30:06:330738520
    cpu: client 65.1%; server 39.5%;
    mem: client 2611476KB; server 368148KB;
    transmit: 215015( 209K)    receive:215015( 209K)
timestamp 2020-06-01 13:30:07:402636069
    cpu: client 65.3%; server 39.6%;
    mem: client 2649492KB; server 368152KB;
    transmit: 217909( 212K)    receive:217909( 212K)
timestamp 2020-06-01 13:30:08:471758163
    cpu: client 65.5%; server 39.6%;
    mem: client 2687508KB; server 368152KB;
    transmit: 222032( 216K)    receive:222032( 216K)
timestamp 2020-06-01 13:30:09:541989333
    cpu: client 65.6%; server 39.7%;
    mem: client 2727372KB; server 368152KB;
    transmit: 215344( 210K)    receive:215344( 210K)
timestamp 2020-06-01 13:30:10:608696520
    cpu: client 65.8%; server 39.7%;
    mem: client 2765124KB; server 368152KB;
    transmit: 224133( 218K)    receive:224133( 218K)
timestamp 2020-06-01 13:30:11:678688089
    cpu: client 65.9%; server 39.8%;
    mem: client 2804988KB; server 368152KB;
    transmit: 212060( 207K)    receive:212060( 207K)
timestamp 2020-06-01 13:30:12:750717395
    cpu: client 66%; server 39.9%;
    mem: client 2843004KB; server 368152KB;
    transmit: 211563( 206K)    receive:211563( 206K)
timestamp 2020-06-01 13:30:13:818425094
    cpu: client 66.2%; server 39.9%;
    mem: client 2881020KB; server 368152KB;
    transmit: 211423( 206K)    receive:211423( 206K)
timestamp 2020-06-01 13:30:14:883231313
    cpu: client 66.2%; server 40%;
    mem: client 2920884KB; server 368152KB;
    transmit: 201884( 197K)    receive:201884( 197K)
timestamp 2020-06-01 13:30:15:950470215
    cpu: client 66.4%; server 40%;
    mem: client 2958636KB; server 369168KB;
    transmit: 201327( 196K)    receive:201327( 196K)
timestamp 2020-06-01 13:30:17:018600902
    cpu: client 66.5%; server 40%;
    mem: client 2996652KB; server 369168KB;
    transmit: 201126( 196K)    receive:201126( 196K)
timestamp 2020-06-01 13:30:18:088810187
    cpu: client 66.6%; server 40%;
    mem: client 3036516KB; server 369168KB;
    transmit: 194179( 189K)    receive:194179( 189K)
timestamp 2020-06-01 13:30:19:152937995
    cpu: client 66.7%; server 40%;
    mem: client 3074532KB; server 369168KB;
    transmit: 196913( 192K)    receive:196913( 192K)
timestamp 2020-06-01 13:30:20:219475010
    cpu: client 66.7%; server 40%;
    mem: client 3112548KB; server 369168KB;
    transmit: 202325( 197K)    receive:202325( 197K)
timestamp 2020-06-01 13:30:21:284557605
    cpu: client 66.7%; server 40%;
    mem: client 3152148KB; server 369168KB;
    transmit: 196566( 191K)    receive:196566( 191K)
timestamp 2020-06-01 13:30:22:352175396
    cpu: client 65.8%; server 39.4%;
    mem: client 3190164KB; server 369168KB;
    transmit: 201869( 197K)    receive:201869( 197K)
timestamp 2020-06-01 13:30:23:419254149
    cpu: client 66.1%; server 39.4%;
    mem: client 3228180KB; server 369168KB;
    transmit: 209690( 204K)    receive:209690( 204K)
timestamp 2020-06-01 13:30:24:483779551
    cpu: client 66%; server 39.5%;
    mem: client 3268044KB; server 369168KB;
    transmit: 206307( 201K)    receive:206307( 201K)
timestamp 2020-06-01 13:30:25:551259210
    cpu: client 66%; server 39.5%;
    mem: client 3306060KB; server 369168KB;
    transmit: 212678( 207K)    receive:212678( 207K)
timestamp 2020-06-01 13:30:26:621050381
    cpu: client 66.1%; server 39.5%;
    mem: client 3344868KB; server 369168KB;
    transmit: 218998( 213K)    receive:218998( 213K)
timestamp 2020-06-01 13:30:27:691485821
    cpu: client 66.1%; server 39.4%;
    mem: client 3383676KB; server 369168KB;
    transmit: 213796( 208K)    receive:213796( 208K)
timestamp 2020-06-01 13:30:28:761223426
    cpu: client 66.1%; server 39.5%;
    mem: client 3421692KB; server 369168KB;
    transmit: 219230( 214K)    receive:219230( 214K)
timestamp 2020-06-01 13:30:29:834457123
    cpu: client 66.2%; server 39.5%;
    mem: client 3461556KB; server 369168KB;
    transmit: 224204( 218K)    receive:224204( 218K)
timestamp 2020-06-01 13:30:30:901675490
    cpu: client 66.2%; server 39.5%;
    mem: client 3499572KB; server 369168KB;
    transmit: 220306( 215K)    receive:220306( 215K)
timestamp 2020-06-01 13:30:31:968525486
    cpu: client 0.1%; server %;
    mem: client 5188KB; server KB;
    transmit: 17794( 17K)    receive:17794( 17K)
timestamp 2020-06-01 13:30:33:032158807
    cpu: client 0.1%; server %;
    mem: client 5188KB; server KB;
    transmit: 0(0B)    receive:0(0B)
timestamp 2020-06-01 13:30:34:094872513
    cpu: client 0.1%; server %;
    mem: client 5188KB; server KB;
    transmit: 0(0B)    receive:0(0B)
timestamp 2020-06-01 13:30:35:158496868
    cpu: client 0.1%; server %;
    mem: client 5188KB; server KB;
    transmit: 0(0B)    receive:0(0B)
