#Date       Time        gpu        pid  type    sm   mem   enc   dec   command
#YYYYMMDD   HH:MM:SS    Idx          #   C/G     %     %     %     %   name
 20200604   18:50:21      0       1497     G     0     0     0     0   Xorg           
 20200604   18:50:21      0       1608     G     0     0     0     0   gnome-shell    
 20200604   18:50:21      0       1823     G     1     0     0     0   Xorg           
 20200604   18:50:21      0       2214     G     0     0     0     0   gnome-shell    
 20200604   18:50:21      0       2835     G     0     0     0     0   electron-ssr --
 20200604   18:50:21      0       2901     G     0     0     0     0   code --type=gpu
 20200604   18:50:21      0       9759     G     0     0     0     0   firefox        
 20200604   18:50:21      0      18497     G     0     0     0     0   firefox        
 20200604   18:50:22      0       1497     G     0     0     0     0   Xorg           
 20200604   18:50:22      0       1608     G     0     0     0     0   gnome-shell    
 20200604   18:50:22      0       1823     G     5     1     0     0   Xorg           
 20200604   18:50:22      0       2214     G     1     0     0     0   gnome-shell    
 20200604   18:50:22      0       2835     G     0     0     0     0   electron-ssr --
 20200604   18:50:22      0       2901     G     0     0     0     0   code --type=gpu
 20200604   18:50:22      0       9759     G     0     0     0     0   firefox        
 20200604   18:50:22      0      18497     G     0     0     0     0   firefox        
 20200604   18:50:23      0       1497     G     0     0     0     0   Xorg           
 20200604   18:50:23      0       1608     G     0     0     0     0   gnome-shell    
 20200604   18:50:23      0       1823     G     6     2     0     0   Xorg           
 20200604   18:50:23      0       2214     G     0     0     0     0   gnome-shell    
 20200604   18:50:23      0       2835     G     0     0     0     0   electron-ssr --
 20200604   18:50:23      0       2901     G     0     0     0     0   code --type=gpu
 20200604   18:50:23      0       9759     G     0     0     0     0   firefox        
 20200604   18:50:23      0      18497     G     0     0     0     0   firefox        
 20200604   18:50:24      0       1497     G     0     0     0     0   Xorg           
 20200604   18:50:24      0       1608     G     0     0     0     0   gnome-shell    
 20200604   18:50:24      0       1823     G     1     0     0     0   Xorg           
 20200604   18:50:24      0       2214     G     0     0     0     0   gnome-shell    
 20200604   18:50:24      0       2835     G     0     0     0     0   electron-ssr --
 20200604   18:50:24      0       2901     G     0     0     0     0   code --type=gpu
 20200604   18:50:24      0       9759     G     0     0     0     0   firefox        
 20200604   18:50:24      0      18497     G     0     0     0     0   firefox        
 20200604   18:50:25      0       1497     G     0     0     0     0   Xorg           
 20200604   18:50:25      0       1608     G     0     0     0     0   gnome-shell    
 20200604   18:50:25      0       1823     G     1     0     0     0   Xorg           
 20200604   18:50:25      0       2214     G     0     0     0     0   gnome-shell    
 20200604   18:50:25      0       2835     G     0     0     0     0   electron-ssr --
 20200604   18:50:25      0       2901     G     0     0     0     0   code --type=gpu
 20200604   18:50:25      0       9759     G     0     0     0     0   firefox        
 20200604   18:50:25      0      18497     G     0     0     0     0   firefox        
 20200604   18:50:26      0       1497     G     0     0     0     0   Xorg           
 20200604   18:50:26      0       1608     G     0     0     0     0   gnome-shell    
 20200604   18:50:26      0       1823     G     1     0     0     0   Xorg           
 20200604   18:50:26      0       2214     G     0     0     0     0   gnome-shell    
#Date       Time        gpu        pid  type    sm   mem   enc   dec   command
#YYYYMMDD   HH:MM:SS    Idx          #   C/G     %     %     %     %   name
 20200604   18:50:26      0       2835     G     0     0     0     0   electron-ssr --
 20200604   18:50:26      0       2901     G     0     0     0     0   code --type=gpu
 20200604   18:50:26      0       9759     G     0     0     0     0   firefox        
 20200604   18:50:26      0      18497     G     0     0     0     0   firefox        
 20200604   18:50:27      0       1497     G     0     0     0     0   Xorg           
 20200604   18:50:27      0       1608     G     0     0     0     0   gnome-shell    
 20200604   18:50:27      0       1823     G     2     0     0     0   Xorg           
 20200604   18:50:27      0       2214     G     0     0     0     0   gnome-shell    
 20200604   18:50:27      0       2835     G     0     0     0     0   electron-ssr --
 20200604   18:50:27      0       2901     G     0     0     0     0   code --type=gpu
 20200604   18:50:27      0       9759     G     0     0     0     0   firefox        
 20200604   18:50:27      0      18497     G     0     0     0     0   firefox        
 20200604   18:50:28      0       1497     G     0     0     0     0   Xorg           
 20200604   18:50:28      0       1608     G     0     0     0     0   gnome-shell    
 20200604   18:50:28      0       1823     G     2     0     0     0   Xorg           
 20200604   18:50:28      0       2214     G     0     0     0     0   gnome-shell    
 20200604   18:50:28      0       2835     G     0     0     0     0   electron-ssr --
 20200604   18:50:28      0       2901     G     0     0     0     0   code --type=gpu
 20200604   18:50:28      0       9759     G     0     0     0     0   firefox        
 20200604   18:50:28      0      18497     G     0     0     0     0   firefox        
 20200604   18:50:29      0       1497     G     0     0     0     0   Xorg           
 20200604   18:50:29      0       1608     G     0     0     0     0   gnome-shell    
 20200604   18:50:29      0       1823     G     5     2     0     0   Xorg           
 20200604   18:50:29      0       2214     G     0     0     0     0   gnome-shell    
 20200604   18:50:29      0       2835     G     0     0     0     0   electron-ssr --
 20200604   18:50:29      0       2901     G     0     0     0     0   code --type=gpu
 20200604   18:50:29      0       9759     G     0     0     0     0   firefox        
 20200604   18:50:29      0      18497     G     0     0     0     0   firefox        
 20200604   18:50:29      0      22050     G     0     0     0     0   drawelements   
 20200604   18:50:29      0      22052     G     0     0     0     0   cgl-render     
 20200604   18:50:30      0       1497     G     0     0     0     0   Xorg           
 20200604   18:50:30      0       1608     G     0     0     0     0   gnome-shell    
 20200604   18:50:30      0       1823     G     4     1     0     0   Xorg           
 20200604   18:50:30      0       2214     G     0     0     0     0   gnome-shell    
 20200604   18:50:30      0       2835     G     0     0     0     0   electron-ssr --
 20200604   18:50:30      0       2901     G     0     0     0     0   code --type=gpu
 20200604   18:50:30      0       9759     G     0     0     0     0   firefox        
 20200604   18:50:30      0      18497     G     0     0     0     0   firefox        
 20200604   18:50:30      0      22050     G     0     0     0     0   drawelements   
 20200604   18:50:30      0      22052     G     0     0     0     0   cgl-render     
 20200604   18:50:31      0       1497     G     0     0     0     0   Xorg           
 20200604   18:50:31      0       1608     G     0     0     0     0   gnome-shell    
 20200604   18:50:31      0       1823     G    16     4     0     0   Xorg           
 20200604   18:50:31      0       2214     G     3     0     0     0   gnome-shell    
#Date       Time        gpu        pid  type    sm   mem   enc   dec   command
#YYYYMMDD   HH:MM:SS    Idx          #   C/G     %     %     %     %   name
 20200604   18:50:31      0       2835     G     0     0     0     0   electron-ssr --
 20200604   18:50:31      0       2901     G     0     0     0     0   code --type=gpu
 20200604   18:50:31      0       9759     G     0     0     0     0   firefox        
 20200604   18:50:31      0      18497     G     0     0     0     0   firefox        
 20200604   18:50:31      0      22050   C+G     5     1     0     0   drawelements   
 20200604   18:50:31      0      22052     G     0     0     0     0   cgl-render     
 20200604   18:50:32      0       1497     G     0     0     0     0   Xorg           
 20200604   18:50:32      0       1608     G     0     0     0     0   gnome-shell    
 20200604   18:50:32      0       1823     G    17     4     0     0   Xorg           
 20200604   18:50:32      0       2214     G    12     3     0     0   gnome-shell    
 20200604   18:50:32      0       2835     G     0     0     0     0   electron-ssr --
 20200604   18:50:32      0       2901     G     0     0     0     0   code --type=gpu
 20200604   18:50:32      0       9759     G     0     0     0     0   firefox        
 20200604   18:50:32      0      18497     G     0     0     0     0   firefox        
 20200604   18:50:32      0      22050   C+G    11     2     0     0   drawelements   
 20200604   18:50:32      0      22052     G     0     0     0     0   cgl-render     
 20200604   18:50:33      0       1497     G     0     0     0     0   Xorg           
 20200604   18:50:33      0       1608     G     0     0     0     0   gnome-shell    
 20200604   18:50:33      0       1823     G     8     2     0     0   Xorg           
 20200604   18:50:33      0       2214     G     9     2     0     0   gnome-shell    
 20200604   18:50:33      0       2835     G     0     0     0     0   electron-ssr --
 20200604   18:50:33      0       2901     G     0     0     0     0   code --type=gpu
 20200604   18:50:33      0       9759     G     0     0     0     0   firefox        
 20200604   18:50:33      0      18497     G     0     0     0     0   firefox        
 20200604   18:50:33      0      22050   C+G    13     4     0     0   drawelements   
 20200604   18:50:33      0      22052     G     3     1     0     0   cgl-render     
 20200604   18:50:35      0       1497     G     0     0     0     0   Xorg           
 20200604   18:50:35      0       1608     G     0     0     0     0   gnome-shell    
 20200604   18:50:35      0       1823     G    16     5     0     0   Xorg           
 20200604   18:50:35      0       2214     G     0     0     0     0   gnome-shell    
 20200604   18:50:35      0       2835     G     0     0     0     0   electron-ssr --
 20200604   18:50:35      0       2901     G     0     0     0     0   code --type=gpu
 20200604   18:50:35      0       9759     G     0     0     0     0   firefox        
 20200604   18:50:35      0      18497     G     0     0     0     0   firefox        
 20200604   18:50:35      0      22050   C+G     5     1     0     0   drawelements   
 20200604   18:50:35      0      22052     G    10     3     0     0   cgl-render     
 20200604   18:50:36      0       1497     G     0     0     0     0   Xorg           
 20200604   18:50:36      0       1608     G     0     0     0     0   gnome-shell    
 20200604   18:50:36      0       1823     G    15     5     0     0   Xorg           
 20200604   18:50:36      0       2214     G     6     2     0     0   gnome-shell    
 20200604   18:50:36      0       2835     G     0     0     0     0   electron-ssr --
 20200604   18:50:36      0       2901     G     0     0     0     0   code --type=gpu
 20200604   18:50:36      0       9759     G     0     0     0     0   firefox        
 20200604   18:50:36      0      18497     G     0     0     0     0   firefox        
#Date       Time        gpu        pid  type    sm   mem   enc   dec   command
#YYYYMMDD   HH:MM:SS    Idx          #   C/G     %     %     %     %   name
 20200604   18:50:36      0      22050   C+G    10     3     0     0   drawelements   
 20200604   18:50:36      0      22052     G     0     0     0     0   cgl-render     
 20200604   18:50:37      0       1497     G     0     0     0     0   Xorg           
 20200604   18:50:37      0       1608     G     0     0     0     0   gnome-shell    
 20200604   18:50:37      0       1823     G    10     3     0     0   Xorg           
 20200604   18:50:37      0       2214     G     4     1     0     0   gnome-shell    
 20200604   18:50:37      0       2835     G     0     0     0     0   electron-ssr --
 20200604   18:50:37      0       2901     G     0     0     0     0   code --type=gpu
 20200604   18:50:37      0       9759     G     0     0     0     0   firefox        
 20200604   18:50:37      0      18497     G     0     0     0     0   firefox        
 20200604   18:50:37      0      22050   C+G    14     4     0     0   drawelements   
 20200604   18:50:37      0      22052     G     6     2     0     0   cgl-render     
 20200604   18:50:38      0       1497     G     0     0     0     0   Xorg           
 20200604   18:50:38      0       1608     G     0     0     0     0   gnome-shell    
 20200604   18:50:38      0       1823     G    21     7     0     0   Xorg           
 20200604   18:50:38      0       2214     G     0     0     0     0   gnome-shell    
 20200604   18:50:38      0       2835     G     0     0     0     0   electron-ssr --
 20200604   18:50:38      0       2901     G     0     0     0     0   code --type=gpu
 20200604   18:50:38      0       9759     G     0     0     0     0   firefox        
 20200604   18:50:38      0      18497     G     0     0     0     0   firefox        
 20200604   18:50:38      0      22050   C+G    11     4     0     0   drawelements   
 20200604   18:50:38      0      22052     G     0     0     0     0   cgl-render     
 20200604   18:50:39      0       1497     G     0     0     0     0   Xorg           
 20200604   18:50:39      0       1608     G     0     0     0     0   gnome-shell    
 20200604   18:50:39      0       1823     G    13     4     0     0   Xorg           
 20200604   18:50:39      0       2214     G     0     0     0     0   gnome-shell    
 20200604   18:50:39      0       2835     G     0     0     0     0   electron-ssr --
 20200604   18:50:39      0       2901     G     0     0     0     0   code --type=gpu
 20200604   18:50:39      0       9759     G     0     0     0     0   firefox        
 20200604   18:50:39      0      18497     G     0     0     0     0   firefox        
 20200604   18:50:39      0      22050   C+G    12     4     0     0   drawelements   
 20200604   18:50:39      0      22052     G     6     2     0     0   cgl-render     
 20200604   18:50:40      0       1497     G     0     0     0     0   Xorg           
 20200604   18:50:40      0       1608     G     0     0     0     0   gnome-shell    
 20200604   18:50:40      0       1823     G    12     4     0     0   Xorg           
 20200604   18:50:40      0       2214     G     0     0     0     0   gnome-shell    
 20200604   18:50:40      0       2835     G     0     0     0     0   electron-ssr --
 20200604   18:50:40      0       2901     G     0     0     0     0   code --type=gpu
 20200604   18:50:40      0       9759     G     0     0     0     0   firefox        
 20200604   18:50:40      0      18497     G     0     0     0     0   firefox        
 20200604   18:50:40      0      22050   C+G    17     5     0     0   drawelements   
 20200604   18:50:40      0      22052     G     7     2     0     0   cgl-render     
 20200604   18:50:41      0       1497     G     0     0     0     0   Xorg           
 20200604   18:50:41      0       1608     G     0     0     0     0   gnome-shell    
#Date       Time        gpu        pid  type    sm   mem   enc   dec   command
#YYYYMMDD   HH:MM:SS    Idx          #   C/G     %     %     %     %   name
 20200604   18:50:41      0       1823     G     9     3     0     0   Xorg           
 20200604   18:50:41      0       2214     G     0     0     0     0   gnome-shell    
 20200604   18:50:41      0       2835     G     0     0     0     0   electron-ssr --
 20200604   18:50:41      0       2901     G     0     0     0     0   code --type=gpu
 20200604   18:50:41      0       9759     G     0     0     0     0   firefox        
 20200604   18:50:41      0      18497     G     0     0     0     0   firefox        
 20200604   18:50:41      0      22050   C+G    13     4     0     0   drawelements   
 20200604   18:50:41      0      22052     G    13     4     0     0   cgl-render     
 20200604   18:50:42      0       1497     G     0     0     0     0   Xorg           
 20200604   18:50:42      0       1608     G     0     0     0     0   gnome-shell    
 20200604   18:50:42      0       1823     G    14     4     0     0   Xorg           
 20200604   18:50:42      0       2214     G     4     1     0     0   gnome-shell    
 20200604   18:50:42      0       2835     G     0     0     0     0   electron-ssr --
 20200604   18:50:42      0       2901     G     0     0     0     0   code --type=gpu
 20200604   18:50:42      0       9759     G     0     0     0     0   firefox        
 20200604   18:50:42      0      18497     G     0     0     0     0   firefox        
 20200604   18:50:42      0      22050   C+G    13     4     0     0   drawelements   
 20200604   18:50:42      0      22052     G     0     0     0     0   cgl-render     
 20200604   18:50:43      0       1497     G     0     0     0     0   Xorg           
 20200604   18:50:43      0       1608     G     0     0     0     0   gnome-shell    
 20200604   18:50:43      0       1823     G    19     6     0     0   Xorg           
 20200604   18:50:43      0       2214     G     6     1     0     0   gnome-shell    
 20200604   18:50:43      0       2835     G     0     0     0     0   electron-ssr --
 20200604   18:50:43      0       2901     G     0     0     0     0   code --type=gpu
 20200604   18:50:43      0       9759     G     0     0     0     0   firefox        
 20200604   18:50:43      0      18497     G     0     0     0     0   firefox        
 20200604   18:50:43      0      22050   C+G    12     3     0     0   drawelements   
 20200604   18:50:43      0      22052     G     0     0     0     0   cgl-render     
 20200604   18:50:44      0       1497     G     0     0     0     0   Xorg           
 20200604   18:50:44      0       1608     G     0     0     0     0   gnome-shell    
 20200604   18:50:44      0       1823     G    12     4     0     0   Xorg           
 20200604   18:50:44      0       2214     G     6     1     0     0   gnome-shell    
 20200604   18:50:44      0       2835     G     0     0     0     0   electron-ssr --
 20200604   18:50:44      0       2901     G     0     0     0     0   code --type=gpu
 20200604   18:50:44      0       9759     G     0     0     0     0   firefox        
 20200604   18:50:44      0      18497     G     0     0     0     0   firefox        
 20200604   18:50:44      0      22050   C+G     9     3     0     0   drawelements   
 20200604   18:50:44      0      22052     G     4     1     0     0   cgl-render     
 20200604   18:50:45      0       1497     G     0     0     0     0   Xorg           
 20200604   18:50:45      0       1608     G     0     0     0     0   gnome-shell    
 20200604   18:50:45      0       1823     G    22     7     0     0   Xorg           
 20200604   18:50:45      0       2214     G    12     3     0     0   gnome-shell    
 20200604   18:50:45      0       2835     G     0     0     0     0   electron-ssr --
 20200604   18:50:45      0       2901     G     0     0     0     0   code --type=gpu
#Date       Time        gpu        pid  type    sm   mem   enc   dec   command
#YYYYMMDD   HH:MM:SS    Idx          #   C/G     %     %     %     %   name
 20200604   18:50:45      0       9759     G     0     0     0     0   firefox        
 20200604   18:50:45      0      18497     G     0     0     0     0   firefox        
 20200604   18:50:45      0      22050   C+G     0     0     0     0   drawelements   
 20200604   18:50:45      0      22052     G     0     0     0     0   cgl-render     
 20200604   18:50:46      0       1497     G     0     0     0     0   Xorg           
 20200604   18:50:46      0       1608     G     0     0     0     0   gnome-shell    
 20200604   18:50:46      0       1823     G    14     4     0     0   Xorg           
 20200604   18:50:46      0       2214     G     4     1     0     0   gnome-shell    
 20200604   18:50:46      0       2835     G     0     0     0     0   electron-ssr --
 20200604   18:50:46      0       2901     G     4     1     0     0   code --type=gpu
 20200604   18:50:46      0       9759     G     0     0     0     0   firefox        
 20200604   18:50:46      0      18497     G     0     0     0     0   firefox        
 20200604   18:50:46      0      22050   C+G     4     1     0     0   drawelements   
 20200604   18:50:46      0      22052     G     5     2     0     0   cgl-render     
 20200604   18:50:47      0       1497     G     0     0     0     0   Xorg           
 20200604   18:50:47      0       1608     G     0     0     0     0   gnome-shell    
 20200604   18:50:47      0       1823     G    15     5     0     0   Xorg           
 20200604   18:50:47      0       2214     G    10     3     0     0   gnome-shell    
 20200604   18:50:47      0       2835     G     0     0     0     0   electron-ssr --
 20200604   18:50:47      0       2901     G     0     0     0     0   code --type=gpu
 20200604   18:50:47      0       9759     G     0     0     0     0   firefox        
 20200604   18:50:47      0      18497     G     0     0     0     0   firefox        
 20200604   18:50:47      0      22050   C+G     8     2     0     0   drawelements   
 20200604   18:50:47      0      22052     G     0     0     0     0   cgl-render     
 20200604   18:50:48      0       1497     G     0     0     0     0   Xorg           
 20200604   18:50:48      0       1608     G     0     0     0     0   gnome-shell    
 20200604   18:50:48      0       1823     G    19     6     0     0   Xorg           
 20200604   18:50:48      0       2214     G     5     2     0     0   gnome-shell    
 20200604   18:50:48      0       2835     G     0     0     0     0   electron-ssr --
 20200604   18:50:48      0       2901     G     0     0     0     0   code --type=gpu
 20200604   18:50:48      0       9759     G     0     0     0     0   firefox        
 20200604   18:50:48      0      18497     G     0     0     0     0   firefox        
 20200604   18:50:48      0      22050   C+G    10     3     0     0   drawelements   
 20200604   18:50:48      0      22052     G     0     0     0     0   cgl-render     
 20200604   18:50:49      0       1497     G     0     0     0     0   Xorg           
 20200604   18:50:49      0       1608     G     0     0     0     0   gnome-shell    
 20200604   18:50:49      0       1823     G    18     5     0     0   Xorg           
 20200604   18:50:49      0       2214     G     0     0     0     0   gnome-shell    
 20200604   18:50:49      0       2835     G     0     0     0     0   electron-ssr --
 20200604   18:50:49      0       2901     G     0     0     0     0   code --type=gpu
 20200604   18:50:49      0       9759     G     0     0     0     0   firefox        
 20200604   18:50:49      0      18497     G     0     0     0     0   firefox        
 20200604   18:50:49      0      22050   C+G     9     3     0     0   drawelements   
 20200604   18:50:49      0      22052     G     4     1     0     0   cgl-render     
#Date       Time        gpu        pid  type    sm   mem   enc   dec   command
#YYYYMMDD   HH:MM:SS    Idx          #   C/G     %     %     %     %   name
 20200604   18:50:50      0       1497     G     0     0     0     0   Xorg           
 20200604   18:50:50      0       1608     G     0     0     0     0   gnome-shell    
 20200604   18:50:50      0       1823     G    18     5     0     0   Xorg           
 20200604   18:50:50      0       2214     G     6     1     0     0   gnome-shell    
 20200604   18:50:50      0       2835     G     0     0     0     0   electron-ssr --
 20200604   18:50:50      0       2901     G     0     0     0     0   code --type=gpu
 20200604   18:50:50      0       9759     G     0     0     0     0   firefox        
 20200604   18:50:50      0      18497     G     0     0     0     0   firefox        
 20200604   18:50:50      0      22050   C+G    12     3     0     0   drawelements   
 20200604   18:50:50      0      22052     G     0     0     0     0   cgl-render     
 20200604   18:50:51      0       1497     G     0     0     0     0   Xorg           
 20200604   18:50:51      0       1608     G     0     0     0     0   gnome-shell    
 20200604   18:50:51      0       1823     G    17     5     0     0   Xorg           
 20200604   18:50:51      0       2214     G     0     0     0     0   gnome-shell    
 20200604   18:50:51      0       2835     G     0     0     0     0   electron-ssr --
 20200604   18:50:51      0       2901     G     0     0     0     0   code --type=gpu
 20200604   18:50:51      0       9759     G     0     0     0     0   firefox        
 20200604   18:50:51      0      18497     G     0     0     0     0   firefox        
 20200604   18:50:51      0      22050   C+G     4     1     0     0   drawelements   
 20200604   18:50:51      0      22052     G    10     3     0     0   cgl-render     
 20200604   18:50:52      0       1497     G     0     0     0     0   Xorg           
 20200604   18:50:52      0       1608     G     0     0     0     0   gnome-shell    
 20200604   18:50:52      0       1823     G    18     6     0     0   Xorg           
 20200604   18:50:52      0       2214     G     0     0     0     0   gnome-shell    
 20200604   18:50:52      0       2835     G     0     0     0     0   electron-ssr --
 20200604   18:50:52      0       2901     G     0     0     0     0   code --type=gpu
 20200604   18:50:52      0       9759     G     0     0     0     0   firefox        
 20200604   18:50:52      0      18497     G     0     0     0     0   firefox        
 20200604   18:50:52      0      22050   C+G    13     4     0     0   drawelements   
 20200604   18:50:52      0      22052     G     0     0     0     0   cgl-render     
 20200604   18:50:53      0       1497     G     0     0     0     0   Xorg           
 20200604   18:50:53      0       1608     G     0     0     0     0   gnome-shell    
 20200604   18:50:53      0       1823     G    15     4     0     0   Xorg           
 20200604   18:50:53      0       2214     G     4     1     0     0   gnome-shell    
 20200604   18:50:53      0       2835     G     0     0     0     0   electron-ssr --
 20200604   18:50:53      0       2901     G     0     0     0     0   code --type=gpu
 20200604   18:50:53      0       9759     G     0     0     0     0   firefox        
 20200604   18:50:53      0      18497     G     0     0     0     0   firefox        
 20200604   18:50:53      0      22050   C+G    16     5     0     0   drawelements   
 20200604   18:50:53      0      22052     G     0     0     0     0   cgl-render     
 20200604   18:50:54      0       1497     G     0     0     0     0   Xorg           
 20200604   18:50:54      0       1608     G     0     0     0     0   gnome-shell    
 20200604   18:50:54      0       1823     G    17     5     0     0   Xorg           
 20200604   18:50:54      0       2214     G     0     0     0     0   gnome-shell    
#Date       Time        gpu        pid  type    sm   mem   enc   dec   command
#YYYYMMDD   HH:MM:SS    Idx          #   C/G     %     %     %     %   name
 20200604   18:50:54      0       2835     G     0     0     0     0   electron-ssr --
 20200604   18:50:54      0       2901     G     5     1     0     0   code --type=gpu
 20200604   18:50:54      0       9759     G     0     0     0     0   firefox        
 20200604   18:50:54      0      18497     G     0     0     0     0   firefox        
 20200604   18:50:54      0      22050   C+G    19     5     0     0   drawelements   
 20200604   18:50:54      0      22052     G     0     0     0     0   cgl-render     
 20200604   18:50:55      0       1497     G     0     0     0     0   Xorg           
 20200604   18:50:55      0       1608     G     0     0     0     0   gnome-shell    
 20200604   18:50:55      0       1823     G    20     5     0     0   Xorg           
 20200604   18:50:55      0       2214     G     4     1     0     0   gnome-shell    
 20200604   18:50:55      0       2835     G     0     0     0     0   electron-ssr --
 20200604   18:50:55      0       2901     G     4     1     0     0   code --type=gpu
 20200604   18:50:55      0       9759     G     0     0     0     0   firefox        
 20200604   18:50:55      0      18497     G     0     0     0     0   firefox        
 20200604   18:50:55      0      22050   C+G     5     1     0     0   drawelements   
 20200604   18:50:55      0      22052     G     4     1     0     0   cgl-render     
 20200604   18:50:56      0       1497     G     0     0     0     0   Xorg           
 20200604   18:50:56      0       1608     G     0     0     0     0   gnome-shell    
 20200604   18:50:56      0       1823     G     9     2     0     0   Xorg           
 20200604   18:50:56      0       2214     G     0     0     0     0   gnome-shell    
 20200604   18:50:56      0       2835     G     0     0     0     0   electron-ssr --
 20200604   18:50:56      0       2901     G     8     2     0     0   code --type=gpu
 20200604   18:50:56      0       9759     G     0     0     0     0   firefox        
 20200604   18:50:56      0      18497     G     0     0     0     0   firefox        
 20200604   18:50:56      0      22050   C+G     5     1     0     0   drawelements   
 20200604   18:50:56      0      22052     G    16     5     0     0   cgl-render     
 20200604   18:50:57      0       1497     G     0     0     0     0   Xorg           
 20200604   18:50:57      0       1608     G     0     0     0     0   gnome-shell    
 20200604   18:50:57      0       1823     G    18     6     0     0   Xorg           
 20200604   18:50:57      0       2214     G     0     0     0     0   gnome-shell    
 20200604   18:50:57      0       2835     G     0     0     0     0   electron-ssr --
 20200604   18:50:57      0       2901     G     4     1     0     0   code --type=gpu
 20200604   18:50:57      0       9759     G     0     0     0     0   firefox        
 20200604   18:50:57      0      18497     G     0     0     0     0   firefox        
 20200604   18:50:57      0      22050   C+G     9     2     0     0   drawelements   
 20200604   18:50:57      0      22052     G     5     1     0     0   cgl-render     
 20200604   18:50:58      0       1497     G     0     0     0     0   Xorg           
 20200604   18:50:58      0       1608     G     0     0     0     0   gnome-shell    
 20200604   18:50:58      0       1823     G    22     7     0     0   Xorg           
 20200604   18:50:58      0       2214     G     5     1     0     0   gnome-shell    
 20200604   18:50:58      0       2835     G     0     0     0     0   electron-ssr --
 20200604   18:50:58      0       2901     G     0     0     0     0   code --type=gpu
 20200604   18:50:58      0       9759     G     0     0     0     0   firefox        
 20200604   18:50:58      0      18497     G     0     0     0     0   firefox        
#Date       Time        gpu        pid  type    sm   mem   enc   dec   command
#YYYYMMDD   HH:MM:SS    Idx          #   C/G     %     %     %     %   name
 20200604   18:50:58      0      22050   C+G     8     2     0     0   drawelements   
 20200604   18:50:58      0      22052     G     0     0     0     0   cgl-render     
 20200604   18:50:59      0       1497     G     0     0     0     0   Xorg           
 20200604   18:50:59      0       1608     G     0     0     0     0   gnome-shell    
 20200604   18:50:59      0       1823     G    20     7     0     0   Xorg           
 20200604   18:50:59      0       2214     G     3     1     0     0   gnome-shell    
 20200604   18:50:59      0       2835     G     0     0     0     0   electron-ssr --
 20200604   18:50:59      0       2901     G     0     0     0     0   code --type=gpu
 20200604   18:50:59      0       9759     G     0     0     0     0   firefox        
 20200604   18:50:59      0      18497     G     0     0     0     0   firefox        
 20200604   18:50:59      0      22050   C+G     3     1     0     0   drawelements   
 20200604   18:50:59      0      22052     G     4     1     0     0   cgl-render     
 20200604   18:51:00      0       1497     G     0     0     0     0   Xorg           
 20200604   18:51:00      0       1608     G     0     0     0     0   gnome-shell    
 20200604   18:51:00      0       1823     G     8     3     0     0   Xorg           
 20200604   18:51:00      0       2214     G     7     2     0     0   gnome-shell    
 20200604   18:51:00      0       2835     G     0     0     0     0   electron-ssr --
 20200604   18:51:00      0       2901     G     0     0     0     0   code --type=gpu
 20200604   18:51:00      0       9759     G     0     0     0     0   firefox        
 20200604   18:51:00      0      18497     G     0     0     0     0   firefox        
 20200604   18:51:00      0      22050   C+G     4     1     0     0   drawelements   
 20200604   18:51:00      0      22052     G    12     4     0     0   cgl-render     
 20200604   18:51:01      0       1497     G     0     0     0     0   Xorg           
 20200604   18:51:01      0       1608     G     0     0     0     0   gnome-shell    
 20200604   18:51:01      0       1823     G    11     3     0     0   Xorg           
 20200604   18:51:01      0       2214     G     0     0     0     0   gnome-shell    
 20200604   18:51:01      0       2835     G     0     0     0     0   electron-ssr --
 20200604   18:51:01      0       2901     G     0     0     0     0   code --type=gpu
 20200604   18:51:01      0       9759     G     0     0     0     0   firefox        
 20200604   18:51:01      0      18497     G     0     0     0     0   firefox        
 20200604   18:51:01      0      22050   C+G    11     3     0     0   drawelements   
 20200604   18:51:01      0      22052     G     8     3     0     0   cgl-render     
 20200604   18:51:02      0       1497     G     0     0     0     0   Xorg           
 20200604   18:51:02      0       1608     G     0     0     0     0   gnome-shell    
 20200604   18:51:02      0       1823     G    18     5     0     0   Xorg           
 20200604   18:51:02      0       2214     G     5     1     0     0   gnome-shell    
 20200604   18:51:02      0       2835     G     0     0     0     0   electron-ssr --
 20200604   18:51:02      0       2901     G     0     0     0     0   code --type=gpu
 20200604   18:51:02      0       9759     G     0     0     0     0   firefox        
 20200604   18:51:02      0      18497     G     0     0     0     0   firefox        
 20200604   18:51:02      0      22050   C+G    13     4     0     0   drawelements   
 20200604   18:51:02      0      22052     G     0     0     0     0   cgl-render     
 20200604   18:51:03      0       1497     G     0     0     0     0   Xorg           
 20200604   18:51:03      0       1608     G     0     0     0     0   gnome-shell    
#Date       Time        gpu        pid  type    sm   mem   enc   dec   command
#YYYYMMDD   HH:MM:SS    Idx          #   C/G     %     %     %     %   name
 20200604   18:51:03      0       1823     G    18     5     0     0   Xorg           
 20200604   18:51:03      0       2214     G     4     1     0     0   gnome-shell    
 20200604   18:51:03      0       2835     G     0     0     0     0   electron-ssr --
 20200604   18:51:03      0       2901     G     0     0     0     0   code --type=gpu
 20200604   18:51:03      0       9759     G     0     0     0     0   firefox        
 20200604   18:51:03      0      18497     G     0     0     0     0   firefox        
 20200604   18:51:03      0      22050   C+G    14     4     0     0   drawelements   
 20200604   18:51:03      0      22052     G     0     0     0     0   cgl-render     
 20200604   18:51:04      0       1497     G     0     0     0     0   Xorg           
 20200604   18:51:04      0       1608     G     0     0     0     0   gnome-shell    
 20200604   18:51:04      0       1823     G    20     5     0     0   Xorg           
 20200604   18:51:04      0       2214     G     4     1     0     0   gnome-shell    
 20200604   18:51:04      0       2835     G     0     0     0     0   electron-ssr --
 20200604   18:51:04      0       2901     G     0     0     0     0   code --type=gpu
 20200604   18:51:04      0       9759     G     0     0     0     0   firefox        
 20200604   18:51:04      0      18497     G     0     0     0     0   firefox        
 20200604   18:51:04      0      22050   C+G    10     3     0     0   drawelements   
 20200604   18:51:04      0      22052     G     4     1     0     0   cgl-render     
 20200604   18:51:05      0       1497     G     0     0     0     0   Xorg           
 20200604   18:51:05      0       1608     G     0     0     0     0   gnome-shell    
 20200604   18:51:05      0       1823     G    20     5     0     0   Xorg           
 20200604   18:51:05      0       2214     G     4     1     0     0   gnome-shell    
 20200604   18:51:05      0       2835     G     0     0     0     0   electron-ssr --
 20200604   18:51:05      0       2901     G     0     0     0     0   code --type=gpu
 20200604   18:51:05      0       9759     G     0     0     0     0   firefox        
 20200604   18:51:05      0      18497     G     0     0     0     0   firefox        
 20200604   18:51:05      0      22050   C+G     3     1     0     0   drawelements   
 20200604   18:51:05      0      22052     G     9     3     0     0   cgl-render     
 20200604   18:51:06      0       1497     G     0     0     0     0   Xorg           
 20200604   18:51:06      0       1608     G     0     0     0     0   gnome-shell    
 20200604   18:51:06      0       1823     G    24     7     0     0   Xorg           
 20200604   18:51:06      0       2214     G     0     0     0     0   gnome-shell    
 20200604   18:51:06      0       2835     G     0     0     0     0   electron-ssr --
 20200604   18:51:06      0       2901     G     4     1     0     0   code --type=gpu
 20200604   18:51:06      0       9759     G     0     0     0     0   firefox        
 20200604   18:51:06      0      18497     G     0     0     0     0   firefox        
 20200604   18:51:06      0      22050   C+G     4     1     0     0   drawelements   
 20200604   18:51:06      0      22052     G     4     1     0     0   cgl-render     
 20200604   18:51:07      0       1497     G     0     0     0     0   Xorg           
 20200604   18:51:07      0       1608     G     0     0     0     0   gnome-shell    
 20200604   18:51:07      0       1823     G    19     6     0     0   Xorg           
 20200604   18:51:07      0       2214     G     0     0     0     0   gnome-shell    
 20200604   18:51:07      0       2835     G     0     0     0     0   electron-ssr --
 20200604   18:51:07      0       2901     G     0     0     0     0   code --type=gpu
#Date       Time        gpu        pid  type    sm   mem   enc   dec   command
#YYYYMMDD   HH:MM:SS    Idx          #   C/G     %     %     %     %   name
 20200604   18:51:07      0       9759     G     0     0     0     0   firefox        
 20200604   18:51:07      0      18497     G     0     0     0     0   firefox        
 20200604   18:51:07      0      22050   C+G    12     4     0     0   drawelements   
 20200604   18:51:07      0      22052     G     0     0     0     0   cgl-render     
 20200604   18:51:08      0       1497     G     0     0     0     0   Xorg           
 20200604   18:51:08      0       1608     G     0     0     0     0   gnome-shell    
 20200604   18:51:08      0       1823     G    17     6     0     0   Xorg           
 20200604   18:51:08      0       2214     G     0     0     0     0   gnome-shell    
 20200604   18:51:08      0       2835     G     0     0     0     0   electron-ssr --
 20200604   18:51:08      0       2901     G     0     0     0     0   code --type=gpu
 20200604   18:51:08      0       9759     G     0     0     0     0   firefox        
 20200604   18:51:08      0      18497     G     0     0     0     0   firefox        
 20200604   18:51:08      0      22050   C+G    12     4     0     0   drawelements   
 20200604   18:51:08      0      22052     G     0     0     0     0   cgl-render     
 20200604   18:51:09      0       1497     G     0     0     0     0   Xorg           
 20200604   18:51:09      0       1608     G     0     0     0     0   gnome-shell    
 20200604   18:51:09      0       1823     G    14     4     0     0   Xorg           
 20200604   18:51:09      0       2214     G     0     0     0     0   gnome-shell    
 20200604   18:51:09      0       2835     G     0     0     0     0   electron-ssr --
 20200604   18:51:09      0       2901     G     0     0     0     0   code --type=gpu
 20200604   18:51:09      0       9759     G     0     0     0     0   firefox        
 20200604   18:51:09      0      18497     G     0     0     0     0   firefox        
 20200604   18:51:09      0      22050   C+G    11     3     0     0   drawelements   
 20200604   18:51:09      0      22052     G     4     1     0     0   cgl-render     
 20200604   18:51:10      0       1497     G     0     0     0     0   Xorg           
 20200604   18:51:10      0       1608     G     0     0     0     0   gnome-shell    
 20200604   18:51:10      0       1823     G     7     2     0     0   Xorg           
 20200604   18:51:10      0       2214     G     4     1     0     0   gnome-shell    
 20200604   18:51:10      0       2835     G     0     0     0     0   electron-ssr --
 20200604   18:51:10      0       2901     G     0     0     0     0   code --type=gpu
 20200604   18:51:10      0       9759     G     0     0     0     0   firefox        
 20200604   18:51:10      0      18497     G     0     0     0     0   firefox        
 20200604   18:51:10      0      22050   C+G     6     2     0     0   drawelements   
 20200604   18:51:10      0      22052     G    11     4     0     0   cgl-render     
 20200604   18:51:11      0       1497     G     0     0     0     0   Xorg           
 20200604   18:51:11      0       1608     G     0     0     0     0   gnome-shell    
 20200604   18:51:11      0       1823     G    18     6     0     0   Xorg           
 20200604   18:51:11      0       2214     G     4     1     0     0   gnome-shell    
 20200604   18:51:11      0       2835     G     0     0     0     0   electron-ssr --
 20200604   18:51:11      0       2901     G     0     0     0     0   code --type=gpu
 20200604   18:51:11      0       9759     G     0     0     0     0   firefox        
 20200604   18:51:11      0      18497     G     0     0     0     0   firefox        
 20200604   18:51:11      0      22050   C+G     7     2     0     0   drawelements   
 20200604   18:51:11      0      22052     G     0     0     0     0   cgl-render     
#Date       Time        gpu        pid  type    sm   mem   enc   dec   command
#YYYYMMDD   HH:MM:SS    Idx          #   C/G     %     %     %     %   name
 20200604   18:51:12      0       1497     G     0     0     0     0   Xorg           
 20200604   18:51:12      0       1608     G     0     0     0     0   gnome-shell    
 20200604   18:51:12      0       1823     G    17     6     0     0   Xorg           
 20200604   18:51:12      0       2214     G     0     0     0     0   gnome-shell    
 20200604   18:51:12      0       2835     G     0     0     0     0   electron-ssr --
 20200604   18:51:12      0       2901     G     0     0     0     0   code --type=gpu
 20200604   18:51:12      0       9759     G     0     0     0     0   firefox        
 20200604   18:51:12      0      18497     G     0     0     0     0   firefox        
 20200604   18:51:12      0      22050   C+G     7     2     0     0   drawelements   
 20200604   18:51:12      0      22052     G     3     1     0     0   cgl-render     
 20200604   18:51:13      0       1497     G     0     0     0     0   Xorg           
 20200604   18:51:13      0       1608     G     0     0     0     0   gnome-shell    
 20200604   18:51:13      0       1823     G    17     5     0     0   Xorg           
 20200604   18:51:13      0       2214     G     0     0     0     0   gnome-shell    
 20200604   18:51:13      0       2835     G     0     0     0     0   electron-ssr --
 20200604   18:51:13      0       2901     G     0     0     0     0   code --type=gpu
 20200604   18:51:13      0       9759     G     0     0     0     0   firefox        
 20200604   18:51:13      0      18497     G     0     0     0     0   firefox        
 20200604   18:51:13      0      22050   C+G     8     3     0     0   drawelements   
 20200604   18:51:13      0      22052     G     3     1     0     0   cgl-render     
 20200604   18:51:14      0       1497     G     0     0     0     0   Xorg           
 20200604   18:51:14      0       1608     G     0     0     0     0   gnome-shell    
 20200604   18:51:14      0       1823     G    10     3     0     0   Xorg           
 20200604   18:51:14      0       2214     G     0     0     0     0   gnome-shell    
 20200604   18:51:14      0       2835     G     0     0     0     0   electron-ssr --
 20200604   18:51:14      0       2901     G     3     1     0     0   code --type=gpu
 20200604   18:51:14      0       9759     G     0     0     0     0   firefox        
 20200604   18:51:14      0      18497     G     0     0     0     0   firefox        
 20200604   18:51:14      0      22050   C+G     8     2     0     0   drawelements   
 20200604   18:51:14      0      22052     G     8     2     0     0   cgl-render     
 20200604   18:51:15      0       1497     G     0     0     0     0   Xorg           
 20200604   18:51:15      0       1608     G     0     0     0     0   gnome-shell    
 20200604   18:51:15      0       1823     G     7     2     0     0   Xorg           
 20200604   18:51:15      0       2214     G     0     0     0     0   gnome-shell    
 20200604   18:51:15      0       2835     G     0     0     0     0   electron-ssr --
 20200604   18:51:15      0       2901     G     3     1     0     0   code --type=gpu
 20200604   18:51:15      0       9759     G     0     0     0     0   firefox        
 20200604   18:51:15      0      18497     G     0     0     0     0   firefox        
 20200604   18:51:15      0      22050   C+G    11     3     0     0   drawelements   
 20200604   18:51:15      0      22052     G     9     3     0     0   cgl-render     
 20200604   18:51:16      0       1497     G     0     0     0     0   Xorg           
 20200604   18:51:16      0       1608     G     0     0     0     0   gnome-shell    
 20200604   18:51:16      0       1823     G    18     6     0     0   Xorg           
 20200604   18:51:16      0       2214     G     4     1     0     0   gnome-shell    
#Date       Time        gpu        pid  type    sm   mem   enc   dec   command
#YYYYMMDD   HH:MM:SS    Idx          #   C/G     %     %     %     %   name
 20200604   18:51:16      0       2835     G     0     0     0     0   electron-ssr --
 20200604   18:51:16      0       2901     G     0     0     0     0   code --type=gpu
 20200604   18:51:16      0       9759     G     0     0     0     0   firefox        
 20200604   18:51:16      0      18497     G     0     0     0     0   firefox        
 20200604   18:51:16      0      22050   C+G    13     4     0     0   drawelements   
 20200604   18:51:16      0      22052     G     0     0     0     0   cgl-render     
 20200604   18:51:17      0       1497     G     0     0     0     0   Xorg           
 20200604   18:51:17      0       1608     G     0     0     0     0   gnome-shell    
 20200604   18:51:17      0       1823     G    14     5     0     0   Xorg           
 20200604   18:51:17      0       2214     G     7     2     0     0   gnome-shell    
 20200604   18:51:17      0       2835     G     0     0     0     0   electron-ssr --
 20200604   18:51:17      0       2901     G     0     0     0     0   code --type=gpu
 20200604   18:51:17      0       9759     G     0     0     0     0   firefox        
 20200604   18:51:17      0      18497     G     0     0     0     0   firefox        
 20200604   18:51:17      0      22050   C+G    12     4     0     0   drawelements   
 20200604   18:51:17      0      22052     G     0     0     0     0   cgl-render     
 20200604   18:51:18      0       1497     G     0     0     0     0   Xorg           
 20200604   18:51:18      0       1608     G     0     0     0     0   gnome-shell    
 20200604   18:51:18      0       1823     G    11     3     0     0   Xorg           
 20200604   18:51:18      0       2214     G     3     1     0     0   gnome-shell    
 20200604   18:51:18      0       2835     G     0     0     0     0   electron-ssr --
 20200604   18:51:18      0       2901     G     8     2     0     0   code --type=gpu
 20200604   18:51:18      0       9759     G     0     0     0     0   firefox        
 20200604   18:51:18      0      18497     G     0     0     0     0   firefox        
 20200604   18:51:18      0      22050   C+G     8     2     0     0   drawelements   
 20200604   18:51:18      0      22052     G     3     1     0     0   cgl-render     
 20200604   18:51:19      0       1497     G     0     0     0     0   Xorg           
 20200604   18:51:19      0       1608     G     0     0     0     0   gnome-shell    
 20200604   18:51:19      0       1823     G    15     4     0     0   Xorg           
 20200604   18:51:19      0       2214     G     7     2     0     0   gnome-shell    
 20200604   18:51:19      0       2835     G     0     0     0     0   electron-ssr --
 20200604   18:51:19      0       2901     G     0     0     0     0   code --type=gpu
 20200604   18:51:19      0       9759     G     0     0     0     0   firefox        
 20200604   18:51:19      0      18497     G     0     0     0     0   firefox        
 20200604   18:51:19      0      22050   C+G     7     2     0     0   drawelements   
 20200604   18:51:19      0      22052     G     3     1     0     0   cgl-render     
 20200604   18:51:20      0       1497     G     0     0     0     0   Xorg           
 20200604   18:51:20      0       1608     G     0     0     0     0   gnome-shell    
 20200604   18:51:20      0       1823     G    10     3     0     0   Xorg           
 20200604   18:51:20      0       2214     G     0     0     0     0   gnome-shell    
 20200604   18:51:20      0       2835     G     0     0     0     0   electron-ssr --
 20200604   18:51:20      0       2901     G     0     0     0     0   code --type=gpu
 20200604   18:51:20      0       9759     G     0     0     0     0   firefox        
 20200604   18:51:20      0      18497     G     0     0     0     0   firefox        
#Date       Time        gpu        pid  type    sm   mem   enc   dec   command
#YYYYMMDD   HH:MM:SS    Idx          #   C/G     %     %     %     %   name
 20200604   18:51:20      0      22050   C+G    10     3     0     0   drawelements   
 20200604   18:51:20      0      22052     G    10     3     0     0   cgl-render     
 20200604   18:51:21      0       1497     G     0     0     0     0   Xorg           
 20200604   18:51:21      0       1608     G     0     0     0     0   gnome-shell    
 20200604   18:51:21      0       1823     G    13     4     0     0   Xorg           
 20200604   18:51:21      0       2214     G     0     0     0     0   gnome-shell    
 20200604   18:51:21      0       2835     G     0     0     0     0   electron-ssr --
 20200604   18:51:21      0       2901     G     0     0     0     0   code --type=gpu
 20200604   18:51:21      0       9759     G     0     0     0     0   firefox        
 20200604   18:51:21      0      18497     G     0     0     0     0   firefox        
 20200604   18:51:21      0      22050   C+G     9     3     0     0   drawelements   
 20200604   18:51:21      0      22052     G     6     2     0     0   cgl-render     
 20200604   18:51:22      0       1497     G     0     0     0     0   Xorg           
 20200604   18:51:22      0       1608     G     0     0     0     0   gnome-shell    
 20200604   18:51:22      0       1823     G    15     5     0     0   Xorg           
 20200604   18:51:22      0       2214     G     0     0     0     0   gnome-shell    
 20200604   18:51:22      0       2835     G     0     0     0     0   electron-ssr --
 20200604   18:51:22      0       2901     G     0     0     0     0   code --type=gpu
 20200604   18:51:22      0       9759     G     0     0     0     0   firefox        
 20200604   18:51:22      0      18497     G     0     0     0     0   firefox        
 20200604   18:51:22      0      22050   C+G    10     3     0     0   drawelements   
 20200604   18:51:22      0      22052     G     3     1     0     0   cgl-render     
 20200604   18:51:23      0       1497     G     0     0     0     0   Xorg           
 20200604   18:51:23      0       1608     G     0     0     0     0   gnome-shell    
 20200604   18:51:23      0       1823     G    15     4     0     0   Xorg           
 20200604   18:51:23      0       2214     G     7     2     0     0   gnome-shell    
 20200604   18:51:23      0       2835     G     0     0     0     0   electron-ssr --
 20200604   18:51:23      0       2901     G     0     0     0     0   code --type=gpu
 20200604   18:51:23      0       9759     G     0     0     0     0   firefox        
 20200604   18:51:23      0      18497     G     0     0     0     0   firefox        
 20200604   18:51:23      0      22050   C+G     7     2     0     0   drawelements   
 20200604   18:51:23      0      22052     G     4     1     0     0   cgl-render     
 20200604   18:51:24      0       1497     G     0     0     0     0   Xorg           
 20200604   18:51:24      0       1608     G     0     0     0     0   gnome-shell    
 20200604   18:51:24      0       1823     G    13     4     0     0   Xorg           
 20200604   18:51:24      0       2214     G     3     1     0     0   gnome-shell    
 20200604   18:51:24      0       2835     G     0     0     0     0   electron-ssr --
 20200604   18:51:24      0       2901     G     0     0     0     0   code --type=gpu
 20200604   18:51:24      0       9759     G     0     0     0     0   firefox        
 20200604   18:51:24      0      18497     G     0     0     0     0   firefox        
 20200604   18:51:24      0      22050   C+G     2     1     0     0   drawelements   
 20200604   18:51:24      0      22052     G    12     4     0     0   cgl-render     
 20200604   18:51:25      0       1497     G     0     0     0     0   Xorg           
 20200604   18:51:25      0       1608     G     0     0     0     0   gnome-shell    
#Date       Time        gpu        pid  type    sm   mem   enc   dec   command
#YYYYMMDD   HH:MM:SS    Idx          #   C/G     %     %     %     %   name
 20200604   18:51:25      0       1823     G     5     2     0     0   Xorg           
 20200604   18:51:25      0       2214     G     0     0     0     0   gnome-shell    
 20200604   18:51:25      0       2835     G     0     0     0     0   electron-ssr --
 20200604   18:51:25      0       2901     G     3     1     0     0   code --type=gpu
 20200604   18:51:25      0       9759     G     0     0     0     0   firefox        
 20200604   18:51:25      0      18497     G     0     0     0     0   firefox        
 20200604   18:51:25      0      22050   C+G     5     2     0     0   drawelements   
 20200604   18:51:25      0      22052     G    14     5     0     0   cgl-render     
 20200604   18:51:26      0       1497     G     0     0     0     0   Xorg           
 20200604   18:51:26      0       1608     G     0     0     0     0   gnome-shell    
 20200604   18:51:26      0       1823     G     6     2     0     0   Xorg           
 20200604   18:51:26      0       2214     G     0     0     0     0   gnome-shell    
 20200604   18:51:26      0       2835     G     0     0     0     0   electron-ssr --
 20200604   18:51:26      0       2901     G     3     1     0     0   code --type=gpu
 20200604   18:51:26      0       9759     G     0     0     0     0   firefox        
 20200604   18:51:26      0      18497     G     0     0     0     0   firefox        
 20200604   18:51:26      0      22050   C+G     9     3     0     0   drawelements   
 20200604   18:51:26      0      22052     G    10     3     0     0   cgl-render     
 20200604   18:51:27      0       1497     G     0     0     0     0   Xorg           
 20200604   18:51:27      0       1608     G     0     0     0     0   gnome-shell    
 20200604   18:51:27      0       1823     G    12     4     0     0   Xorg           
 20200604   18:51:27      0       2214     G     0     0     0     0   gnome-shell    
 20200604   18:51:27      0       2835     G     0     0     0     0   electron-ssr --
 20200604   18:51:27      0       2901     G     6     2     0     0   code --type=gpu
 20200604   18:51:27      0       9759     G     0     0     0     0   firefox        
 20200604   18:51:27      0      18497     G     0     0     0     0   firefox        
 20200604   18:51:27      0      22050   C+G     6     2     0     0   drawelements   
 20200604   18:51:27      0      22052     G     2     1     0     0   cgl-render     
 20200604   18:51:28      0       1497     G     0     0     0     0   Xorg           
 20200604   18:51:28      0       1608     G     0     0     0     0   gnome-shell    
 20200604   18:51:28      0       1823     G    15     5     0     0   Xorg           
 20200604   18:51:28      0       2214     G     0     0     0     0   gnome-shell    
 20200604   18:51:28      0       2835     G     0     0     0     0   electron-ssr --
 20200604   18:51:28      0       2901     G     3     1     0     0   code --type=gpu
 20200604   18:51:28      0       9759     G     0     0     0     0   firefox        
 20200604   18:51:28      0      18497     G     0     0     0     0   firefox        
 20200604   18:51:28      0      22050   C+G     3     1     0     0   drawelements   
 20200604   18:51:28      0      22052     G     6     2     0     0   cgl-render     
 20200604   18:51:29      0       1497     G     0     0     0     0   Xorg           
 20200604   18:51:29      0       1608     G     0     0     0     0   gnome-shell    
 20200604   18:51:29      0       1823     G    11     3     0     0   Xorg           
 20200604   18:51:29      0       2214     G     0     0     0     0   gnome-shell    
 20200604   18:51:29      0       2835     G     0     0     0     0   electron-ssr --
 20200604   18:51:29      0       2901     G     0     0     0     0   code --type=gpu
#Date       Time        gpu        pid  type    sm   mem   enc   dec   command
#YYYYMMDD   HH:MM:SS    Idx          #   C/G     %     %     %     %   name
 20200604   18:51:29      0       9759     G     0     0     0     0   firefox        
 20200604   18:51:29      0      18497     G     0     0     0     0   firefox        
 20200604   18:51:29      0      22050   C+G     3     1     0     0   drawelements   
 20200604   18:51:29      0      22052     G    18     6     0     0   cgl-render     
 20200604   18:51:30      0       1497     G     0     0     0     0   Xorg           
 20200604   18:51:30      0       1608     G     0     0     0     0   gnome-shell    
 20200604   18:51:30      0       1823     G    12     3     0     0   Xorg           
 20200604   18:51:30      0       2214     G     3     1     0     0   gnome-shell    
 20200604   18:51:30      0       2835     G     0     0     0     0   electron-ssr --
 20200604   18:51:30      0       2901     G     5     1     0     0   code --type=gpu
 20200604   18:51:30      0       9759     G     0     0     0     0   firefox        
 20200604   18:51:30      0      18497     G     0     0     0     0   firefox        
 20200604   18:51:30      0      22050   C+G     8     2     0     0   drawelements   
 20200604   18:51:30      0      22052     G     9     3     0     0   cgl-render     
 20200604   18:51:31      0       1497     G     0     0     0     0   Xorg           
 20200604   18:51:31      0       1608     G     0     0     0     0   gnome-shell    
 20200604   18:51:31      0       1823     G    12     4     0     0   Xorg           
 20200604   18:51:31      0       2214     G     3     1     0     0   gnome-shell    
 20200604   18:51:31      0       2835     G     0     0     0     0   electron-ssr --
 20200604   18:51:31      0       2901     G     9     2     0     0   code --type=gpu
 20200604   18:51:31      0       9759     G     0     0     0     0   firefox        
 20200604   18:51:31      0      18497     G     0     0     0     0   firefox        
 20200604   18:51:31      0      22050   C+G    12     4     0     0   drawelements   
 20200604   18:51:31      0      22052     G     0     0     0     0   cgl-render     
 20200604   18:51:32      0       1497     G     0     0     0     0   Xorg           
 20200604   18:51:32      0       1608     G     0     0     0     0   gnome-shell    
 20200604   18:51:32      0       1823     G    25     7     0     0   Xorg           
 20200604   18:51:32      0       2214     G     0     0     0     0   gnome-shell    
 20200604   18:51:32      0       2835     G     0     0     0     0   electron-ssr --
 20200604   18:51:32      0       2901     G     0     0     0     0   code --type=gpu
 20200604   18:51:32      0       9759     G     0     0     0     0   firefox        
 20200604   18:51:32      0      18497     G     0     0     0     0   firefox        
 20200604   18:51:32      0      22050   C+G    11     3     0     0   drawelements   
 20200604   18:51:32      0      22052     G     0     0     0     0   cgl-render     
 20200604   18:51:33      0       1497     G     0     0     0     0   Xorg           
 20200604   18:51:33      0       1608     G     0     0     0     0   gnome-shell    
 20200604   18:51:33      0       1823     G    13     4     0     0   Xorg           
 20200604   18:51:33      0       2214     G     0     0     0     0   gnome-shell    
 20200604   18:51:33      0       2835     G     0     0     0     0   electron-ssr --
 20200604   18:51:33      0       2901     G     0     0     0     0   code --type=gpu
 20200604   18:51:33      0       9759     G     0     0     0     0   firefox        
 20200604   18:51:33      0      18497     G     0     0     0     0   firefox        
 20200604   18:51:33      0      22050   C+G     7     2     0     0   drawelements   
 20200604   18:51:33      0      22052     G    11     3     0     0   cgl-render     
#Date       Time        gpu        pid  type    sm   mem   enc   dec   command
#YYYYMMDD   HH:MM:SS    Idx          #   C/G     %     %     %     %   name
 20200604   18:51:34      0       1497     G     0     0     0     0   Xorg           
 20200604   18:51:34      0       1608     G     0     0     0     0   gnome-shell    
 20200604   18:51:34      0       1823     G    18     5     0     0   Xorg           
 20200604   18:51:34      0       2214     G     4     1     0     0   gnome-shell    
 20200604   18:51:34      0       2835     G     0     0     0     0   electron-ssr --
 20200604   18:51:34      0       2901     G     0     0     0     0   code --type=gpu
 20200604   18:51:34      0       9759     G     0     0     0     0   firefox        
 20200604   18:51:34      0      18497     G     0     0     0     0   firefox        
 20200604   18:51:34      0      22050   C+G     3     1     0     0   drawelements   
 20200604   18:51:34      0      22052     G     9     3     0     0   cgl-render     
 20200604   18:51:35      0       1497     G     0     0     0     0   Xorg           
 20200604   18:51:35      0       1608     G     0     0     0     0   gnome-shell    
 20200604   18:51:35      0       1823     G    23     7     0     0   Xorg           
 20200604   18:51:35      0       2214     G     0     0     0     0   gnome-shell    
 20200604   18:51:35      0       2835     G     0     0     0     0   electron-ssr --
 20200604   18:51:35      0       2901     G     0     0     0     0   code --type=gpu
 20200604   18:51:35      0       9759     G     0     0     0     0   firefox        
 20200604   18:51:35      0      18497     G     0     0     0     0   firefox        
 20200604   18:51:35      0      22050   C+G    12     3     0     0   drawelements   
 20200604   18:51:35      0      22052     G     4     1     0     0   cgl-render     
 20200604   18:51:36      0       1497     G     0     0     0     0   Xorg           
 20200604   18:51:36      0       1608     G     0     0     0     0   gnome-shell    
 20200604   18:51:36      0       1823     G    25     7     0     0   Xorg           
 20200604   18:51:36      0       2214     G     0     0     0     0   gnome-shell    
 20200604   18:51:36      0       2835     G     0     0     0     0   electron-ssr --
 20200604   18:51:36      0       2901     G     0     0     0     0   code --type=gpu
 20200604   18:51:36      0       9759     G     0     0     0     0   firefox        
 20200604   18:51:36      0      18497     G     0     0     0     0   firefox        
 20200604   18:51:36      0      22050   C+G    10     3     0     0   drawelements   
 20200604   18:51:36      0      22052     G     0     0     0     0   cgl-render     
 20200604   18:51:37      0       1497     G     0     0     0     0   Xorg           
 20200604   18:51:37      0       1608     G     0     0     0     0   gnome-shell    
 20200604   18:51:37      0       1823     G    20     6     0     0   Xorg           
 20200604   18:51:37      0       2214     G     0     0     0     0   gnome-shell    
 20200604   18:51:37      0       2835     G     0     0     0     0   electron-ssr --
 20200604   18:51:37      0       2901     G     0     0     0     0   code --type=gpu
 20200604   18:51:37      0       9759     G     0     0     0     0   firefox        
 20200604   18:51:37      0      18497     G     0     0     0     0   firefox        
 20200604   18:51:37      0      22050   C+G    10     3     0     0   drawelements   
 20200604   18:51:37      0      22052     G     4     1     0     0   cgl-render     
 20200604   18:51:38      0       1497     G     0     0     0     0   Xorg           
 20200604   18:51:38      0       1608     G     0     0     0     0   gnome-shell    
 20200604   18:51:38      0       1823     G    19     6     0     0   Xorg           
 20200604   18:51:38      0       2214     G     0     0     0     0   gnome-shell    
#Date       Time        gpu        pid  type    sm   mem   enc   dec   command
#YYYYMMDD   HH:MM:SS    Idx          #   C/G     %     %     %     %   name
 20200604   18:51:38      0       2835     G     0     0     0     0   electron-ssr --
 20200604   18:51:38      0       2901     G     0     0     0     0   code --type=gpu
 20200604   18:51:38      0       9759     G     0     0     0     0   firefox        
 20200604   18:51:38      0      18497     G     0     0     0     0   firefox        
 20200604   18:51:38      0      22050   C+G     8     2     0     0   drawelements   
 20200604   18:51:38      0      22052     G     6     2     0     0   cgl-render     
 20200604   18:51:39      0       1497     G     0     0     0     0   Xorg           
 20200604   18:51:39      0       1608     G     0     0     0     0   gnome-shell    
 20200604   18:51:39      0       1823     G    10     3     0     0   Xorg           
 20200604   18:51:39      0       2214     G     0     0     0     0   gnome-shell    
 20200604   18:51:39      0       2835     G     0     0     0     0   electron-ssr --
 20200604   18:51:39      0       2901     G     3     1     0     0   code --type=gpu
 20200604   18:51:39      0       9759     G     0     0     0     0   firefox        
 20200604   18:51:39      0      18497     G     0     0     0     0   firefox        
 20200604   18:51:39      0      22050   C+G    10     3     0     0   drawelements   
 20200604   18:51:39      0      22052     G     5     2     0     0   cgl-render     
 20200604   18:51:40      0       1497     G     0     0     0     0   Xorg           
 20200604   18:51:40      0       1608     G     0     0     0     0   gnome-shell    
 20200604   18:51:40      0       1823     G     8     2     0     0   Xorg           
 20200604   18:51:40      0       2214     G     0     0     0     0   gnome-shell    
 20200604   18:51:40      0       2835     G     0     0     0     0   electron-ssr --
 20200604   18:51:40      0       2901     G     3     1     0     0   code --type=gpu
 20200604   18:51:40      0       9759     G     0     0     0     0   firefox        
 20200604   18:51:40      0      18497     G     0     0     0     0   firefox        
 20200604   18:51:40      0      22050   C+G    11     3     0     0   drawelements   
 20200604   18:51:40      0      22052     G     7     2     0     0   cgl-render     
 20200604   18:51:41      0       1497     G     0     0     0     0   Xorg           
 20200604   18:51:41      0       1608     G     0     0     0     0   gnome-shell    
 20200604   18:51:41      0       1823     G    12     4     0     0   Xorg           
 20200604   18:51:41      0       2214     G     0     0     0     0   gnome-shell    
 20200604   18:51:41      0       2835     G     0     0     0     0   electron-ssr --
 20200604   18:51:41      0       2901     G     0     0     0     0   code --type=gpu
 20200604   18:51:41      0       9759     G     0     0     0     0   firefox        
 20200604   18:51:41      0      18497     G     0     0     0     0   firefox        
 20200604   18:51:41      0      22050   C+G    11     3     0     0   drawelements   
 20200604   18:51:41      0      22052     G     5     1     0     0   cgl-render     
 20200604   18:51:42      0       1497     G     0     0     0     0   Xorg           
 20200604   18:51:42      0       1608     G     0     0     0     0   gnome-shell    
 20200604   18:51:42      0       1823     G    10     3     0     0   Xorg           
 20200604   18:51:42      0       2214     G     0     0     0     0   gnome-shell    
 20200604   18:51:42      0       2835     G     0     0     0     0   electron-ssr --
 20200604   18:51:42      0       2901     G     0     0     0     0   code --type=gpu
 20200604   18:51:42      0       9759     G     0     0     0     0   firefox        
 20200604   18:51:42      0      18497     G     0     0     0     0   firefox        
#Date       Time        gpu        pid  type    sm   mem   enc   dec   command
#YYYYMMDD   HH:MM:SS    Idx          #   C/G     %     %     %     %   name
 20200604   18:51:42      0      22050   C+G    12     4     0     0   drawelements   
 20200604   18:51:42      0      22052     G     7     2     0     0   cgl-render     
 20200604   18:51:43      0       1497     G     0     0     0     0   Xorg           
 20200604   18:51:43      0       1608     G     0     0     0     0   gnome-shell    
 20200604   18:51:43      0       1823     G     9     3     0     0   Xorg           
 20200604   18:51:43      0       2214     G     0     0     0     0   gnome-shell    
 20200604   18:51:43      0       2835     G     0     0     0     0   electron-ssr --
 20200604   18:51:43      0       2901     G     0     0     0     0   code --type=gpu
 20200604   18:51:43      0       9759     G     0     0     0     0   firefox        
 20200604   18:51:43      0      18497     G     0     0     0     0   firefox        
 20200604   18:51:43      0      22050   C+G    11     4     0     0   drawelements   
 20200604   18:51:43      0      22052     G     7     2     0     0   cgl-render     
 20200604   18:51:44      0       1497     G     0     0     0     0   Xorg           
 20200604   18:51:44      0       1608     G     0     0     0     0   gnome-shell    
 20200604   18:51:44      0       1823     G     5     1     0     0   Xorg           
 20200604   18:51:44      0       2214     G     2     0     0     0   gnome-shell    
 20200604   18:51:44      0       2835     G     0     0     0     0   electron-ssr --
 20200604   18:51:44      0       2901     G     0     0     0     0   code --type=gpu
 20200604   18:51:44      0       9759     G     0     0     0     0   firefox        
 20200604   18:51:44      0      18497     G     0     0     0     0   firefox        
 20200604   18:51:44      0      22050   C+G    10     3     0     0   drawelements   
 20200604   18:51:44      0      22052     G    11     3     0     0   cgl-render     
 20200604   18:51:45      0       1497     G     0     0     0     0   Xorg           
 20200604   18:51:45      0       1608     G     0     0     0     0   gnome-shell    
 20200604   18:51:45      0       1823     G     2     1     0     0   Xorg           
 20200604   18:51:45      0       2214     G     5     1     0     0   gnome-shell    
 20200604   18:51:45      0       2835     G     0     0     0     0   electron-ssr --
 20200604   18:51:45      0       2901     G     0     0     0     0   code --type=gpu
 20200604   18:51:45      0       9759     G     0     0     0     0   firefox        
 20200604   18:51:45      0      18497     G     0     0     0     0   firefox        
 20200604   18:51:45      0      22050   C+G     7     2     0     0   drawelements   
 20200604   18:51:45      0      22052     G    14     4     0     0   cgl-render     
 20200604   18:51:46      0       1497     G     0     0     0     0   Xorg           
 20200604   18:51:46      0       1608     G     0     0     0     0   gnome-shell    
 20200604   18:51:46      0       1823     G     8     2     0     0   Xorg           
 20200604   18:51:46      0       2214     G     2     0     0     0   gnome-shell    
 20200604   18:51:46      0       2835     G     0     0     0     0   electron-ssr --
 20200604   18:51:46      0       2901     G     0     0     0     0   code --type=gpu
 20200604   18:51:46      0       9759     G     0     0     0     0   firefox        
 20200604   18:51:46      0      18497     G     0     0     0     0   firefox        
 20200604   18:51:46      0      22050   C+G     8     2     0     0   drawelements   
 20200604   18:51:46      0      22052     G    10     3     0     0   cgl-render     
 20200604   18:51:47      0       1497     G     0     0     0     0   Xorg           
 20200604   18:51:47      0       1608     G     0     0     0     0   gnome-shell    
#Date       Time        gpu        pid  type    sm   mem   enc   dec   command
#YYYYMMDD   HH:MM:SS    Idx          #   C/G     %     %     %     %   name
 20200604   18:51:47      0       1823     G    10     3     0     0   Xorg           
 20200604   18:51:47      0       2214     G     0     0     0     0   gnome-shell    
 20200604   18:51:47      0       2835     G     0     0     0     0   electron-ssr --
 20200604   18:51:47      0       2901     G     0     0     0     0   code --type=gpu
 20200604   18:51:47      0       9759     G     0     0     0     0   firefox        
 20200604   18:51:47      0      18497     G     0     0     0     0   firefox        
 20200604   18:51:47      0      22050   C+G     8     3     0     0   drawelements   
 20200604   18:51:47      0      22052     G     9     3     0     0   cgl-render     
 20200604   18:51:48      0       1497     G     0     0     0     0   Xorg           
 20200604   18:51:48      0       1608     G     0     0     0     0   gnome-shell    
 20200604   18:51:48      0       1823     G    10     3     0     0   Xorg           
 20200604   18:51:48      0       2214     G     0     0     0     0   gnome-shell    
 20200604   18:51:48      0       2835     G     0     0     0     0   electron-ssr --
 20200604   18:51:48      0       2901     G     4     1     0     0   code --type=gpu
 20200604   18:51:48      0       9759     G     0     0     0     0   firefox        
 20200604   18:51:48      0      18497     G     0     0     0     0   firefox        
 20200604   18:51:48      0      22050   C+G     7     2     0     0   drawelements   
 20200604   18:51:48      0      22052     G     7     2     0     0   cgl-render     
 20200604   18:51:49      0       1497     G     0     0     0     0   Xorg           
 20200604   18:51:49      0       1608     G     0     0     0     0   gnome-shell    
 20200604   18:51:49      0       1823     G     8     2     0     0   Xorg           
 20200604   18:51:49      0       2214     G     0     0     0     0   gnome-shell    
 20200604   18:51:49      0       2835     G     0     0     0     0   electron-ssr --
 20200604   18:51:49      0       2901     G     2     0     0     0   code --type=gpu
 20200604   18:51:49      0       9759     G     0     0     0     0   firefox        
 20200604   18:51:49      0      18497     G     0     0     0     0   firefox        
 20200604   18:51:49      0      22050   C+G     6     2     0     0   drawelements   
 20200604   18:51:49      0      22052     G    11     3     0     0   cgl-render     
 20200604   18:51:50      0       1497     G     0     0     0     0   Xorg           
 20200604   18:51:50      0       1608     G     0     0     0     0   gnome-shell    
 20200604   18:51:50      0       1823     G     7     2     0     0   Xorg           
 20200604   18:51:50      0       2214     G     0     0     0     0   gnome-shell    
 20200604   18:51:50      0       2835     G     0     0     0     0   electron-ssr --
 20200604   18:51:50      0       2901     G     2     0     0     0   code --type=gpu
 20200604   18:51:50      0       9759     G     0     0     0     0   firefox        
 20200604   18:51:50      0      18497     G     0     0     0     0   firefox        
 20200604   18:51:50      0      22050   C+G     7     2     0     0   drawelements   
 20200604   18:51:50      0      22052     G    11     4     0     0   cgl-render     
 20200604   18:51:51      0       1497     G     0     0     0     0   Xorg           
 20200604   18:51:51      0       1608     G     0     0     0     0   gnome-shell    
 20200604   18:51:51      0       1823     G    13     4     0     0   Xorg           
 20200604   18:51:51      0       2214     G     0     0     0     0   gnome-shell    
 20200604   18:51:51      0       2835     G     0     0     0     0   electron-ssr --
 20200604   18:51:51      0       2901     G     2     0     0     0   code --type=gpu
#Date       Time        gpu        pid  type    sm   mem   enc   dec   command
#YYYYMMDD   HH:MM:SS    Idx          #   C/G     %     %     %     %   name
 20200604   18:51:51      0       9759     G     0     0     0     0   firefox        
 20200604   18:51:51      0      18497     G     0     0     0     0   firefox        
 20200604   18:51:51      0      22050   C+G    10     3     0     0   drawelements   
 20200604   18:51:51      0      22052     G     3     1     0     0   cgl-render     
 20200604   18:51:52      0       1497     G     0     0     0     0   Xorg           
 20200604   18:51:52      0       1608     G     0     0     0     0   gnome-shell    
 20200604   18:51:52      0       1823     G    13     4     0     0   Xorg           
 20200604   18:51:52      0       2214     G     0     0     0     0   gnome-shell    
 20200604   18:51:52      0       2835     G     0     0     0     0   electron-ssr --
 20200604   18:51:52      0       2901     G     2     0     0     0   code --type=gpu
 20200604   18:51:52      0       9759     G     0     0     0     0   firefox        
 20200604   18:51:52      0      18497     G     0     0     0     0   firefox        
 20200604   18:51:52      0      22050   C+G     9     3     0     0   drawelements   
 20200604   18:51:52      0      22052     G     5     1     0     0   cgl-render     
 20200604   18:51:53      0       1497     G     0     0     0     0   Xorg           
 20200604   18:51:53      0       1608     G     0     0     0     0   gnome-shell    
 20200604   18:51:53      0       1823     G     8     2     0     0   Xorg           
 20200604   18:51:53      0       2214     G     0     0     0     0   gnome-shell    
 20200604   18:51:53      0       2835     G     0     0     0     0   electron-ssr --
 20200604   18:51:53      0       2901     G     0     0     0     0   code --type=gpu
 20200604   18:51:53      0       9759     G     0     0     0     0   firefox        
 20200604   18:51:53      0      18497     G     0     0     0     0   firefox        
 20200604   18:51:53      0      22050   C+G     5     2     0     0   drawelements   
 20200604   18:51:53      0      22052     G    15     5     0     0   cgl-render     
 20200604   18:51:54      0       1497     G     0     0     0     0   Xorg           
 20200604   18:51:54      0       1608     G     0     0     0     0   gnome-shell    
 20200604   18:51:54      0       1823     G     2     0     0     0   Xorg           
 20200604   18:51:54      0       2214     G     0     0     0     0   gnome-shell    
 20200604   18:51:54      0       2835     G     0     0     0     0   electron-ssr --
 20200604   18:51:54      0       2901     G     0     0     0     0   code --type=gpu
 20200604   18:51:54      0       9759     G     0     0     0     0   firefox        
 20200604   18:51:54      0      18497     G     0     0     0     0   firefox        
 20200604   18:51:54      0      22050   C+G     7     2     0     0   drawelements   
 20200604   18:51:54      0      22052     G    18     6     0     0   cgl-render     
 20200604   18:51:55      0       1497     G     0     0     0     0   Xorg           
 20200604   18:51:55      0       1608     G     0     0     0     0   gnome-shell    
 20200604   18:51:55      0       1823     G     5     1     0     0   Xorg           
 20200604   18:51:55      0       2214     G     0     0     0     0   gnome-shell    
 20200604   18:51:55      0       2835     G     0     0     0     0   electron-ssr --
 20200604   18:51:55      0       2901     G     0     0     0     0   code --type=gpu
 20200604   18:51:55      0       9759     G     0     0     0     0   firefox        
 20200604   18:51:55      0      18497     G     0     0     0     0   firefox        
 20200604   18:51:55      0      22050   C+G    10     3     0     0   drawelements   
 20200604   18:51:55      0      22052     G    13     4     0     0   cgl-render     
#Date       Time        gpu        pid  type    sm   mem   enc   dec   command
#YYYYMMDD   HH:MM:SS    Idx          #   C/G     %     %     %     %   name
 20200604   18:51:56      0       1497     G     0     0     0     0   Xorg           
 20200604   18:51:56      0       1608     G     0     0     0     0   gnome-shell    
 20200604   18:51:56      0       1823     G     6     2     0     0   Xorg           
 20200604   18:51:56      0       2214     G     3     0     0     0   gnome-shell    
 20200604   18:51:56      0       2835     G     0     0     0     0   electron-ssr --
 20200604   18:51:56      0       2901     G     0     0     0     0   code --type=gpu
 20200604   18:51:56      0       9759     G     0     0     0     0   firefox        
 20200604   18:51:56      0      18497     G     0     0     0     0   firefox        
