src frame 0.0 time sec 1590975540 usec 506881
    Interpolator time 43158 usec
    getNextFrame 0.1 time 8804 usec
add frame 0.1 time sec 1590975540 usec 583506
src frame 1.0 time sec 1590975540 usec 583573
    Interpolator time 39843 usec
    getNextFrame 1.1 time 8421 usec
add frame 1.1 time sec 1590975540 usec 633804
src frame 2.0 time sec 1590975540 usec 633899
    Interpolator time 44880 usec
    getNextFrame 2.1 time 9295 usec
add frame 2.1 time sec 1590975540 usec 690470
src frame 3.0 time sec 1590975540 usec 690557
    Interpolator time 45460 usec
    getNextFrame 3.1 time 8678 usec
add frame 3.1 time sec 1590975540 usec 746610
src frame 4.0 time sec 1590975540 usec 746653
    Interpolator time 45285 usec
    getNextFrame 4.1 time 8499 usec
add frame 4.1 time sec 1590975540 usec 802487
src frame 5.0 time sec 1590975540 usec 802571
    Interpolator time 48581 usec
    getNextFrame 5.1 time 9577 usec
add frame 5.1 time sec 1590975540 usec 862743
src frame 6.0 time sec 1590975540 usec 862783
    Interpolator time 49023 usec
    getNextFrame 6.1 time 8952 usec
add frame 6.1 time sec 1590975540 usec 922691
src frame 7.0 time sec 1590975540 usec 922733
    Interpolator time 46747 usec
    getNextFrame 7.1 time 9157 usec
add frame 7.1 time sec 1590975540 usec 980537
src frame 8.0 time sec 1590975540 usec 980581
    Interpolator time 46212 usec
    getNextFrame 8.1 time 9357 usec
add frame 8.1 time sec 1590975541 usec 38024
src frame 9.0 time sec 1590975541 usec 38062
    Interpolator time 45913 usec
    getNextFrame 9.1 time 9103 usec
add frame 9.1 time sec 1590975541 usec 95313
src frame 10.0 time sec 1590975541 usec 95352
    Interpolator time 45419 usec
    getNextFrame 10.1 time 8898 usec
add frame 10.1 time sec 1590975541 usec 151672
src frame 11.0 time sec 1590975541 usec 151743
    Interpolator time 47085 usec
    getNextFrame 11.1 time 9327 usec
add frame 11.1 time sec 1590975541 usec 210025
src frame 12.0 time sec 1590975541 usec 210070
    Interpolator time 48379 usec
    getNextFrame 12.1 time 9436 usec
add frame 12.1 time sec 1590975541 usec 269741
src frame 13.0 time sec 1590975541 usec 269783
    Interpolator time 47012 usec
    getNextFrame 13.1 time 8885 usec
add frame 13.1 time sec 1590975541 usec 327495
src frame 14.0 time sec 1590975541 usec 327536
    Interpolator time 47808 usec
    getNextFrame 14.1 time 9134 usec
add frame 14.1 time sec 1590975541 usec 386355
src frame 15.0 time sec 1590975541 usec 386371
    Interpolator time 44411 usec
    getNextFrame 15.1 time 9067 usec
add frame 15.1 time sec 1590975541 usec 441826
src frame 16.0 time sec 1590975541 usec 441889
    Interpolator time 46666 usec
    getNextFrame 16.1 time 9644 usec
add frame 16.1 time sec 1590975541 usec 500170
src frame 17.0 time sec 1590975541 usec 500182
    Interpolator time 48157 usec
    getNextFrame 17.1 time 9914 usec
add frame 17.1 time sec 1590975541 usec 560100
src frame 18.0 time sec 1590975541 usec 560139
    Interpolator time 53553 usec
    getNextFrame 18.1 time 9097 usec
add frame 18.1 time sec 1590975541 usec 624804
src frame 19.0 time sec 1590975541 usec 624821
    Interpolator time 46784 usec
    getNextFrame 19.1 time 8945 usec
add frame 19.1 time sec 1590975541 usec 682450
src frame 20.0 time sec 1590975541 usec 682492
    Interpolator time 44035 usec
    getNextFrame 20.1 time 9085 usec
add frame 20.1 time sec 1590975541 usec 737592
src frame 21.0 time sec 1590975541 usec 737636
    Interpolator time 43063 usec
    getNextFrame 21.1 time 8713 usec
add frame 21.1 time sec 1590975541 usec 791265
src frame 22.0 time sec 1590975541 usec 791310
    Interpolator time 44228 usec
    getNextFrame 22.1 time 9086 usec
add frame 22.1 time sec 1590975541 usec 846815
src frame 23.0 time sec 1590975541 usec 846859
    Interpolator time 45736 usec
    getNextFrame 23.1 time 8752 usec
add frame 23.1 time sec 1590975541 usec 903279
src frame 24.0 time sec 1590975541 usec 903291
    Interpolator time 45092 usec
    getNextFrame 24.1 time 8868 usec
add frame 24.1 time sec 1590975541 usec 959270
src frame 25.0 time sec 1590975541 usec 959315
    Interpolator time 46058 usec
    getNextFrame 25.1 time 10545 usec
add frame 25.1 time sec 1590975542 usec 18895
src frame 26.0 time sec 1590975542 usec 18912
    Interpolator time 51619 usec
    getNextFrame 26.1 time 9097 usec
add frame 26.1 time sec 1590975542 usec 81542
src frame 27.0 time sec 1590975542 usec 81586
    Interpolator time 43851 usec
    getNextFrame 27.1 time 9489 usec
add frame 27.1 time sec 1590975542 usec 136863
src frame 28.0 time sec 1590975542 usec 136909
    Interpolator time 44128 usec
    getNextFrame 28.1 time 9321 usec
add frame 28.1 time sec 1590975542 usec 192143
src frame 29.0 time sec 1590975542 usec 192187
    Interpolator time 47925 usec
    getNextFrame 29.1 time 9441 usec
add frame 29.1 time sec 1590975542 usec 251409
src frame 30.0 time sec 1590975542 usec 251446
    Interpolator time 46734 usec
    getNextFrame 30.1 time 8495 usec
add frame 30.1 time sec 1590975542 usec 308453
src frame 31.0 time sec 1590975542 usec 308495
    Interpolator time 45357 usec
    getNextFrame 31.1 time 14194 usec
add frame 31.1 time sec 1590975542 usec 370037
src frame 32.0 time sec 1590975542 usec 370076
    Interpolator time 44044 usec
    getNextFrame 32.1 time 9146 usec
add frame 32.1 time sec 1590975542 usec 426152
src frame 33.0 time sec 1590975542 usec 426195
    Interpolator time 43424 usec
    getNextFrame 33.1 time 8666 usec
add frame 33.1 time sec 1590975542 usec 480116
src frame 34.0 time sec 1590975542 usec 480161
    Interpolator time 44681 usec
    getNextFrame 34.1 time 9481 usec
add frame 34.1 time sec 1590975542 usec 536349
src frame 35.0 time sec 1590975542 usec 536393
    Interpolator time 45475 usec
    getNextFrame 35.1 time 8976 usec
add frame 35.1 time sec 1590975542 usec 592683
src frame 36.0 time sec 1590975542 usec 592728
    Interpolator time 47199 usec
    getNextFrame 36.1 time 9497 usec
add frame 36.1 time sec 1590975542 usec 651280
src frame 37.0 time sec 1590975542 usec 651324
    Interpolator time 48235 usec
    getNextFrame 37.1 time 10485 usec
add frame 37.1 time sec 1590975542 usec 712338
src frame 38.0 time sec 1590975542 usec 712378
    Interpolator time 47711 usec
    getNextFrame 38.1 time 9502 usec
add frame 38.1 time sec 1590975542 usec 771517
src frame 39.0 time sec 1590975542 usec 771560
    Interpolator time 45249 usec
    getNextFrame 39.1 time 9146 usec
add frame 39.1 time sec 1590975542 usec 827814
src frame 40.0 time sec 1590975542 usec 827855
    Interpolator time 43748 usec
    getNextFrame 40.1 time 9133 usec
add frame 40.1 time sec 1590975542 usec 882583
src frame 41.0 time sec 1590975542 usec 882626
    Interpolator time 42355 usec
    getNextFrame 41.1 time 8629 usec
add frame 41.1 time sec 1590975542 usec 935437
src frame 42.0 time sec 1590975542 usec 935478
    Interpolator time 43262 usec
    getNextFrame 42.1 time 8892 usec
add frame 42.1 time sec 1590975542 usec 989497
src frame 43.0 time sec 1590975542 usec 989511
    Interpolator time 46742 usec
    getNextFrame 43.1 time 9232 usec
add frame 43.1 time sec 1590975543 usec 47328
src frame 44.0 time sec 1590975543 usec 47341
    Interpolator time 46355 usec
    getNextFrame 44.1 time 9632 usec
add frame 44.1 time sec 1590975543 usec 105151
src frame 45.0 time sec 1590975543 usec 105169
    Interpolator time 46044 usec
    getNextFrame 45.1 time 8829 usec
add frame 45.1 time sec 1590975543 usec 161931
src frame 46.0 time sec 1590975543 usec 161972
    Interpolator time 47162 usec
    getNextFrame 46.1 time 8676 usec
add frame 46.1 time sec 1590975543 usec 219672
src frame 47.0 time sec 1590975543 usec 219717
    Interpolator time 43291 usec
    getNextFrame 47.1 time 9768 usec
add frame 47.1 time sec 1590975543 usec 274902
src frame 48.0 time sec 1590975543 usec 274916
    Interpolator time 43893 usec
    getNextFrame 48.1 time 9485 usec
add frame 48.1 time sec 1590975543 usec 330148
src frame 49.0 time sec 1590975543 usec 330163
    Interpolator time 44014 usec
    getNextFrame 49.1 time 9161 usec
add frame 49.1 time sec 1590975543 usec 385256
src frame 50.0 time sec 1590975543 usec 385296
    Interpolator time 44301 usec
    getNextFrame 50.1 time 10759 usec
add frame 50.1 time sec 1590975543 usec 443491
src frame 51.0 time sec 1590975543 usec 443529
    Interpolator time 53204 usec
    getNextFrame 51.1 time 10521 usec
add frame 51.1 time sec 1590975543 usec 509140
src frame 52.0 time sec 1590975543 usec 509153
    Interpolator time 47029 usec
    getNextFrame 52.1 time 9338 usec
add frame 52.1 time sec 1590975543 usec 567349
src frame 53.0 time sec 1590975543 usec 567391
    Interpolator time 48882 usec
    getNextFrame 53.1 time 9000 usec
add frame 53.1 time sec 1590975543 usec 627220
src frame 54.0 time sec 1590975543 usec 627263
    Interpolator time 45448 usec
    getNextFrame 54.1 time 9453 usec
add frame 54.1 time sec 1590975543 usec 684061
src frame 55.0 time sec 1590975543 usec 684103
    Interpolator time 42355 usec
    getNextFrame 55.1 time 9204 usec
add frame 55.1 time sec 1590975543 usec 737470
src frame 56.0 time sec 1590975543 usec 737510
    Interpolator time 43594 usec
    getNextFrame 56.1 time 9060 usec
add frame 56.1 time sec 1590975543 usec 792036
src frame 57.0 time sec 1590975543 usec 792081
    Interpolator time 44891 usec
    getNextFrame 57.1 time 9105 usec
add frame 57.1 time sec 1590975543 usec 847897
src frame 58.0 time sec 1590975543 usec 847941
    Interpolator time 45014 usec
    getNextFrame 58.1 time 8581 usec
add frame 58.1 time sec 1590975543 usec 903324
src frame 59.0 time sec 1590975543 usec 903342
    Interpolator time 46089 usec
    getNextFrame 59.1 time 9198 usec
add frame 59.1 time sec 1590975543 usec 960597
src frame 60.0 time sec 1590975543 usec 960611
    Interpolator time 47285 usec
    getNextFrame 60.1 time 8701 usec
add frame 60.1 time sec 1590975544 usec 18346
src frame 61.0 time sec 1590975544 usec 18362
    Interpolator time 44611 usec
    getNextFrame 61.1 time 8563 usec
add frame 61.1 time sec 1590975544 usec 73427
src frame 62.0 time sec 1590975544 usec 73442
    Interpolator time 46379 usec
    getNextFrame 62.1 time 9172 usec
add frame 62.1 time sec 1590975544 usec 131072
src frame 63.0 time sec 1590975544 usec 131086
    Interpolator time 44043 usec
    getNextFrame 63.1 time 9393 usec
add frame 63.1 time sec 1590975544 usec 186600
src frame 64.0 time sec 1590975544 usec 186615
    Interpolator time 44556 usec
    getNextFrame 64.1 time 9081 usec
add frame 64.1 time sec 1590975544 usec 242096
src frame 65.0 time sec 1590975544 usec 242113
    Interpolator time 47296 usec
    getNextFrame 65.1 time 9141 usec
add frame 65.1 time sec 1590975544 usec 300395
src frame 66.0 time sec 1590975544 usec 300409
    Interpolator time 49338 usec
    getNextFrame 66.1 time 9442 usec
add frame 66.1 time sec 1590975544 usec 361031
src frame 67.0 time sec 1590975544 usec 361045
    Interpolator time 48281 usec
    getNextFrame 67.1 time 9027 usec
add frame 67.1 time sec 1590975544 usec 420179
src frame 68.0 time sec 1590975544 usec 420195
    Interpolator time 47048 usec
    getNextFrame 68.1 time 9186 usec
add frame 68.1 time sec 1590975544 usec 478246
src frame 69.0 time sec 1590975544 usec 478262
    Interpolator time 46263 usec
    getNextFrame 69.1 time 9678 usec
add frame 69.1 time sec 1590975544 usec 536159
src frame 70.0 time sec 1590975544 usec 536174
    Interpolator time 44808 usec
    getNextFrame 70.1 time 9520 usec
add frame 70.1 time sec 1590975544 usec 592269
src frame 71.0 time sec 1590975544 usec 592284
    Interpolator time 44659 usec
    getNextFrame 71.1 time 9259 usec
add frame 71.1 time sec 1590975544 usec 647993
src frame 72.0 time sec 1590975544 usec 648003
    Interpolator time 54620 usec
    getNextFrame 72.1 time 12179 usec
add frame 72.1 time sec 1590975544 usec 717719
src frame 73.0 time sec 1590975544 usec 717757
    Interpolator time 48639 usec
    getNextFrame 73.1 time 8909 usec
add frame 73.1 time sec 1590975544 usec 778285
src frame 74.0 time sec 1590975544 usec 778327
    Interpolator time 43886 usec
    getNextFrame 74.1 time 8701 usec
add frame 74.1 time sec 1590975544 usec 832762
src frame 75.0 time sec 1590975544 usec 832808
    Interpolator time 46813 usec
    getNextFrame 75.1 time 13161 usec
add frame 75.1 time sec 1590975544 usec 894657
src frame 76.0 time sec 1590975544 usec 894670
    Interpolator time 47484 usec
    getNextFrame 76.1 time 8478 usec
add frame 76.1 time sec 1590975544 usec 953408
src frame 77.0 time sec 1590975544 usec 953455
    Interpolator time 43891 usec
    getNextFrame 77.1 time 8960 usec
add frame 77.1 time sec 1590975545 usec 8250
src frame 78.0 time sec 1590975545 usec 8267
    Interpolator time 40753 usec
    getNextFrame 78.1 time 8657 usec
add frame 78.1 time sec 1590975545 usec 59616
src frame 79.0 time sec 1590975545 usec 59659
    Interpolator time 41305 usec
    getNextFrame 79.1 time 8645 usec
add frame 79.1 time sec 1590975545 usec 111614
src frame 80.0 time sec 1590975545 usec 111626
    Interpolator time 40383 usec
    getNextFrame 80.1 time 8998 usec
add frame 80.1 time sec 1590975545 usec 162833
src frame 81.0 time sec 1590975545 usec 162878
    Interpolator time 39464 usec
    getNextFrame 81.1 time 8590 usec
add frame 81.1 time sec 1590975545 usec 212775
src frame 82.0 time sec 1590975545 usec 212819
    Interpolator time 39299 usec
    getNextFrame 82.1 time 8811 usec
add frame 82.1 time sec 1590975545 usec 262721
src frame 83.0 time sec 1590975545 usec 262761
    Interpolator time 40048 usec
    getNextFrame 83.1 time 8564 usec
add frame 83.1 time sec 1590975545 usec 313209
src frame 84.0 time sec 1590975545 usec 313253
    Interpolator time 39235 usec
    getNextFrame 84.1 time 8563 usec
add frame 84.1 time sec 1590975545 usec 362830
src frame 85.0 time sec 1590975545 usec 362873
    Interpolator time 41173 usec
    getNextFrame 85.1 time 9569 usec
add frame 85.1 time sec 1590975545 usec 415446
src frame 86.0 time sec 1590975545 usec 415488
    Interpolator time 41131 usec
    getNextFrame 86.1 time 9307 usec
add frame 86.1 time sec 1590975545 usec 468047
src frame 87.0 time sec 1590975545 usec 468061
    Interpolator time 45905 usec
    getNextFrame 87.1 time 8736 usec
add frame 87.1 time sec 1590975545 usec 524554
src frame 88.0 time sec 1590975545 usec 524567
    Interpolator time 41998 usec
    getNextFrame 88.1 time 9042 usec
add frame 88.1 time sec 1590975545 usec 577321
src frame 89.0 time sec 1590975545 usec 577335
    Interpolator time 41910 usec
    getNextFrame 89.1 time 8660 usec
add frame 89.1 time sec 1590975545 usec 629588
src frame 90.0 time sec 1590975545 usec 629636
    Interpolator time 40890 usec
    getNextFrame 90.1 time 8378 usec
add frame 90.1 time sec 1590975545 usec 680557
src frame 91.0 time sec 1590975545 usec 680604
    Interpolator time 36208 usec
    getNextFrame 91.1 time 9324 usec
add frame 91.1 time sec 1590975545 usec 728000
src frame 92.0 time sec 1590975545 usec 728014
    Interpolator time 40861 usec
    getNextFrame 92.1 time 9089 usec
add frame 92.1 time sec 1590975545 usec 779715
src frame 93.0 time sec 1590975545 usec 779751
    Interpolator time 41374 usec
    getNextFrame 93.1 time 8804 usec
add frame 93.1 time sec 1590975545 usec 831664
src frame 94.0 time sec 1590975545 usec 831678
    Interpolator time 41491 usec
    getNextFrame 94.1 time 8907 usec
add frame 94.1 time sec 1590975545 usec 883848
src frame 95.0 time sec 1590975545 usec 883889
    Interpolator time 41612 usec
    getNextFrame 95.1 time 9090 usec
add frame 95.1 time sec 1590975545 usec 936479
src frame 96.0 time sec 1590975545 usec 936521
    Interpolator time 41376 usec
    getNextFrame 96.1 time 9592 usec
add frame 96.1 time sec 1590975545 usec 989272
src frame 97.0 time sec 1590975545 usec 989319
    Interpolator time 42887 usec
    getNextFrame 97.1 time 9349 usec
add frame 97.1 time sec 1590975546 usec 43348
src frame 98.0 time sec 1590975546 usec 43398
    Interpolator time 42368 usec
    getNextFrame 98.1 time 9009 usec
add frame 98.1 time sec 1590975546 usec 96597
src frame 99.0 time sec 1590975546 usec 96648
    Interpolator time 42317 usec
    getNextFrame 99.1 time 9338 usec
add frame 99.1 time sec 1590975546 usec 150021
src frame 100.0 time sec 1590975546 usec 150032
    Interpolator time 44584 usec
    getNextFrame 100.1 time 9487 usec
add frame 100.1 time sec 1590975546 usec 236930
src frame 101.0 time sec 1590975546 usec 237024
    Interpolator time 42259 usec
    getNextFrame 101.1 time 9065 usec
add frame 101.1 time sec 1590975546 usec 290181
src frame 102.0 time sec 1590975546 usec 290259
    Interpolator time 41243 usec
    getNextFrame 102.1 time 9310 usec
add frame 102.1 time sec 1590975546 usec 342592
src frame 103.0 time sec 1590975546 usec 342682
    Interpolator time 41678 usec
    getNextFrame 103.1 time 8511 usec
add frame 103.1 time sec 1590975546 usec 394657
src frame 104.0 time sec 1590975546 usec 394735
    Interpolator time 42293 usec
    getNextFrame 104.1 time 8656 usec
add frame 104.1 time sec 1590975546 usec 447979
src frame 105.0 time sec 1590975546 usec 447994
    Interpolator time 40643 usec
    getNextFrame 105.1 time 8497 usec
add frame 105.1 time sec 1590975546 usec 498918
src frame 106.0 time sec 1590975546 usec 498970
    Interpolator time 40894 usec
    getNextFrame 106.1 time 8341 usec
add frame 106.1 time sec 1590975546 usec 549934
src frame 107.0 time sec 1590975546 usec 549986
    Interpolator time 40480 usec
    getNextFrame 107.1 time 8664 usec
add frame 107.1 time sec 1590975546 usec 600797
src frame 108.0 time sec 1590975546 usec 600860
    Interpolator time 37871 usec
    getNextFrame 108.1 time 7928 usec
add frame 108.1 time sec 1590975546 usec 648407
src frame 109.0 time sec 1590975546 usec 648459
    Interpolator time 41392 usec
    getNextFrame 109.1 time 8108 usec
add frame 109.1 time sec 1590975546 usec 699959
src frame 110.0 time sec 1590975546 usec 700011
    Interpolator time 42773 usec
    getNextFrame 110.1 time 8552 usec
add frame 110.1 time sec 1590975546 usec 753119
src frame 111.0 time sec 1590975546 usec 753173
    Interpolator time 43315 usec
    getNextFrame 111.1 time 8510 usec
add frame 111.1 time sec 1590975546 usec 807038
src frame 112.0 time sec 1590975546 usec 807055
    Interpolator time 41934 usec
    getNextFrame 112.1 time 9246 usec
add frame 112.1 time sec 1590975546 usec 860305
src frame 113.0 time sec 1590975546 usec 860319
    Interpolator time 41852 usec
    getNextFrame 113.1 time 9106 usec
add frame 113.1 time sec 1590975546 usec 913525
src frame 114.0 time sec 1590975546 usec 913539
    Interpolator time 41174 usec
    getNextFrame 114.1 time 8985 usec
add frame 114.1 time sec 1590975546 usec 965750
src frame 115.0 time sec 1590975546 usec 965781
    Interpolator time 42686 usec
    getNextFrame 115.1 time 9452 usec
add frame 115.1 time sec 1590975547 usec 19947
src frame 116.0 time sec 1590975547 usec 19960
    Interpolator time 43358 usec
    getNextFrame 116.1 time 9276 usec
add frame 116.1 time sec 1590975547 usec 74302
src frame 117.0 time sec 1590975547 usec 74316
    Interpolator time 39758 usec
    getNextFrame 117.1 time 9188 usec
add frame 117.1 time sec 1590975547 usec 125107
src frame 118.0 time sec 1590975547 usec 125150
    Interpolator time 40036 usec
    getNextFrame 118.1 time 9414 usec
add frame 118.1 time sec 1590975547 usec 176402
src frame 119.0 time sec 1590975547 usec 176413
    Interpolator time 39733 usec
    getNextFrame 119.1 time 10270 usec
add frame 119.1 time sec 1590975547 usec 228262
src frame 120.0 time sec 1590975547 usec 228301
    Interpolator time 40816 usec
    getNextFrame 120.1 time 9062 usec
add frame 120.1 time sec 1590975547 usec 279967
src frame 121.0 time sec 1590975547 usec 280012
    Interpolator time 41055 usec
    getNextFrame 121.1 time 8617 usec
add frame 121.1 time sec 1590975547 usec 331458
src frame 122.0 time sec 1590975547 usec 331500
    Interpolator time 41308 usec
    getNextFrame 122.1 time 8746 usec
add frame 122.1 time sec 1590975547 usec 383657
src frame 123.0 time sec 1590975547 usec 383670
    Interpolator time 40904 usec
    getNextFrame 123.1 time 9149 usec
add frame 123.1 time sec 1590975547 usec 435864
src frame 124.0 time sec 1590975547 usec 435916
    Interpolator time 41080 usec
    getNextFrame 124.1 time 9049 usec
add frame 124.1 time sec 1590975547 usec 488265
src frame 125.0 time sec 1590975547 usec 488308
    Interpolator time 40960 usec
    getNextFrame 125.1 time 9161 usec
add frame 125.1 time sec 1590975547 usec 540507
src frame 126.0 time sec 1590975547 usec 540545
    Interpolator time 44554 usec
    getNextFrame 126.1 time 9146 usec
add frame 126.1 time sec 1590975547 usec 596134
src frame 127.0 time sec 1590975547 usec 596174
    Interpolator time 41161 usec
    getNextFrame 127.1 time 9240 usec
add frame 127.1 time sec 1590975547 usec 648652
src frame 128.0 time sec 1590975547 usec 648707
    Interpolator time 40826 usec
    getNextFrame 128.1 time 8726 usec
add frame 128.1 time sec 1590975547 usec 700130
src frame 129.0 time sec 1590975547 usec 700182
    Interpolator time 41138 usec
    getNextFrame 129.1 time 9278 usec
add frame 129.1 time sec 1590975547 usec 752407
src frame 130.0 time sec 1590975547 usec 752465
    Interpolator time 42371 usec
    getNextFrame 130.1 time 9310 usec
add frame 130.1 time sec 1590975547 usec 805978
src frame 131.0 time sec 1590975547 usec 806017
    Interpolator time 40242 usec
    getNextFrame 131.1 time 9314 usec
add frame 131.1 time sec 1590975547 usec 857507
src frame 132.0 time sec 1590975547 usec 857550
    Interpolator time 39375 usec
    getNextFrame 132.1 time 9358 usec
add frame 132.1 time sec 1590975547 usec 908123
src frame 133.0 time sec 1590975547 usec 908161
    Interpolator time 39301 usec
    getNextFrame 133.1 time 9509 usec
add frame 133.1 time sec 1590975547 usec 958791
src frame 134.0 time sec 1590975547 usec 958833
    Interpolator time 41119 usec
    getNextFrame 134.1 time 8701 usec
add frame 134.1 time sec 1590975548 usec 10475
src frame 135.0 time sec 1590975548 usec 10517
    Interpolator time 40288 usec
    getNextFrame 135.1 time 8888 usec
add frame 135.1 time sec 1590975548 usec 61581
src frame 136.0 time sec 1590975548 usec 61623
    Interpolator time 40179 usec
    getNextFrame 136.1 time 8806 usec
add frame 136.1 time sec 1590975548 usec 112505
src frame 137.0 time sec 1590975548 usec 112549
    Interpolator time 41392 usec
    getNextFrame 137.1 time 8604 usec
add frame 137.1 time sec 1590975548 usec 164221
src frame 138.0 time sec 1590975548 usec 164266
    Interpolator time 35940 usec
    getNextFrame 138.1 time 8672 usec
add frame 138.1 time sec 1590975548 usec 210597
src frame 139.0 time sec 1590975548 usec 210639
    Interpolator time 39847 usec
    getNextFrame 139.1 time 9180 usec
add frame 139.1 time sec 1590975548 usec 261459
src frame 140.0 time sec 1590975548 usec 261505
    Interpolator time 38348 usec
    getNextFrame 140.1 time 9047 usec
add frame 140.1 time sec 1590975548 usec 310651
src frame 141.0 time sec 1590975548 usec 310691
    Interpolator time 39248 usec
    getNextFrame 141.1 time 8806 usec
add frame 141.1 time sec 1590975548 usec 360564
src frame 142.0 time sec 1590975548 usec 360624
    Interpolator time 39778 usec
    getNextFrame 142.1 time 8648 usec
add frame 142.1 time sec 1590975548 usec 411103
src frame 143.0 time sec 1590975548 usec 411147
    Interpolator time 40901 usec
    getNextFrame 143.1 time 8926 usec
add frame 143.1 time sec 1590975548 usec 462951
src frame 144.0 time sec 1590975548 usec 462993
    Interpolator time 43992 usec
    getNextFrame 144.1 time 8982 usec
add frame 144.1 time sec 1590975548 usec 517813
src frame 145.0 time sec 1590975548 usec 517857
    Interpolator time 43162 usec
    getNextFrame 145.1 time 10373 usec
add frame 145.1 time sec 1590975548 usec 573373
src frame 146.0 time sec 1590975548 usec 573416
    Interpolator time 41222 usec
    getNextFrame 146.1 time 9231 usec
add frame 146.1 time sec 1590975548 usec 625642
src frame 147.0 time sec 1590975548 usec 625656
    Interpolator time 40560 usec
    getNextFrame 147.1 time 9356 usec
add frame 147.1 time sec 1590975548 usec 677404
src frame 148.0 time sec 1590975548 usec 677417
    Interpolator time 40213 usec
    getNextFrame 148.1 time 8367 usec
add frame 148.1 time sec 1590975548 usec 727835
src frame 149.0 time sec 1590975548 usec 727877
    Interpolator time 39408 usec
    getNextFrame 149.1 time 8825 usec
add frame 149.1 time sec 1590975548 usec 778048
src frame 150.0 time sec 1590975548 usec 778090
    Interpolator time 51319 usec
    getNextFrame 150.1 time 10646 usec
add frame 150.1 time sec 1590975548 usec 842501
src frame 151.0 time sec 1590975548 usec 842550
    Interpolator time 42615 usec
    getNextFrame 151.1 time 9056 usec
add frame 151.1 time sec 1590975548 usec 895967
src frame 152.0 time sec 1590975548 usec 896029
    Interpolator time 47189 usec
    getNextFrame 152.1 time 8416 usec
add frame 152.1 time sec 1590975548 usec 953323
src frame 153.0 time sec 1590975548 usec 953364
    Interpolator time 40618 usec
    getNextFrame 153.1 time 8698 usec
add frame 153.1 time sec 1590975549 usec 4597
src frame 154.0 time sec 1590975549 usec 4610
    Interpolator time 40503 usec
    getNextFrame 154.1 time 10466 usec
add frame 154.1 time sec 1590975549 usec 57365
src frame 155.0 time sec 1590975549 usec 57406
    Interpolator time 38824 usec
    getNextFrame 155.1 time 8739 usec
add frame 155.1 time sec 1590975549 usec 106834
src frame 156.0 time sec 1590975549 usec 106877
    Interpolator time 41086 usec
    getNextFrame 156.1 time 8867 usec
add frame 156.1 time sec 1590975549 usec 158683
src frame 157.0 time sec 1590975549 usec 158727
    Interpolator time 39441 usec
    getNextFrame 157.1 time 9020 usec
add frame 157.1 time sec 1590975549 usec 209031
src frame 158.0 time sec 1590975549 usec 209073
    Interpolator time 38998 usec
    getNextFrame 158.1 time 9126 usec
add frame 158.1 time sec 1590975549 usec 259018
src frame 159.0 time sec 1590975549 usec 259063
    Interpolator time 40327 usec
    getNextFrame 159.1 time 9498 usec
add frame 159.1 time sec 1590975549 usec 310728
src frame 160.0 time sec 1590975549 usec 310765
    Interpolator time 41146 usec
    getNextFrame 160.1 time 9409 usec
add frame 160.1 time sec 1590975549 usec 363637
src frame 161.0 time sec 1590975549 usec 363681
    Interpolator time 41244 usec
    getNextFrame 161.1 time 9384 usec
add frame 161.1 time sec 1590975549 usec 416150
src frame 162.0 time sec 1590975549 usec 416191
    Interpolator time 42517 usec
    getNextFrame 162.1 time 9385 usec
add frame 162.1 time sec 1590975549 usec 469932
src frame 163.0 time sec 1590975549 usec 469973
    Interpolator time 41950 usec
    getNextFrame 163.1 time 8821 usec
add frame 163.1 time sec 1590975549 usec 522554
src frame 164.0 time sec 1590975549 usec 522596
    Interpolator time 40884 usec
    getNextFrame 164.1 time 9285 usec
add frame 164.1 time sec 1590975549 usec 574569
src frame 165.0 time sec 1590975549 usec 574612
    Interpolator time 40463 usec
    getNextFrame 165.1 time 8711 usec
add frame 165.1 time sec 1590975549 usec 625580
src frame 166.0 time sec 1590975549 usec 625624
    Interpolator time 38138 usec
    getNextFrame 166.1 time 8824 usec
add frame 166.1 time sec 1590975549 usec 674296
src frame 167.0 time sec 1590975549 usec 674307
    Interpolator time 39340 usec
    getNextFrame 167.1 time 8201 usec
add frame 167.1 time sec 1590975549 usec 723555
src frame 168.0 time sec 1590975549 usec 723597
    Interpolator time 37176 usec
    getNextFrame 168.1 time 8106 usec
add frame 168.1 time sec 1590975549 usec 770832
src frame 169.0 time sec 1590975549 usec 770874
    Interpolator time 42530 usec
    getNextFrame 169.1 time 8600 usec
add frame 169.1 time sec 1590975549 usec 824056
src frame 170.0 time sec 1590975549 usec 824114
    Interpolator time 40555 usec
    getNextFrame 170.1 time 8676 usec
add frame 170.1 time sec 1590975549 usec 875470
src frame 171.0 time sec 1590975549 usec 875507
    Interpolator time 40070 usec
    getNextFrame 171.1 time 8554 usec
add frame 171.1 time sec 1590975549 usec 925951
src frame 172.0 time sec 1590975549 usec 925994
    Interpolator time 41484 usec
    getNextFrame 172.1 time 9293 usec
add frame 172.1 time sec 1590975549 usec 978615
src frame 173.0 time sec 1590975549 usec 978658
    Interpolator time 43923 usec
    getNextFrame 173.1 time 9022 usec
add frame 173.1 time sec 1590975550 usec 33450
src frame 174.0 time sec 1590975550 usec 33515
    Interpolator time 43278 usec
    getNextFrame 174.1 time 9412 usec
add frame 174.1 time sec 1590975550 usec 88435
src frame 175.0 time sec 1590975550 usec 88491
    Interpolator time 48595 usec
    getNextFrame 175.1 time 9301 usec
add frame 175.1 time sec 1590975550 usec 148257
src frame 176.0 time sec 1590975550 usec 148299
    Interpolator time 42208 usec
    getNextFrame 176.1 time 9095 usec
add frame 176.1 time sec 1590975550 usec 201362
src frame 177.0 time sec 1590975550 usec 201413
    Interpolator time 43481 usec
    getNextFrame 177.1 time 8914 usec
add frame 177.1 time sec 1590975550 usec 255609
src frame 178.0 time sec 1590975550 usec 255625
    Interpolator time 42504 usec
    getNextFrame 178.1 time 9147 usec
add frame 178.1 time sec 1590975550 usec 309159
src frame 179.0 time sec 1590975550 usec 309200
    Interpolator time 43365 usec
    getNextFrame 179.1 time 8887 usec
add frame 179.1 time sec 1590975550 usec 363255
src frame 180.0 time sec 1590975550 usec 363298
    Interpolator time 42475 usec
    getNextFrame 180.1 time 8599 usec
add frame 180.1 time sec 1590975550 usec 416165
src frame 181.0 time sec 1590975550 usec 416209
    Interpolator time 44059 usec
    getNextFrame 181.1 time 9040 usec
add frame 181.1 time sec 1590975550 usec 471043
src frame 182.0 time sec 1590975550 usec 471087
    Interpolator time 39825 usec
    getNextFrame 182.1 time 8526 usec
add frame 182.1 time sec 1590975550 usec 521294
src frame 183.0 time sec 1590975550 usec 521339
    Interpolator time 44068 usec
    getNextFrame 183.1 time 8617 usec
add frame 183.1 time sec 1590975550 usec 575789
src frame 184.0 time sec 1590975550 usec 575827
    Interpolator time 40051 usec
    getNextFrame 184.1 time 9444 usec
add frame 184.1 time sec 1590975550 usec 627116
src frame 185.0 time sec 1590975550 usec 627127
    Interpolator time 39761 usec
    getNextFrame 185.1 time 9461 usec
add frame 185.1 time sec 1590975550 usec 678153
src frame 186.0 time sec 1590975550 usec 678196
    Interpolator time 40386 usec
    getNextFrame 186.1 time 8815 usec
add frame 186.1 time sec 1590975550 usec 729233
src frame 187.0 time sec 1590975550 usec 729244
    Interpolator time 41882 usec
    getNextFrame 187.1 time 9390 usec
add frame 187.1 time sec 1590975550 usec 782299
src frame 188.0 time sec 1590975550 usec 782341
    Interpolator time 40081 usec
    getNextFrame 188.1 time 9123 usec
add frame 188.1 time sec 1590975550 usec 833574
src frame 189.0 time sec 1590975550 usec 833610
    Interpolator time 41168 usec
    getNextFrame 189.1 time 9661 usec
add frame 189.1 time sec 1590975550 usec 886187
src frame 190.0 time sec 1590975550 usec 886233
    Interpolator time 41672 usec
    getNextFrame 190.1 time 9101 usec
add frame 190.1 time sec 1590975550 usec 938828
src frame 191.0 time sec 1590975550 usec 938879
    Interpolator time 41061 usec
    getNextFrame 191.1 time 8763 usec
add frame 191.1 time sec 1590975550 usec 990535
src frame 192.0 time sec 1590975550 usec 990585
    Interpolator time 44452 usec
    getNextFrame 192.1 time 8789 usec
add frame 192.1 time sec 1590975551 usec 45605
src frame 193.0 time sec 1590975551 usec 45662
    Interpolator time 42643 usec
    getNextFrame 193.1 time 9071 usec
add frame 193.1 time sec 1590975551 usec 99120
src frame 194.0 time sec 1590975551 usec 99185
    Interpolator time 43318 usec
    getNextFrame 194.1 time 9158 usec
add frame 194.1 time sec 1590975551 usec 153487
src frame 195.0 time sec 1590975551 usec 153540
    Interpolator time 40680 usec
    getNextFrame 195.1 time 8812 usec
add frame 195.1 time sec 1590975551 usec 204875
src frame 196.0 time sec 1590975551 usec 204924
    Interpolator time 40584 usec
    getNextFrame 196.1 time 9023 usec
add frame 196.1 time sec 1590975551 usec 256319
src frame 197.0 time sec 1590975551 usec 256362
    Interpolator time 41839 usec
    getNextFrame 197.1 time 8723 usec
add frame 197.1 time sec 1590975551 usec 308610
src frame 198.0 time sec 1590975551 usec 308653
    Interpolator time 38215 usec
    getNextFrame 198.1 time 10216 usec
add frame 198.1 time sec 1590975551 usec 358868
src frame 199.0 time sec 1590975551 usec 358910
    Interpolator time 39672 usec
    getNextFrame 199.1 time 12447 usec
add frame 199.1 time sec 1590975551 usec 412832
src frame 200.0 time sec 1590975551 usec 412870
    Interpolator time 44664 usec
    getNextFrame 200.1 time 8908 usec
add frame 200.1 time sec 1590975551 usec 468193
src frame 201.0 time sec 1590975551 usec 468207
    Interpolator time 43202 usec
    getNextFrame 201.1 time 8570 usec
add frame 201.1 time sec 1590975551 usec 521771
src frame 202.0 time sec 1590975551 usec 521812
    Interpolator time 40611 usec
    getNextFrame 202.1 time 8586 usec
add frame 202.1 time sec 1590975551 usec 572814
src frame 203.0 time sec 1590975551 usec 572856
    Interpolator time 40879 usec
    getNextFrame 203.1 time 8867 usec
add frame 203.1 time sec 1590975551 usec 624530
src frame 204.0 time sec 1590975551 usec 624572
    Interpolator time 40595 usec
    getNextFrame 204.1 time 9125 usec
add frame 204.1 time sec 1590975551 usec 676076
src frame 205.0 time sec 1590975551 usec 676113
    Interpolator time 39831 usec
    getNextFrame 205.1 time 8852 usec
add frame 205.1 time sec 1590975551 usec 726607
src frame 206.0 time sec 1590975551 usec 726619
    Interpolator time 40468 usec
    getNextFrame 206.1 time 14380 usec
add frame 206.1 time sec 1590975551 usec 783236
src frame 207.0 time sec 1590975551 usec 783289
    Interpolator time 41086 usec
    getNextFrame 207.1 time 8972 usec
add frame 207.1 time sec 1590975551 usec 835476
src frame 208.0 time sec 1590975551 usec 835489
    Interpolator time 38673 usec
    getNextFrame 208.1 time 8814 usec
add frame 208.1 time sec 1590975551 usec 884775
src frame 209.0 time sec 1590975551 usec 884857
    Interpolator time 41077 usec
    getNextFrame 209.1 time 8794 usec
add frame 209.1 time sec 1590975551 usec 936478
src frame 210.0 time sec 1590975551 usec 936491
    Interpolator time 41126 usec
    getNextFrame 210.1 time 9087 usec
add frame 210.1 time sec 1590975551 usec 988449
src frame 211.0 time sec 1590975551 usec 988536
    Interpolator time 45746 usec
    getNextFrame 211.1 time 8267 usec
add frame 211.1 time sec 1590975552 usec 44258
src frame 212.0 time sec 1590975552 usec 44338
    Interpolator time 41730 usec
    getNextFrame 212.1 time 8124 usec
add frame 212.1 time sec 1590975552 usec 95899
src frame 213.0 time sec 1590975552 usec 95952
    Interpolator time 41937 usec
    getNextFrame 213.1 time 8316 usec
add frame 213.1 time sec 1590975552 usec 147955
src frame 214.0 time sec 1590975552 usec 148008
    Interpolator time 41783 usec
    getNextFrame 214.1 time 9305 usec
add frame 214.1 time sec 1590975552 usec 200837
src frame 215.0 time sec 1590975552 usec 200898
    Interpolator time 44566 usec
    getNextFrame 215.1 time 8933 usec
add frame 215.1 time sec 1590975552 usec 256186
src frame 216.0 time sec 1590975552 usec 256230
    Interpolator time 46082 usec
    getNextFrame 216.1 time 9140 usec
add frame 216.1 time sec 1590975552 usec 313493
src frame 217.0 time sec 1590975552 usec 313506
    Interpolator time 40164 usec
    getNextFrame 217.1 time 9078 usec
add frame 217.1 time sec 1590975552 usec 364591
src frame 218.0 time sec 1590975552 usec 364604
    Interpolator time 48742 usec
    getNextFrame 218.1 time 9610 usec
add frame 218.1 time sec 1590975552 usec 425011
src frame 219.0 time sec 1590975552 usec 425054
    Interpolator time 39208 usec
    getNextFrame 219.1 time 9444 usec
add frame 219.1 time sec 1590975552 usec 475544
src frame 220.0 time sec 1590975552 usec 475556
    Interpolator time 42338 usec
    getNextFrame 220.1 time 9245 usec
add frame 220.1 time sec 1590975552 usec 528989
src frame 221.0 time sec 1590975552 usec 529002
    Interpolator time 41533 usec
    getNextFrame 221.1 time 9908 usec
add frame 221.1 time sec 1590975552 usec 582216
src frame 222.0 time sec 1590975552 usec 582228
    Interpolator time 40395 usec
    getNextFrame 222.1 time 9777 usec
add frame 222.1 time sec 1590975552 usec 634467
src frame 223.0 time sec 1590975552 usec 634512
    Interpolator time 42130 usec
    getNextFrame 223.1 time 11766 usec
add frame 223.1 time sec 1590975552 usec 690487
src frame 224.0 time sec 1590975552 usec 690541
    Interpolator time 45974 usec
    getNextFrame 224.1 time 8630 usec
add frame 224.1 time sec 1590975552 usec 748087
src frame 225.0 time sec 1590975552 usec 748138
    Interpolator time 42406 usec
    getNextFrame 225.1 time 9114 usec
add frame 225.1 time sec 1590975552 usec 801360
src frame 226.0 time sec 1590975552 usec 801421
    Interpolator time 45212 usec
    getNextFrame 226.1 time 9077 usec
add frame 226.1 time sec 1590975552 usec 857465
src frame 227.0 time sec 1590975552 usec 857476
    Interpolator time 41507 usec
    getNextFrame 227.1 time 8594 usec
add frame 227.1 time sec 1590975552 usec 910429
src frame 228.0 time sec 1590975552 usec 910442
    Interpolator time 36321 usec
    getNextFrame 228.1 time 8295 usec
add frame 228.1 time sec 1590975552 usec 957877
src frame 229.0 time sec 1590975552 usec 957889
    Interpolator time 40061 usec
    getNextFrame 229.1 time 8904 usec
add frame 229.1 time sec 1590975553 usec 10038
src frame 230.0 time sec 1590975553 usec 10049
    Interpolator time 41060 usec
    getNextFrame 230.1 time 8707 usec
add frame 230.1 time sec 1590975553 usec 62684
src frame 231.0 time sec 1590975553 usec 62697
    Interpolator time 39043 usec
    getNextFrame 231.1 time 8447 usec
add frame 231.1 time sec 1590975553 usec 113055
src frame 232.0 time sec 1590975553 usec 113067
    Interpolator time 40461 usec
    getNextFrame 232.1 time 9034 usec
add frame 232.1 time sec 1590975553 usec 165473
src frame 233.0 time sec 1590975553 usec 165485
    Interpolator time 45101 usec
    getNextFrame 233.1 time 8804 usec
add frame 233.1 time sec 1590975553 usec 222313
src frame 234.0 time sec 1590975553 usec 222325
    Interpolator time 41031 usec
    getNextFrame 234.1 time 8745 usec
add frame 234.1 time sec 1590975553 usec 275091
src frame 235.0 time sec 1590975553 usec 275101
    Interpolator time 43666 usec
    getNextFrame 235.1 time 9138 usec
add frame 235.1 time sec 1590975553 usec 330799
src frame 236.0 time sec 1590975553 usec 330809
    Interpolator time 42964 usec
    getNextFrame 236.1 time 9256 usec
add frame 236.1 time sec 1590975553 usec 386057
src frame 237.0 time sec 1590975553 usec 386067
    Interpolator time 42396 usec
    getNextFrame 237.1 time 9020 usec
add frame 237.1 time sec 1590975553 usec 440493
src frame 238.0 time sec 1590975553 usec 440523
    Interpolator time 44017 usec
    getNextFrame 238.1 time 8958 usec
add frame 238.1 time sec 1590975553 usec 496867
src frame 239.0 time sec 1590975553 usec 496915
    Interpolator time 41828 usec
    getNextFrame 239.1 time 9308 usec
add frame 239.1 time sec 1590975553 usec 549833
src frame 240.0 time sec 1590975553 usec 549844
    Interpolator time 43371 usec
    getNextFrame 240.1 time 9066 usec
add frame 240.1 time sec 1590975553 usec 604066
src frame 241.0 time sec 1590975553 usec 604114
    Interpolator time 40580 usec
    getNextFrame 241.1 time 9319 usec
add frame 241.1 time sec 1590975553 usec 655855
src frame 242.0 time sec 1590975553 usec 655867
    Interpolator time 43578 usec
    getNextFrame 242.1 time 9074 usec
add frame 242.1 time sec 1590975553 usec 710356
src frame 243.0 time sec 1590975553 usec 710398
    Interpolator time 39786 usec
    getNextFrame 243.1 time 9104 usec
add frame 243.1 time sec 1590975553 usec 761197
src frame 244.0 time sec 1590975553 usec 761239
    Interpolator time 43093 usec
    getNextFrame 244.1 time 9451 usec
add frame 244.1 time sec 1590975553 usec 815534
src frame 245.0 time sec 1590975553 usec 815576
    Interpolator time 45631 usec
    getNextFrame 245.1 time 9373 usec
add frame 245.1 time sec 1590975553 usec 872425
src frame 246.0 time sec 1590975553 usec 872466
    Interpolator time 42718 usec
    getNextFrame 246.1 time 9195 usec
add frame 246.1 time sec 1590975553 usec 926154
src frame 247.0 time sec 1590975553 usec 926165
    Interpolator time 40133 usec
    getNextFrame 247.1 time 9761 usec
add frame 247.1 time sec 1590975553 usec 977948
src frame 248.0 time sec 1590975553 usec 977989
    Interpolator time 41642 usec
    getNextFrame 248.1 time 9057 usec
add frame 248.1 time sec 1590975554 usec 30614
src frame 249.0 time sec 1590975554 usec 30629
    Interpolator time 44298 usec
    getNextFrame 249.1 time 9955 usec
add frame 249.1 time sec 1590975554 usec 86962
src frame 250.0 time sec 1590975554 usec 87026
    Interpolator time 41011 usec
    getNextFrame 250.1 time 8880 usec
add frame 250.1 time sec 1590975554 usec 138700
src frame 251.0 time sec 1590975554 usec 138753
    Interpolator time 40811 usec
    getNextFrame 251.1 time 8588 usec
add frame 251.1 time sec 1590975554 usec 189943
src frame 252.0 time sec 1590975554 usec 189993
    Interpolator time 42777 usec
    getNextFrame 252.1 time 8563 usec
add frame 252.1 time sec 1590975554 usec 243162
src frame 253.0 time sec 1590975554 usec 243225
    Interpolator time 43218 usec
    getNextFrame 253.1 time 8685 usec
add frame 253.1 time sec 1590975554 usec 296975
src frame 254.0 time sec 1590975554 usec 297037
    Interpolator time 41952 usec
    getNextFrame 254.1 time 8292 usec
add frame 254.1 time sec 1590975554 usec 349055
src frame 255.0 time sec 1590975554 usec 349108
    Interpolator time 41131 usec
    getNextFrame 255.1 time 8582 usec
add frame 255.1 time sec 1590975554 usec 400595
src frame 256.0 time sec 1590975554 usec 400679
    Interpolator time 40781 usec
    getNextFrame 256.1 time 8677 usec
add frame 256.1 time sec 1590975554 usec 451860
src frame 257.0 time sec 1590975554 usec 451911
    Interpolator time 40941 usec
    getNextFrame 257.1 time 7988 usec
add frame 257.1 time sec 1590975554 usec 502677
src frame 258.0 time sec 1590975554 usec 502727
    Interpolator time 39364 usec
    getNextFrame 258.1 time 9044 usec
add frame 258.1 time sec 1590975554 usec 552929
src frame 259.0 time sec 1590975554 usec 552970
    Interpolator time 42409 usec
    getNextFrame 259.1 time 8944 usec
add frame 259.1 time sec 1590975554 usec 606484
src frame 260.0 time sec 1590975554 usec 606505
    Interpolator time 41322 usec
    getNextFrame 260.1 time 8845 usec
add frame 260.1 time sec 1590975554 usec 659697
src frame 261.0 time sec 1590975554 usec 659715
    Interpolator time 40233 usec
    getNextFrame 261.1 time 8935 usec
add frame 261.1 time sec 1590975554 usec 712344
src frame 262.0 time sec 1590975554 usec 712357
    Interpolator time 40915 usec
    getNextFrame 262.1 time 8580 usec
add frame 262.1 time sec 1590975554 usec 765048
src frame 263.0 time sec 1590975554 usec 765060
    Interpolator time 41890 usec
    getNextFrame 263.1 time 9408 usec
add frame 263.1 time sec 1590975554 usec 820031
src frame 264.0 time sec 1590975554 usec 820043
    Interpolator time 42708 usec
    getNextFrame 264.1 time 9853 usec
add frame 264.1 time sec 1590975554 usec 875488
src frame 265.0 time sec 1590975554 usec 875498
    Interpolator time 43858 usec
    getNextFrame 265.1 time 9386 usec
add frame 265.1 time sec 1590975554 usec 931712
src frame 266.0 time sec 1590975554 usec 931743
    Interpolator time 42479 usec
    getNextFrame 266.1 time 9748 usec
add frame 266.1 time sec 1590975554 usec 986924
src frame 267.0 time sec 1590975554 usec 986935
    Interpolator time 42028 usec
    getNextFrame 267.1 time 10678 usec
add frame 267.1 time sec 1590975555 usec 41432
src frame 268.0 time sec 1590975555 usec 41443
    Interpolator time 41371 usec
    getNextFrame 268.1 time 8835 usec
add frame 268.1 time sec 1590975555 usec 94522
src frame 269.0 time sec 1590975555 usec 94584
    Interpolator time 40868 usec
    getNextFrame 269.1 time 9323 usec
add frame 269.1 time sec 1590975555 usec 146521
src frame 270.0 time sec 1590975555 usec 146576
    Interpolator time 42971 usec
    getNextFrame 270.1 time 10258 usec
add frame 270.1 time sec 1590975555 usec 201612
src frame 271.0 time sec 1590975555 usec 201653
    Interpolator time 43182 usec
    getNextFrame 271.1 time 9375 usec
add frame 271.1 time sec 1590975555 usec 256140
src frame 272.0 time sec 1590975555 usec 256181
    Interpolator time 42940 usec
    getNextFrame 272.1 time 9386 usec
add frame 272.1 time sec 1590975555 usec 310491
src frame 273.0 time sec 1590975555 usec 310507
    Interpolator time 47839 usec
    getNextFrame 273.1 time 8690 usec
add frame 273.1 time sec 1590975555 usec 368977
src frame 274.0 time sec 1590975555 usec 368989
    Interpolator time 42546 usec
    getNextFrame 274.1 time 8966 usec
add frame 274.1 time sec 1590975555 usec 422322
src frame 275.0 time sec 1590975555 usec 422365
    Interpolator time 42799 usec
    getNextFrame 275.1 time 8866 usec
add frame 275.1 time sec 1590975555 usec 475921
src frame 276.0 time sec 1590975555 usec 475932
    Interpolator time 39547 usec
    getNextFrame 276.1 time 8887 usec
add frame 276.1 time sec 1590975555 usec 526358
src frame 277.0 time sec 1590975555 usec 526370
    Interpolator time 42662 usec
    getNextFrame 277.1 time 9751 usec
add frame 277.1 time sec 1590975555 usec 580571
src frame 278.0 time sec 1590975555 usec 580608
    Interpolator time 40900 usec
    getNextFrame 278.1 time 8996 usec
add frame 278.1 time sec 1590975555 usec 632279
src frame 279.0 time sec 1590975555 usec 632334
    Interpolator time 40390 usec
    getNextFrame 279.1 time 9163 usec
add frame 279.1 time sec 1590975555 usec 683862
src frame 280.0 time sec 1590975555 usec 683874
    Interpolator time 42221 usec
    getNextFrame 280.1 time 8934 usec
add frame 280.1 time sec 1590975555 usec 736911
src frame 281.0 time sec 1590975555 usec 736924
    Interpolator time 41660 usec
    getNextFrame 281.1 time 9141 usec
add frame 281.1 time sec 1590975555 usec 789461
src frame 282.0 time sec 1590975555 usec 789524
    Interpolator time 42831 usec
    getNextFrame 282.1 time 9106 usec
add frame 282.1 time sec 1590975555 usec 843228
src frame 283.0 time sec 1590975555 usec 843289
    Interpolator time 44762 usec
    getNextFrame 283.1 time 8557 usec
add frame 283.1 time sec 1590975555 usec 898426
src frame 284.0 time sec 1590975555 usec 898478
    Interpolator time 44339 usec
    getNextFrame 284.1 time 9126 usec
add frame 284.1 time sec 1590975555 usec 953767
src frame 285.0 time sec 1590975555 usec 953780
    Interpolator time 42979 usec
    getNextFrame 285.1 time 8511 usec
add frame 285.1 time sec 1590975556 usec 7350
src frame 286.0 time sec 1590975556 usec 7405
    Interpolator time 44193 usec
    getNextFrame 286.1 time 9795 usec
add frame 286.1 time sec 1590975556 usec 63267
src frame 287.0 time sec 1590975556 usec 63308
    Interpolator time 43910 usec
    getNextFrame 287.1 time 8749 usec
add frame 287.1 time sec 1590975556 usec 117700
src frame 288.0 time sec 1590975556 usec 117742
    Interpolator time 39657 usec
    getNextFrame 288.1 time 8626 usec
add frame 288.1 time sec 1590975556 usec 167805
src frame 289.0 time sec 1590975556 usec 167816
    Interpolator time 44078 usec
    getNextFrame 289.1 time 8918 usec
add frame 289.1 time sec 1590975556 usec 222971
src frame 290.0 time sec 1590975556 usec 223010
    Interpolator time 41499 usec
    getNextFrame 290.1 time 9124 usec
add frame 290.1 time sec 1590975556 usec 275623
src frame 291.0 time sec 1590975556 usec 275664
    Interpolator time 42327 usec
    getNextFrame 291.1 time 8431 usec
add frame 291.1 time sec 1590975556 usec 328372
src frame 292.0 time sec 1590975556 usec 328384
    Interpolator time 42963 usec
    getNextFrame 292.1 time 9392 usec
add frame 292.1 time sec 1590975556 usec 382880
src frame 293.0 time sec 1590975556 usec 382894
    Interpolator time 43269 usec
    getNextFrame 293.1 time 9509 usec
add frame 293.1 time sec 1590975556 usec 437552
src frame 294.0 time sec 1590975556 usec 437563
    Interpolator time 41574 usec
    getNextFrame 294.1 time 9867 usec
add frame 294.1 time sec 1590975556 usec 490835
src frame 295.0 time sec 1590975556 usec 490846
    Interpolator time 43097 usec
    getNextFrame 295.1 time 10064 usec
add frame 295.1 time sec 1590975556 usec 545838
src frame 296.0 time sec 1590975556 usec 545849
    Interpolator time 43269 usec
    getNextFrame 296.1 time 9312 usec
add frame 296.1 time sec 1590975556 usec 600207
src frame 297.0 time sec 1590975556 usec 600247
    Interpolator time 43569 usec
    getNextFrame 297.1 time 9202 usec
add frame 297.1 time sec 1590975556 usec 655219
src frame 298.0 time sec 1590975556 usec 655258
    Interpolator time 45536 usec
    getNextFrame 298.1 time 9554 usec
add frame 298.1 time sec 1590975556 usec 712332
src frame 299.0 time sec 1590975556 usec 712342
    Interpolator time 43966 usec
    getNextFrame 299.1 time 9039 usec
add frame 299.1 time sec 1590975556 usec 768142
src frame 300.0 time sec 1590975556 usec 768153
    Interpolator time 42049 usec
    getNextFrame 300.1 time 8798 usec
add frame 300.1 time sec 1590975556 usec 821798
src frame 301.0 time sec 1590975556 usec 821809
    Interpolator time 40418 usec
    getNextFrame 301.1 time 8681 usec
add frame 301.1 time sec 1590975556 usec 873702
src frame 302.0 time sec 1590975556 usec 873713
    Interpolator time 40136 usec
    getNextFrame 302.1 time 8652 usec
add frame 302.1 time sec 1590975556 usec 925285
src frame 303.0 time sec 1590975556 usec 925295
    Interpolator time 40797 usec
    getNextFrame 303.1 time 8482 usec
add frame 303.1 time sec 1590975556 usec 977473
src frame 304.0 time sec 1590975556 usec 977485
    Interpolator time 42398 usec
    getNextFrame 304.1 time 8788 usec
add frame 304.1 time sec 1590975557 usec 31635
src frame 305.0 time sec 1590975557 usec 31649
    Interpolator time 42088 usec
    getNextFrame 305.1 time 9220 usec
add frame 305.1 time sec 1590975557 usec 84737
src frame 306.0 time sec 1590975557 usec 84775
    Interpolator time 40438 usec
    getNextFrame 306.1 time 8884 usec
add frame 306.1 time sec 1590975557 usec 136109
src frame 307.0 time sec 1590975557 usec 136165
    Interpolator time 42429 usec
    getNextFrame 307.1 time 10456 usec
add frame 307.1 time sec 1590975557 usec 190785
src frame 308.0 time sec 1590975557 usec 190825
    Interpolator time 45548 usec
    getNextFrame 308.1 time 9242 usec
add frame 308.1 time sec 1590975557 usec 247764
src frame 309.0 time sec 1590975557 usec 247778
    Interpolator time 44261 usec
    getNextFrame 309.1 time 9438 usec
add frame 309.1 time sec 1590975557 usec 303359
src frame 310.0 time sec 1590975557 usec 303370
    Interpolator time 42435 usec
    getNextFrame 310.1 time 9542 usec
add frame 310.1 time sec 1590975557 usec 357206
src frame 311.0 time sec 1590975557 usec 357248
    Interpolator time 41504 usec
    getNextFrame 311.1 time 9244 usec
add frame 311.1 time sec 1590975557 usec 409943
src frame 312.0 time sec 1590975557 usec 409982
    Interpolator time 39882 usec
    getNextFrame 312.1 time 9185 usec
add frame 312.1 time sec 1590975557 usec 460932
src frame 313.0 time sec 1590975557 usec 460946
    Interpolator time 40352 usec
    getNextFrame 313.1 time 8801 usec
add frame 313.1 time sec 1590975557 usec 511962
src frame 314.0 time sec 1590975557 usec 512005
    Interpolator time 46576 usec
    getNextFrame 314.1 time 9478 usec
add frame 314.1 time sec 1590975557 usec 570114
src frame 315.0 time sec 1590975557 usec 570125
    Interpolator time 46084 usec
    getNextFrame 315.1 time 9346 usec
add frame 315.1 time sec 1590975557 usec 627415
src frame 316.0 time sec 1590975557 usec 627455
    Interpolator time 42849 usec
    getNextFrame 316.1 time 9693 usec
add frame 316.1 time sec 1590975557 usec 681800
src frame 317.0 time sec 1590975557 usec 681843
    Interpolator time 42521 usec
    getNextFrame 317.1 time 9013 usec
add frame 317.1 time sec 1590975557 usec 735027
src frame 318.0 time sec 1590975557 usec 735039
    Interpolator time 38874 usec
    getNextFrame 318.1 time 9387 usec
add frame 318.1 time sec 1590975557 usec 785064
src frame 319.0 time sec 1590975557 usec 785074
    Interpolator time 41245 usec
    getNextFrame 319.1 time 9488 usec
add frame 319.1 time sec 1590975557 usec 838885
src frame 320.0 time sec 1590975557 usec 838933
    Interpolator time 41988 usec
    getNextFrame 320.1 time 9468 usec
add frame 320.1 time sec 1590975557 usec 892168
src frame 321.0 time sec 1590975557 usec 892214
    Interpolator time 43413 usec
    getNextFrame 321.1 time 13163 usec
add frame 321.1 time sec 1590975557 usec 950904
src frame 322.0 time sec 1590975557 usec 950964
    Interpolator time 52739 usec
    getNextFrame 322.1 time 9601 usec
add frame 322.1 time sec 1590975558 usec 16383
src frame 323.0 time sec 1590975558 usec 16393
    Interpolator time 50641 usec
    getNextFrame 323.1 time 9883 usec
add frame 323.1 time sec 1590975558 usec 79652
src frame 324.0 time sec 1590975558 usec 79700
    Interpolator time 43516 usec
    getNextFrame 324.1 time 8970 usec
add frame 324.1 time sec 1590975558 usec 134008
src frame 325.0 time sec 1590975558 usec 134021
    Interpolator time 42890 usec
    getNextFrame 325.1 time 9368 usec
add frame 325.1 time sec 1590975558 usec 189230
src frame 326.0 time sec 1590975558 usec 189269
    Interpolator time 42394 usec
    getNextFrame 326.1 time 8950 usec
add frame 326.1 time sec 1590975558 usec 242465
src frame 327.0 time sec 1590975558 usec 242544
    Interpolator time 41066 usec
    getNextFrame 327.1 time 8815 usec
add frame 327.1 time sec 1590975558 usec 294228
src frame 328.0 time sec 1590975558 usec 294279
    Interpolator time 40299 usec
    getNextFrame 328.1 time 8289 usec
add frame 328.1 time sec 1590975558 usec 344690
src frame 329.0 time sec 1590975558 usec 344744
    Interpolator time 41178 usec
    getNextFrame 329.1 time 8606 usec
add frame 329.1 time sec 1590975558 usec 396252
src frame 330.0 time sec 1590975558 usec 396308
    Interpolator time 41169 usec
    getNextFrame 330.1 time 8882 usec
add frame 330.1 time sec 1590975558 usec 448091
src frame 331.0 time sec 1590975558 usec 448135
    Interpolator time 43976 usec
    getNextFrame 331.1 time 9484 usec
add frame 331.1 time sec 1590975558 usec 503823
src frame 332.0 time sec 1590975558 usec 503871
    Interpolator time 43553 usec
    getNextFrame 332.1 time 8630 usec
add frame 332.1 time sec 1590975558 usec 557827
src frame 333.0 time sec 1590975558 usec 557869
    Interpolator time 43811 usec
    getNextFrame 333.1 time 8835 usec
add frame 333.1 time sec 1590975558 usec 612339
src frame 334.0 time sec 1590975558 usec 612382
    Interpolator time 42778 usec
    getNextFrame 334.1 time 8879 usec
add frame 334.1 time sec 1590975558 usec 665825
src frame 335.0 time sec 1590975558 usec 665869
    Interpolator time 43209 usec
    getNextFrame 335.1 time 8988 usec
add frame 335.1 time sec 1590975558 usec 719845
src frame 336.0 time sec 1590975558 usec 719929
    Interpolator time 41384 usec
    getNextFrame 336.1 time 8869 usec
add frame 336.1 time sec 1590975558 usec 771967
src frame 337.0 time sec 1590975558 usec 772011
    Interpolator time 42217 usec
    getNextFrame 337.1 time 9403 usec
add frame 337.1 time sec 1590975558 usec 825409
src frame 338.0 time sec 1590975558 usec 825454
    Interpolator time 40770 usec
    getNextFrame 338.1 time 9553 usec
add frame 338.1 time sec 1590975558 usec 877570
src frame 339.0 time sec 1590975558 usec 877614
    Interpolator time 40364 usec
    getNextFrame 339.1 time 9522 usec
add frame 339.1 time sec 1590975558 usec 929329
src frame 340.0 time sec 1590975558 usec 929370
    Interpolator time 44158 usec
    getNextFrame 340.1 time 9045 usec
add frame 340.1 time sec 1590975558 usec 984341
src frame 341.0 time sec 1590975558 usec 984387
    Interpolator time 44433 usec
    getNextFrame 341.1 time 9076 usec
add frame 341.1 time sec 1590975559 usec 39972
src frame 342.0 time sec 1590975559 usec 40025
    Interpolator time 45856 usec
    getNextFrame 342.1 time 9210 usec
add frame 342.1 time sec 1590975559 usec 96814
src frame 343.0 time sec 1590975559 usec 96876
    Interpolator time 43562 usec
    getNextFrame 343.1 time 8596 usec
add frame 343.1 time sec 1590975559 usec 150741
src frame 344.0 time sec 1590975559 usec 150793
    Interpolator time 43238 usec
    getNextFrame 344.1 time 8670 usec
add frame 344.1 time sec 1590975559 usec 204940
src frame 345.0 time sec 1590975559 usec 204989
    Interpolator time 43039 usec
    getNextFrame 345.1 time 8850 usec
add frame 345.1 time sec 1590975559 usec 258919
src frame 346.0 time sec 1590975559 usec 258963
    Interpolator time 41106 usec
    getNextFrame 346.1 time 8846 usec
add frame 346.1 time sec 1590975559 usec 310757
src frame 347.0 time sec 1590975559 usec 310799
    Interpolator time 47861 usec
    getNextFrame 347.1 time 8443 usec
add frame 347.1 time sec 1590975559 usec 368893
src frame 348.0 time sec 1590975559 usec 368908
    Interpolator time 40618 usec
    getNextFrame 348.1 time 8095 usec
add frame 348.1 time sec 1590975559 usec 419587
src frame 349.0 time sec 1590975559 usec 419629
    Interpolator time 43760 usec
    getNextFrame 349.1 time 8561 usec
add frame 349.1 time sec 1590975559 usec 474297
src frame 350.0 time sec 1590975559 usec 474310
    Interpolator time 46033 usec
    getNextFrame 350.1 time 8689 usec
add frame 350.1 time sec 1590975559 usec 531489
src frame 351.0 time sec 1590975559 usec 531502
    Interpolator time 40809 usec
    getNextFrame 351.1 time 8856 usec
add frame 351.1 time sec 1590975559 usec 583159
src frame 352.0 time sec 1590975559 usec 583171
    Interpolator time 42247 usec
    getNextFrame 352.1 time 9324 usec
add frame 352.1 time sec 1590975559 usec 636686
src frame 353.0 time sec 1590975559 usec 636738
    Interpolator time 42695 usec
    getNextFrame 353.1 time 9018 usec
add frame 353.1 time sec 1590975559 usec 690188
src frame 354.0 time sec 1590975559 usec 690251
    Interpolator time 44316 usec
    getNextFrame 354.1 time 8300 usec
add frame 354.1 time sec 1590975559 usec 744817
src frame 355.0 time sec 1590975559 usec 744869
    Interpolator time 42614 usec
    getNextFrame 355.1 time 8718 usec
add frame 355.1 time sec 1590975559 usec 798090
src frame 356.0 time sec 1590975559 usec 798145
    Interpolator time 42871 usec
    getNextFrame 356.1 time 9613 usec
add frame 356.1 time sec 1590975559 usec 852431
src frame 357.0 time sec 1590975559 usec 852443
    Interpolator time 43174 usec
    getNextFrame 357.1 time 10726 usec
add frame 357.1 time sec 1590975559 usec 908640
src frame 358.0 time sec 1590975559 usec 908653
    Interpolator time 42271 usec
    getNextFrame 358.1 time 9801 usec
add frame 358.1 time sec 1590975559 usec 962454
src frame 359.0 time sec 1590975559 usec 962495
    Interpolator time 46245 usec
    getNextFrame 359.1 time 8798 usec
add frame 359.1 time sec 1590975560 usec 19374
src frame 360.0 time sec 1590975560 usec 19415
    Interpolator time 43789 usec
    getNextFrame 360.1 time 8858 usec
add frame 360.1 time sec 1590975560 usec 73900
src frame 361.0 time sec 1590975560 usec 73942
    Interpolator time 45406 usec
    getNextFrame 361.1 time 8590 usec
add frame 361.1 time sec 1590975560 usec 129710
src frame 362.0 time sec 1590975560 usec 129757
    Interpolator time 42878 usec
    getNextFrame 362.1 time 8653 usec
add frame 362.1 time sec 1590975560 usec 183063
src frame 363.0 time sec 1590975560 usec 183107
    Interpolator time 42001 usec
    getNextFrame 363.1 time 8693 usec
add frame 363.1 time sec 1590975560 usec 235654
src frame 364.0 time sec 1590975560 usec 235709
    Interpolator time 42623 usec
    getNextFrame 364.1 time 9556 usec
add frame 364.1 time sec 1590975560 usec 289625
src frame 365.0 time sec 1590975560 usec 289666
    Interpolator time 42704 usec
    getNextFrame 365.1 time 9023 usec
add frame 365.1 time sec 1590975560 usec 343349
src frame 366.0 time sec 1590975560 usec 343406
    Interpolator time 43669 usec
    getNextFrame 366.1 time 8590 usec
add frame 366.1 time sec 1590975560 usec 397426
src frame 367.0 time sec 1590975560 usec 397479
    Interpolator time 43805 usec
    getNextFrame 367.1 time 8848 usec
add frame 367.1 time sec 1590975560 usec 451869
src frame 368.0 time sec 1590975560 usec 451915
    Interpolator time 44120 usec
    getNextFrame 368.1 time 8782 usec
add frame 368.1 time sec 1590975560 usec 506644
src frame 369.0 time sec 1590975560 usec 506658
    Interpolator time 43345 usec
    getNextFrame 369.1 time 9497 usec
add frame 369.1 time sec 1590975560 usec 562713
src frame 370.0 time sec 1590975560 usec 56