gRemote log:
timestamp 2020-06-01 13:12:10:579727239
    cpu: client 0%; server %;
    mem: client 5188KB; server KB;
    transmit: 1600431474( 1G)    receive:1600431474( 1G)
timestamp 2020-06-01 13:12:11:648857772
    cpu: client 0%; server %;
    mem: client 5204KB; server KB;
    transmit: 0(0B)    receive:0(0B)
timestamp 2020-06-01 13:12:12:716861829
    cpu: client 0%; server %;
    mem: client 5212KB; server KB;
    transmit: 0(0B)    receive:0(0B)
timestamp 2020-06-01 13:12:13:784320141
    cpu: client 0%; server %;
    mem: client 5212KB; server KB;
    transmit: 0(0B)    receive:0(0B)
timestamp 2020-06-01 13:12:14:850888343
    cpu: client 0%; server %;
    mem: client 5212KB; server KB;
    transmit: 0(0B)    receive:0(0B)
timestamp 2020-06-01 13:12:15:923601458
    cpu: client 0%; server %;
    mem: client 5212KB; server KB;
    transmit: 0(0B)    receive:0(0B)
timestamp 2020-06-01 13:12:16:990864554
    cpu: client 0%; server %;
    mem: client 5212KB; server KB;
    transmit: 0(0B)    receive:0(0B)
timestamp 2020-06-01 13:12:18:060446420
    cpu: client 0.2%; server %;
    mem: client 5212KB; server KB;
    transmit: 575(575B)    receive:575(575B)
timestamp 2020-06-01 13:12:19:132112143
    cpu: client 0.2%; server 9%;
    mem: client 5220KB; server 184044KB;
    transmit: 0(0B)    receive:0(0B)
timestamp 2020-06-01 13:12:20:203661737
    cpu: client 0.2%; server 4.5%;
    mem: client 5220KB; server 184044KB;
    transmit: 0(0B)    receive:0(0B)
timestamp 2020-06-01 13:12:21:270897348
    cpu: client 0.2%; server 3%;
    mem: client 617432KB; server 365696KB;
    transmit: 1435236( 1M)    receive:1435236( 1M)
timestamp 2020-06-01 13:12:22:339171984
    cpu: client 12.6%; server 8.8%;
    mem: client 624952KB; server 367796KB;
    transmit: 80566( 78K)    receive:80566( 78K)
timestamp 2020-06-01 13:12:23:414164222
    cpu: client 12.3%; server 23.1%;
    mem: client 645016KB; server 367796KB;
    transmit: 447064( 436K)    receive:447064( 436K)
timestamp 2020-06-01 13:12:24:483690566
    cpu: client 12.1%; server 30.2%;
    mem: client 664024KB; server 368812KB;
    transmit: 425052( 415K)    receive:425052( 415K)
timestamp 2020-06-01 13:12:25:551240599
    cpu: client 12.2%; server 34.3%;
    mem: client 683824KB; server 368300KB;
    transmit: 370012( 361K)    receive:370012( 361K)
timestamp 2020-06-01 13:12:26:621712369
    cpu: client 11.7%; server 36.8%;
    mem: client 702832KB; server 368300KB;
    transmit: 418319( 408K)    receive:418319( 408K)
timestamp 2020-06-01 13:12:27:689339189
    cpu: client 11.8%; server 39%;
    mem: client 721840KB; server 368300KB;
    transmit: 373109( 364K)    receive:373109( 364K)
timestamp 2020-06-01 13:12:28:765716250
    cpu: client 11.8%; server 40.5%;
    mem: client 742628KB; server 368300KB;
    transmit: 460841( 450K)    receive:460841( 450K)
timestamp 2020-06-01 13:12:29:841027850
    cpu: client 11.7%; server 42.1%;
    mem: client 761644KB; server 368300KB;
    transmit: 379868( 370K)    receive:379868( 370K)
timestamp 2020-06-01 13:12:30:912471863
    cpu: client 11.9%; server 42.9%;
    mem: client 781708KB; server 370412KB;
    transmit: 370558( 361K)    receive:370558( 361K)
timestamp 2020-06-01 13:12:31:976912423
    cpu: client 11.6%; server 43.6%;
    mem: client 800452KB; server 371948KB;
    transmit: 353726( 345K)    receive:353726( 345K)
timestamp 2020-06-01 13:12:33:044131169
    cpu: client 11.7%; server 44.1%;
    mem: client 819460KB; server 371948KB;
    transmit: 418611( 408K)    receive:418611( 408K)
timestamp 2020-06-01 13:12:34:112669745
    cpu: client 11.6%; server 44.4%;
    mem: client 839524KB; server 371948KB;
    transmit: 369736( 361K)    receive:369736( 361K)
timestamp 2020-06-01 13:12:35:179876086
    cpu: client 11.7%; server 44.7%;
    mem: client 858532KB; server 371948KB;
    transmit: 355024( 346K)    receive:355024( 346K)
timestamp 2020-06-01 13:12:36:245220456
    cpu: client 11.7%; server 45.3%;
    mem: client 877540KB; server 371948KB;
    transmit: 370903( 362K)    receive:370903( 362K)
timestamp 2020-06-01 13:12:37:315403864
    cpu: client 10.8%; server 45.7%;
    mem: client 897340KB; server 371948KB;
    transmit: 386535( 377K)    receive:386535( 377K)
timestamp 2020-06-01 13:12:38:377916188
    cpu: client 10.8%; server 43.7%;
    mem: client 916348KB; server 371948KB;
    transmit: 379097( 370K)    receive:379097( 370K)
timestamp 2020-06-01 13:12:39:441774775
    cpu: client 10.9%; server 44.5%;
    mem: client 935356KB; server 370924KB;
    transmit: 385277( 376K)    receive:385277( 376K)
timestamp 2020-06-01 13:12:40:504683494
    cpu: client 11%; server 45.2%;
    mem: client 955164KB; server 370924KB;
    transmit: 377386( 368K)    receive:377386( 368K)
timestamp 2020-06-01 13:12:41:568832488
    cpu: client 10.9%; server 45.7%;
    mem: client 974172KB; server 371424KB;
    transmit: 353600( 345K)    receive:353600( 345K)
timestamp 2020-06-01 13:12:42:633688709
    cpu: client 11%; server 46.2%;
    mem: client 993180KB; server 371424KB;
    transmit: 354149( 345K)    receive:354149( 345K)
timestamp 2020-06-01 13:12:43:697722171
    cpu: client 11%; server 46.6%;
    mem: client 1012188KB; server 371424KB;
    transmit: 379029( 370K)    receive:379029( 370K)
timestamp 2020-06-01 13:12:44:766992107
    cpu: client 11.1%; server 47.1%;
    mem: client 1031988KB; server 371424KB;
    transmit: 383510( 374K)    receive:383510( 374K)
timestamp 2020-06-01 13:12:45:832121858
    cpu: client 11.1%; server 47.4%;
    mem: client 1050996KB; server 371424KB;
    transmit: 353250( 344K)    receive:353250( 344K)
timestamp 2020-06-01 13:12:46:895537397
    cpu: client 11.1%; server 47.8%;
    mem: client 1070004KB; server 371424KB;
    transmit: 353091( 344K)    receive:353091( 344K)
timestamp 2020-06-01 13:12:47:957205431
    cpu: client 11.2%; server 48.1%;
    mem: client 1090068KB; server 371424KB;
    transmit: 370568( 361K)    receive:370568( 361K)
timestamp 2020-06-01 13:12:49:025699468
    cpu: client 11.1%; server 48.4%;
    mem: client 1108812KB; server 371424KB;
    transmit: 352870( 344K)    receive:352870( 344K)
timestamp 2020-06-01 13:12:50:092703750
    cpu: client 11.2%; server 48.8%;
    mem: client 1127828KB; server 371424KB;
    transmit: 366879( 358K)    receive:366879( 358K)
timestamp 2020-06-01 13:12:51:155566799
    cpu: client 11.3%; server 49.1%;
    mem: client 1146836KB; server 371424KB;
    transmit: 372537( 363K)    receive:372537( 363K)
timestamp 2020-06-01 13:12:52:222904770
    cpu: client 11.2%; server 49.1%;
    mem: client 1166900KB; server 371424KB;
    transmit: 370325( 361K)    receive:370325( 361K)
timestamp 2020-06-01 13:12:53:290149440
    cpu: client 10.8%; server 49.3%;
    mem: client 1186700KB; server 371424KB;
    transmit: 371001( 362K)    receive:371001( 362K)
timestamp 2020-06-01 13:12:54:375658434
    cpu: client 10.8%; server 48.1%;
    mem: client 1205708KB; server 371424KB;
    transmit: 353510( 345K)    receive:353510( 345K)
timestamp 2020-06-01 13:12:55:439036611
    cpu: client 10.9%; server 48.4%;
    mem: client 1224716KB; server 371424KB;
    transmit: 353097( 344K)    receive:353097( 344K)
timestamp 2020-06-01 13:12:56:502721902
    cpu: client 10.9%; server 48.7%;
    mem: client 1243724KB; server 371424KB;
    transmit: 352311( 344K)    receive:352311( 344K)
timestamp 2020-06-01 13:12:57:570787922
    cpu: client 10.9%; server 48.9%;
    mem: client 1263524KB; server 371424KB;
    transmit: 370293( 361K)    receive:370293( 361K)
timestamp 2020-06-01 13:12:58:634085130
    cpu: client 10.9%; server 49.1%;
    mem: client 1282532KB; server 371424KB;
    transmit: 398928( 389K)    receive:398928( 389K)
timestamp 2020-06-01 13:12:59:698624184
    cpu: client 11%; server 49.4%;
    mem: client 1301540KB; server 371424KB;
    transmit: 353259( 344K)    receive:353259( 344K)
timestamp 2020-06-01 13:13:00:767163875
    cpu: client 11.1%; server 49.6%;
    mem: client 1321348KB; server 371424KB;
    transmit: 370184( 361K)    receive:370184( 361K)
timestamp 2020-06-01 13:13:01:830045826
    cpu: client 11%; server 49.8%;
    mem: client 1340356KB; server 371424KB;
    transmit: 353687( 345K)    receive:353687( 345K)
timestamp 2020-06-01 13:13:02:894331864
    cpu: client 11%; server 49.9%;
    mem: client 1359364KB; server 371424KB;
    transmit: 353791( 345K)    receive:353791( 345K)
timestamp 2020-06-01 13:13:03:959237815
    cpu: client 11.1%; server 50%;
    mem: client 1378372KB; server 371424KB;
    transmit: 354048( 345K)    receive:354048( 345K)
timestamp 2020-06-01 13:13:05:031119990
    cpu: client 11.1%; server 50.2%;
    mem: client 1398436KB; server 371424KB;
    transmit: 370026( 361K)    receive:370026( 361K)
timestamp 2020-06-01 13:13:06:094499081
    cpu: client 11.1%; server 50.4%;
    mem: client 1417180KB; server 371424KB;
    transmit: 354103( 345K)    receive:354103( 345K)
timestamp 2020-06-01 13:13:07:160312428
    cpu: client 11%; server 50.6%;
    mem: client 1437244KB; server 371424KB;
    transmit: 370725( 362K)    receive:370725( 362K)
timestamp 2020-06-01 13:13:08:227688400
    cpu: client 11%; server 50.7%;
    mem: client 1456252KB; server 371424KB;
    transmit: 353526( 345K)    receive:353526( 345K)
timestamp 2020-06-01 13:13:09:292447691
    cpu: client 11%; server 50.8%;
    mem: client 1475260KB; server 371424KB;
    transmit: 353274( 344K)    receive:353274( 344K)
timestamp 2020-06-01 13:13:10:358062449
    cpu: client 11%; server 49.9%;
    mem: client 1494268KB; server 371424KB;
    transmit: 376753( 367K)    receive:376753( 367K)
timestamp 2020-06-01 13:13:11:424770865
    cpu: client 10.9%; server 50.1%;
    mem: client 1514068KB; server 371424KB;
    transmit: 353335( 345K)    receive:353335( 345K)
timestamp 2020-06-01 13:13:12:491208063
    cpu: client 10.9%; server 50.3%;
    mem: client 1533076KB; server 371424KB;
    transmit: 359246( 350K)    receive:359246( 350K)
timestamp 2020-06-01 13:13:13:558080492
    cpu: client 10.9%; server 50.5%;
    mem: client 1552876KB; server 371424KB;
    transmit: 369933( 361K)    receive:369933( 361K)
timestamp 2020-06-01 13:13:14:623923135
    cpu: client 10.9%; server 50.6%;
    mem: client 1571884KB; server 371424KB;
    transmit: 353464( 345K)    receive:353464( 345K)
timestamp 2020-06-01 13:13:15:689960492
    cpu: client 11%; server 50.8%;
    mem: client 1590892KB; server 371424KB;
    transmit: 380019( 371K)    receive:380019( 371K)
timestamp 2020-06-01 13:13:16:755460521
    cpu: client 10.9%; server 50.9%;
    mem: client 1610692KB; server 371424KB;
    transmit: 376788( 367K)    receive:376788( 367K)
timestamp 2020-06-01 13:13:17:841747215
    cpu: client 10.9%; server 51.1%;
    mem: client 1629700KB; server 371424KB;
    transmit: 359231( 350K)    receive:359231( 350K)
timestamp 2020-06-01 13:13:18:905822991
    cpu: client 11%; server 51.2%;
    mem: client 1648708KB; server 371424KB;
    transmit: 370105( 361K)    receive:370105( 361K)
timestamp 2020-06-01 13:13:19:968949164
    cpu: client 11%; server 51.3%;
    mem: client 1668772KB; server 371424KB;
    transmit: 359357( 350K)    receive:359357( 350K)
timestamp 2020-06-01 13:13:21:033076750
    cpu: client 11.1%; server 51.4%;
    mem: client 1687780KB; server 371424KB;
    transmit: 354408( 346K)    receive:354408( 346K)
timestamp 2020-06-01 13:13:22:098015552
    cpu: client 11%; server 51.5%;
    mem: client 1706788KB; server 371424KB;
    transmit: 425032( 415K)    receive:425032( 415K)
timestamp 2020-06-01 13:13:23:163180359
    cpu: client 11%; server 51.6%;
    mem: client 1726588KB; server 371424KB;
    transmit: 389306( 380K)    receive:389306( 380K)
timestamp 2020-06-01 13:13:24:225157255
    cpu: client 11%; server 51.6%;
    mem: client 1745596KB; server 371424KB;
    transmit: 360505( 352K)    receive:360505( 352K)
timestamp 2020-06-01 13:13:25:289369880
    cpu: client 11%; server 51.7%;
    mem: client 1764604KB; server 371424KB;
    transmit: 352682( 344K)    receive:352682( 344K)
timestamp 2020-06-01 13:13:26:354430149
    cpu: client 10.8%; server 51%;
    mem: client 1783612KB; server 371424KB;
    transmit: 353231( 344K)    receive:353231( 344K)
timestamp 2020-06-01 13:13:27:420922397
    cpu: client 10.9%; server 51.1%;
    mem: client 1803412KB; server 371424KB;
    transmit: 370016( 361K)    receive:370016( 361K)
timestamp 2020-06-01 13:13:28:486996895
    cpu: client 10.9%; server 51.1%;
    mem: client 1822420KB; server 371424KB;
    transmit: 352588( 344K)    receive:352588( 344K)
timestamp 2020-06-01 13:13:29:551554429
    cpu: client 10.9%; server 51.2%;
    mem: client 1841428KB; server 371424KB;
    transmit: 354464( 346K)    receive:354464( 346K)
timestamp 2020-06-01 13:13:30:617435132
    cpu: client 10.9%; server 51.3%;
    mem: client 1861228KB; server 371424KB;
    transmit: 370427( 361K)    receive:370427( 361K)
timestamp 2020-06-01 13:13:31:680404173
    cpu: client 10.9%; server 51.3%;
    mem: client 1880236KB; server 371424KB;
    transmit: 405535( 396K)    receive:405535( 396K)
timestamp 2020-06-01 13:13:32:744257752
    cpu: client 10.9%; server 51.4%;
    mem: client 1899244KB; server 371424KB;
    transmit: 353794( 345K)    receive:353794( 345K)
timestamp 2020-06-01 13:13:33:813187794
    cpu: client 11%; server 51.5%;
    mem: client 1919044KB; server 371424KB;
    transmit: 396661( 387K)    receive:396661( 387K)
timestamp 2020-06-01 13:13:34:878395736
    cpu: client 11%; server 51.5%;
    mem: client 1938052KB; server 371424KB;
    transmit: 354187( 345K)    receive:354187( 345K)
timestamp 2020-06-01 13:13:35:942969483
    cpu: client 11%; server 51.6%;
    mem: client 1957060KB; server 371424KB;
    transmit: 353037( 344K)    receive:353037( 344K)
timestamp 2020-06-01 13:13:37:007436992
    cpu: client 10.9%; server 51.7%;
    mem: client 1976068KB; server 371424KB;
    transmit: 389779( 380K)    receive:389779( 380K)
timestamp 2020-06-01 13:13:38:073494429
    cpu: client 10.9%; server 51.7%;
    mem: client 1996132KB; server 371424KB;
    transmit: 359914( 351K)    receive:359914( 351K)
timestamp 2020-06-01 13:13:39:136283431
    cpu: client 10.9%; server 51.8%;
    mem: client 2015140KB; server 371424KB;
    transmit: 353650( 345K)    receive:353650( 345K)
timestamp 2020-06-01 13:13:40:208954444
    cpu: client 10.9%; server 51.9%;
    mem: client 2034676KB; server 371424KB;
    transmit: 377163( 368K)    receive:377163( 368K)
timestamp 2020-06-01 13:13:41:275677144
    cpu: client 11%; server 51.9%;
    mem: client 2053948KB; server 371424KB;
    transmit: 353130( 344K)    receive:353130( 344K)
timestamp 2020-06-01 13:13:42:340248370
    cpu: client 10.8%; server 51.3%;
    mem: client 2072956KB; server 371424KB;
    transmit: 353501( 345K)    receive:353501( 345K)
timestamp 2020-06-01 13:13:43:404642732
    cpu: client 10.8%; server 51.4%;
    mem: client 2091964KB; server 371424KB;
    transmit: 359291( 350K)    receive:359291( 350K)
timestamp 2020-06-01 13:13:44:469523863
    cpu: client 10.8%; server 51.5%;
    mem: client 2111764KB; server 371424KB;
    transmit: 370227( 361K)    receive:370227( 361K)
timestamp 2020-06-01 13:13:45:534003493
    cpu: client 10.9%; server 51.5%;
    mem: client 2130772KB; server 371424KB;
    transmit: 353436( 345K)    receive:353436( 345K)
timestamp 2020-06-01 13:13:46:598624974
    cpu: client 10.8%; server 51.6%;
    mem: client 2149780KB; server 371424KB;
    transmit: 352667( 344K)    receive:352667( 344K)
timestamp 2020-06-01 13:13:47:662493706
    cpu: client 10.8%; server 51.7%;
    mem: client 2169580KB; server 371424KB;
    transmit: 370675( 361K)    receive:370675( 361K)
timestamp 2020-06-01 13:13:48:729403568
    cpu: client 10.8%; server 51.7%;
    mem: client 2188588KB; server 371424KB;
    transmit: 352970( 344K)    receive:352970( 344K)
timestamp 2020-06-01 13:13:49:793970975
    cpu: client 10.8%; server 51.8%;
    mem: client 2207596KB; server 371424KB;
    transmit: 353119( 344K)    receive:353119( 344K)
timestamp 2020-06-01 13:13:50:859581572
    cpu: client 10.9%; server 51.8%;
    mem: client 2226604KB; server 371424KB;
    transmit: 370210( 361K)    receive:370210( 361K)
timestamp 2020-06-01 13:13:51:922976474
    cpu: client 10.9%; server 51.9%;
    mem: client 2246404KB; server 371424KB;
    transmit: 353412( 345K)    receive:353412( 345K)
timestamp 2020-06-01 13:13:52:989820051
    cpu: client 10.9%; server 51.9%;
    mem: client 2265412KB; server 371424KB;
    transmit: 393599( 384K)    receive:393599( 384K)
timestamp 2020-06-01 13:13:54:052926880
    cpu: client 10.8%; server 51.9%;
    mem: client 2284420KB; server 371424KB;
    transmit: 353207( 344K)    receive:353207( 344K)
timestamp 2020-06-01 13:13:55:115541042
    cpu: client 10.9%; server 51.9%;
    mem: client 2304484KB; server 371424KB;
    transmit: 370279( 361K)    receive:370279( 361K)
timestamp 2020-06-01 13:13:56:182071878
    cpu: client 11%; server 52%;
    mem: client 2323492KB; server 371424KB;
    transmit: 353534( 345K)    receive:353534( 345K)
timestamp 2020-06-01 13:13:57:250287712
    cpu: client 10.9%; server 52%;
    mem: client 2342236KB; server 371424KB;
    transmit: 353321( 345K)    receive:353321( 345K)
timestamp 2020-06-01 13:13:58:314246572
    cpu: client 10.8%; server 52.1%;
    mem: client 2362300KB; server 371424KB;
    transmit: 384216( 375K)    receive:384216( 375K)
timestamp 2020-06-01 13:13:59:377192113
    cpu: client 10.8%; server 51.6%;
    mem: client 2381308KB; server 371424KB;
    transmit: 359307( 350K)    receive:359307( 350K)
timestamp 2020-06-01 13:14:00:441381427
    cpu: client 10.8%; server 51.6%;
    mem: client 2400316KB; server 371424KB;
    transmit: 353484( 345K)    receive:353484( 345K)
timestamp 2020-06-01 13:14:01:505768368
    cpu: client 10.8%; server 51.7%;
    mem: client 2419324KB; server 371424KB;
    transmit: 353846( 345K)    receive:353846( 345K)
timestamp 2020-06-01 13:14:02:571247675
    cpu: client 10.8%; server 51.7%;
    mem: client 2439124KB; server 371424KB;
    transmit: 370339( 361K)    receive:370339( 361K)
timestamp 2020-06-01 13:14:03:634751784
    cpu: client 10.8%; server 51.7%;
    mem: client 2458132KB; server 371424KB;
    transmit: 353688( 345K)    receive:353688( 345K)
timestamp 2020-06-01 13:14:04:697912600
    cpu: client 10.8%; server 51.8%;
    mem: client 2477140KB; server 371424KB;
    transmit: 366905( 358K)    receive:366905( 358K)
timestamp 2020-06-01 13:14:05:761525319
    cpu: client 0.1%; server %;
    mem: client 5252KB; server KB;
    transmit: 169074( 165K)    receive:169074( 165K)
timestamp 2020-06-01 13:14:06:824114042
    cpu: client 0.1%; server %;
    mem: client 5252KB; server KB;
    transmit: 0(0B)    receive:0(0B)
timestamp 2020-06-01 13:14:07:886541000
    cpu: client 0.1%; server %;
    mem: client 5252KB; server KB;
    transmit: 0(0B)    receive:0(0B)
timestamp 2020-06-01 13:14:08:948833488
    cpu: client 0.1%; server %;
    mem: client 5252KB; server KB;
    transmit: 0(0B)    receive:0(0B)
timestamp 2020-06-01 13:14:10:018106038
    cpu: client 0.2%; server %;
    mem: client 5252KB; server KB;
    transmit: 0(0B)    receive:0(0B)
timestamp 2020-06-01 13:14:11:080163080
    cpu: client 0.2%; server %;
    mem: client 5252KB; server KB;
    transmit: 0(0B)    receive:0(0B)
timestamp 2020-06-01 13:14:12:146352868
    cpu: client 0.1%; server %;
    mem: client 5252KB; server KB;
    transmit: 0(0B)    receive:0(0B)
