src frame 0.0 time sec 1590979617 usec 797571
    Interpolator time 239100 usec
    getNextFrame 0.1 time 8142 usec
add frame 0.1 time sec 1590979618 usec 90881
src frame 1.0 time sec 1590979618 usec 90921
    Interpolator time 28800 usec
    getNextFrame 1.1 time 7497 usec
add frame 1.1 time sec 1590979618 usec 129641
src frame 2.0 time sec 1590979618 usec 129684
    Interpolator time 29354 usec
    getNextFrame 2.1 time 7690 usec
add frame 2.1 time sec 1590979618 usec 168795
src frame 3.0 time sec 1590979618 usec 168808
    Interpolator time 30048 usec
    getNextFrame 3.1 time 12681 usec
add frame 3.1 time sec 1590979618 usec 214147
src frame 4.0 time sec 1590979618 usec 214205
    Interpolator time 27544 usec
    getNextFrame 4.1 time 7723 usec
add frame 4.1 time sec 1590979618 usec 252369
src frame 5.0 time sec 1590979618 usec 252467
    Interpolator time 27945 usec
    getNextFrame 5.1 time 7523 usec
add frame 5.1 time sec 1590979618 usec 289868
src frame 6.0 time sec 1590979618 usec 289946
    Interpolator time 27015 usec
    getNextFrame 6.1 time 7754 usec
add frame 6.1 time sec 1590979618 usec 326719
src frame 7.0 time sec 1590979618 usec 326805
    Interpolator time 26166 usec
    getNextFrame 7.1 time 7303 usec
add frame 7.1 time sec 1590979618 usec 362449
src frame 8.0 time sec 1590979618 usec 362489
    Interpolator time 25421 usec
    getNextFrame 8.1 time 7696 usec
add frame 8.1 time sec 1590979618 usec 397649
src frame 9.0 time sec 1590979618 usec 397690
    Interpolator time 25574 usec
    getNextFrame 9.1 time 7696 usec
add frame 9.1 time sec 1590979618 usec 432899
src frame 10.0 time sec 1590979618 usec 432912
    Interpolator time 24536 usec
    getNextFrame 10.1 time 7850 usec
add frame 10.1 time sec 1590979618 usec 467228
src frame 11.0 time sec 1590979618 usec 467244
    Interpolator time 25535 usec
    getNextFrame 11.1 time 7536 usec
add frame 11.1 time sec 1590979618 usec 502276
src frame 12.0 time sec 1590979618 usec 502290
    Interpolator time 28715 usec
    getNextFrame 12.1 time 7372 usec
add frame 12.1 time sec 1590979618 usec 540569
src frame 13.0 time sec 1590979618 usec 540651
    Interpolator time 22953 usec
    getNextFrame 13.1 time 7979 usec
add frame 13.1 time sec 1590979618 usec 573494
src frame 14.0 time sec 1590979618 usec 573572
    Interpolator time 22362 usec
    getNextFrame 14.1 time 7884 usec
add frame 14.1 time sec 1590979618 usec 605689
src frame 15.0 time sec 1590979618 usec 605701
    Interpolator time 24100 usec
    getNextFrame 15.1 time 7416 usec
add frame 15.1 time sec 1590979618 usec 639070
src frame 16.0 time sec 1590979618 usec 639079
    Interpolator time 25516 usec
    getNextFrame 16.1 time 7348 usec
add frame 16.1 time sec 1590979618 usec 685293
src frame 17.0 time sec 1590979618 usec 685355
    Interpolator time 22991 usec
    getNextFrame 17.1 time 8499 usec
add frame 17.1 time sec 1590979618 usec 718897
src frame 18.0 time sec 1590979618 usec 718939
    Interpolator time 21423 usec
    getNextFrame 18.1 time 7683 usec
add frame 18.1 time sec 1590979618 usec 760032
src frame 19.0 time sec 1590979618 usec 760127
    Interpolator time 19777 usec
    getNextFrame 19.1 time 8106 usec
add frame 19.1 time sec 1590979618 usec 802908
src frame 20.0 time sec 1590979618 usec 802995
    Interpolator time 20014 usec
    getNextFrame 20.1 time 7472 usec
add frame 20.1 time sec 1590979618 usec 852412
src frame 21.0 time sec 1590979618 usec 852485
    Interpolator time 18734 usec
    getNextFrame 21.1 time 7524 usec
add frame 21.1 time sec 1590979618 usec 901114
src frame 22.0 time sec 1590979618 usec 901185
    Interpolator time 18119 usec
    getNextFrame 22.1 time 7647 usec
add frame 22.1 time sec 1590979618 usec 951428
src frame 23.0 time sec 1590979618 usec 951508
    Interpolator time 19023 usec
    getNextFrame 23.1 time 8361 usec
add frame 23.1 time sec 1590979619 usec 2736
src frame 24.0 time sec 1590979619 usec 2762
    Interpolator time 19944 usec
    getNextFrame 24.1 time 8837 usec
add frame 24.1 time sec 1590979619 usec 55172
src frame 25.0 time sec 1590979619 usec 55248
    Interpolator time 19116 usec
    getNextFrame 25.1 time 8795 usec
add frame 25.1 time sec 1590979619 usec 104225
src frame 26.0 time sec 1590979619 usec 104303
    Interpolator time 20749 usec
    getNextFrame 26.1 time 9139 usec
add frame 26.1 time sec 1590979619 usec 157388
src frame 27.0 time sec 1590979619 usec 157461
    Interpolator time 19296 usec
    getNextFrame 27.1 time 7896 usec
add frame 27.1 time sec 1590979619 usec 204625
src frame 28.0 time sec 1590979619 usec 204700
    Interpolator time 18726 usec
    getNextFrame 28.1 time 7376 usec
add frame 28.1 time sec 1590979619 usec 253312
src frame 29.0 time sec 1590979619 usec 253415
    Interpolator time 18134 usec
    getNextFrame 29.1 time 7610 usec
add frame 29.1 time sec 1590979619 usec 302371
src frame 30.0 time sec 1590979619 usec 302459
    Interpolator time 18126 usec
    getNextFrame 30.1 time 7537 usec
add frame 30.1 time sec 1590979619 usec 354651
src frame 31.0 time sec 1590979619 usec 354739
    Interpolator time 18021 usec
    getNextFrame 31.1 time 7397 usec
add frame 31.1 time sec 1590979619 usec 401297
src frame 32.0 time sec 1590979619 usec 401388
    Interpolator time 17706 usec
    getNextFrame 32.1 time 11779 usec
add frame 32.1 time sec 1590979619 usec 455261
src frame 33.0 time sec 1590979619 usec 455305
    Interpolator time 18840 usec
    getNextFrame 33.1 time 7757 usec
add frame 33.1 time sec 1590979619 usec 502672
src frame 34.0 time sec 1590979619 usec 502766
    Interpolator time 18600 usec
    getNextFrame 34.1 time 7459 usec
add frame 34.1 time sec 1590979619 usec 552354
src frame 35.0 time sec 1590979619 usec 552440
    Interpolator time 17137 usec
    getNextFrame 35.1 time 7348 usec
add frame 35.1 time sec 1590979619 usec 603393
src frame 36.0 time sec 1590979619 usec 603447
    Interpolator time 18386 usec
    getNextFrame 36.1 time 7514 usec
add frame 36.1 time sec 1590979619 usec 655896
src frame 37.0 time sec 1590979619 usec 655974
    Interpolator time 20089 usec
    getNextFrame 37.1 time 12598 usec
add frame 37.1 time sec 1590979619 usec 705042
src frame 38.0 time sec 1590979619 usec 705058
    Interpolator time 18374 usec
    getNextFrame 38.1 time 7685 usec
add frame 38.1 time sec 1590979619 usec 743937
src frame 39.0 time sec 1590979619 usec 743951
    Interpolator time 17721 usec
    getNextFrame 39.1 time 7515 usec
add frame 39.1 time sec 1590979619 usec 790939
src frame 40.0 time sec 1590979619 usec 790954
    Interpolator time 20235 usec
    getNextFrame 40.1 time 7854 usec
add frame 40.1 time sec 1590979619 usec 842542
src frame 41.0 time sec 1590979619 usec 842555
    Interpolator time 17587 usec
    getNextFrame 41.1 time 7239 usec
add frame 41.1 time sec 1590979619 usec 889259
src frame 42.0 time sec 1590979619 usec 889351
    Interpolator time 17343 usec
    getNextFrame 42.1 time 6830 usec
add frame 42.1 time sec 1590979619 usec 938363
src frame 43.0 time sec 1590979619 usec 938442
    Interpolator time 17171 usec
    getNextFrame 43.1 time 7841 usec
add frame 43.1 time sec 1590979619 usec 989179
src frame 44.0 time sec 1590979619 usec 989259
    Interpolator time 16872 usec
    getNextFrame 44.1 time 7181 usec
add frame 44.1 time sec 1590979620 usec 38538
src frame 45.0 time sec 1590979620 usec 38615
    Interpolator time 18832 usec
    getNextFrame 45.1 time 7460 usec
add frame 45.1 time sec 1590979620 usec 90481
src frame 46.0 time sec 1590979620 usec 90493
    Interpolator time 17691 usec
    getNextFrame 46.1 time 7496 usec
add frame 46.1 time sec 1590979620 usec 139370
src frame 47.0 time sec 1590979620 usec 139381
    Interpolator time 17579 usec
    getNextFrame 47.1 time 7599 usec
add frame 47.1 time sec 1590979620 usec 190824
src frame 48.0 time sec 1590979620 usec 190912
    Interpolator time 17607 usec
    getNextFrame 48.1 time 7655 usec
add frame 48.1 time sec 1590979620 usec 241992
src frame 49.0 time sec 1590979620 usec 242089
    Interpolator time 17747 usec
    getNextFrame 49.1 time 7694 usec
add frame 49.1 time sec 1590979620 usec 293041
src frame 50.0 time sec 1590979620 usec 293076
    Interpolator time 17724 usec
    getNextFrame 50.1 time 7366 usec
add frame 50.1 time sec 1590979620 usec 344102
src frame 51.0 time sec 1590979620 usec 344175
    Interpolator time 19831 usec
    getNextFrame 51.1 time 7719 usec
add frame 51.1 time sec 1590979620 usec 396571
src frame 52.0 time sec 1590979620 usec 396586
    Interpolator time 17920 usec
    getNextFrame 52.1 time 7340 usec
add frame 52.1 time sec 1590979620 usec 444852
src frame 53.0 time sec 1590979620 usec 444958
    Interpolator time 17311 usec
    getNextFrame 53.1 time 7392 usec
add frame 53.1 time sec 1590979620 usec 493292
src frame 54.0 time sec 1590979620 usec 493410
    Interpolator time 17000 usec
    getNextFrame 54.1 time 7343 usec
add frame 54.1 time sec 1590979620 usec 542640
src frame 55.0 time sec 1590979620 usec 542657
    Interpolator time 17785 usec
    getNextFrame 55.1 time 7313 usec
add frame 55.1 time sec 1590979620 usec 590048
src frame 56.0 time sec 1590979620 usec 590063
    Interpolator time 19730 usec
    getNextFrame 56.1 time 8077 usec
add frame 56.1 time sec 1590979620 usec 643941
src frame 57.0 time sec 1590979620 usec 644028
    Interpolator time 18876 usec
    getNextFrame 57.1 time 7705 usec
add frame 57.1 time sec 1590979620 usec 686441
src frame 58.0 time sec 1590979620 usec 686538
    Interpolator time 17192 usec
    getNextFrame 58.1 time 7428 usec
add frame 58.1 time sec 1590979620 usec 734572
src frame 59.0 time sec 1590979620 usec 734657
    Interpolator time 16838 usec
    getNextFrame 59.1 time 7152 usec
add frame 59.1 time sec 1590979620 usec 782838
src frame 60.0 time sec 1590979620 usec 782923
    Interpolator time 16816 usec
    getNextFrame 60.1 time 7063 usec
add frame 60.1 time sec 1590979620 usec 831686
src frame 61.0 time sec 1590979620 usec 831806
    Interpolator time 19328 usec
    getNextFrame 61.1 time 7724 usec
add frame 61.1 time sec 1590979620 usec 885063
src frame 62.0 time sec 1590979620 usec 885152
    Interpolator time 17632 usec
    getNextFrame 62.1 time 7344 usec
add frame 62.1 time sec 1590979620 usec 933241
src frame 63.0 time sec 1590979620 usec 933339
    Interpolator time 17709 usec
    getNextFrame 63.1 time 7083 usec
add frame 63.1 time sec 1590979620 usec 982970
src frame 64.0 time sec 1590979620 usec 983049
    Interpolator time 18107 usec
    getNextFrame 64.1 time 7138 usec
add frame 64.1 time sec 1590979621 usec 34399
src frame 65.0 time sec 1590979621 usec 34482
    Interpolator time 17490 usec
    getNextFrame 65.1 time 6936 usec
add frame 65.1 time sec 1590979621 usec 83083
src frame 66.0 time sec 1590979621 usec 83162
    Interpolator time 16936 usec
    getNextFrame 66.1 time 7195 usec
add frame 66.1 time sec 1590979621 usec 132925
src frame 67.0 time sec 1590979621 usec 133006
    Interpolator time 17677 usec
    getNextFrame 67.1 time 7274 usec
add frame 67.1 time sec 1590979621 usec 183499
src frame 68.0 time sec 1590979621 usec 183580
    Interpolator time 18443 usec
    getNextFrame 68.1 time 7641 usec
add frame 68.1 time sec 1590979621 usec 236111
src frame 69.0 time sec 1590979621 usec 236206
    Interpolator time 17776 usec
    getNextFrame 69.1 time 7486 usec
add frame 69.1 time sec 1590979621 usec 283849
src frame 70.0 time sec 1590979621 usec 283937
    Interpolator time 17609 usec
    getNextFrame 70.1 time 7049 usec
add frame 70.1 time sec 1590979621 usec 332834
src frame 71.0 time sec 1590979621 usec 332915
    Interpolator time 17686 usec
    getNextFrame 71.1 time 7094 usec
add frame 71.1 time sec 1590979621 usec 383462
src frame 72.0 time sec 1590979621 usec 383548
    Interpolator time 17676 usec
    getNextFrame 72.1 time 7034 usec
add frame 72.1 time sec 1590979621 usec 433359
src frame 73.0 time sec 1590979621 usec 433448
    Interpolator time 17525 usec
    getNextFrame 73.1 time 7085 usec
add frame 73.1 time sec 1590979621 usec 483309
src frame 74.0 time sec 1590979621 usec 483390
    Interpolator time 16803 usec
    getNextFrame 74.1 time 7247 usec
add frame 74.1 time sec 1590979621 usec 533158
src frame 75.0 time sec 1590979621 usec 533240
    Interpolator time 18039 usec
    getNextFrame 75.1 time 7369 usec
add frame 75.1 time sec 1590979621 usec 585796
src frame 76.0 time sec 1590979621 usec 585882
    Interpolator time 17914 usec
    getNextFrame 76.1 time 7549 usec
add frame 76.1 time sec 1590979621 usec 640394
src frame 77.0 time sec 1590979621 usec 640472
    Interpolator time 18716 usec
    getNextFrame 77.1 time 8026 usec
add frame 77.1 time sec 1590979621 usec 688717
src frame 78.0 time sec 1590979621 usec 688795
    Interpolator time 21180 usec
    getNextFrame 78.1 time 7414 usec
add frame 78.1 time sec 1590979621 usec 741333
src frame 79.0 time sec 1590979621 usec 741378
    Interpolator time 21250 usec
    getNextFrame 79.1 time 7378 usec
add frame 79.1 time sec 1590979621 usec 788542
src frame 80.0 time sec 1590979621 usec 788567
    Interpolator time 16911 usec
    getNextFrame 80.1 time 7438 usec
add frame 80.1 time sec 1590979621 usec 835634
src frame 81.0 time sec 1590979621 usec 835650
    Interpolator time 18462 usec
    getNextFrame 81.1 time 7420 usec
add frame 81.1 time sec 1590979621 usec 886149
src frame 82.0 time sec 1590979621 usec 886233
    Interpolator time 16807 usec
    getNextFrame 82.1 time 6867 usec
add frame 82.1 time sec 1590979621 usec 929256
src frame 83.0 time sec 1590979621 usec 929338
    Interpolator time 16861 usec
    getNextFrame 83.1 time 7466 usec
add frame 83.1 time sec 1590979621 usec 979938
src frame 84.0 time sec 1590979621 usec 980018
    Interpolator time 18027 usec
    getNextFrame 84.1 time 6857 usec
add frame 84.1 time sec 1590979622 usec 30285
src frame 85.0 time sec 1590979622 usec 30397
    Interpolator time 16836 usec
    getNextFrame 85.1 time 7182 usec
add frame 85.1 time sec 1590979622 usec 79333
src frame 86.0 time sec 1590979622 usec 79417
    Interpolator time 17573 usec
    getNextFrame 86.1 time 7792 usec
add frame 86.1 time sec 1590979622 usec 132297
src frame 87.0 time sec 1590979622 usec 132381
    Interpolator time 17706 usec
    getNextFrame 87.1 time 7879 usec
add frame 87.1 time sec 1590979622 usec 181937
src frame 88.0 time sec 1590979622 usec 182023
    Interpolator time 18414 usec
    getNextFrame 88.1 time 7884 usec
add frame 88.1 time sec 1590979622 usec 234346
src frame 89.0 time sec 1590979622 usec 234445
    Interpolator time 18288 usec
    getNextFrame 89.1 time 7915 usec
add frame 89.1 time sec 1590979622 usec 282579
src frame 90.0 time sec 1590979622 usec 282596
    Interpolator time 18186 usec
    getNextFrame 90.1 time 7218 usec
add frame 90.1 time sec 1590979622 usec 331383
src frame 91.0 time sec 1590979622 usec 331484
    Interpolator time 17526 usec
    getNextFrame 91.1 time 7220 usec
add frame 91.1 time sec 1590979622 usec 381206
src frame 92.0 time sec 1590979622 usec 381296
    Interpolator time 17556 usec
    getNextFrame 92.1 time 6794 usec
add frame 92.1 time sec 1590979622 usec 431037
src frame 93.0 time sec 1590979622 usec 431117
    Interpolator time 17298 usec
    getNextFrame 93.1 time 7317 usec
add frame 93.1 time sec 1590979622 usec 482083
src frame 94.0 time sec 1590979622 usec 482170
    Interpolator time 17520 usec
    getNextFrame 94.1 time 7646 usec
add frame 94.1 time sec 1590979622 usec 531822
src frame 95.0 time sec 1590979622 usec 531906
    Interpolator time 17538 usec
    getNextFrame 95.1 time 7917 usec
add frame 95.1 time sec 1590979622 usec 581684
src frame 96.0 time sec 1590979622 usec 581770
    Interpolator time 17664 usec
    getNextFrame 96.1 time 7666 usec
add frame 96.1 time sec 1590979622 usec 632750
src frame 97.0 time sec 1590979622 usec 632837
    Interpolator time 17798 usec
    getNextFrame 97.1 time 7236 usec
add frame 97.1 time sec 1590979622 usec 681410
src frame 98.0 time sec 1590979622 usec 681500
    Interpolator time 17689 usec
    getNextFrame 98.1 time 6909 usec
add frame 98.1 time sec 1590979622 usec 731466
src frame 99.0 time sec 1590979622 usec 731546
    Interpolator time 17373 usec
    getNextFrame 99.1 time 8302 usec
add frame 99.1 time sec 1590979622 usec 782499
src frame 100.0 time sec 1590979622 usec 782516
    Interpolator time 18530 usec
    getNextFrame 100.1 time 7199 usec
add frame 100.1 time sec 1590979622 usec 833063
src frame 101.0 time sec 1590979622 usec 833141
    Interpolator time 19356 usec
    getNextFrame 101.1 time 7347 usec
add frame 101.1 time sec 1590979622 usec 889264
src frame 102.0 time sec 1590979622 usec 889381
    Interpolator time 17890 usec
    getNextFrame 102.1 time 8234 usec
add frame 102.1 time sec 1590979622 usec 932497
src frame 103.0 time sec 1590979622 usec 932584
    Interpolator time 16901 usec
    getNextFrame 103.1 time 7868 usec
add frame 103.1 time sec 1590979622 usec 981796
src frame 104.0 time sec 1590979622 usec 981815
    Interpolator time 17462 usec
    getNextFrame 104.1 time 7216 usec
add frame 104.1 time sec 1590979623 usec 30659
src frame 105.0 time sec 1590979623 usec 30746
    Interpolator time 18049 usec
    getNextFrame 105.1 time 7860 usec
add frame 105.1 time sec 1590979623 usec 83001
src frame 106.0 time sec 1590979623 usec 83085
    Interpolator time 17999 usec
    getNextFrame 106.1 time 7395 usec
add frame 106.1 time sec 1590979623 usec 131819
src frame 107.0 time sec 1590979623 usec 131863
    Interpolator time 17553 usec
    getNextFrame 107.1 time 7403 usec
add frame 107.1 time sec 1590979623 usec 181529
src frame 108.0 time sec 1590979623 usec 181605
    Interpolator time 18150 usec
    getNextFrame 108.1 time 7278 usec
add frame 108.1 time sec 1590979623 usec 231431
src frame 109.0 time sec 1590979623 usec 231478
    Interpolator time 18534 usec
    getNextFrame 109.1 time 7843 usec
add frame 109.1 time sec 1590979623 usec 282514
src frame 110.0 time sec 1590979623 usec 282530
    Interpolator time 17746 usec
    getNextFrame 110.1 time 7187 usec
add frame 110.1 time sec 1590979623 usec 330483
src frame 111.0 time sec 1590979623 usec 330563
    Interpolator time 19569 usec
    getNextFrame 111.1 time 9218 usec
add frame 111.1 time sec 1590979623 usec 386551
src frame 112.0 time sec 1590979623 usec 386591
    Interpolator time 18881 usec
    getNextFrame 112.1 time 8076 usec
add frame 112.1 time sec 1590979623 usec 433926
src frame 113.0 time sec 1590979623 usec 433973
    Interpolator time 19988 usec
    getNextFrame 113.1 time 9098 usec
add frame 113.1 time sec 1590979623 usec 487974
src frame 114.0 time sec 1590979623 usec 487991
    Interpolator time 18669 usec
    getNextFrame 114.1 time 7678 usec
add frame 114.1 time sec 1590979623 usec 534031
src frame 115.0 time sec 1590979623 usec 534129
    Interpolator time 18500 usec
    getNextFrame 115.1 time 7722 usec
add frame 115.1 time sec 1590979623 usec 583295
src frame 116.0 time sec 1590979623 usec 583382
    Interpolator time 18848 usec
    getNextFrame 116.1 time 7621 usec
add frame 116.1 time sec 1590979623 usec 633492
src frame 117.0 time sec 1590979623 usec 633593
    Interpolator time 18923 usec
    getNextFrame 117.1 time 7796 usec
add frame 117.1 time sec 1590979623 usec 683927
src frame 118.0 time sec 1590979623 usec 683944
    Interpolator time 21143 usec
    getNextFrame 118.1 time 9511 usec
add frame 118.1 time sec 1590979623 usec 738524
src frame 119.0 time sec 1590979623 usec 738577
    Interpolator time 19810 usec
    getNextFrame 119.1 time 9511 usec
add frame 119.1 time sec 1590979623 usec 787825
src frame 120.0 time sec 1590979623 usec 787877
    Interpolator time 18415 usec
    getNextFrame 120.1 time 7342 usec
add frame 120.1 time sec 1590979623 usec 833626
src frame 121.0 time sec 1590979623 usec 833718
    Interpolator time 18434 usec
    getNextFrame 121.1 time 7488 usec
add frame 121.1 time sec 1590979623 usec 884331
src frame 122.0 time sec 1590979623 usec 884385
    Interpolator time 20005 usec
    getNextFrame 122.1 time 8173 usec
add frame 122.1 time sec 1590979623 usec 935430
src frame 123.0 time sec 1590979623 usec 935494
    Interpolator time 18980 usec
    getNextFrame 123.1 time 8109 usec
add frame 123.1 time sec 1590979623 usec 984887
src frame 124.0 time sec 1590979623 usec 984949
    Interpolator time 18786 usec
    getNextFrame 124.1 time 7565 usec
add frame 124.1 time sec 1590979624 usec 33556
src frame 125.0 time sec 1590979624 usec 33625
    Interpolator time 18662 usec
    getNextFrame 125.1 time 7739 usec
add frame 125.1 time sec 1590979624 usec 84145
src frame 126.0 time sec 1590979624 usec 84169
    Interpolator time 21591 usec
    getNextFrame 126.1 time 7704 usec
add frame 126.1 time sec 1590979624 usec 143340
src frame 127.0 time sec 1590979624 usec 143428
    Interpolator time 18240 usec
    getNextFrame 127.1 time 7625 usec
add frame 127.1 time sec 1590979624 usec 185862
src frame 128.0 time sec 1590979624 usec 185947
    Interpolator time 17941 usec
    getNextFrame 128.1 time 7679 usec
add frame 128.1 time sec 1590979624 usec 232232
src frame 129.0 time sec 1590979624 usec 232280
    Interpolator time 17814 usec
    getNextFrame 129.1 time 7056 usec
add frame 129.1 time sec 1590979624 usec 281246
src frame 130.0 time sec 1590979624 usec 281299
    Interpolator time 18227 usec
    getNextFrame 130.1 time 7452 usec
add frame 130.1 time sec 1590979624 usec 333448
src frame 131.0 time sec 1590979624 usec 333464
    Interpolator time 18477 usec
    getNextFrame 131.1 time 7235 usec
add frame 131.1 time sec 1590979624 usec 382707
src frame 132.0 time sec 1590979624 usec 382721
    Interpolator time 17881 usec
    getNextFrame 132.1 time 7060 usec
add frame 132.1 time sec 1590979624 usec 430325
src frame 133.0 time sec 1590979624 usec 430403
    Interpolator time 17831 usec
    getNextFrame 133.1 time 7110 usec
add frame 133.1 time sec 1590979624 usec 481054
src frame 134.0 time sec 1590979624 usec 481139
    Interpolator time 17266 usec
    getNextFrame 134.1 time 7402 usec
add frame 134.1 time sec 1590979624 usec 530106
src frame 135.0 time sec 1590979624 usec 530187
    Interpolator time 17960 usec
    getNextFrame 135.1 time 7148 usec
add frame 135.1 time sec 1590979624 usec 580711
src frame 136.0 time sec 1590979624 usec 580809
    Interpolator time 19333 usec
    getNextFrame 136.1 time 7520 usec
add frame 136.1 time sec 1590979624 usec 634225
src frame 137.0 time sec 1590979624 usec 634324
    Interpolator time 18610 usec
    getNextFrame 137.1 time 7592 usec
add frame 137.1 time sec 1590979624 usec 682825
src frame 138.0 time sec 1590979624 usec 682910
    Interpolator time 18612 usec
    getNextFrame 138.1 time 8113 usec
add frame 138.1 time sec 1590979624 usec 734102
src frame 139.0 time sec 1590979624 usec 734182
    Interpolator time 19541 usec
    getNextFrame 139.1 time 8133 usec
add frame 139.1 time sec 1590979624 usec 787603
src frame 140.0 time sec 1590979624 usec 787643
    Interpolator time 18690 usec
    getNextFrame 140.1 time 7361 usec
add frame 140.1 time sec 1590979624 usec 833387
src frame 141.0 time sec 1590979624 usec 833483
    Interpolator time 18565 usec
    getNextFrame 141.1 time 7382 usec
add frame 141.1 time sec 1590979624 usec 883432
src frame 142.0 time sec 1590979624 usec 883532
    Interpolator time 20156 usec
    getNextFrame 142.1 time 8157 usec
add frame 142.1 time sec 1590979624 usec 935856
src frame 143.0 time sec 1590979624 usec 935943
    Interpolator time 18327 usec
    getNextFrame 143.1 time 7813 usec
add frame 143.1 time sec 1590979624 usec 982898
src frame 144.0 time sec 1590979624 usec 982966
    Interpolator time 19290 usec
    getNextFrame 144.1 time 8042 usec
add frame 144.1 time sec 1590979625 usec 33522
src frame 145.0 time sec 1590979625 usec 33614
    Interpolator time 19070 usec
    getNextFrame 145.1 time 7962 usec
add frame 145.1 time sec 1590979625 usec 83613
src frame 146.0 time sec 1590979625 usec 83655
    Interpolator time 18512 usec
    getNextFrame 146.1 time 7469 usec
add frame 146.1 time sec 1590979625 usec 133310
src frame 147.0 time sec 1590979625 usec 133412
    Interpolator time 18822 usec
    getNextFrame 147.1 time 8450 usec
add frame 147.1 time sec 1590979625 usec 186544
src frame 148.0 time sec 1590979625 usec 186625
    Interpolator time 18923 usec
    getNextFrame 148.1 time 7316 usec
add frame 148.1 time sec 1590979625 usec 232954
src frame 149.0 time sec 1590979625 usec 233044
    Interpolator time 18367 usec
    getNextFrame 149.1 time 7776 usec
add frame 149.1 time sec 1590979625 usec 283850
src frame 150.0 time sec 1590979625 usec 283945
    Interpolator time 18406 usec
    getNextFrame 150.1 time 8523 usec
add frame 150.1 time sec 1590979625 usec 334000
src frame 151.0 time sec 1590979625 usec 334098
    Interpolator time 20020 usec
    getNextFrame 151.1 time 7323 usec
add frame 151.1 time sec 1590979625 usec 388351
src frame 152.0 time sec 1590979625 usec 388417
    Interpolator time 18672 usec
    getNextFrame 152.1 time 8700 usec
add frame 152.1 time sec 1590979625 usec 438833
src frame 153.0 time sec 1590979625 usec 438847
    Interpolator time 19602 usec
    getNextFrame 153.1 time 7669 usec
add frame 153.1 time sec 1590979625 usec 484761
src frame 154.0 time sec 1590979625 usec 484847
    Interpolator time 18917 usec
    getNextFrame 154.1 time 7511 usec
add frame 154.1 time sec 1590979625 usec 533200
src frame 155.0 time sec 1590979625 usec 533284
    Interpolator time 18084 usec
    getNextFrame 155.1 time 7431 usec
add frame 155.1 time sec 1590979625 usec 581706
src frame 156.0 time sec 1590979625 usec 581723
    Interpolator time 17850 usec
    getNextFrame 156.1 time 7043 usec
add frame 156.1 time sec 1590979625 usec 632014
src frame 157.0 time sec 1590979625 usec 632118
    Interpolator time 17752 usec
    getNextFrame 157.1 time 7113 usec
add frame 157.1 time sec 1590979625 usec 680317
src frame 158.0 time sec 1590979625 usec 680399
    Interpolator time 17778 usec
    getNextFrame 158.1 time 7305 usec
add frame 158.1 time sec 1590979625 usec 734135
src frame 159.0 time sec 1590979625 usec 734232
    Interpolator time 17539 usec
    getNextFrame 159.1 time 7165 usec
add frame 159.1 time sec 1590979625 usec 780057
src frame 160.0 time sec 1590979625 usec 780141
    Interpolator time 17995 usec
    getNextFrame 160.1 time 7308 usec
add frame 160.1 time sec 1590979625 usec 830672
src frame 161.0 time sec 1590979625 usec 830758
    Interpolator time 19456 usec
    getNextFrame 161.1 time 7583 usec
add frame 161.1 time sec 1590979625 usec 883126
src frame 162.0 time sec 1590979625 usec 883223
    Interpolator time 19351 usec
    getNextFrame 162.1 time 7091 usec
add frame 162.1 time sec 1590979625 usec 932764
src frame 163.0 time sec 1590979625 usec 932854
    Interpolator time 19594 usec
    getNextFrame 163.1 time 7617 usec
add frame 163.1 time sec 1590979625 usec 983731
src frame 164.0 time sec 1590979625 usec 983839
    Interpolator time 19105 usec
    getNextFrame 164.1 time 7451 usec
add frame 164.1 time sec 1590979626 usec 32893
src frame 165.0 time sec 1590979626 usec 32950
    Interpolator time 18668 usec
    getNextFrame 165.1 time 8281 usec
add frame 165.1 time sec 1590979626 usec 82904
src frame 166.0 time sec 1590979626 usec 82921
    Interpolator time 18773 usec
    getNextFrame 166.1 time 7492 usec
add frame 166.1 time sec 1590979626 usec 133832
src frame 167.0 time sec 1590979626 usec 133932
    Interpolator time 18532 usec
    getNextFrame 167.1 time 8172 usec
add frame 167.1 time sec 1590979626 usec 187001
src frame 168.0 time sec 1590979626 usec 187019
    Interpolator time 18809 usec
    getNextFrame 168.1 time 7897 usec
add frame 168.1 time sec 1590979626 usec 235837
src frame 169.0 time sec 1590979626 usec 235935
    Interpolator time 18927 usec
    getNextFrame 169.1 time 7296 usec
add frame 169.1 time sec 1590979626 usec 283799
src frame 170.0 time sec 1590979626 usec 283901
    Interpolator time 18678 usec
    getNextFrame 170.1 time 7681 usec
add frame 170.1 time sec 1590979626 usec 333246
src frame 171.0 time sec 1590979626 usec 333348
    Interpolator time 18850 usec
    getNextFrame 171.1 time 7992 usec
add frame 171.1 time sec 1590979626 usec 384488
src frame 172.0 time sec 1590979626 usec 384548
    Interpolator time 18621 usec
    getNextFrame 172.1 time 7938 usec
add frame 172.1 time sec 1590979626 usec 432674
src frame 173.0 time sec 1590979626 usec 432777
    Interpolator time 18749 usec
    getNextFrame 173.1 time 7717 usec
add frame 173.1 time sec 1590979626 usec 484212
src frame 174.0 time sec 1590979626 usec 484258
    Interpolator time 19215 usec
    getNextFrame 174.1 time 7937 usec
add frame 174.1 time sec 1590979626 usec 534149
src frame 175.0 time sec 1590979626 usec 534165
    Interpolator time 20390 usec
    getNextFrame 175.1 time 8615 usec
add frame 175.1 time sec 1590979626 usec 587405
src frame 176.0 time sec 1590979626 usec 587418
    Interpolator time 19083 usec
    getNextFrame 176.1 time 7570 usec
add frame 176.1 time sec 1590979626 usec 633386
src frame 177.0 time sec 1590979626 usec 633482
    Interpolator time 18061 usec
    getNextFrame 177.1 time 7117 usec
add frame 177.1 time sec 1590979626 usec 681544
src frame 178.0 time sec 1590979626 usec 681556
    Interpolator time 17832 usec
    getNextFrame 178.1 time 7263 usec
add frame 178.1 time sec 1590979626 usec 730405
src frame 179.0 time sec 1590979626 usec 730417
    Interpolator time 17621 usec
    getNextFrame 179.1 time 7054 usec
add frame 179.1 time sec 1590979626 usec 780893
src frame 180.0 time sec 1590979626 usec 780904
    Interpolator time 19145 usec
    getNextFrame 180.1 time 7151 usec
add frame 180.1 time sec 1590979626 usec 832351
src frame 181.0 time sec 1590979626 usec 832363
    Interpolator time 18105 usec
    getNextFrame 181.1 time 7265 usec
add frame 181.1 time sec 1590979626 usec 880586
src frame 182.0 time sec 1590979626 usec 880596
    Interpolator time 17814 usec
    getNextFrame 182.1 time 7101 usec
add frame 182.1 time sec 1590979626 usec 931451
src frame 183.0 time sec 1590979626 usec 931534
    Interpolator time 18976 usec
    getNextFrame 183.1 time 7289 usec
add frame 183.1 time sec 1590979626 usec 983647
src frame 184.0 time sec 1590979626 usec 983767
    Interpolator time 18247 usec
    getNextFrame 184.1 time 7214 usec
add frame 184.1 time sec 1590979627 usec 34683
src frame 185.0 time sec 1590979627 usec 34779
    Interpolator time 19247 usec
    getNextFrame 185.1 time 7601 usec
add frame 185.1 time sec 1590979627 usec 87559
src frame 186.0 time sec 1590979627 usec 87572
    Interpolator time 17857 usec
    getNextFrame 186.1 time 7478 usec
add frame 186.1 time sec 1590979627 usec 136213
src frame 187.0 time sec 1590979627 usec 136227
    Interpolator time 19628 usec
    getNextFrame 187.1 time 7668 usec
add frame 187.1 time sec 1590979627 usec 185261
src frame 188.0 time sec 1590979627 usec 185304
    Interpolator time 18175 usec
    getNextFrame 188.1 time 7868 usec
add frame 188.1 time sec 1590979627 usec 232374
src frame 189.0 time sec 1590979627 usec 232469
    Interpolator time 19381 usec
    getNextFrame 189.1 time 7670 usec
add frame 189.1 time sec 1590979627 usec 283756
src frame 190.0 time sec 1590979627 usec 283865
    Interpolator time 19404 usec
    getNextFrame 190.1 time 7476 usec
add frame 190.1 time sec 1590979627 usec 333834
src frame 191.0 time sec 1590979627 usec 333917
    Interpolator time 19795 usec
    getNextFrame 191.1 time 8441 usec
add frame 191.1 time sec 1590979627 usec 384788
src frame 192.0 time sec 1590979627 usec 384879
    Interpolator time 17900 usec
    getNextFrame 192.1 time 7478 usec
add frame 192.1 time sec 1590979627 usec 431644
src frame 193.0 time sec 1590979627 usec 431741
    Interpolator time 18769 usec
    getNextFrame 193.1 time 7304 usec
add frame 193.1 time sec 1590979627 usec 485236
src frame 194.0 time sec 1590979627 usec 485334
    Interpolator time 17703 usec
    getNextFrame 194.1 time 7794 usec
add frame 194.1 time sec 1590979627 usec 531265
src frame 195.0 time sec 1590979627 usec 531365
    Interpolator time 17734 usec
    getNextFrame 195.1 time 7932 usec
add frame 195.1 time sec 1590979627 usec 582849
src frame 196.0 time sec 1590979627 usec 582862
    Interpolator time 17548 usec
    getNextFrame 196.1 time 7234 usec
add frame 196.1 time sec 1590979627 usec 630907
src frame 197.0 time sec 1590979627 usec 630919
    Interpolator time 17553 usec
    getNextFrame 197.1 time 7205 usec
add frame 197.1 time sec 1590979627 usec 680500
src frame 198.0 time sec 1590979627 usec 680512
    Interpolator tim