#Date       Time        gpu        pid  type    sm   mem   enc   dec   command
#YYYYMMDD   HH:MM:SS    Idx          #   C/G     %     %     %     %   name
 20200604   18:05:03      0       1497     G     0     0     0     0   Xorg           
 20200604   18:05:03      0       1608     G     0     0     0     0   gnome-shell    
 20200604   18:05:03      0       1823     G     0     0     0     0   Xorg           
 20200604   18:05:03      0       2214     G     0     0     0     0   gnome-shell    
 20200604   18:05:03      0       2835     G     0     0     0     0   electron-ssr --
 20200604   18:05:03      0       2901     G     0     0     0     0   code --type=gpu
 20200604   18:05:03      0       9759     G     0     0     0     0   firefox        
 20200604   18:05:04      0       1497     G     0     0     0     0   Xorg           
 20200604   18:05:04      0       1608     G     0     0     0     0   gnome-shell    
 20200604   18:05:04      0       1823     G     2     0     0     0   Xorg           
 20200604   18:05:04      0       2214     G     0     0     0     0   gnome-shell    
 20200604   18:05:04      0       2835     G     0     0     0     0   electron-ssr --
 20200604   18:05:04      0       2901     G     0     0     0     0   code --type=gpu
 20200604   18:05:04      0       9759     G     0     0     0     0   firefox        
 20200604   18:05:05      0       1497     G     0     0     0     0   Xorg           
 20200604   18:05:05      0       1608     G     0     0     0     0   gnome-shell    
 20200604   18:05:05      0       1823     G     0     0     0     0   Xorg           
 20200604   18:05:05      0       2214     G     0     0     0     0   gnome-shell    
 20200604   18:05:05      0       2835     G     0     0     0     0   electron-ssr --
 20200604   18:05:05      0       2901     G     0     0     0     0   code --type=gpu
 20200604   18:05:05      0       9759     G     0     0     0     0   firefox        
 20200604   18:05:06      0       1497     G     0     0     0     0   Xorg           
 20200604   18:05:06      0       1608     G     0     0     0     0   gnome-shell    
 20200604   18:05:06      0       1823     G     0     0     0     0   Xorg           
 20200604   18:05:06      0       2214     G     0     0     0     0   gnome-shell    
 20200604   18:05:06      0       2835     G     0     0     0     0   electron-ssr --
 20200604   18:05:06      0       2901     G     0     0     0     0   code --type=gpu
 20200604   18:05:06      0       9759     G     0     0     0     0   firefox        
 20200604   18:05:07      0       1497     G     0     0     0     0   Xorg           
 20200604   18:05:07      0       1608     G     0     0     0     0   gnome-shell    
 20200604   18:05:07      0       1823     G     0     0     0     0   Xorg           
 20200604   18:05:07      0       2214     G     0     0     0     0   gnome-shell    
 20200604   18:05:07      0       2835     G     0     0     0     0   electron-ssr --
 20200604   18:05:07      0       2901     G     0     0     0     0   code --type=gpu
 20200604   18:05:07      0       9759     G     0     0     0     0   firefox        
 20200604   18:05:08      0       1497     G     0     0     0     0   Xorg           
 20200604   18:05:08      0       1608     G     0     0     0     0   gnome-shell    
 20200604   18:05:08      0       1823     G     0     0     0     0   Xorg           
 20200604   18:05:08      0       2214     G     0     0     0     0   gnome-shell    
 20200604   18:05:08      0       2835     G     0     0     0     0   electron-ssr --
 20200604   18:05:08      0       2901     G     0     0     0     0   code --type=gpu
 20200604   18:05:08      0       9759     G     0     0     0     0   firefox        
 20200604   18:05:09      0       1497     G     0     0     0     0   Xorg           
 20200604   18:05:09      0       1608     G     0     0     0     0   gnome-shell    
#Date       Time        gpu        pid  type    sm   mem   enc   dec   command
#YYYYMMDD   HH:MM:SS    Idx          #   C/G     %     %     %     %   name
 20200604   18:05:09      0       1823     G     1     0     0     0   Xorg           
 20200604   18:05:09      0       2214     G     0     0     0     0   gnome-shell    
 20200604   18:05:09      0       2835     G     0     0     0     0   electron-ssr --
 20200604   18:05:09      0       2901     G     0     0     0     0   code --type=gpu
 20200604   18:05:09      0       9759     G     0     0     0     0   firefox        
 20200604   18:05:10      0       1497     G     0     0     0     0   Xorg           
 20200604   18:05:10      0       1608     G     0     0     0     0   gnome-shell    
 20200604   18:05:10      0       1823     G     1     0     0     0   Xorg           
 20200604   18:05:10      0       2214     G     0     0     0     0   gnome-shell    
 20200604   18:05:10      0       2835     G     0     0     0     0   electron-ssr --
 20200604   18:05:10      0       2901     G     0     0     0     0   code --type=gpu
 20200604   18:05:10      0       9759     G     0     0     0     0   firefox        
 20200604   18:05:11      0       1497     G     0     0     0     0   Xorg           
 20200604   18:05:11      0       1608     G     0     0     0     0   gnome-shell    
 20200604   18:05:11      0       1823     G     3     0     0     0   Xorg           
 20200604   18:05:11      0       2214     G     0     0     0     0   gnome-shell    
 20200604   18:05:11      0       2835     G     0     0     0     0   electron-ssr --
 20200604   18:05:11      0       2901     G     0     0     0     0   code --type=gpu
 20200604   18:05:11      0       9759     G     0     0     0     0   firefox        
 20200604   18:05:11      0      19016     G     0     0     0     0   surfgrid       
 20200604   18:05:11      0      19018     G     0     0     0     0   cgl-render     
 20200604   18:05:12      0       1497     G     0     0     0     0   Xorg           
 20200604   18:05:12      0       1608     G     0     0     0     0   gnome-shell    
 20200604   18:05:12      0       1823     G     6     0     0     0   Xorg           
 20200604   18:05:12      0       2214     G     0     0     0     0   gnome-shell    
 20200604   18:05:12      0       2835     G     0     0     0     0   electron-ssr --
 20200604   18:05:12      0       2901     G     0     0     0     0   code --type=gpu
 20200604   18:05:12      0       9759     G     0     0     0     0   firefox        
 20200604   18:05:12      0      19016     G     0     0     0     0   surfgrid       
 20200604   18:05:12      0      19018     G     0     0     0     0   cgl-render     
 20200604   18:05:13      0       1497     G     0     0     0     0   Xorg           
 20200604   18:05:13      0       1608     G     0     0     0     0   gnome-shell    
 20200604   18:05:13      0       1823     G     8     0     0     0   Xorg           
 20200604   18:05:13      0       2214     G     0     0     0     0   gnome-shell    
 20200604   18:05:13      0       2835     G     0     0     0     0   electron-ssr --
 20200604   18:05:13      0       2901     G     0     0     0     0   code --type=gpu
 20200604   18:05:13      0       9759     G     0     0     0     0   firefox        
 20200604   18:05:13      0      19016     G     0     0     0     0   surfgrid       
 20200604   18:05:13      0      19018     G     0     0     0     0   cgl-render     
 20200604   18:05:14      0       1497     G     0     0     0     0   Xorg           
 20200604   18:05:14      0       1608     G     0     0     0     0   gnome-shell    
 20200604   18:05:14      0       1823     G     5     0     0     0   Xorg           
 20200604   18:05:14      0       2214     G     0     0     0     0   gnome-shell    
 20200604   18:05:14      0       2835     G     0     0     0     0   electron-ssr --
#Date       Time        gpu        pid  type    sm   mem   enc   dec   command
#YYYYMMDD   HH:MM:SS    Idx          #   C/G     %     %     %     %   name
 20200604   18:05:14      0       2901     G     0     0     0     0   code --type=gpu
 20200604   18:05:14      0       9759     G     0     0     0     0   firefox        
 20200604   18:05:14      0      19016     G     0     0     0     0   surfgrid       
 20200604   18:05:14      0      19018     G     1     0     0     0   cgl-render     
 20200604   18:05:15      0       1497     G     0     0     0     0   Xorg           
 20200604   18:05:15      0       1608     G     0     0     0     0   gnome-shell    
 20200604   18:05:15      0       1823     G     4     0     0     0   Xorg           
 20200604   18:05:15      0       2214     G     3     0     0     0   gnome-shell    
 20200604   18:05:15      0       2835     G     0     0     0     0   electron-ssr --
 20200604   18:05:15      0       2901     G     0     0     0     0   code --type=gpu
 20200604   18:05:15      0       9759     G     0     0     0     0   firefox        
 20200604   18:05:15      0      19016     G     0     0     0     0   surfgrid       
 20200604   18:05:15      0      19018     G     3     0     0     0   cgl-render     
 20200604   18:05:16      0       1497     G     0     0     0     0   Xorg           
 20200604   18:05:16      0       1608     G     0     0     0     0   gnome-shell    
 20200604   18:05:16      0       1823     G     7     1     0     0   Xorg           
 20200604   18:05:16      0       2214     G     3     0     0     0   gnome-shell    
 20200604   18:05:16      0       2835     G     0     0     0     0   electron-ssr --
 20200604   18:05:16      0       2901     G     0     0     0     0   code --type=gpu
 20200604   18:05:16      0       9759     G     0     0     0     0   firefox        
 20200604   18:05:16      0      19016     G     0     0     0     0   surfgrid       
 20200604   18:05:16      0      19018     G     2     0     0     0   cgl-render     
 20200604   18:05:17      0       1497     G     0     0     0     0   Xorg           
 20200604   18:05:17      0       1608     G     0     0     0     0   gnome-shell    
 20200604   18:05:17      0       1823     G     4     0     0     0   Xorg           
 20200604   18:05:17      0       2214     G     5     0     0     0   gnome-shell    
 20200604   18:05:17      0       2835     G     0     0     0     0   electron-ssr --
 20200604   18:05:17      0       2901     G     0     0     0     0   code --type=gpu
 20200604   18:05:17      0       9759     G     0     0     0     0   firefox        
 20200604   18:05:17      0      19016     G     0     0     0     0   surfgrid       
 20200604   18:05:17      0      19018     G     0     0     0     0   cgl-render     
 20200604   18:05:18      0       1497     G     0     0     0     0   Xorg           
 20200604   18:05:18      0       1608     G     0     0     0     0   gnome-shell    
 20200604   18:05:18      0       1823     G     4     0     0     0   Xorg           
 20200604   18:05:18      0       2214     G     5     0     0     0   gnome-shell    
 20200604   18:05:18      0       2835     G     0     0     0     0   electron-ssr --
 20200604   18:05:18      0       2901     G     0     0     0     0   code --type=gpu
 20200604   18:05:18      0       9759     G     0     0     0     0   firefox        
 20200604   18:05:18      0      19016     G     0     0     0     0   surfgrid       
 20200604   18:05:18      0      19018     G     0     0     0     0   cgl-render     
 20200604   18:05:19      0       1497     G     0     0     0     0   Xorg           
 20200604   18:05:19      0       1608     G     0     0     0     0   gnome-shell    
 20200604   18:05:19      0       1823     G     3     0     0     0   Xorg           
 20200604   18:05:19      0       2214     G     0     0     0     0   gnome-shell    
#Date       Time        gpu        pid  type    sm   mem   enc   dec   command
#YYYYMMDD   HH:MM:SS    Idx          #   C/G     %     %     %     %   name
 20200604   18:05:19      0       2835     G     0     0     0     0   electron-ssr --
 20200604   18:05:19      0       2901     G     0     0     0     0   code --type=gpu
 20200604   18:05:19      0       9759     G     0     0     0     0   firefox        
 20200604   18:05:19      0      19016     G     0     0     0     0   surfgrid       
 20200604   18:05:19      0      19018     G     2     0     0     0   cgl-render     
 20200604   18:05:20      0       1497     G     0     0     0     0   Xorg           
 20200604   18:05:20      0       1608     G     0     0     0     0   gnome-shell    
 20200604   18:05:20      0       1823     G     4     0     0     0   Xorg           
 20200604   18:05:20      0       2214     G     0     0     0     0   gnome-shell    
 20200604   18:05:20      0       2835     G     0     0     0     0   electron-ssr --
 20200604   18:05:20      0       2901     G     0     0     0     0   code --type=gpu
 20200604   18:05:20      0       9759     G     0     0     0     0   firefox        
 20200604   18:05:20      0      19016     G     0     0     0     0   surfgrid       
 20200604   18:05:20      0      19018     G     1     0     0     0   cgl-render     
 20200604   18:05:21      0       1497     G     0     0     0     0   Xorg           
 20200604   18:05:21      0       1608     G     0     0     0     0   gnome-shell    
 20200604   18:05:21      0       1823     G     7     0     0     0   Xorg           
 20200604   18:05:21      0       2214     G     0     0     0     0   gnome-shell    
 20200604   18:05:21      0       2835     G     0     0     0     0   electron-ssr --
 20200604   18:05:21      0       2901     G     0     0     0     0   code --type=gpu
 20200604   18:05:21      0       9759     G     0     0     0     0   firefox        
 20200604   18:05:21      0      19016     G     0     0     0     0   surfgrid       
 20200604   18:05:21      0      19018     G     3     0     0     0   cgl-render     
 20200604   18:05:22      0       1497     G     0     0     0     0   Xorg           
 20200604   18:05:22      0       1608     G     0     0     0     0   gnome-shell    
 20200604   18:05:22      0       1823     G     7     0     0     0   Xorg           
 20200604   18:05:22      0       2214     G     2     0     0     0   gnome-shell    
 20200604   18:05:22      0       2835     G     0     0     0     0   electron-ssr --
 20200604   18:05:22      0       2901     G     0     0     0     0   code --type=gpu
 20200604   18:05:22      0       9759     G     0     0     0     0   firefox        
 20200604   18:05:22      0      19016     G     0     0     0     0   surfgrid       
 20200604   18:05:22      0      19018     G     0     0     0     0   cgl-render     
 20200604   18:05:23      0       1497     G     0     0     0     0   Xorg           
 20200604   18:05:23      0       1608     G     0     0     0     0   gnome-shell    
 20200604   18:05:23      0       1823     G    10     0     0     0   Xorg           
 20200604   18:05:23      0       2214     G     0     0     0     0   gnome-shell    
 20200604   18:05:23      0       2835     G     0     0     0     0   electron-ssr --
 20200604   18:05:23      0       2901     G     0     0     0     0   code --type=gpu
 20200604   18:05:23      0       9759     G     0     0     0     0   firefox        
 20200604   18:05:23      0      19016     G     0     0     0     0   surfgrid       
 20200604   18:05:23      0      19018     G     3     0     0     0   cgl-render     
 20200604   18:05:24      0       1497     G     0     0     0     0   Xorg           
 20200604   18:05:24      0       1608     G     0     0     0     0   gnome-shell    
 20200604   18:05:24      0       1823     G    10     0     0     0   Xorg           
#Date       Time        gpu        pid  type    sm   mem   enc   dec   command
#YYYYMMDD   HH:MM:SS    Idx          #   C/G     %     %     %     %   name
 20200604   18:05:24      0       2214     G     0     0     0     0   gnome-shell    
 20200604   18:05:24      0       2835     G     0     0     0     0   electron-ssr --
 20200604   18:05:24      0       2901     G     0     0     0     0   code --type=gpu
 20200604   18:05:24      0       9759     G     0     0     0     0   firefox        
 20200604   18:05:24      0      19016     G     0     0     0     0   surfgrid       
 20200604   18:05:24      0      19018     G     6     0     0     0   cgl-render     
 20200604   18:05:25      0       1497     G     0     0     0     0   Xorg           
 20200604   18:05:25      0       1608     G     0     0     0     0   gnome-shell    
 20200604   18:05:25      0       1823     G     4     0     0     0   Xorg           
 20200604   18:05:25      0       2214     G     0     0     0     0   gnome-shell    
 20200604   18:05:25      0       2835     G     0     0     0     0   electron-ssr --
 20200604   18:05:25      0       2901     G     0     0     0     0   code --type=gpu
 20200604   18:05:25      0       9759     G     0     0     0     0   firefox        
 20200604   18:05:25      0      19016     G     0     0     0     0   surfgrid       
 20200604   18:05:25      0      19018     G     2     0     0     0   cgl-render     
 20200604   18:05:26      0       1497     G     0     0     0     0   Xorg           
 20200604   18:05:26      0       1608     G     0     0     0     0   gnome-shell    
 20200604   18:05:26      0       1823     G     5     0     0     0   Xorg           
 20200604   18:05:26      0       2214     G     0     0     0     0   gnome-shell    
 20200604   18:05:26      0       2835     G     0     0     0     0   electron-ssr --
 20200604   18:05:26      0       2901     G     0     0     0     0   code --type=gpu
 20200604   18:05:26      0       9759     G     0     0     0     0   firefox        
 20200604   18:05:26      0      19016     G     0     0     0     0   surfgrid       
 20200604   18:05:26      0      19018     G     1     0     0     0   cgl-render     
 20200604   18:05:27      0       1497     G     0     0     0     0   Xorg           
 20200604   18:05:27      0       1608     G     0     0     0     0   gnome-shell    
 20200604   18:05:27      0       1823     G     5     0     0     0   Xorg           
 20200604   18:05:27      0       2214     G     0     0     0     0   gnome-shell    
 20200604   18:05:27      0       2835     G     0     0     0     0   electron-ssr --
 20200604   18:05:27      0       2901     G     0     0     0     0   code --type=gpu
 20200604   18:05:27      0       9759     G     0     0     0     0   firefox        
 20200604   18:05:27      0      19016     G     0     0     0     0   surfgrid       
 20200604   18:05:27      0      19018     G     2     0     0     0   cgl-render     
 20200604   18:05:28      0       1497     G     0     0     0     0   Xorg           
 20200604   18:05:28      0       1608     G     0     0     0     0   gnome-shell    
 20200604   18:05:28      0       1823     G     7     0     0     0   Xorg           
 20200604   18:05:28      0       2214     G     0     0     0     0   gnome-shell    
 20200604   18:05:28      0       2835     G     0     0     0     0   electron-ssr --
 20200604   18:05:28      0       2901     G     0     0     0     0   code --type=gpu
 20200604   18:05:28      0       9759     G     0     0     0     0   firefox        
 20200604   18:05:28      0      19016     G     0     0     0     0   surfgrid       
 20200604   18:05:28      0      19018     G     1     0     0     0   cgl-render     
 20200604   18:05:29      0       1497     G     0     0     0     0   Xorg           
 20200604   18:05:29      0       1608     G     0     0     0     0   gnome-shell    
#Date       Time        gpu        pid  type    sm   mem   enc   dec   command
#YYYYMMDD   HH:MM:SS    Idx          #   C/G     %     %     %     %   name
 20200604   18:05:29      0       1823     G     5     0     0     0   Xorg           
 20200604   18:05:29      0       2214     G     0     0     0     0   gnome-shell    
 20200604   18:05:29      0       2835     G     0     0     0     0   electron-ssr --
 20200604   18:05:29      0       2901     G     0     0     0     0   code --type=gpu
 20200604   18:05:29      0       9759     G     0     0     0     0   firefox        
 20200604   18:05:29      0      19016     G     0     0     0     0   surfgrid       
 20200604   18:05:29      0      19018     G     2     0     0     0   cgl-render     
 20200604   18:05:30      0       1497     G     0     0     0     0   Xorg           
 20200604   18:05:30      0       1608     G     0     0     0     0   gnome-shell    
 20200604   18:05:30      0       1823     G     7     0     0     0   Xorg           
 20200604   18:05:30      0       2214     G     0     0     0     0   gnome-shell    
 20200604   18:05:30      0       2835     G     0     0     0     0   electron-ssr --
 20200604   18:05:30      0       2901     G     0     0     0     0   code --type=gpu
 20200604   18:05:30      0       9759     G     0     0     0     0   firefox        
 20200604   18:05:30      0      19016     G     1     0     0     0   surfgrid       
 20200604   18:05:30      0      19018     G     2     0     0     0   cgl-render     
 20200604   18:05:31      0       1497     G     0     0     0     0   Xorg           
 20200604   18:05:31      0       1608     G     0     0     0     0   gnome-shell    
 20200604   18:05:31      0       1823     G     8     1     0     0   Xorg           
 20200604   18:05:31      0       2214     G     0     0     0     0   gnome-shell    
 20200604   18:05:31      0       2835     G     0     0     0     0   electron-ssr --
 20200604   18:05:31      0       2901     G     0     0     0     0   code --type=gpu
 20200604   18:05:31      0       9759     G     0     0     0     0   firefox        
 20200604   18:05:31      0      19016     G     1     0     0     0   surfgrid       
 20200604   18:05:31      0      19018     G     1     0     0     0   cgl-render     
 20200604   18:05:32      0       1497     G     0     0     0     0   Xorg           
 20200604   18:05:32      0       1608     G     0     0     0     0   gnome-shell    
 20200604   18:05:32      0       1823     G    13     1     0     0   Xorg           
 20200604   18:05:32      0       2214     G     0     0     0     0   gnome-shell    
 20200604   18:05:32      0       2835     G     0     0     0     0   electron-ssr --
 20200604   18:05:32      0       2901     G     0     0     0     0   code --type=gpu
 20200604   18:05:32      0       9759     G     0     0     0     0   firefox        
 20200604   18:05:32      0      19016     G     0     0     0     0   surfgrid       
 20200604   18:05:32      0      19018     G     4     0     0     0   cgl-render     
 20200604   18:05:33      0       1497     G     0     0     0     0   Xorg           
 20200604   18:05:33      0       1608     G     0     0     0     0   gnome-shell    
 20200604   18:05:33      0       1823     G    19     2     0     0   Xorg           
 20200604   18:05:33      0       2214     G     0     0     0     0   gnome-shell    
 20200604   18:05:33      0       2835     G     0     0     0     0   electron-ssr --
 20200604   18:05:33      0       2901     G     0     0     0     0   code --type=gpu
 20200604   18:05:33      0       9759     G     0     0     0     0   firefox        
 20200604   18:05:33      0      19016     G     0     0     0     0   surfgrid       
 20200604   18:05:33      0      19018     G     5     0     0     0   cgl-render     
 20200604   18:05:34      0       1497     G     0     0     0     0   Xorg           
#Date       Time        gpu        pid  type    sm   mem   enc   dec   command
#YYYYMMDD   HH:MM:SS    Idx          #   C/G     %     %     %     %   name
 20200604   18:05:34      0       1608     G     0     0     0     0   gnome-shell    
 20200604   18:05:34      0       1823     G    17     2     0     0   Xorg           
 20200604   18:05:34      0       2214     G     0     0     0     0   gnome-shell    
 20200604   18:05:34      0       2835     G     0     0     0     0   electron-ssr --
 20200604   18:05:34      0       2901     G     0     0     0     0   code --type=gpu
 20200604   18:05:34      0       9759     G     0     0     0     0   firefox        
 20200604   18:05:34      0      19016     G     0     0     0     0   surfgrid       
 20200604   18:05:34      0      19018     G     5     0     0     0   cgl-render     
 20200604   18:05:35      0       1497     G     0     0     0     0   Xorg           
 20200604   18:05:35      0       1608     G     0     0     0     0   gnome-shell    
 20200604   18:05:35      0       1823     G    18     2     0     0   Xorg           
 20200604   18:05:35      0       2214     G     0     0     0     0   gnome-shell    
 20200604   18:05:35      0       2835     G     0     0     0     0   electron-ssr --
 20200604   18:05:35      0       2901     G     0     0     0     0   code --type=gpu
 20200604   18:05:35      0       9759     G     0     0     0     0   firefox        
 20200604   18:05:35      0      19016     G     0     0     0     0   surfgrid       
 20200604   18:05:35      0      19018     G     5     0     0     0   cgl-render     
 20200604   18:05:36      0       1497     G     0     0     0     0   Xorg           
 20200604   18:05:36      0       1608     G     0     0     0     0   gnome-shell    
 20200604   18:05:36      0       1823     G    20     2     0     0   Xorg           
 20200604   18:05:36      0       2214     G     0     0     0     0   gnome-shell    
 20200604   18:05:36      0       2835     G     0     0     0     0   electron-ssr --
 20200604   18:05:36      0       2901     G     0     0     0     0   code --type=gpu
 20200604   18:05:36      0       9759     G     0     0     0     0   firefox        
 20200604   18:05:36      0      19016     G     0     0     0     0   surfgrid       
 20200604   18:05:36      0      19018     G     4     0     0     0   cgl-render     
 20200604   18:05:37      0       1497     G     0     0     0     0   Xorg           
 20200604   18:05:37      0       1608     G     0     0     0     0   gnome-shell    
 20200604   18:05:37      0       1823     G    23     2     0     0   Xorg           
 20200604   18:05:37      0       2214     G     0     0     0     0   gnome-shell    
 20200604   18:05:37      0       2835     G     0     0     0     0   electron-ssr --
 20200604   18:05:37      0       2901     G     0     0     0     0   code --type=gpu
 20200604   18:05:37      0       9759     G     0     0     0     0   firefox        
 20200604   18:05:37      0      19016     G     0     0     0     0   surfgrid       
 20200604   18:05:37      0      19018     G     0     0     0     0   cgl-render     
 20200604   18:05:38      0       1497     G     0     0     0     0   Xorg           
 20200604   18:05:38      0       1608     G     0     0     0     0   gnome-shell    
 20200604   18:05:38      0       1823     G    13     0     0     0   Xorg           
 20200604   18:05:38      0       2214     G     0     0     0     0   gnome-shell    
 20200604   18:05:38      0       2835     G     0     0     0     0   electron-ssr --
 20200604   18:05:38      0       2901     G     0     0     0     0   code --type=gpu
 20200604   18:05:38      0       9759     G     0     0     0     0   firefox        
 20200604   18:05:38      0      19016     G     0     0     0     0   surfgrid       
 20200604   18:05:38      0      19018     G     4     0     0     0   cgl-render     
#Date       Time        gpu        pid  type    sm   mem   enc   dec   command
#YYYYMMDD   HH:MM:SS    Idx          #   C/G     %     %     %     %   name
 20200604   18:05:39      0       1497     G     0     0     0     0   Xorg           
 20200604   18:05:39      0       1608     G     0     0     0     0   gnome-shell    
 20200604   18:05:39      0       1823     G     6     0     0     0   Xorg           
 20200604   18:05:39      0       2214     G     2     0     0     0   gnome-shell    
 20200604   18:05:39      0       2835     G     0     0     0     0   electron-ssr --
 20200604   18:05:39      0       2901     G     0     0     0     0   code --type=gpu
 20200604   18:05:39      0       9759     G     0     0     0     0   firefox        
 20200604   18:05:39      0      19016     G     0     0     0     0   surfgrid       
 20200604   18:05:39      0      19018     G     4     0     0     0   cgl-render     
 20200604   18:05:40      0       1497     G     0     0     0     0   Xorg           
 20200604   18:05:40      0       1608     G     0     0     0     0   gnome-shell    
 20200604   18:05:40      0       1823     G     6     0     0     0   Xorg           
 20200604   18:05:40      0       2214     G     2     0     0     0   gnome-shell    
 20200604   18:05:40      0       2835     G     0     0     0     0   electron-ssr --
 20200604   18:05:40      0       2901     G     0     0     0     0   code --type=gpu
 20200604   18:05:40      0       9759     G     0     0     0     0   firefox        
 20200604   18:05:40      0      19016     G     0     0     0     0   surfgrid       
 20200604   18:05:40      0      19018     G     1     0     0     0   cgl-render     
 20200604   18:05:41      0       1497     G     0     0     0     0   Xorg           
 20200604   18:05:41      0       1608     G     0     0     0     0   gnome-shell    
 20200604   18:05:41      0       1823     G     5     0     0     0   Xorg           
 20200604   18:05:41      0       2214     G     0     0     0     0   gnome-shell    
 20200604   18:05:41      0       2835     G     0     0     0     0   electron-ssr --
 20200604   18:05:41      0       2901     G     0     0     0     0   code --type=gpu
 20200604   18:05:41      0       9759     G     0     0     0     0   firefox        
 20200604   18:05:41      0      19016     G     0     0     0     0   surfgrid       
 20200604   18:05:41      0      19018     G     1     0     0     0   cgl-render     
 20200604   18:05:42      0       1497     G     0     0     0     0   Xorg           
 20200604   18:05:42      0       1608     G     0     0     0     0   gnome-shell    
 20200604   18:05:42      0       1823     G     4     0     0     0   Xorg           
 20200604   18:05:42      0       2214     G     0     0     0     0   gnome-shell    
 20200604   18:05:42      0       2835     G     0     0     0     0   electron-ssr --
 20200604   18:05:42      0       2901     G     0     0     0     0   code --type=gpu
 20200604   18:05:42      0       9759     G     0     0     0     0   firefox        
 20200604   18:05:42      0      19016     G     0     0     0     0   surfgrid       
 20200604   18:05:42      0      19018     G     2     0     0     0   cgl-render     
 20200604   18:05:43      0       1497     G     0     0     0     0   Xorg           
 20200604   18:05:43      0       1608     G     0     0     0     0   gnome-shell    
 20200604   18:05:43      0       1823     G     3     0     0     0   Xorg           
 20200604   18:05:43      0       2214     G     0     0     0     0   gnome-shell    
 20200604   18:05:43      0       2835     G     0     0     0     0   electron-ssr --
 20200604   18:05:43      0       2901     G     0     0     0     0   code --type=gpu
 20200604   18:05:43      0       9759     G     0     0     0     0   firefox        
 20200604   18:05:43      0      19016     G     0     0     0     0   surfgrid       
#Date       Time        gpu        pid  type    sm   mem   enc   dec   command
#YYYYMMDD   HH:MM:SS    Idx          #   C/G     %     %     %     %   name
 20200604   18:05:43      0      19018     G     2     0     0     0   cgl-render     
 20200604   18:05:44      0       1497     G     0     0     0     0   Xorg           
 20200604   18:05:44      0       1608     G     0     0     0     0   gnome-shell    
 20200604   18:05:44      0       1823     G     4     0     0     0   Xorg           
 20200604   18:05:44      0       2214     G     0     0     0     0   gnome-shell    
 20200604   18:05:44      0       2835     G     0     0     0     0   electron-ssr --
 20200604   18:05:44      0       2901     G     0     0     0     0   code --type=gpu
 20200604   18:05:44      0       9759     G     0     0     0     0   firefox        
 20200604   18:05:44      0      19016     G     0     0     0     0   surfgrid       
 20200604   18:05:44      0      19018     G     1     0     0     0   cgl-render     
 20200604   18:05:45      0       1497     G     0     0     0     0   Xorg           
 20200604   18:05:45      0       1608     G     0     0     0     0   gnome-shell    
 20200604   18:05:45      0       1823     G     6     0     0     0   Xorg           
 20200604   18:05:45      0       2214     G     0     0     0     0   gnome-shell    
 20200604   18:05:45      0       2835     G     0     0     0     0   electron-ssr --
 20200604   18:05:45      0       2901     G     0     0     0     0   code --type=gpu
 20200604   18:05:45      0       9759     G     0     0     0     0   firefox        
 20200604   18:05:45      0      19016     G     0     0     0     0   surfgrid       
 20200604   18:05:45      0      19018     G     0     0     0     0   cgl-render     
 20200604   18:05:46      0       1497     G     0     0     0     0   Xorg           
 20200604   18:05:46      0       1608     G     0     0     0     0   gnome-shell    
 20200604   18:05:46      0       1823     G     5     0     0     0   Xorg           
 20200604   18:05:46      0       2214     G     0     0     0     0   gnome-shell    
 20200604   18:05:46      0       2835     G     0     0     0     0   electron-ssr --
 20200604   18:05:46      0       2901     G     0     0     0     0   code --type=gpu
 20200604   18:05:46      0       9759     G     0     0     0     0   firefox        
 20200604   18:05:46      0      19016     G     0     0     0     0   surfgrid       
 20200604   18:05:46      0      19018     G     1     0     0     0   cgl-render     
 20200604   18:05:47      0       1497     G     0     0     0     0   Xorg           
 20200604   18:05:47      0       1608     G     0     0     0     0   gnome-shell    
 20200604   18:05:47      0       1823     G     6     0     0     0   Xorg           
 20200604   18:05:47      0       2214     G     1     0     0     0   gnome-shell    
 20200604   18:05:47      0       2835     G     0     0     0     0   electron-ssr --
 20200604   18:05:47      0       2901     G     0     0     0     0   code --type=gpu
 20200604   18:05:47      0       9759     G     0     0     0     0   firefox        
 20200604   18:05:47      0      19016     G     0     0     0     0   surfgrid       
 20200604   18:05:47      0      19018     G     1     0     0     0   cgl-render     
 20200604   18:05:48      0       1497     G     0     0     0     0   Xorg           
 20200604   18:05:48      0       1608     G     0     0     0     0   gnome-shell    
 20200604   18:05:48      0       1823     G     7     0     0     0   Xorg           
 20200604   18:05:48      0       2214     G     2     0     0     0   gnome-shell    
 20200604   18:05:48      0       2835     G     0     0     0     0   electron-ssr --
 20200604   18:05:48      0       2901     G     0     0     0     0   code --type=gpu
 20200604   18:05:48      0       9759     G     0     0     0     0   firefox        
#Date       Time        gpu        pid  type    sm   mem   enc   dec   command
#YYYYMMDD   HH:MM:SS    Idx          #   C/G     %     %     %     %   name
 20200604   18:05:48      0      19016     G     0     0     0     0   surfgrid       
 20200604   18:05:48      0      19018     G     2     0     0     0   cgl-render     
 20200604   18:05:49      0       1497     G     0     0     0     0   Xorg           
 20200604   18:05:49      0       1608     G     0     0     0     0   gnome-shell    
 20200604   18:05:49      0       1823     G     4     0     0     0   Xorg           
 20200604   18:05:49      0       2214     G     2     0     0     0   gnome-shell    
 20200604   18:05:49      0       2835     G     0     0     0     0   electron-ssr --
 20200604   18:05:49      0       2901     G     0     0     0     0   code --type=gpu
 20200604   18:05:49      0       9759     G     0     0     0     0   firefox        
 20200604   18:05:49      0      19016     G     0     0     0     0   surfgrid       
 20200604   18:05:49      0      19018     G     2     0     0     0   cgl-render     
 20200604   18:05:50      0       1497     G     0     0     0     0   Xorg           
 20200604   18:05:50      0       1608     G     0     0     0     0   gnome-shell    
 20200604   18:05:50      0       1823     G     4     0     0     0   Xorg           
 20200604   18:05:50      0       2214     G     0     0     0     0   gnome-shell    
 20200604   18:05:50      0       2835     G     0     0     0     0   electron-ssr --
 20200604   18:05:50      0       2901     G     0     0     0     0   code --type=gpu
 20200604   18:05:50      0       9759     G     0     0     0     0   firefox        
 20200604   18:05:50      0      19016     G     0     0     0     0   surfgrid       
 20200604   18:05:50      0      19018     G     1     0     0     0   cgl-render     
 20200604   18:05:51      0       1497     G     0     0     0     0   Xorg           
 20200604   18:05:51      0       1608     G     0     0     0     0   gnome-shell    
 20200604   18:05:51      0       1823     G     4     0     0     0   Xorg           
 20200604   18:05:51      0       2214     G     0     0     0     0   gnome-shell    
 20200604   18:05:51      0       2835     G     0     0     0     0   electron-ssr --
 20200604   18:05:51      0       2901     G     0     0     0     0   code --type=gpu
 20200604   18:05:51      0       9759     G     0     0     0     0   firefox        
 20200604   18:05:51      0      19016     G     0     0     0     0   surfgrid       
 20200604   18:05:51      0      19018     G     1     0     0     0   cgl-render     
 20200604   18:05:52      0       1497     G     0     0     0     0   Xorg           
 20200604   18:05:52      0       1608     G     0     0     0     0   gnome-shell    
 20200604   18:05:52      0       1823     G     5     0     0     0   Xorg           
 20200604   18:05:52      0       2214     G     0     0     0     0   gnome-shell    
 20200604   18:05:52      0       2835     G     0     0     0     0   electron-ssr --
 20200604   18:05:52      0       2901     G     0     0     0     0   code --type=gpu
 20200604   18:05:52      0       9759     G     0     0     0     0   firefox        
 20200604   18:05:52      0      19016     G     0     0     0     0   surfgrid       
 20200604   18:05:52      0      19018     G     1     0     0     0   cgl-render     
 20200604   18:05:53      0       1497     G     0     0     0     0   Xorg           
 20200604   18:05:53      0       1608     G     0     0     0     0   gnome-shell    
 20200604   18:05:53      0       1823     G     7     0     0     0   Xorg           
 20200604   18:05:53      0       2214     G     0     0     0     0   gnome-shell    
 20200604   18:05:53      0       2835     G     0     0     0     0   electron-ssr --
 20200604   18:05:53      0       2901     G     0     0     0     0   code --type=gpu
#Date       Time        gpu        pid  type    sm   mem   enc   dec   command
#YYYYMMDD   HH:MM:SS    Idx          #   C/G     %     %     %     %   name
 20200604   18:05:53      0       9759     G     0     0     0     0   firefox        
 20200604   18:05:53      0      19016     G     0     0     0     0   surfgrid       
 20200604   18:05:53      0      19018     G     1     0     0     0   cgl-render     
 20200604   18:05:54      0       1497     G     0     0     0     0   Xorg           
 20200604   18:05:54      0       1608     G     0     0     0     0   gnome-shell    
 20200604   18:05:54      0       1823     G     7     0     0     0   Xorg           
 20200604   18:05:54      0       2214     G     2     0     0     0   gnome-shell    
 20200604   18:05:54      0       2835     G     0     0     0     0   electron-ssr --
 20200604   18:05:54      0       2901     G     0     0     0     0   code --type=gpu
 20200604   18:05:54      0       9759     G     0     0     0     0   firefox        
 20200604   18:05:54      0      19016     G     0     0     0     0   surfgrid       
 20200604   18:05:54      0      19018     G     0     0     0     0   cgl-render     
 20200604   18:05:55      0       1497     G     0     0     0     0   Xorg           
 20200604   18:05:55      0       1608     G     0     0     0     0   gnome-shell    
 20200604   18:05:55      0       1823     G    11     0     0     0   Xorg           
 20200604   18:05:55      0       2214     G     2     0     0     0   gnome-shell    
 20200604   18:05:55      0       2835     G     0     0     0     0   electron-ssr --
 20200604   18:05:55      0       2901     G     0     0     0     0   code --type=gpu
 20200604   18:05:55      0       9759     G     0     0     0     0   firefox        
 20200604   18:05:55      0      19016     G     0     0     0     0   surfgrid       
 20200604   18:05:55      0      19018     G     0     0     0     0   cgl-render     
 20200604   18:05:56      0       1497     G     0     0     0     0   Xorg           
 20200604   18:05:56      0       1608     G     0     0     0     0   gnome-shell    
 20200604   18:05:56      0       1823     G    12     0     0     0   Xorg           
 20200604   18:05:56      0       2214     G     0     0     0     0   gnome-shell    
 20200604   18:05:56      0       2835     G     0     0     0     0   electron-ssr --
 20200604   18:05:56      0       2901     G     0     0     0     0   code --type=gpu
 20200604   18:05:56      0       9759     G     0     0     0     0   firefox        
 20200604   18:05:56      0      19016     G     0     0     0     0   surfgrid       
 20200604   18:05:56      0      19018     G     2     0     0     0   cgl-render     
 20200604   18:05:57      0       1497     G     0     0     0     0   Xorg           
 20200604   18:05:57      0       1608     G     0     0     0     0   gnome-shell    
 20200604   18:05:57      0       1823     G    12     0     0     0   Xorg           
 20200604   18:05:57      0       2214     G     3     0     0     0   gnome-shell    
 20200604   18:05:57      0       2835     G     0     0     0     0   electron-ssr --
 20200604   18:05:57      0       2901     G     0     0     0     0   code --type=gpu
 20200604   18:05:57      0       9759     G     0     0     0     0   firefox        
 20200604   18:05:57      0      19016     G     0     0     0     0   surfgrid       
 20200604   18:05:57      0      19018     G     2     0     0     0   cgl-render     
 20200604   18:05:58      0       1497     G     0     0     0     0   Xorg           
 20200604   18:05:58      0       1608     G     0     0     0     0   gnome-shell    
 20200604   18:05:58      0       1823     G    15     1     0     0   Xorg           
 20200604   18:05:58      0       2214     G     2     0     0     0   gnome-shell    
 20200604   18:05:58      0       2835     G     0     0     0     0   electron-ssr --
#Date       Time        gpu        pid  type    sm   mem   enc   dec   command
#YYYYMMDD   HH:MM:SS    Idx          #   C/G     %     %     %     %   name
 20200604   18:05:58      0       2901     G     0     0     0     0   code --type=gpu
 20200604   18:05:58      0       9759     G     0     0     0     0   firefox        
 20200604   18:05:58      0      19016     G     0     0     0     0   surfgrid       
 20200604   18:05:58      0      19018     G     1     0     0     0   cgl-render     
 20200604   18:05:59      0       1497     G     0     0     0     0   Xorg           
 20200604   18:05:59      0       1608     G     0     0     0     0   gnome-shell    
 20200604   18:05:59      0       1823     G    11     0     0     0   Xorg           
 20200604   18:05:59      0       2214     G     0     0     0     0   gnome-shell    
 20200604   18:05:59      0       2835     G     0     0     0     0   electron-ssr --
 20200604   18:05:59      0       2901     G     0     0     0     0   code --type=gpu
 20200604   18:05:59      0       9759     G     0     0     0     0   firefox        
 20200604   18:05:59      0      19016     G     0     0     0     0   surfgrid       
 20200604   18:05:59      0      19018     G     2     0     0     0   cgl-render     
 20200604   18:06:00      0       1497     G     0     0     0     0   Xorg           
 20200604   18:06:00      0       1608     G     0     0     0     0   gnome-shell    
 20200604   18:06:00      0       1823     G     8     0     0     0   Xorg           
 20200604   18:06:00      0       2214     G     0     0     0     0   gnome-shell    
 20200604   18:06:00      0       2835     G     0     0     0     0   electron-ssr --
 20200604   18:06:00      0       2901     G     0     0     0     0   code --type=gpu
 20200604   18:06:00      0       9759     G     0     0     0     0   firefox        
 20200604   18:06:00      0      19016     G     0     0     0     0   surfgrid       
 20200604   18:06:00      0      19018     G     1     0     0     0   cgl-render     
 20200604   18:06:01      0       1497     G     0     0     0     0   Xorg           
 20200604   18:06:01      0       1608     G     0     0     0     0   gnome-shell    
 20200604   18:06:01      0       1823     G     7     0     0     0   Xorg           
 20200604   18:06:01      0       2214     G     0     0     0     0   gnome-shell    
 20200604   18:06:01      0       2835     G     0     0     0     0   electron-ssr --
 20200604   18:06:01      0       2901     G     0     0     0     0   code --type=gpu
 20200604   18:06:01      0       9759     G     0     0     0     0   firefox        
 20200604   18:06:01      0      19016     G     0     0     0     0   surfgrid       
 20200604   18:06:01      0      19018     G     0     0     0     0   cgl-render     
 20200604   18:06:02      0       1497     G     0     0     0     0   Xorg           
 20200604   18:06:02      0       1608     G     0     0     0     0   gnome-shell    
 20200604   18:06:02      0       1823     G     5     0     0     0   Xorg           
 20200604   18:06:02      0       2214     G     1     0     0     0   gnome-shell    
 20200604   18:06:02      0       2835     G     0     0     0     0   electron-ssr --
 20200604   18:06:02      0       2901     G     0     0     0     0   code --type=gpu
 20200604   18:06:02      0       9759     G     0     0     0     0   firefox        
 20200604   18:06:02      0      19016     G     0     0     0     0   surfgrid       
 20200604   18:06:02      0      19018     G     2     0     0     0   cgl-render     
 20200604   18:06:03      0       1497     G     0     0     0     0   Xorg           
 20200604   18:06:03      0       1608     G     0     0     0     0   gnome-shell    
 20200604   18:06:03      0       1823     G     7     0     0     0   Xorg           
 20200604   18:06:03      0       2214     G     1     0     0     0   gnome-shell    
#Date       Time        gpu        pid  type    sm   mem   enc   dec   command
#YYYYMMDD   HH:MM:SS    Idx          #   C/G     %     %     %     %   name
 20200604   18:06:03      0       2835     G     0     0     0     0   electron-ssr --
 20200604   18:06:03      0       2901     G     0     0     0     0   code --type=gpu
 20200604   18:06:03      0       9759     G     0     0     0     0   firefox        
 20200604   18:06:03      0      19016     G     0     0     0     0   surfgrid       
 20200604   18:06:03      0      19018     G     2     0     0     0   cgl-render     
 20200604   18:06:04      0       1497     G     0     0     0     0   Xorg           
 20200604   18:06:04      0       1608     G     0     0     0     0   gnome-shell    
 20200604   18:06:04      0       1823     G     9     0     0     0   Xorg           
 20200604   18:06:04      0       2214     G     0     0     0     0   gnome-shell    
 20200604   18:06:04      0       2835     G     0     0     0     0   electron-ssr --
 20200604   18:06:04      0       2901     G     0     0     0     0   code --type=gpu
 20200604   18:06:04      0       9759     G     0     0     0     0   firefox        
 20200604   18:06:04      0      19016     G     0     0     0     0   surfgrid       
 20200604   18:06:04      0      19018     G     2     0     0     0   cgl-render     
 20200604   18:06:05      0       1497     G     0     0     0     0   Xorg           
 20200604   18:06:05      0       1608     G     0     0     0     0   gnome-shell    
 20200604   18:06:05      0       1823     G     8     0     0     0   Xorg           
 20200604   18:06:05      0       2214     G     0     0     0     0   gnome-shell    
 20200604   18:06:05      0       2835     G     0     0     0     0   electron-ssr --
 20200604   18:06:05      0       2901     G     0     0     0     0   code --type=gpu
 20200604   18:06:05      0       9759     G     0     0     0     0   firefox        
 20200604   18:06:05      0      19016     G     1     0     0     0   surfgrid       
 20200604   18:06:05      0      19018     G     0     0     0     0   cgl-render     
 20200604   18:06:06      0       1497     G     0     0     0     0   Xorg           
 20200604   18:06:06      0       1608     G     0     0     0     0   gnome-shell    
 20200604   18:06:06      0       1823     G     5     0     0     0   Xorg           
 20200604   18:06:06      0       2214     G     3     0     0     0   gnome-shell    
 20200604   18:06:06      0       2835     G     0     0     0     0   electron-ssr --
 20200604   18:06:06      0       2901     G     0     0     0     0   code --type=gpu
 20200604   18:06:06      0       9759     G     0     0     0     0   firefox        
 20200604   18:06:06      0      18497     G     0     0     0     0   firefox        
 20200604   18:06:06      0      19016     G     1     0     0     0   surfgrid       
 20200604   18:06:06      0      19018     G     2     0     0     0   cgl-render     
 20200604   18:06:07      0       1497     G     0     0     0     0   Xorg           
 20200604   18:06:07      0       1608     G     0     0     0     0   gnome-shell    
 20200604   18:06:07      0       1823     G     7     0     0     0   Xorg           
 20200604   18:06:07      0       2214     G     2     0     0     0   gnome-shell    
 20200604   18:06:07      0       2835     G     0     0     0     0   electron-ssr --
 20200604   18:06:07      0       2901     G     0     0     0     0   code --type=gpu
 20200604   18:06:07      0       9759     G     0     0     0     0   firefox        
 20200604   18:06:07      0      18497     G     0     0     0     0   firefox        
 20200604   18:06:07      0      19016     G     0     0     0     0   surfgrid       
 20200604   18:06:07      0      19018     G     2     0     0     0   cgl-render     
 20200604   18:06:08      0       1497     G     0     0     0     0   Xorg           
#Date       Time        gpu        pid  type    sm   mem   enc   dec   command
#YYYYMMDD   HH:MM:SS    Idx          #   C/G     %     %     %     %   name
 20200604   18:06:08      0       1608     G     0     0     0     0   gnome-shell    
 20200604   18:06:08      0       1823     G     6     0     0     0   Xorg           
 20200604   18:06:08      0       2214     G     0     0     0     0   gnome-shell    
 20200604   18:06:08      0       2835     G     0     0     0     0   electron-ssr --
 20200604   18:06:08      0       2901     G     0     0     0     0   code --type=gpu
 20200604   18:06:08      0       9759     G     0     0     0     0   firefox        
 20200604   18:06:08      0      18497     G     0     0     0     0   firefox        
 20200604   18:06:08      0      19016     G     0     0     0     0   surfgrid       
 20200604   18:06:08      0      19018     G     1     0     0     0   cgl-render     
 20200604   18:06:09      0       1497     G     0     0     0     0   Xorg           
 20200604   18:06:09      0       1608     G     0     0     0     0   gnome-shell    
 20200604   18:06:09      0       1823     G     5     0     0     0   Xorg           
 20200604   18:06:09      0       2214     G     0     0     0     0   gnome-shell    
 20200604   18:06:09      0       2835     G     0     0     0     0   electron-ssr --
 20200604   18:06:09      0       2901     G     0     0     0     0   code --type=gpu
 20200604   18:06:09      0       9759     G     0     0     0     0   firefox        
 20200604   18:06:09      0      18497     G     0     0     0     0   firefox        
 20200604   18:06:09      0      19016     G     0     0     0     0   surfgrid       
 20200604   18:06:09      0      19018     G     1     0     0     0   cgl-render     
 20200604   18:06:10      0       1497     G     0     0     0     0   Xorg           
 20200604   18:06:10      0       1608     G     0     0     0     0   gnome-shell    
 20200604   18:06:10      0       1823     G     5     0     0     0   Xorg           
 20200604   18:06:10      0       2214     G     0     0     0     0   gnome-shell    
 20200604   18:06:10      0       2835     G     0     0     0     0   electron-ssr --
 20200604   18:06:10      0       2901     G     0     0     0     0   code --type=gpu
 20200604   18:06:10      0       9759     G     0     0     0     0   firefox        
 20200604   18:06:10      0      18497     G     0     0     0     0   firefox        
 20200604   18:06:10      0      19016     G     0     0     0     0   surfgrid       
 20200604   18:06:10      0      19018     G     1     0     0     0   cgl-render     
 20200604   18:06:11      0       1497     G     0     0     0     0   Xorg           
 20200604   18:06:11      0       1608     G     0     0     0     0   gnome-shell    
 20200604   18:06:11      0       1823     G     5     0     0     0   Xorg           
 20200604   18:06:11      0       2214     G     0     0     0     0   gnome-shell    
 20200604   18:06:11      0       2835     G     0     0     0     0   electron-ssr --
 20200604   18:06:11      0       2901     G     0     0     0     0   code --type=gpu
 20200604   18:06:11      0       9759     G     0     0     0     0   firefox        
 20200604   18:06:11      0      18497     G     0     0     0     0   firefox        
 20200604   18:06:11      0      19016     G     0     0     0     0   surfgrid       
 20200604   18:06:11      0      19018     G     1     0     0     0   cgl-render     
 20200604   18:06:12      0       1497     G     0     0     0     0   Xorg           
 20200604   18:06:12      0       1608     G     0     0     0     0   gnome-shell    
 20200604   18:06:12      0       1823     G     5     0     0     0   Xorg           
 20200604   18:06:12      0       2214     G     0     0     0     0   gnome-shell    
 20200604   18:06:12      0       2835     G     0     0     0     0   electron-ssr --
#Date       Time        gpu        pid  type    sm   mem   enc   dec   command
#YYYYMMDD   HH:MM:SS    Idx          #   C/G     %     %     %     %   name
 20200604   18:06:12      0       2901     G     0     0     0     0   code --type=gpu
 20200604   18:06:12      0       9759     G     0     0     0     0   firefox        
 20200604   18:06:12      0      18497     G     0     0     0     0   firefox        
 20200604   18:06:12      0      19016     G     0     0     0     0   surfgrid       
 20200604   18:06:12      0      19018     G     2     0     0     0   cgl-render     
 20200604   18:06:13      0       1497     G     0     0     0     0   Xorg           
 20200604   18:06:13      0       1608     G     0     0     0     0   gnome-shell    
 20200604   18:06:13      0       1823     G     7     0     0     0   Xorg           
 20200604   18:06:13      0       2214     G     0     0     0     0   gnome-shell    
 20200604   18:06:13      0       2835     G     0     0     0     0   electron-ssr --
 20200604   18:06:13      0       2901     G     0     0     0     0   code --type=gpu
 20200604   18:06:13      0       9759     G     0     0     0     0   firefox        
 20200604   18:06:13      0      18497     G     0     0     0     0   firefox        
 20200604   18:06:13      0      19016     G     0     0     0     0   surfgrid       
 20200604   18:06:13      0      19018     G     2     0     0     0   cgl-render     
 20200604   18:06:14      0       1497     G     0     0     0     0   Xorg           
 20200604   18:06:14      0       1608     G     0     0     0     0   gnome-shell    
 20200604   18:06:14      0       1823     G     5     0     0     0   Xorg           
 20200604   18:06:14      0       2214     G     0     0     0     0   gnome-shell    
 20200604   18:06:14      0       2835     G     0     0     0     0   electron-ssr --
 20200604   18:06:14      0       2901     G     0     0     0     0   code --type=gpu
 20200604   18:06:14      0       9759     G     0     0     0     0   firefox        
 20200604   18:06:14      0      18497     G     0     0     0     0   firefox        
 20200604   18:06:14      0      19016     G     0     0     0     0   surfgrid       
 20200604   18:06:14      0      19018     G     1     0     0     0   cgl-render     
 20200604   18:06:15      0       1497     G     0     0     0     0   Xorg           
 20200604   18:06:15      0       1608     G     0     0     0     0   gnome-shell    
 20200604   18:06:15      0       1823     G     6     0     0     0   Xorg           
 20200604   18:06:15      0       2214     G     0     0     0     0   gnome-shell    
 20200604   18:06:15      0       2835     G     0     0     0     0   electron-ssr --
 20200604   18:06:15      0       2901     G     0     0     0     0   code --type=gpu
 20200604   18:06:15      0       9759     G     0     0     0     0   firefox        
 20200604   18:06:15      0      18497     G     0     0     0     0   firefox        
 20200604   18:06:15      0      19016     G     0     0     0     0   surfgrid       
 20200604   18:06:15      0      19018     G     2     0     0     0   cgl-render     
 20200604   18:06:16      0       1497     G     0     0     0     0   Xorg           
 20200604   18:06:16      0       1608     G     0     0     0     0   gnome-shell    
 20200604   18:06:16      0       1823     G     7     0     0     0   Xorg           
 20200604   18:06:16      0       2214     G     0     0     0     0   gnome-shell    
 20200604   18:06:16      0       2835     G     0     0     0     0   electron-ssr --
 20200604   18:06:16      0       2901     G     0     0     0     0   code --type=gpu
 20200604   18:06:16      0       9759     G     0     0     0     0   firefox        
 20200604   18:06:16      0      18497     G     0     0     0     0   firefox        
 20200604   18:06:16      0      19016     G     0     0     0     0   surfgrid       
#Date       Time        gpu        pid  type    sm   mem   enc   dec   command
#YYYYMMDD   HH:MM:SS    Idx          #   C/G     %     %     %     %   name
 20200604   18:06:16      0      19018     G     1     0     0     0   cgl-render     
 20200604   18:06:17      0       1497     G     0     0     0     0   Xorg           
 20200604   18:06:17      0       1608     G     0     0     0     0   gnome-shell    
 20200604   18:06:17      0       1823     G     3     0     0     0   Xorg           
 20200604   18:06:17      0       2214     G     0     0     0     0   gnome-shell    
 20200604   18:06:17      0       2835     G     0     0     0     0   electron-ssr --
 20200604   18:06:17      0       2901     G     0     0     0     0   code --type=gpu
 20200604   18:06:17      0       9759     G     0     0     0     0   firefox        
 20200604   18:06:17      0      18497     G     0     0     0     0   firefox        
 20200604   18:06:17      0      19016     G     0     0     0     0   surfgrid       
 20200604   18:06:17      0      19018     G     2     0     0     0   cgl-render     
 20200604   18:06:19      0       1497     G     0     0     0     0   Xorg           
 20200604   18:06:19      0       1608     G     0     0     0     0   gnome-shell    
 20200604   18:06:19      0       1823     G     1     0     0     0   Xorg           
 20200604   18:06:19      0       2214     G     1     0     0     0   gnome-shell    
 20200604   18:06:19      0       2835     G     0     0     0     0   electron-ssr --
 20200604   18:06:19      0       2901     G     0     0     0     0   code --type=gpu
 20200604   18:06:19      0       9759     G     0     0     0     0   firefox        
 20200604   18:06:19      0      18497     G     0     0     0     0   firefox        
 20200604   18:06:19      0      19016     G     0     0     0     0   surfgrid       
 20200604   18:06:19      0      19018     G     4     0     0     0   cgl-render     
 20200604   18:06:20      0       1497     G     0     0     0     0   Xorg           
 20200604   18:06:20      0       1608     G     0     0     0     0   gnome-shell    
 20200604   18:06:20      0       1823     G     1     0     0     0   Xorg           
 20200604   18:06:20      0       2214     G     2     0     0     0   gnome-shell    
 20200604   18:06:20      0       2835     G     0     0     0     0   electron-ssr --
 20200604   18:06:20      0       2901     G     0     0     0     0   code --type=gpu
 20200604   18:06:20      0       9759     G     0     0     0     0   firefox        
 20200604   18:06:20      0      18497     G     0     0     0     0   firefox        
 20200604   18:06:20      0      19016     G     0     0     0     0   surfgrid       
 20200604   18:06:20      0      19018     G     4     0     0     0   cgl-render     
 20200604   18:06:21      0       1497     G     0     0     0     0   Xorg           
 20200604   18:06:21      0       1608     G     0     0     0     0   gnome-shell    
 20200604   18:06:21      0       1823     G     5     0     0     0   Xorg           
 20200604   18:06:21      0       2214     G     1     0     0     0   gnome-shell    
 20200604   18:06:21      0       2835     G     0     0     0     0   electron-ssr --
 20200604   18:06:21      0       2901     G     0     0     0     0   code --type=gpu
 20200604   18:06:21      0       9759     G     0     0     0     0   firefox        
 20200604   18:06:21      0      18497     G     0     0     0     0   firefox        
 20200604   18:06:21      0      19016     G     0     0     0     0   surfgrid       
 20200604   18:06:21      0      19018     G     0     0     0     0   cgl-render     
 20200604   18:06:22      0       1497     G     0     0     0     0   Xorg           
 20200604   18:06:22      0       1608     G     0     0     0     0   gnome-shell    
 20200604   18:06:22      0       1823     G     6     0     0     0   Xorg           
#Date       Time        gpu        pid  type    sm   mem   enc   dec   command
#YYYYMMDD   HH:MM:SS    Idx          #   C/G     %     %     %     %   name
 20200604   18:06:22      0       2214     G     0     0     0     0   gnome-shell    
 20200604   18:06:22      0       2835     G     0     0     0     0   electron-ssr --
 20200604   18:06:22      0       2901     G     0     0     0     0   code --type=gpu
 20200604   18:06:22      0       9759     G     0     0     0     0   firefox        
 20200604   18:06:22      0      18497     G     0     0     0     0   firefox        
 20200604   18:06:22      0      19016     G     0     0     0     0   surfgrid       
 20200604   18:06:22      0      19018     G     2     0     0     0   cgl-render     
 20200604   18:06:23      0       1497     G     0     0     0     0   Xorg           
 20200604   18:06:23      0       1608     G     0     0     0     0   gnome-shell    
 20200604   18:06:23      0       1823     G     7     0     0     0   Xorg           
 20200604   18:06:23      0       2214     G     0     0     0     0   gnome-shell    
 20200604   18:06:23      0       2835     G     0     0     0     0   electron-ssr --
 20200604   18:06:23      0       2901     G     0     0     0     0   code --type=gpu
 20200604   18:06:23      0       9759     G     0     0     0     0   firefox        
 20200604   18:06:23      0      18497     G     0     0     0     0   firefox        
 20200604   18:06:23      0      19016     G     0     0     0     0   surfgrid       
 20200604   18:06:23      0      19018     G     1     0     0     0   cgl-render     
 20200604   18:06:24      0       1497     G     0     0     0     0   Xorg           
 20200604   18:06:24      0       1608     G     0     0     0     0   gnome-shell    
 20200604   18:06:24      0       1823     G     7     0     0     0   Xorg           
 20200604   18:06:24      0       2214     G     0     0     0     0   gnome-shell    
 20200604   18:06:24      0       2835     G     0     0     0     0   electron-ssr --
 20200604   18:06:24      0       2901     G     0     0     0     0   code --type=gpu
 20200604   18:06:24      0       9759     G     0     0     0     0   firefox        
 20200604   18:06:24      0      18497     G     0     0     0     0   firefox        
 20200604   18:06:24      0      19016     G     0     0     0     0   surfgrid       
 20200604   18:06:24      0      19018     G     1     0     0     0   cgl-render     
 20200604   18:06:25      0       1497     G     0     0     0     0   Xorg           
 20200604   18:06:25      0       1608     G     0     0     0     0   gnome-shell    
 20200604   18:06:25      0       1823     G     8     0     0     0   Xorg           
 20200604   18:06:25      0       2214     G     0     0     0     0   gnome-shell    
 20200604   18:06:25      0       2835     G     0     0     0     0   electron-ssr --
 20200604   18:06:25      0       2901     G     0     0     0     0   code --type=gpu
 20200604   18:06:25      0       9759     G     0     0     0     0   firefox        
 20200604   18:06:25      0      18497     G     0     0     0     0   firefox        
 20200604   18:06:25      0      19016     G     0     0     0     0   surfgrid       
 20200604   18:06:25      0      19018     G     0     0     0     0   cgl-render     
 20200604   18:06:26      0       1497     G     0     0     0     0   Xorg           
 20200604   18:06:26      0       1608     G     0     0     0     0   gnome-shell    
 20200604   18:06:26      0       1823     G     5     0     0     0   Xorg           
 20200604   18:06:26      0       2214     G     1     0     0     0   gnome-shell    
 20200604   18:06:26      0       2835     G     0     0     0     0   electron-ssr --
 20200604   18:06:26      0       2901     G     0     0     0     0   code --type=gpu
 20200604   18:06:26      0       9759     G     0     0     0     0   firefox        
#Date       Time        gpu        pid  type    sm   mem   enc   dec   command
#YYYYMMDD   HH:MM:SS    Idx          #   C/G     %     %     %     %   name
 20200604   18:06:26      0      18497     G     0     0     0     0   firefox        
 20200604   18:06:27      0       1497     G     0     0     0     0   Xorg           
 20200604   18:06:27      0       1608     G     0     0     0     0   gnome-shell    
 20200604   18:06:27      0       1823     G     3     0     0     0   Xorg           
 20200604   18:06:27      0       2214     G     0     0     0     0   gnome-shell    
 20200604   18:06:27      0       2835     G     0     0     0     0   electron-ssr --
 20200604   18:06:27      0       2901     G     0     0     0     0   code --type=gpu
 20200604   18:06:27      0       9759     G     0     0     0     0   firefox        
 20200604   18:06:27      0      18497     G     0     0     0     0   firefox        
 20200604   18:06:28      0       1497     G     0     0     0     0   Xorg           
 20200604   18:06:28      0       1608     G     0     0     0     0   gnome-shell    
 20200604   18:06:28      0       1823     G     1     0     0     0   Xorg           
 20200604   18:06:28      0       2214     G     0     0     0     0   gnome-shell    
 20200604   18:06:28      0       2835     G     0     0     0     0   electron-ssr --
 20200604   18:06:28      0       2901     G     0     0     0     0   code --type=gpu
 20200604   18:06:28      0       9759     G     0     0     0     0   firefox        
 20200604   18:06:28      0      18497     G     0     0     0     0   firefox        
 20200604   18:06:29      0       1497     G     0     0     0     0   Xorg           
 20200604   18:06:29      0       1608     G     0     0     0     0   gnome-shell    
 20200604   18:06:29      0       1823     G     1     0     0     0   Xorg           
 20200604   18:06:29      0       2214     G     0     0     0     0   gnome-shell    
 20200604   18:06:29      0       2835     G     0     0     0     0   electron-ssr --
 20200604   18:06:29      0       2901     G     0     0     0     0   code --type=gpu
 20200604   18:06:29      0       9759     G     0     0     0     0   firefox        
 20200604   18:06:29      0      18497     G     0     0     0     0   firefox        
 20200604   18:06:30      0       1497     G     0     0     0     0   Xorg           
 20200604   18:06:30      0       1608     G     0     0     0     0   gnome-shell    
 20200604   18:06:30      0       1823     G     1     0     0     0   Xorg           
 20200604   18:06:30      0       2214     G     0     0     0     0   gnome-shell    
 20200604   18:06:30      0       2835     G     0     0     0     0   electron-ssr --
 20200604   18:06:30      0       2901     G     0     0     0     0   code --type=gpu
 20200604   18:06:30      0       9759     G     0     0     0     0   firefox        
 20200604   18:06:30      0      18497     G     0     0     0     0   firefox        
